This file contains any messages produced by compilers while
running configure, to aid debugging if configure makes a mistake.

It was created by globus_xio configure 5.9, which was
generated by GNU Autoconf 2.69.  Invocation command line was

  $ ./configure --disable-option-checking --prefix=/home/esjung/gt6_inst --with-udt --enable-udt --cache-file=/dev/null --srcdir=. PKG_CONFIG_PATH=/mnt/hgfs/SrcRepos/gt6-RAMSES_8_5/common/source:/mnt/hgfs/SrcRepos/gt6-RAMSES_8_5/xio/src:/mnt/hgfs/SrcRepos/gt6-RAMSES_8_5/gridftp/gfork/source:/mnt/hgfs/SrcRepos/gt6-RAMSES_8_5/gsi/openssl_error/source:/mnt/hgfs/SrcRepos/gt6-RAMSES_8_5/gsi/proxy/proxy_ssl/source:/mnt/hgfs/SrcRepos/gt6-RAMSES_8_5/gsi/openssl_module/source:/mnt/hgfs/SrcRepos/gt6-RAMSES_8_5/gsi/cert_utils/source:/mnt/hgfs/SrcRepos/gt6-RAMSES_8_5/gsi/sysconfig/source:/mnt/hgfs/SrcRepos/gt6-RAMSES_8_5/callout/source:/mnt/hgfs/SrcRepos/gt6-RAMSES_8_5/gsi/callback/source:/mnt/hgfs/SrcRepos/gt6-RAMSES_8_5/gsi/credential/source:/mnt/hgfs/SrcRepos/gt6-RAMSES_8_5/gsi/proxy/proxy_core/source:/mnt/hgfs/SrcRepos/gt6-RAMSES_8_5/gsi/gssapi/source:/mnt/hgfs/SrcRepos/gt6-RAMSES_8_5/gsi/gss_assist/source:/mnt/hgfs/SrcRepos/gt6-RAMSES_8_5/gsi/gssapi_error/source:/mnt/hgfs/SrcRepos/gt6-RAMSES_8_5/xio/drivers/gsi:/mnt/hgfs/SrcRepos/gt6-RAMSES_8_5/io/compat:/mnt/hgfs/SrcRepos/gt6-RAMSES_8_5/gridftp/control/source:/mnt/hgfs/SrcRepos/gt6-RAMSES_8_5/usage/c/sender/source:/mnt/hgfs/SrcRepos/gt6-RAMSES_8_5/xio/drivers/pipe/source:/mnt/hgfs/SrcRepos/gt6-RAMSES_8_5/gridftp/server-lib/src:/mnt/hgfs/SrcRepos/gt6-RAMSES_8_5/gsi/authz/error:/mnt/hgfs/SrcRepos/gt6-RAMSES_8_5/gsi/authz/source:/mnt/hgfs/SrcRepos/gt6-RAMSES_8_5/xio/drivers/rate/source:/mnt/hgfs/SrcRepos/gt6-RAMSES_8_5/xio/drivers/popen/source:/mnt/hgfs/SrcRepos/gt6-RAMSES_8_5/xio/drivers/udt/source:/mnt/hgfs/SrcRepos/gt6-RAMSES_8_5/gridftp/net_manager:/mnt/hgfs/SrcRepos/gt6-RAMSES_8_5/gridftp/server/src:/mnt/hgfs/SrcRepos/gt6-RAMSES_8_5/gram/protocol/source:/mnt/hgfs/SrcRepos/gt6-RAMSES_8_5/gram/jobmanager/scheduler_event_generator/source:/mnt/hgfs/SrcRepos/gt6-RAMSES_8_5/gram/jobmanager/lrms/lsf/source:/mnt/hgfs/SrcRepos/gt6-RAMSES_8_5/gass/transfer/source:/mnt/hgfs/SrcRepos/gt6-RAMSES_8_5/gridftp/client/source:/mnt/hgfs/SrcRepos/gt6-RAMSES_8_5/gass/copy/source:/mnt/hgfs/SrcRepos/gt6-RAMSES_8_5/gass/cache/source:/mnt/hgfs/SrcRepos/gt6-RAMSES_8_5/gram/rsl/source:/mnt/hgfs/SrcRepos/gt6-RAMSES_8_5/gram/jobmanager/callout_error:/mnt/hgfs/SrcRepos/gt6-RAMSES_8_5/gridftp/server/multi/source:/mnt/hgfs/SrcRepos/gt6-RAMSES_8_5/gsi/simple_ca/source:/mnt/hgfs/SrcRepos/gt6-RAMSES_8_5/gram/jobmanager/lrms/sge/source:/mnt/hgfs/SrcRepos/gt6-RAMSES_8_5/gram/jobmanager/scripts:/mnt/hgfs/SrcRepos/gt6-RAMSES_8_5/gram/jobmanager/lrms/slurm/source:/mnt/hgfs/SrcRepos/gt6-RAMSES_8_5/gsi/gridmap_callout/error:/mnt/hgfs/SrcRepos/gt6-RAMSES_8_5/gsi/gridmap_callout/source:/mnt/hgfs/SrcRepos/gt6-RAMSES_8_5/gass/server_ez/source:/mnt/hgfs/SrcRepos/gt6-RAMSES_8_5/gridftp/gridftp_driver/source:/mnt/hgfs/SrcRepos/gt6-RAMSES_8_5/gram/jobmanager/lrms/fork/source:/mnt/hgfs/SrcRepos/gt6-RAMSES_8_5/gsi/gridmap_verify_myproxy_callout:/mnt/hgfs/SrcRepos/gt6-RAMSES_8_5/gsi/gridmap_eppn_callout:/mnt/hgfs/SrcRepos/gt6-RAMSES_8_5/gram/jobmanager/lrms/condor/source:/mnt/hgfs/SrcRepos/gt6-RAMSES_8_5/gsi/proxy/proxy_utils/source:/mnt/hgfs/SrcRepos/gt6-RAMSES_8_5/gram/client/source:/mnt/hgfs/SrcRepos/gt6-RAMSES_8_5/xio/xioperf/source:/mnt/hgfs/SrcRepos/gt6-RAMSES_8_5/gram/gatekeeper/source:/mnt/hgfs/SrcRepos/gt6-RAMSES_8_5/gass/cache_program/source:/mnt/hgfs/SrcRepos/gt6-RAMSES_8_5/gram/jobmanager/lrms/pbs/source:/mnt/hgfs/SrcRepos/gt6-RAMSES_8_5/gram/jobmanager/auditing/source:/mnt/hgfs/SrcRepos/gt6-RAMSES_8_5/myproxy/source:/mnt/hgfs/SrcRepos/gt6-RAMSES_8_5/gsi_openssh/source:/mnt/hgfs/SrcRepos/gt6-RAMSES_8_5/gram/client_tools/source:/mnt/hgfs/SrcRepos/gt6-RAMSES_8_5/gram/jobmanager/source:/mnt/hgfs/SrcRepos/gt6-RAMSES_8_5/gridftp/hdfs --no-create --no-recursion

## --------- ##
## Platform. ##
## --------- ##

hostname = vm2
uname -m = x86_64
uname -r = 2.6.32-573.el6.x86_64
uname -s = Linux
uname -v = #1 SMP Thu Jul 23 15:44:03 UTC 2015

/usr/bin/uname -p = unknown
/bin/uname -X     = unknown

/bin/arch              = x86_64
/usr/bin/arch -k       = unknown
/usr/convex/getsysinfo = unknown
/usr/bin/hostinfo      = unknown
/bin/machine           = unknown
/usr/bin/oslevel       = unknown
/bin/universe          = unknown

PATH: /home/esjung/bin
PATH: /home/esjung/gt6_inst/bin
PATH: /home/esjung/gt6_inst/sbin
PATH: /usr/lib64/qt-3.3/bin
PATH: /usr/local/bin
PATH: /usr/bin
PATH: /bin
PATH: /usr/local/sbin
PATH: /usr/sbin
PATH: /sbin


## ----------- ##
## Core tests. ##
## ----------- ##

configure:2297: checking for a BSD-compatible install
configure:2365: result: /usr/bin/install -c
configure:2376: checking whether build environment is sane
configure:2431: result: yes
configure:2582: checking for a thread-safe mkdir -p
configure:2621: result: /bin/mkdir -p
configure:2628: checking for gawk
configure:2644: found /usr/bin/gawk
configure:2655: result: gawk
configure:2666: checking whether make sets $(MAKE)
configure:2688: result: yes
configure:2717: checking whether make supports nested variables
configure:2734: result: yes
configure:2813: checking how to create a pax tar archive
configure:2824: tar --version
tar (GNU tar) 1.23
Copyright (C) 2010 Free Software Foundation, Inc.
License GPLv3+: GNU GPL version 3 or later <http://gnu.org/licenses/gpl.html>.
This is free software: you are free to change and redistribute it.
There is NO WARRANTY, to the extent permitted by law.

Written by John Gilmore and Jay Fenlason.
configure:2827: $? = 0
configure:2867: tardir=conftest.dir && eval tar --format=posix -chf - "$tardir" >conftest.tar
configure:2870: $? = 0
configure:2874: tar -xf - <conftest.tar
configure:2877: $? = 0
configure:2879: cat conftest.dir/file
GrepMe
configure:2882: $? = 0
configure:2895: result: gnutar
configure:2973: checking build system type
configure:2987: result: x86_64-unknown-linux-gnu
configure:3007: checking host system type
configure:3020: result: x86_64-unknown-linux-gnu
configure:3061: checking how to print strings
configure:3088: result: printf
configure:3121: checking for style of include used by make
configure:3149: result: GNU
configure:3220: checking for gcc
configure:3236: found /usr/bin/gcc
configure:3247: result: gcc
configure:3476: checking for C compiler version
configure:3485: gcc --version >&5
gcc (GCC) 4.4.7 20120313 (Red Hat 4.4.7-16)
Copyright (C) 2010 Free Software Foundation, Inc.
This is free software; see the source for copying conditions.  There is NO
warranty; not even for MERCHANTABILITY or FITNESS FOR A PARTICULAR PURPOSE.

configure:3496: $? = 0
configure:3485: gcc -v >&5
Using built-in specs.
Target: x86_64-redhat-linux
Configured with: ../configure --prefix=/usr --mandir=/usr/share/man --infodir=/usr/share/info --with-bugurl=http://bugzilla.redhat.com/bugzilla --enable-bootstrap --enable-shared --enable-threads=posix --enable-checking=release --with-system-zlib --enable-__cxa_atexit --disable-libunwind-exceptions --enable-gnu-unique-object --enable-languages=c,c++,objc,obj-c++,java,fortran,ada --enable-java-awt=gtk --disable-dssi --with-java-home=/usr/lib/jvm/java-1.5.0-gcj-1.5.0.0/jre --enable-libgcj-multifile --enable-java-maintainer-mode --with-ecj-jar=/usr/share/java/eclipse-ecj.jar --disable-libjava-multilib --with-ppl --with-cloog --with-tune=generic --with-arch_32=i686 --build=x86_64-redhat-linux
Thread model: posix
gcc version 4.4.7 20120313 (Red Hat 4.4.7-16) (GCC) 
configure:3496: $? = 0
configure:3485: gcc -V >&5
gcc: '-V' option must have argument
configure:3496: $? = 1
configure:3485: gcc -qversion >&5
gcc: unrecognized option '-qversion'
gcc: no input files
configure:3496: $? = 1
configure:3516: checking whether the C compiler works
configure:3538: gcc    conftest.c  >&5
configure:3542: $? = 0
configure:3590: result: yes
configure:3593: checking for C compiler default output file name
configure:3595: result: a.out
configure:3601: checking for suffix of executables
configure:3608: gcc -o conftest    conftest.c  >&5
configure:3612: $? = 0
configure:3634: result: 
configure:3656: checking whether we are cross compiling
configure:3664: gcc -o conftest    conftest.c  >&5
configure:3668: $? = 0
configure:3675: ./conftest
configure:3679: $? = 0
configure:3694: result: no
configure:3699: checking for suffix of object files
configure:3721: gcc -c   conftest.c >&5
configure:3725: $? = 0
configure:3746: result: o
configure:3750: checking whether we are using the GNU C compiler
configure:3769: gcc -c   conftest.c >&5
configure:3769: $? = 0
configure:3778: result: yes
configure:3787: checking whether gcc accepts -g
configure:3807: gcc -c -g  conftest.c >&5
configure:3807: $? = 0
configure:3848: result: yes
configure:3865: checking for gcc option to accept ISO C89
configure:3928: gcc  -c -g -O2  conftest.c >&5
configure:3928: $? = 0
configure:3941: result: none needed
configure:3966: checking whether gcc understands -c and -o together
configure:3988: gcc -c conftest.c -o conftest2.o
configure:3991: $? = 0
configure:3988: gcc -c conftest.c -o conftest2.o
configure:3991: $? = 0
configure:4003: result: yes
configure:4022: checking dependency style of gcc
configure:4133: result: gcc3
configure:4148: checking for a sed that does not truncate output
configure:4212: result: /bin/sed
configure:4230: checking for grep that handles long lines and -e
configure:4288: result: /bin/grep
configure:4293: checking for egrep
configure:4355: result: /bin/grep -E
configure:4360: checking for fgrep
configure:4422: result: /bin/grep -F
configure:4457: checking for ld used by gcc
configure:4524: result: /usr/bin/ld
configure:4531: checking if the linker (/usr/bin/ld) is GNU ld
configure:4546: result: yes
configure:4558: checking for BSD- or MS-compatible name lister (nm)
configure:4607: result: /usr/bin/nm -B
configure:4737: checking the name lister (/usr/bin/nm -B) interface
configure:4744: gcc -c -g -O2  conftest.c >&5
configure:4747: /usr/bin/nm -B "conftest.o"
configure:4750: output
0000000000000000 B some_variable
configure:4757: result: BSD nm
configure:4760: checking whether ln -s works
configure:4764: result: yes
configure:4772: checking the maximum length of command line arguments
configure:4902: result: 1966080
configure:4919: checking whether the shell understands some XSI constructs
configure:4929: result: yes
configure:4933: checking whether the shell understands "+="
configure:4939: result: yes
configure:4974: checking how to convert x86_64-unknown-linux-gnu file names to x86_64-unknown-linux-gnu format
configure:5014: result: func_convert_file_noop
configure:5021: checking how to convert x86_64-unknown-linux-gnu file names to toolchain format
configure:5041: result: func_convert_file_noop
configure:5048: checking for /usr/bin/ld option to reload object files
configure:5055: result: -r
configure:5129: checking for objdump
configure:5145: found /usr/bin/objdump
configure:5156: result: objdump
configure:5185: checking how to recognize dependent libraries
configure:5387: result: pass_all
configure:5472: checking for dlltool
configure:5502: result: no
configure:5529: checking how to associate runtime and link libraries
configure:5556: result: printf %s\n
configure:5617: checking for ar
configure:5633: found /usr/bin/ar
configure:5644: result: ar
configure:5681: checking for archiver @FILE support
configure:5698: gcc -c -g -O2  conftest.c >&5
configure:5698: $? = 0
configure:5701: ar cru libconftest.a @conftest.lst >&5
configure:5704: $? = 0
configure:5709: ar cru libconftest.a @conftest.lst >&5
ar: conftest.o: No such file or directory
configure:5712: $? = 1
configure:5724: result: @
configure:5782: checking for strip
configure:5798: found /usr/bin/strip
configure:5809: result: strip
configure:5881: checking for ranlib
configure:5897: found /usr/bin/ranlib
configure:5908: result: ranlib
configure:6010: checking command to parse /usr/bin/nm -B output from gcc object
configure:6130: gcc -c -g -O2  conftest.c >&5
configure:6133: $? = 0
configure:6137: /usr/bin/nm -B conftest.o \| sed -n -e 's/^.*[ ]\([ABCDGIRSTW][ABCDGIRSTW]*\)[ ][ ]*\([_A-Za-z][_A-Za-z0-9]*\)$/\1 \2 \2/p' | sed '/ __gnu_lto/d' \> conftest.nm
configure:6140: $? = 0
configure:6206: gcc -o conftest -g -O2   conftest.c conftstm.o >&5
configure:6209: $? = 0
configure:6247: result: ok
configure:6284: checking for sysroot
configure:6314: result: no
configure:6391: gcc -c -g -O2  conftest.c >&5
configure:6394: $? = 0
configure:6576: checking for mt
configure:6606: result: no
configure:6626: checking if : is a manifest tool
configure:6632: : '-?'
configure:6640: result: no
configure:7282: checking how to run the C preprocessor
configure:7313: gcc -E  conftest.c
configure:7313: $? = 0
configure:7327: gcc -E  conftest.c
conftest.c:11:28: error: ac_nonexistent.h: No such file or directory
configure:7327: $? = 1
configure: failed program was:
| /* confdefs.h */
| #define PACKAGE_NAME "globus_xio"
| #define PACKAGE_TARNAME "globus_xio"
| #define PACKAGE_VERSION "5.9"
| #define PACKAGE_STRING "globus_xio 5.9"
| #define PACKAGE_BUGREPORT "https://globus.atlassian.net/"
| #define PACKAGE_URL ""
| #define PACKAGE "globus_xio"
| #define VERSION "5.9"
| /* end confdefs.h.  */
| #include <ac_nonexistent.h>
configure:7352: result: gcc -E
configure:7372: gcc -E  conftest.c
configure:7372: $? = 0
configure:7386: gcc -E  conftest.c
conftest.c:11:28: error: ac_nonexistent.h: No such file or directory
configure:7386: $? = 1
configure: failed program was:
| /* confdefs.h */
| #define PACKAGE_NAME "globus_xio"
| #define PACKAGE_TARNAME "globus_xio"
| #define PACKAGE_VERSION "5.9"
| #define PACKAGE_STRING "globus_xio 5.9"
| #define PACKAGE_BUGREPORT "https://globus.atlassian.net/"
| #define PACKAGE_URL ""
| #define PACKAGE "globus_xio"
| #define VERSION "5.9"
| /* end confdefs.h.  */
| #include <ac_nonexistent.h>
configure:7415: checking for ANSI C header files
configure:7435: gcc -c -g -O2  conftest.c >&5
configure:7435: $? = 0
configure:7508: gcc -o conftest -g -O2   conftest.c  >&5
configure:7508: $? = 0
configure:7508: ./conftest
configure:7508: $? = 0
configure:7519: result: yes
configure:7532: checking for sys/types.h
configure:7532: gcc -c -g -O2  conftest.c >&5
configure:7532: $? = 0
configure:7532: result: yes
configure:7532: checking for sys/stat.h
configure:7532: gcc -c -g -O2  conftest.c >&5
configure:7532: $? = 0
configure:7532: result: yes
configure:7532: checking for stdlib.h
configure:7532: gcc -c -g -O2  conftest.c >&5
configure:7532: $? = 0
configure:7532: result: yes
configure:7532: checking for string.h
configure:7532: gcc -c -g -O2  conftest.c >&5
configure:7532: $? = 0
configure:7532: result: yes
configure:7532: checking for memory.h
configure:7532: gcc -c -g -O2  conftest.c >&5
configure:7532: $? = 0
configure:7532: result: yes
configure:7532: checking for strings.h
configure:7532: gcc -c -g -O2  conftest.c >&5
configure:7532: $? = 0
configure:7532: result: yes
configure:7532: checking for inttypes.h
configure:7532: gcc -c -g -O2  conftest.c >&5
configure:7532: $? = 0
configure:7532: result: yes
configure:7532: checking for stdint.h
configure:7532: gcc -c -g -O2  conftest.c >&5
configure:7532: $? = 0
configure:7532: result: yes
configure:7532: checking for unistd.h
configure:7532: gcc -c -g -O2  conftest.c >&5
configure:7532: $? = 0
configure:7532: result: yes
configure:7546: checking for dlfcn.h
configure:7546: gcc -c -g -O2  conftest.c >&5
configure:7546: $? = 0
configure:7546: result: yes
configure:8049: checking for objdir
configure:8064: result: .libs
configure:8335: checking if gcc supports -fno-rtti -fno-exceptions
configure:8353: gcc -c -g -O2  -fno-rtti -fno-exceptions conftest.c >&5
cc1: warning: command line option "-fno-rtti" is valid for C++/ObjC++ but not for C
configure:8357: $? = 0
configure:8370: result: no
configure:8697: checking for gcc option to produce PIC
configure:8704: result: -fPIC -DPIC
configure:8712: checking if gcc PIC flag -fPIC -DPIC works
configure:8730: gcc -c -g -O2  -fPIC -DPIC -DPIC conftest.c >&5
configure:8734: $? = 0
configure:8747: result: yes
configure:8776: checking if gcc static flag -static works
configure:8804: result: no
configure:8819: checking if gcc supports -c -o file.o
configure:8840: gcc -c -g -O2  -o out/conftest2.o conftest.c >&5
configure:8844: $? = 0
configure:8866: result: yes
configure:8874: checking if gcc supports -c -o file.o
configure:8921: result: yes
configure:8954: checking whether the gcc linker (/usr/bin/ld -m elf_x86_64) supports shared libraries
configure:10107: result: yes
configure:10144: checking whether -lc should be explicitly linked in
configure:10152: gcc -c -g -O2  conftest.c >&5
configure:10155: $? = 0
configure:10170: gcc -shared  -fPIC -DPIC conftest.o  -v -Wl,-soname -Wl,conftest -o conftest 2\>\&1 \| /bin/grep  -lc  \>/dev/null 2\>\&1
configure:10173: $? = 0
configure:10187: result: no
configure:10347: checking dynamic linker characteristics
configure:10858: gcc -o conftest -g -O2   -Wl,-rpath -Wl,/foo conftest.c  >&5
configure:10858: $? = 0
configure:11084: result: GNU/Linux ld.so
configure:11191: checking how to hardcode library paths into programs
configure:11216: result: immediate
configure:11310: checking for shl_load
configure:11310: gcc -o conftest -g -O2   conftest.c  >&5
/tmp/ccN6aGi0.o: In function `main':
/mnt/hgfs/SrcRepos/gt6-RAMSES_8_5/xio/src/conftest.c:57: undefined reference to `shl_load'
collect2: ld returned 1 exit status
configure:11310: $? = 1
configure: failed program was:
| /* confdefs.h */
| #define PACKAGE_NAME "globus_xio"
| #define PACKAGE_TARNAME "globus_xio"
| #define PACKAGE_VERSION "5.9"
| #define PACKAGE_STRING "globus_xio 5.9"
| #define PACKAGE_BUGREPORT "https://globus.atlassian.net/"
| #define PACKAGE_URL ""
| #define PACKAGE "globus_xio"
| #define VERSION "5.9"
| #define STDC_HEADERS 1
| #define HAVE_SYS_TYPES_H 1
| #define HAVE_SYS_STAT_H 1
| #define HAVE_STDLIB_H 1
| #define HAVE_STRING_H 1
| #define HAVE_MEMORY_H 1
| #define HAVE_STRINGS_H 1
| #define HAVE_INTTYPES_H 1
| #define HAVE_STDINT_H 1
| #define HAVE_UNISTD_H 1
| #define HAVE_DLFCN_H 1
| #define LT_OBJDIR ".libs/"
| /* end confdefs.h.  */
| /* Define shl_load to an innocuous variant, in case <limits.h> declares shl_load.
|    For example, HP-UX 11i <limits.h> declares gettimeofday.  */
| #define shl_load innocuous_shl_load
| 
| /* System header to define __stub macros and hopefully few prototypes,
|     which can conflict with char shl_load (); below.
|     Prefer <limits.h> to <assert.h> if __STDC__ is defined, since
|     <limits.h> exists even on freestanding compilers.  */
| 
| #ifdef __STDC__
| # include <limits.h>
| #else
| # include <assert.h>
| #endif
| 
| #undef shl_load
| 
| /* Override any GCC internal prototype to avoid an error.
|    Use char because int might match the return type of a GCC
|    builtin and then its argument prototype would still apply.  */
| #ifdef __cplusplus
| extern "C"
| #endif
| char shl_load ();
| /* The GNU C library defines this for functions which it implements
|     to always fail with ENOSYS.  Some functions are actually named
|     something starting with __ and the normal name is an alias.  */
| #if defined __stub_shl_load || defined __stub___shl_load
| choke me
| #endif
| 
| int
| main ()
| {
| return shl_load ();
|   ;
|   return 0;
| }
configure:11310: result: no
configure:11314: checking for shl_load in -ldld
configure:11339: gcc -o conftest -g -O2   conftest.c -ldld   >&5
/usr/bin/ld: cannot find -ldld
collect2: ld returned 1 exit status
configure:11339: $? = 1
configure: failed program was:
| /* confdefs.h */
| #define PACKAGE_NAME "globus_xio"
| #define PACKAGE_TARNAME "globus_xio"
| #define PACKAGE_VERSION "5.9"
| #define PACKAGE_STRING "globus_xio 5.9"
| #define PACKAGE_BUGREPORT "https://globus.atlassian.net/"
| #define PACKAGE_URL ""
| #define PACKAGE "globus_xio"
| #define VERSION "5.9"
| #define STDC_HEADERS 1
| #define HAVE_SYS_TYPES_H 1
| #define HAVE_SYS_STAT_H 1
| #define HAVE_STDLIB_H 1
| #define HAVE_STRING_H 1
| #define HAVE_MEMORY_H 1
| #define HAVE_STRINGS_H 1
| #define HAVE_INTTYPES_H 1
| #define HAVE_STDINT_H 1
| #define HAVE_UNISTD_H 1
| #define HAVE_DLFCN_H 1
| #define LT_OBJDIR ".libs/"
| /* end confdefs.h.  */
| 
| /* Override any GCC internal prototype to avoid an error.
|    Use char because int might match the return type of a GCC
|    builtin and then its argument prototype would still apply.  */
| #ifdef __cplusplus
| extern "C"
| #endif
| char shl_load ();
| int
| main ()
| {
| return shl_load ();
|   ;
|   return 0;
| }
configure:11348: result: no
configure:11353: checking for dlopen
configure:11353: gcc -o conftest -g -O2   conftest.c  >&5
/tmp/ccV36ZzZ.o: In function `main':
/mnt/hgfs/SrcRepos/gt6-RAMSES_8_5/xio/src/conftest.c:57: undefined reference to `dlopen'
collect2: ld returned 1 exit status
configure:11353: $? = 1
configure: failed program was:
| /* confdefs.h */
| #define PACKAGE_NAME "globus_xio"
| #define PACKAGE_TARNAME "globus_xio"
| #define PACKAGE_VERSION "5.9"
| #define PACKAGE_STRING "globus_xio 5.9"
| #define PACKAGE_BUGREPORT "https://globus.atlassian.net/"
| #define PACKAGE_URL ""
| #define PACKAGE "globus_xio"
| #define VERSION "5.9"
| #define STDC_HEADERS 1
| #define HAVE_SYS_TYPES_H 1
| #define HAVE_SYS_STAT_H 1
| #define HAVE_STDLIB_H 1
| #define HAVE_STRING_H 1
| #define HAVE_MEMORY_H 1
| #define HAVE_STRINGS_H 1
| #define HAVE_INTTYPES_H 1
| #define HAVE_STDINT_H 1
| #define HAVE_UNISTD_H 1
| #define HAVE_DLFCN_H 1
| #define LT_OBJDIR ".libs/"
| /* end confdefs.h.  */
| /* Define dlopen to an innocuous variant, in case <limits.h> declares dlopen.
|    For example, HP-UX 11i <limits.h> declares gettimeofday.  */
| #define dlopen innocuous_dlopen
| 
| /* System header to define __stub macros and hopefully few prototypes,
|     which can conflict with char dlopen (); below.
|     Prefer <limits.h> to <assert.h> if __STDC__ is defined, since
|     <limits.h> exists even on freestanding compilers.  */
| 
| #ifdef __STDC__
| # include <limits.h>
| #else
| # include <assert.h>
| #endif
| 
| #undef dlopen
| 
| /* Override any GCC internal prototype to avoid an error.
|    Use char because int might match the return type of a GCC
|    builtin and then its argument prototype would still apply.  */
| #ifdef __cplusplus
| extern "C"
| #endif
| char dlopen ();
| /* The GNU C library defines this for functions which it implements
|     to always fail with ENOSYS.  Some functions are actually named
|     something starting with __ and the normal name is an alias.  */
| #if defined __stub_dlopen || defined __stub___dlopen
| choke me
| #endif
| 
| int
| main ()
| {
| return dlopen ();
|   ;
|   return 0;
| }
configure:11353: result: no
configure:11357: checking for dlopen in -ldl
configure:11382: gcc -o conftest -g -O2   conftest.c -ldl   >&5
configure:11382: $? = 0
configure:11391: result: yes
configure:11510: checking whether a program can dlopen itself
configure:11590: gcc -o conftest -g -O2  -DHAVE_DLFCN_H  -Wl,--export-dynamic conftest.c -ldl  >&5
configure:11593: $? = 0
configure:11611: result: yes
configure:11616: checking whether a statically linked program can dlopen itself
configure:11696: gcc -o conftest -g -O2  -DHAVE_DLFCN_H  -Wl,--export-dynamic  conftest.c -ldl  >&5
configure:11699: $? = 0
configure:11717: result: yes
configure:11756: checking whether stripping libraries is possible
configure:11761: result: yes
configure:11796: checking if libtool supports shared libraries
configure:11798: result: yes
configure:11801: checking whether to build shared libraries
configure:11822: result: yes
configure:11825: checking whether to build static libraries
configure:11829: result: yes
configure:11893: checking netinet/tcp.h usability
configure:11893: gcc -c -g -O2  conftest.c >&5
configure:11893: $? = 0
configure:11893: result: yes
configure:11893: checking netinet/tcp.h presence
configure:11893: gcc -E  conftest.c
configure:11893: $? = 0
configure:11893: result: yes
configure:11893: checking for netinet/tcp.h
configure:11893: result: yes
configure:11957: checking for pkg-config
configure:11975: found /usr/bin/pkg-config
configure:11987: result: /usr/bin/pkg-config
configure:12012: checking pkg-config is at least version 0.9.0
configure:12015: result: yes
configure:12025: checking for GLOBUS_COMMON
configure:12032: $PKG_CONFIG --exists --print-errors "$PACKAGE_DEPS"
configure:12035: $? = 0
configure:12049: $PKG_CONFIG --exists --print-errors "$PACKAGE_DEPS"
configure:12052: $? = 0
configure:12110: result: yes
configure:12119: checking builtin drivers
configure:12138: result:  file http mode_e ordering queue tcp telnet udp
configure:12152: checking for sysconf
configure:12152: gcc -o conftest -g -O2   conftest.c  >&5
configure:12152: $? = 0
configure:12152: result: yes
configure:12163: checking for readv
configure:12163: gcc -o conftest -g -O2   conftest.c  >&5
configure:12163: $? = 0
configure:12163: result: yes
configure:12174: checking for writev
configure:12174: gcc -o conftest -g -O2   conftest.c  >&5
configure:12174: $? = 0
configure:12174: result: yes
configure:12185: checking for recvmsg
configure:12185: gcc -o conftest -g -O2   conftest.c  >&5
configure:12185: $? = 0
configure:12185: result: yes
configure:12196: checking for sendmsg
configure:12196: gcc -o conftest -g -O2   conftest.c  >&5
configure:12196: $? = 0
configure:12196: result: yes
configure:12219: checking for doxygen
configure:12252: result: no
configure:12381: checking that generated files are newer than configure
configure:12387: result: done
configure:12418: creating ./config.status

## ---------------- ##
## Cache variables. ##
## ---------------- ##

ac_cv_build=x86_64-unknown-linux-gnu
ac_cv_c_compiler_gnu=yes
ac_cv_env_CC_set=
ac_cv_env_CC_value=
ac_cv_env_CFLAGS_set=
ac_cv_env_CFLAGS_value=
ac_cv_env_CPPFLAGS_set=
ac_cv_env_CPPFLAGS_value=
ac_cv_env_CPP_set=
ac_cv_env_CPP_value=
ac_cv_env_GLOBUS_COMMON_CFLAGS_set=
ac_cv_env_GLOBUS_COMMON_CFLAGS_value=
ac_cv_env_GLOBUS_COMMON_LIBS_set=
ac_cv_env_GLOBUS_COMMON_LIBS_value=
ac_cv_env_LDFLAGS_set=
ac_cv_env_LDFLAGS_value=
ac_cv_env_LIBS_set=
ac_cv_env_LIBS_value=
ac_cv_env_PKG_CONFIG_LIBDIR_set=
ac_cv_env_PKG_CONFIG_LIBDIR_value=
ac_cv_env_PKG_CONFIG_PATH_set=set
ac_cv_env_PKG_CONFIG_PATH_value=/mnt/hgfs/SrcRepos/gt6-RAMSES_8_5/common/source:/mnt/hgfs/SrcRepos/gt6-RAMSES_8_5/xio/src:/mnt/hgfs/SrcRepos/gt6-RAMSES_8_5/gridftp/gfork/source:/mnt/hgfs/SrcRepos/gt6-RAMSES_8_5/gsi/openssl_error/source:/mnt/hgfs/SrcRepos/gt6-RAMSES_8_5/gsi/proxy/proxy_ssl/source:/mnt/hgfs/SrcRepos/gt6-RAMSES_8_5/gsi/openssl_module/source:/mnt/hgfs/SrcRepos/gt6-RAMSES_8_5/gsi/cert_utils/source:/mnt/hgfs/SrcRepos/gt6-RAMSES_8_5/gsi/sysconfig/source:/mnt/hgfs/SrcRepos/gt6-RAMSES_8_5/callout/source:/mnt/hgfs/SrcRepos/gt6-RAMSES_8_5/gsi/callback/source:/mnt/hgfs/SrcRepos/gt6-RAMSES_8_5/gsi/credential/source:/mnt/hgfs/SrcRepos/gt6-RAMSES_8_5/gsi/proxy/proxy_core/source:/mnt/hgfs/SrcRepos/gt6-RAMSES_8_5/gsi/gssapi/source:/mnt/hgfs/SrcRepos/gt6-RAMSES_8_5/gsi/gss_assist/source:/mnt/hgfs/SrcRepos/gt6-RAMSES_8_5/gsi/gssapi_error/source:/mnt/hgfs/SrcRepos/gt6-RAMSES_8_5/xio/drivers/gsi:/mnt/hgfs/SrcRepos/gt6-RAMSES_8_5/io/compat:/mnt/hgfs/SrcRepos/gt6-RAMSES_8_5/gridftp/control/source:/mnt/hgfs/SrcRepos/gt6-RAMSES_8_5/usage/c/sender/source:/mnt/hgfs/SrcRepos/gt6-RAMSES_8_5/xio/drivers/pipe/source:/mnt/hgfs/SrcRepos/gt6-RAMSES_8_5/gridftp/server-lib/src:/mnt/hgfs/SrcRepos/gt6-RAMSES_8_5/gsi/authz/error:/mnt/hgfs/SrcRepos/gt6-RAMSES_8_5/gsi/authz/source:/mnt/hgfs/SrcRepos/gt6-RAMSES_8_5/xio/drivers/rate/source:/mnt/hgfs/SrcRepos/gt6-RAMSES_8_5/xio/drivers/popen/source:/mnt/hgfs/SrcRepos/gt6-RAMSES_8_5/xio/drivers/udt/source:/mnt/hgfs/SrcRepos/gt6-RAMSES_8_5/gridftp/net_manager:/mnt/hgfs/SrcRepos/gt6-RAMSES_8_5/gridftp/server/src:/mnt/hgfs/SrcRepos/gt6-RAMSES_8_5/gram/protocol/source:/mnt/hgfs/SrcRepos/gt6-RAMSES_8_5/gram/jobmanager/scheduler_event_generator/source:/mnt/hgfs/SrcRepos/gt6-RAMSES_8_5/gram/jobmanager/lrms/lsf/source:/mnt/hgfs/SrcRepos/gt6-RAMSES_8_5/gass/transfer/source:/mnt/hgfs/SrcRepos/gt6-RAMSES_8_5/gridftp/client/source:/mnt/hgfs/SrcRepos/gt6-RAMSES_8_5/gass/copy/source:/mnt/hgfs/SrcRepos/gt6-RAMSES_8_5/gass/cache/source:/mnt/hgfs/SrcRepos/gt6-RAMSES_8_5/gram/rsl/source:/mnt/hgfs/SrcRepos/gt6-RAMSES_8_5/gram/jobmanager/callout_error:/mnt/hgfs/SrcRepos/gt6-RAMSES_8_5/gridftp/server/multi/source:/mnt/hgfs/SrcRepos/gt6-RAMSES_8_5/gsi/simple_ca/source:/mnt/hgfs/SrcRepos/gt6-RAMSES_8_5/gram/jobmanager/lrms/sge/source:/mnt/hgfs/SrcRepos/gt6-RAMSES_8_5/gram/jobmanager/scripts:/mnt/hgfs/SrcRepos/gt6-RAMSES_8_5/gram/jobmanager/lrms/slurm/source:/mnt/hgfs/SrcRepos/gt6-RAMSES_8_5/gsi/gridmap_callout/error:/mnt/hgfs/SrcRepos/gt6-RAMSES_8_5/gsi/gridmap_callout/source:/mnt/hgfs/SrcRepos/gt6-RAMSES_8_5/gass/server_ez/source:/mnt/hgfs/SrcRepos/gt6-RAMSES_8_5/gridftp/gridftp_driver/source:/mnt/hgfs/SrcRepos/gt6-RAMSES_8_5/gram/jobmanager/lrms/fork/source:/mnt/hgfs/SrcRepos/gt6-RAMSES_8_5/gsi/gridmap_verify_myproxy_callout:/mnt/hgfs/SrcRepos/gt6-RAMSES_8_5/gsi/gridmap_eppn_callout:/mnt/hgfs/SrcRepos/gt6-RAMSES_8_5/gram/jobmanager/lrms/condor/source:/mnt/hgfs/SrcRepos/gt6-RAMSES_8_5/gsi/proxy/proxy_utils/source:/mnt/hgfs/SrcRepos/gt6-RAMSES_8_5/gram/client/source:/mnt/hgfs/SrcRepos/gt6-RAMSES_8_5/xio/xioperf/source:/mnt/hgfs/SrcRepos/gt6-RAMSES_8_5/gram/gatekeeper/source:/mnt/hgfs/SrcRepos/gt6-RAMSES_8_5/gass/cache_program/source:/mnt/hgfs/SrcRepos/gt6-RAMSES_8_5/gram/jobmanager/lrms/pbs/source:/mnt/hgfs/SrcRepos/gt6-RAMSES_8_5/gram/jobmanager/auditing/source:/mnt/hgfs/SrcRepos/gt6-RAMSES_8_5/myproxy/source:/mnt/hgfs/SrcRepos/gt6-RAMSES_8_5/gsi_openssh/source:/mnt/hgfs/SrcRepos/gt6-RAMSES_8_5/gram/client_tools/source:/mnt/hgfs/SrcRepos/gt6-RAMSES_8_5/gram/jobmanager/source:/mnt/hgfs/SrcRepos/gt6-RAMSES_8_5/gridftp/hdfs
ac_cv_env_PKG_CONFIG_set=
ac_cv_env_PKG_CONFIG_value=
ac_cv_env_build_alias_set=
ac_cv_env_build_alias_value=
ac_cv_env_host_alias_set=
ac_cv_env_host_alias_value=
ac_cv_env_target_alias_set=
ac_cv_env_target_alias_value=
ac_cv_func_dlopen=no
ac_cv_func_readv=yes
ac_cv_func_recvmsg=yes
ac_cv_func_sendmsg=yes
ac_cv_func_shl_load=no
ac_cv_func_sysconf=yes
ac_cv_func_writev=yes
ac_cv_header_dlfcn_h=yes
ac_cv_header_inttypes_h=yes
ac_cv_header_memory_h=yes
ac_cv_header_netinet_tcp_h=yes
ac_cv_header_stdc=yes
ac_cv_header_stdint_h=yes
ac_cv_header_stdlib_h=yes
ac_cv_header_string_h=yes
ac_cv_header_strings_h=yes
ac_cv_header_sys_stat_h=yes
ac_cv_header_sys_types_h=yes
ac_cv_header_unistd_h=yes
ac_cv_host=x86_64-unknown-linux-gnu
ac_cv_lib_dl_dlopen=yes
ac_cv_lib_dld_shl_load=no
ac_cv_objext=o
ac_cv_path_EGREP='/bin/grep -E'
ac_cv_path_FGREP='/bin/grep -F'
ac_cv_path_GREP=/bin/grep
ac_cv_path_SED=/bin/sed
ac_cv_path_ac_pt_PKG_CONFIG=/usr/bin/pkg-config
ac_cv_path_install='/usr/bin/install -c'
ac_cv_path_mkdir=/bin/mkdir
ac_cv_prog_AWK=gawk
ac_cv_prog_CPP='gcc -E'
ac_cv_prog_ac_ct_AR=ar
ac_cv_prog_ac_ct_CC=gcc
ac_cv_prog_ac_ct_OBJDUMP=objdump
ac_cv_prog_ac_ct_RANLIB=ranlib
ac_cv_prog_ac_ct_STRIP=strip
ac_cv_prog_cc_c89=
ac_cv_prog_cc_g=yes
ac_cv_prog_make_make_set=yes
am_cv_CC_dependencies_compiler_type=gcc3
am_cv_make_support_nested_variables=yes
am_cv_prog_cc_c_o=yes
am_cv_prog_tar_pax=gnutar
lt_cv_ar_at_file=@
lt_cv_archive_cmds_need_lc=no
lt_cv_deplibs_check_method=pass_all
lt_cv_dlopen=dlopen
lt_cv_dlopen_libs=-ldl
lt_cv_dlopen_self=yes
lt_cv_dlopen_self_static=yes
lt_cv_file_magic_cmd='$MAGIC_CMD'
lt_cv_file_magic_test_file=
lt_cv_ld_reload_flag=-r
lt_cv_nm_interface='BSD nm'
lt_cv_objdir=.libs
lt_cv_path_LD=/usr/bin/ld
lt_cv_path_NM='/usr/bin/nm -B'
lt_cv_path_mainfest_tool=no
lt_cv_prog_compiler_c_o=yes
lt_cv_prog_compiler_pic='-fPIC -DPIC'
lt_cv_prog_compiler_pic_works=yes
lt_cv_prog_compiler_rtti_exceptions=no
lt_cv_prog_compiler_static_works=no
lt_cv_prog_gnu_ld=yes
lt_cv_sharedlib_from_linklib_cmd='printf %s\n'
lt_cv_shlibpath_overrides_runpath=no
lt_cv_sys_global_symbol_pipe='sed -n -e '\''s/^.*[	 ]\([ABCDGIRSTW][ABCDGIRSTW]*\)[	 ][	 ]*\([_A-Za-z][_A-Za-z0-9]*\)$/\1 \2 \2/p'\'' | sed '\''/ __gnu_lto/d'\'''
lt_cv_sys_global_symbol_to_c_name_address='sed -n -e '\''s/^: \([^ ]*\)[ ]*$/  {\"\1\", (void *) 0},/p'\'' -e '\''s/^[ABCDGIRSTW]* \([^ ]*\) \([^ ]*\)$/  {"\2", (void *) \&\2},/p'\'''
lt_cv_sys_global_symbol_to_c_name_address_lib_prefix='sed -n -e '\''s/^: \([^ ]*\)[ ]*$/  {\"\1\", (void *) 0},/p'\'' -e '\''s/^[ABCDGIRSTW]* \([^ ]*\) \(lib[^ ]*\)$/  {"\2", (void *) \&\2},/p'\'' -e '\''s/^[ABCDGIRSTW]* \([^ ]*\) \([^ ]*\)$/  {"lib\2", (void *) \&\2},/p'\'''
lt_cv_sys_global_symbol_to_cdecl='sed -n -e '\''s/^T .* \(.*\)$/extern int \1();/p'\'' -e '\''s/^[ABCDGIRSTW]* .* \(.*\)$/extern char \1;/p'\'''
lt_cv_sys_max_cmd_len=1966080
lt_cv_to_host_file_cmd=func_convert_file_noop
lt_cv_to_tool_file_cmd=func_convert_file_noop
pkg_cv_GLOBUS_COMMON_CFLAGS='-g -O2 -pthread -I/mnt/hgfs/SrcRepos/gt6-RAMSES_8_5/common/source -I/mnt/hgfs/SrcRepos/gt6-RAMSES_8_5/common/source/library  '
pkg_cv_GLOBUS_COMMON_LIBS='/mnt/hgfs/SrcRepos/gt6-RAMSES_8_5/common/source/library/libglobus_common.la  '

## ----------------- ##
## Output variables. ##
## ----------------- ##

ACLOCAL='${SHELL} /mnt/hgfs/SrcRepos/gt6-RAMSES_8_5/xio/src/build-aux/missing aclocal-1.14'
AGE_VERSION='5'
AMDEPBACKSLASH='\'
AMDEP_FALSE='#'
AMDEP_TRUE=''
AMTAR='$${TAR-tar}'
AM_BACKSLASH='\'
AM_DEFAULT_V='$(AM_DEFAULT_VERBOSITY)'
AM_DEFAULT_VERBOSITY='1'
AM_V='$(V)'
AR='ar'
AS='as'
AUTOCONF='${SHELL} /mnt/hgfs/SrcRepos/gt6-RAMSES_8_5/xio/src/build-aux/missing autoconf'
AUTOHEADER='${SHELL} /mnt/hgfs/SrcRepos/gt6-RAMSES_8_5/xio/src/build-aux/missing autoheader'
AUTOMAKE='${SHELL} /mnt/hgfs/SrcRepos/gt6-RAMSES_8_5/xio/src/build-aux/missing automake-1.14'
AWK='gawk'
BUILTIN_EXTENSIONS_DEC=' GlobusXIODeclareModule(file); GlobusXIODeclareModule(http); GlobusXIODeclareModule(mode_e); GlobusXIODeclareModule(ordering); GlobusXIODeclareModule(queue); GlobusXIODeclareModule(tcp); GlobusXIODeclareModule(telnet); GlobusXIODeclareModule(udp);'
BUILTIN_EXTENSIONS_DEF=' {GlobusXIOExtensionName(file), GlobusXIOMyModule(file)}, {GlobusXIOExtensionName(http), GlobusXIOMyModule(http)}, {GlobusXIOExtensionName(mode_e), GlobusXIOMyModule(mode_e)}, {GlobusXIOExtensionName(ordering), GlobusXIOMyModule(ordering)}, {GlobusXIOExtensionName(queue), GlobusXIOMyModule(queue)}, {GlobusXIOExtensionName(tcp), GlobusXIOMyModule(tcp)}, {GlobusXIOExtensionName(telnet), GlobusXIOMyModule(telnet)}, {GlobusXIOExtensionName(udp), GlobusXIOMyModule(udp)},'
CC='gcc'
CCDEPMODE='depmode=gcc3'
CFLAGS='-g -O2'
CPP='gcc -E'
CPPFLAGS=''
CYGPATH_W='echo'
CYGPATH_W_DEFINED_FALSE=''
CYGPATH_W_DEFINED_TRUE='#'
DEFS='-DHAVE_CONFIG_H'
DEPDIR='.deps'
DIRT_BRANCH_ID='85'
DIRT_TIMESTAMP='1439213997'
DLLTOOL='false'
DOXYGEN=''
DSYMUTIL=''
DUMPBIN=''
ECHO_C=''
ECHO_N='-n'
ECHO_T=''
EGREP='/bin/grep -E'
ENABLE_DOXYGEN_FALSE=''
ENABLE_DOXYGEN_TRUE='#'
EXEEXT=''
FGREP='/bin/grep -F'
GLOBUS_COMMON_CFLAGS='-g -O2 -pthread -I/mnt/hgfs/SrcRepos/gt6-RAMSES_8_5/common/source -I/mnt/hgfs/SrcRepos/gt6-RAMSES_8_5/common/source/library  '
GLOBUS_COMMON_LIBS='/mnt/hgfs/SrcRepos/gt6-RAMSES_8_5/common/source/library/libglobus_common.la  '
GREP='/bin/grep'
INSTALL_DATA='${INSTALL} -m 644'
INSTALL_PROGRAM='${INSTALL}'
INSTALL_SCRIPT='${INSTALL}'
INSTALL_STRIP_PROGRAM='$(install_sh) -c -s'
LD='/usr/bin/ld -m elf_x86_64'
LDFLAGS=''
LIBOBJS=''
LIBS=''
LIBTOOL='$(SHELL) $(top_builddir)/libtool'
LIPO=''
LN_S='ln -s'
LTLIBOBJS=''
MAJOR_VERSION='5'
MAKEINFO='${SHELL} /mnt/hgfs/SrcRepos/gt6-RAMSES_8_5/xio/src/build-aux/missing makeinfo'
MANIFEST_TOOL=':'
MINOR_VERSION='9'
MKDIR_P='/bin/mkdir -p'
NM='/usr/bin/nm -B'
NMEDIT=''
OBJDUMP='objdump'
OBJEXT='o'
OTOOL64=''
OTOOL=''
PACKAGE='globus_xio'
PACKAGE_BUGREPORT='https://globus.atlassian.net/'
PACKAGE_DEPS='globus-common >= 14'
PACKAGE_DEP_CFLAGS='-g -O2 -pthread -I/mnt/hgfs/SrcRepos/gt6-RAMSES_8_5/common/source -I/mnt/hgfs/SrcRepos/gt6-RAMSES_8_5/common/source/library  '
PACKAGE_DEP_LIBS='/mnt/hgfs/SrcRepos/gt6-RAMSES_8_5/common/source/library/libglobus_common.la  '
PACKAGE_NAME='globus_xio'
PACKAGE_STRING='globus_xio 5.9'
PACKAGE_TARNAME='globus_xio'
PACKAGE_URL=''
PACKAGE_VERSION='5.9'
PATH_SEPARATOR=':'
PKG_CONFIG='/usr/bin/pkg-config'
PKG_CONFIG_LIBDIR=''
PKG_CONFIG_PATH='/mnt/hgfs/SrcRepos/gt6-RAMSES_8_5/common/source:/mnt/hgfs/SrcRepos/gt6-RAMSES_8_5/xio/src:/mnt/hgfs/SrcRepos/gt6-RAMSES_8_5/gridftp/gfork/source:/mnt/hgfs/SrcRepos/gt6-RAMSES_8_5/gsi/openssl_error/source:/mnt/hgfs/SrcRepos/gt6-RAMSES_8_5/gsi/proxy/proxy_ssl/source:/mnt/hgfs/SrcRepos/gt6-RAMSES_8_5/gsi/openssl_module/source:/mnt/hgfs/SrcRepos/gt6-RAMSES_8_5/gsi/cert_utils/source:/mnt/hgfs/SrcRepos/gt6-RAMSES_8_5/gsi/sysconfig/source:/mnt/hgfs/SrcRepos/gt6-RAMSES_8_5/callout/source:/mnt/hgfs/SrcRepos/gt6-RAMSES_8_5/gsi/callback/source:/mnt/hgfs/SrcRepos/gt6-RAMSES_8_5/gsi/credential/source:/mnt/hgfs/SrcRepos/gt6-RAMSES_8_5/gsi/proxy/proxy_core/source:/mnt/hgfs/SrcRepos/gt6-RAMSES_8_5/gsi/gssapi/source:/mnt/hgfs/SrcRepos/gt6-RAMSES_8_5/gsi/gss_assist/source:/mnt/hgfs/SrcRepos/gt6-RAMSES_8_5/gsi/gssapi_error/source:/mnt/hgfs/SrcRepos/gt6-RAMSES_8_5/xio/drivers/gsi:/mnt/hgfs/SrcRepos/gt6-RAMSES_8_5/io/compat:/mnt/hgfs/SrcRepos/gt6-RAMSES_8_5/gridftp/control/source:/mnt/hgfs/SrcRepos/gt6-RAMSES_8_5/usage/c/sender/source:/mnt/hgfs/SrcRepos/gt6-RAMSES_8_5/xio/drivers/pipe/source:/mnt/hgfs/SrcRepos/gt6-RAMSES_8_5/gridftp/server-lib/src:/mnt/hgfs/SrcRepos/gt6-RAMSES_8_5/gsi/authz/error:/mnt/hgfs/SrcRepos/gt6-RAMSES_8_5/gsi/authz/source:/mnt/hgfs/SrcRepos/gt6-RAMSES_8_5/xio/drivers/rate/source:/mnt/hgfs/SrcRepos/gt6-RAMSES_8_5/xio/drivers/popen/source:/mnt/hgfs/SrcRepos/gt6-RAMSES_8_5/xio/drivers/udt/source:/mnt/hgfs/SrcRepos/gt6-RAMSES_8_5/gridftp/net_manager:/mnt/hgfs/SrcRepos/gt6-RAMSES_8_5/gridftp/server/src:/mnt/hgfs/SrcRepos/gt6-RAMSES_8_5/gram/protocol/source:/mnt/hgfs/SrcRepos/gt6-RAMSES_8_5/gram/jobmanager/scheduler_event_generator/source:/mnt/hgfs/SrcRepos/gt6-RAMSES_8_5/gram/jobmanager/lrms/lsf/source:/mnt/hgfs/SrcRepos/gt6-RAMSES_8_5/gass/transfer/source:/mnt/hgfs/SrcRepos/gt6-RAMSES_8_5/gridftp/client/source:/mnt/hgfs/SrcRepos/gt6-RAMSES_8_5/gass/copy/source:/mnt/hgfs/SrcRepos/gt6-RAMSES_8_5/gass/cache/source:/mnt/hgfs/SrcRepos/gt6-RAMSES_8_5/gram/rsl/source:/mnt/hgfs/SrcRepos/gt6-RAMSES_8_5/gram/jobmanager/callout_error:/mnt/hgfs/SrcRepos/gt6-RAMSES_8_5/gridftp/server/multi/source:/mnt/hgfs/SrcRepos/gt6-RAMSES_8_5/gsi/simple_ca/source:/mnt/hgfs/SrcRepos/gt6-RAMSES_8_5/gram/jobmanager/lrms/sge/source:/mnt/hgfs/SrcRepos/gt6-RAMSES_8_5/gram/jobmanager/scripts:/mnt/hgfs/SrcRepos/gt6-RAMSES_8_5/gram/jobmanager/lrms/slurm/source:/mnt/hgfs/SrcRepos/gt6-RAMSES_8_5/gsi/gridmap_callout/error:/mnt/hgfs/SrcRepos/gt6-RAMSES_8_5/gsi/gridmap_callout/source:/mnt/hgfs/SrcRepos/gt6-RAMSES_8_5/gass/server_ez/source:/mnt/hgfs/SrcRepos/gt6-RAMSES_8_5/gridftp/gridftp_driver/source:/mnt/hgfs/SrcRepos/gt6-RAMSES_8_5/gram/jobmanager/lrms/fork/source:/mnt/hgfs/SrcRepos/gt6-RAMSES_8_5/gsi/gridmap_verify_myproxy_callout:/mnt/hgfs/SrcRepos/gt6-RAMSES_8_5/gsi/gridmap_eppn_callout:/mnt/hgfs/SrcRepos/gt6-RAMSES_8_5/gram/jobmanager/lrms/condor/source:/mnt/hgfs/SrcRepos/gt6-RAMSES_8_5/gsi/proxy/proxy_utils/source:/mnt/hgfs/SrcRepos/gt6-RAMSES_8_5/gram/client/source:/mnt/hgfs/SrcRepos/gt6-RAMSES_8_5/xio/xioperf/source:/mnt/hgfs/SrcRepos/gt6-RAMSES_8_5/gram/gatekeeper/source:/mnt/hgfs/SrcRepos/gt6-RAMSES_8_5/gass/cache_program/source:/mnt/hgfs/SrcRepos/gt6-RAMSES_8_5/gram/jobmanager/lrms/pbs/source:/mnt/hgfs/SrcRepos/gt6-RAMSES_8_5/gram/jobmanager/auditing/source:/mnt/hgfs/SrcRepos/gt6-RAMSES_8_5/myproxy/source:/mnt/hgfs/SrcRepos/gt6-RAMSES_8_5/gsi_openssh/source:/mnt/hgfs/SrcRepos/gt6-RAMSES_8_5/gram/client_tools/source:/mnt/hgfs/SrcRepos/gt6-RAMSES_8_5/gram/jobmanager/source:/mnt/hgfs/SrcRepos/gt6-RAMSES_8_5/gridftp/hdfs'
RANLIB='ranlib'
SED='/bin/sed'
SET_MAKE=''
SHELL='/bin/sh'
STRIP='strip'
VERSION='5.9'
XIO_BUILTIN_DIRS=' file http mode_e ordering queue tcp telnet udp'
XIO_BUILTIN_LIBS=' builtins/file/libglobus_xio_file_driver.la builtins/http/libglobus_xio_http_driver.la builtins/mode_e/libglobus_xio_mode_e_driver.la builtins/ordering/libglobus_xio_ordering_driver.la builtins/queue/libglobus_xio_queue_driver.la builtins/tcp/libglobus_xio_tcp_driver.la builtins/telnet/libglobus_xio_telnet_driver.la builtins/udp/libglobus_xio_udp_driver.la'
XIO_BUILTIN_PC_INCLUDES=' -I${abs_top_srcdir}/builtins/file -I${abs_top_srcdir}/builtins/http -I${abs_top_srcdir}/builtins/mode_e -I${abs_top_srcdir}/builtins/ordering -I${abs_top_srcdir}/builtins/queue -I${abs_top_srcdir}/builtins/tcp -I${abs_top_srcdir}/builtins/telnet -I${abs_top_srcdir}/builtins/udp'
ac_ct_AR='ar'
ac_ct_CC='gcc'
ac_ct_DUMPBIN=''
am__EXEEXT_FALSE=''
am__EXEEXT_TRUE='#'
am__fastdepCC_FALSE='#'
am__fastdepCC_TRUE=''
am__include='include'
am__isrc=''
am__leading_dot='.'
am__nodep='_no'
am__quote=''
am__tar='tar --format=posix -chf - "$$tardir"'
am__untar='tar -xf -'
bindir='${exec_prefix}/bin'
build='x86_64-unknown-linux-gnu'
build_alias=''
build_cpu='x86_64'
build_os='linux-gnu'
build_vendor='unknown'
datadir='${datarootdir}'
datarootdir='${prefix}/share'
docdir='${datarootdir}/doc/${PACKAGE_TARNAME}'
dvidir='${docdir}'
exec_prefix='${prefix}'
host='x86_64-unknown-linux-gnu'
host_alias=''
host_cpu='x86_64'
host_os='linux-gnu'
host_vendor='unknown'
htmldir='${docdir}'
includedir='${prefix}/include'
infodir='${datarootdir}/info'
install_sh='${SHELL} /mnt/hgfs/SrcRepos/gt6-RAMSES_8_5/xio/src/build-aux/install-sh'
libdir='${exec_prefix}/lib'
libexecdir='${exec_prefix}/libexec'
localedir='${datarootdir}/locale'
localstatedir='${prefix}/var'
mandir='${datarootdir}/man'
mkdir_p='$(MKDIR_P)'
oldincludedir='/usr/include'
pdfdir='${docdir}'
prefix='/home/esjung/gt6_inst'
program_transform_name='s,x,x,'
psdir='${docdir}'
sbindir='${exec_prefix}/sbin'
sharedstatedir='${prefix}/com'
sysconfdir='${prefix}/etc'
target_alias=''

## ----------- ##
## confdefs.h. ##
## ----------- ##

/* confdefs.h */
#define PACKAGE_NAME "globus_xio"
#define PACKAGE_TARNAME "globus_xio"
#define PACKAGE_VERSION "5.9"
#define PACKAGE_STRING "globus_xio 5.9"
#define PACKAGE_BUGREPORT "https://globus.atlassian.net/"
#define PACKAGE_URL ""
#define PACKAGE "globus_xio"
#define VERSION "5.9"
#define STDC_HEADERS 1
#define HAVE_SYS_TYPES_H 1
#define HAVE_SYS_STAT_H 1
#define HAVE_STDLIB_H 1
#define HAVE_STRING_H 1
#define HAVE_MEMORY_H 1
#define HAVE_STRINGS_H 1
#define HAVE_INTTYPES_H 1
#define HAVE_STDINT_H 1
#define HAVE_UNISTD_H 1
#define HAVE_DLFCN_H 1
#define LT_OBJDIR ".libs/"
#define HAVE_NETINET_TCP_H 1
#define HAVE_SYSCONF 1
#define HAVE_READV 1
#define HAVE_WRITEV 1
#define HAVE_RECVMSG 1
#define HAVE_SENDMSG 1

configure: exit 0

## ---------------------- ##
## Running config.status. ##
## ---------------------- ##

This file was extended by globus_xio config.status 5.9, which was
generated by GNU Autoconf 2.69.  Invocation command line was

  CONFIG_FILES    = 
  CONFIG_HEADERS  = 
  CONFIG_LINKS    = 
  CONFIG_COMMANDS = 
  $ ./config.status 

on vm2

config.status:1158: creating Makefile
config.status:1158: creating globus-xio.pc
config.status:1158: creating globus-xio-uninstalled.pc
config.status:1158: creating builtins/Makefile
config.status:1158: creating test/Makefile
config.status:1158: creating test/drivers/Makefile
config.status:1158: creating Doxyfile
config.status:1158: creating version.h
config.status:1158: creating extensions.h
config.status:1158: creating builtins/file/Makefile
config.status:1158: creating builtins/http/Makefile
config.status:1158: creating builtins/mode_e/Makefile
config.status:1158: creating builtins/ordering/Makefile
config.status:1158: creating builtins/queue/Makefile
config.status:1158: creating builtins/tcp/Makefile
config.status:1158: creating builtins/telnet/Makefile
config.status:1158: creating builtins/udp/Makefile
config.status:1158: creating globus_i_xio_config.h
config.status:1339: globus_i_xio_config.h is unchanged
config.status:1387: executing depfiles commands
config.status:1387: executing libtool commands

## ---------------------- ##
## Running config.status. ##
## ---------------------- ##

This file was extended by globus_xio config.status 5.9, which was
generated by GNU Autoconf 2.69.  Invocation command line was

  CONFIG_FILES    = 
  CONFIG_HEADERS  = 
  CONFIG_LINKS    = 
  CONFIG_COMMANDS = 
  $ ./config.status globus_i_xio_config.h

on vm2

config.status:1158: creating globus_i_xio_config.h
config.status:1339: globus_i_xio_config.h is unchanged
