This file contains any messages produced by compilers while
running configure, to aid debugging if configure makes a mistake.

It was created by globus_ftp_client configure 8.24, which was
generated by GNU Autoconf 2.69.  Invocation command line was

  $ ./configure --disable-option-checking --prefix=/home/esjung/gt6_inst --with-udt --enable-udt --cache-file=/dev/null --srcdir=. PKG_CONFIG_PATH=/mnt/hgfs/SrcRepos/gt6-RAMSES_8_5/common/source:/mnt/hgfs/SrcRepos/gt6-RAMSES_8_5/xio/src:/mnt/hgfs/SrcRepos/gt6-RAMSES_8_5/gridftp/gfork/source:/mnt/hgfs/SrcRepos/gt6-RAMSES_8_5/gsi/openssl_error/source:/mnt/hgfs/SrcRepos/gt6-RAMSES_8_5/gsi/proxy/proxy_ssl/source:/mnt/hgfs/SrcRepos/gt6-RAMSES_8_5/gsi/openssl_module/source:/mnt/hgfs/SrcRepos/gt6-RAMSES_8_5/gsi/cert_utils/source:/mnt/hgfs/SrcRepos/gt6-RAMSES_8_5/gsi/sysconfig/source:/mnt/hgfs/SrcRepos/gt6-RAMSES_8_5/callout/source:/mnt/hgfs/SrcRepos/gt6-RAMSES_8_5/gsi/callback/source:/mnt/hgfs/SrcRepos/gt6-RAMSES_8_5/gsi/credential/source:/mnt/hgfs/SrcRepos/gt6-RAMSES_8_5/gsi/proxy/proxy_core/source:/mnt/hgfs/SrcRepos/gt6-RAMSES_8_5/gsi/gssapi/source:/mnt/hgfs/SrcRepos/gt6-RAMSES_8_5/gsi/gss_assist/source:/mnt/hgfs/SrcRepos/gt6-RAMSES_8_5/gsi/gssapi_error/source:/mnt/hgfs/SrcRepos/gt6-RAMSES_8_5/xio/drivers/gsi:/mnt/hgfs/SrcRepos/gt6-RAMSES_8_5/io/compat:/mnt/hgfs/SrcRepos/gt6-RAMSES_8_5/gridftp/control/source:/mnt/hgfs/SrcRepos/gt6-RAMSES_8_5/usage/c/sender/source:/mnt/hgfs/SrcRepos/gt6-RAMSES_8_5/xio/drivers/pipe/source:/mnt/hgfs/SrcRepos/gt6-RAMSES_8_5/gridftp/server-lib/src:/mnt/hgfs/SrcRepos/gt6-RAMSES_8_5/gsi/authz/error:/mnt/hgfs/SrcRepos/gt6-RAMSES_8_5/gsi/authz/source:/mnt/hgfs/SrcRepos/gt6-RAMSES_8_5/xio/drivers/rate/source:/mnt/hgfs/SrcRepos/gt6-RAMSES_8_5/xio/drivers/popen/source:/mnt/hgfs/SrcRepos/gt6-RAMSES_8_5/xio/drivers/udt/source:/mnt/hgfs/SrcRepos/gt6-RAMSES_8_5/gridftp/net_manager:/mnt/hgfs/SrcRepos/gt6-RAMSES_8_5/gridftp/server/src:/mnt/hgfs/SrcRepos/gt6-RAMSES_8_5/gram/protocol/source:/mnt/hgfs/SrcRepos/gt6-RAMSES_8_5/gram/jobmanager/scheduler_event_generator/source:/mnt/hgfs/SrcRepos/gt6-RAMSES_8_5/gram/jobmanager/lrms/lsf/source:/mnt/hgfs/SrcRepos/gt6-RAMSES_8_5/gass/transfer/source:/mnt/hgfs/SrcRepos/gt6-RAMSES_8_5/gridftp/client/source:/mnt/hgfs/SrcRepos/gt6-RAMSES_8_5/gass/copy/source:/mnt/hgfs/SrcRepos/gt6-RAMSES_8_5/gass/cache/source:/mnt/hgfs/SrcRepos/gt6-RAMSES_8_5/gram/rsl/source:/mnt/hgfs/SrcRepos/gt6-RAMSES_8_5/gram/jobmanager/callout_error:/mnt/hgfs/SrcRepos/gt6-RAMSES_8_5/gridftp/server/multi/source:/mnt/hgfs/SrcRepos/gt6-RAMSES_8_5/gsi/simple_ca/source:/mnt/hgfs/SrcRepos/gt6-RAMSES_8_5/gram/jobmanager/lrms/sge/source:/mnt/hgfs/SrcRepos/gt6-RAMSES_8_5/gram/jobmanager/scripts:/mnt/hgfs/SrcRepos/gt6-RAMSES_8_5/gram/jobmanager/lrms/slurm/source:/mnt/hgfs/SrcRepos/gt6-RAMSES_8_5/gsi/gridmap_callout/error:/mnt/hgfs/SrcRepos/gt6-RAMSES_8_5/gsi/gridmap_callout/source:/mnt/hgfs/SrcRepos/gt6-RAMSES_8_5/gass/server_ez/source:/mnt/hgfs/SrcRepos/gt6-RAMSES_8_5/gridftp/gridftp_driver/source:/mnt/hgfs/SrcRepos/gt6-RAMSES_8_5/gram/jobmanager/lrms/fork/source:/mnt/hgfs/SrcRepos/gt6-RAMSES_8_5/gsi/gridmap_verify_myproxy_callout:/mnt/hgfs/SrcRepos/gt6-RAMSES_8_5/gsi/gridmap_eppn_callout:/mnt/hgfs/SrcRepos/gt6-RAMSES_8_5/gram/jobmanager/lrms/condor/source:/mnt/hgfs/SrcRepos/gt6-RAMSES_8_5/gsi/proxy/proxy_utils/source:/mnt/hgfs/SrcRepos/gt6-RAMSES_8_5/gram/client/source:/mnt/hgfs/SrcRepos/gt6-RAMSES_8_5/xio/xioperf/source:/mnt/hgfs/SrcRepos/gt6-RAMSES_8_5/gram/gatekeeper/source:/mnt/hgfs/SrcRepos/gt6-RAMSES_8_5/gass/cache_program/source:/mnt/hgfs/SrcRepos/gt6-RAMSES_8_5/gram/jobmanager/lrms/pbs/source:/mnt/hgfs/SrcRepos/gt6-RAMSES_8_5/gram/jobmanager/auditing/source:/mnt/hgfs/SrcRepos/gt6-RAMSES_8_5/myproxy/source:/mnt/hgfs/SrcRepos/gt6-RAMSES_8_5/gsi_openssh/source:/mnt/hgfs/SrcRepos/gt6-RAMSES_8_5/gram/client_tools/source:/mnt/hgfs/SrcRepos/gt6-RAMSES_8_5/gram/jobmanager/source:/mnt/hgfs/SrcRepos/gt6-RAMSES_8_5/gridftp/hdfs --no-create --no-recursion

## --------- ##
## Platform. ##
## --------- ##

hostname = vm2
uname -m = x86_64
uname -r = 2.6.32-573.el6.x86_64
uname -s = Linux
uname -v = #1 SMP Thu Jul 23 15:44:03 UTC 2015

/usr/bin/uname -p = unknown
/bin/uname -X     = unknown

/bin/arch              = x86_64
/usr/bin/arch -k       = unknown
/usr/convex/getsysinfo = unknown
/usr/bin/hostinfo      = unknown
/bin/machine           = unknown
/usr/bin/oslevel       = unknown
/bin/universe          = unknown

PATH: /home/esjung/bin
PATH: /home/esjung/gt6_inst/bin
PATH: /home/esjung/gt6_inst/sbin
PATH: /usr/lib64/qt-3.3/bin
PATH: /usr/local/bin
PATH: /usr/bin
PATH: /bin
PATH: /usr/local/sbin
PATH: /usr/sbin
PATH: /sbin


## ----------- ##
## Core tests. ##
## ----------- ##

configure:2212: checking for a BSD-compatible install
configure:2280: result: /usr/bin/install -c
configure:2291: checking whether build environment is sane
configure:2346: result: yes
configure:2497: checking for a thread-safe mkdir -p
configure:2536: result: /bin/mkdir -p
configure:2543: checking for gawk
configure:2559: found /usr/bin/gawk
configure:2570: result: gawk
configure:2581: checking whether make sets $(MAKE)
configure:2603: result: yes
configure:2632: checking whether make supports nested variables
configure:2649: result: yes
configure:2728: checking how to create a pax tar archive
configure:2739: tar --version
tar (GNU tar) 1.23
Copyright (C) 2010 Free Software Foundation, Inc.
License GPLv3+: GNU GPL version 3 or later <http://gnu.org/licenses/gpl.html>.
This is free software: you are free to change and redistribute it.
There is NO WARRANTY, to the extent permitted by law.

Written by John Gilmore and Jay Fenlason.
configure:2742: $? = 0
configure:2782: tardir=conftest.dir && eval tar --format=posix -chf - "$tardir" >conftest.tar
configure:2785: $? = 0
configure:2789: tar -xf - <conftest.tar
configure:2792: $? = 0
configure:2794: cat conftest.dir/file
GrepMe
configure:2797: $? = 0
configure:2810: result: gnutar
configure:2888: checking build system type
configure:2902: result: x86_64-unknown-linux-gnu
configure:2922: checking host system type
configure:2935: result: x86_64-unknown-linux-gnu
configure:2976: checking how to print strings
configure:3003: result: printf
configure:3036: checking for style of include used by make
configure:3064: result: GNU
configure:3135: checking for gcc
configure:3151: found /usr/bin/gcc
configure:3162: result: gcc
configure:3391: checking for C compiler version
configure:3400: gcc --version >&5
gcc (GCC) 4.4.7 20120313 (Red Hat 4.4.7-16)
Copyright (C) 2010 Free Software Foundation, Inc.
This is free software; see the source for copying conditions.  There is NO
warranty; not even for MERCHANTABILITY or FITNESS FOR A PARTICULAR PURPOSE.

configure:3411: $? = 0
configure:3400: gcc -v >&5
Using built-in specs.
Target: x86_64-redhat-linux
Configured with: ../configure --prefix=/usr --mandir=/usr/share/man --infodir=/usr/share/info --with-bugurl=http://bugzilla.redhat.com/bugzilla --enable-bootstrap --enable-shared --enable-threads=posix --enable-checking=release --with-system-zlib --enable-__cxa_atexit --disable-libunwind-exceptions --enable-gnu-unique-object --enable-languages=c,c++,objc,obj-c++,java,fortran,ada --enable-java-awt=gtk --disable-dssi --with-java-home=/usr/lib/jvm/java-1.5.0-gcj-1.5.0.0/jre --enable-libgcj-multifile --enable-java-maintainer-mode --with-ecj-jar=/usr/share/java/eclipse-ecj.jar --disable-libjava-multilib --with-ppl --with-cloog --with-tune=generic --with-arch_32=i686 --build=x86_64-redhat-linux
Thread model: posix
gcc version 4.4.7 20120313 (Red Hat 4.4.7-16) (GCC) 
configure:3411: $? = 0
configure:3400: gcc -V >&5
gcc: '-V' option must have argument
configure:3411: $? = 1
configure:3400: gcc -qversion >&5
gcc: unrecognized option '-qversion'
gcc: no input files
configure:3411: $? = 1
configure:3431: checking whether the C compiler works
configure:3453: gcc    conftest.c  >&5
configure:3457: $? = 0
configure:3505: result: yes
configure:3508: checking for C compiler default output file name
configure:3510: result: a.out
configure:3516: checking for suffix of executables
configure:3523: gcc -o conftest    conftest.c  >&5
configure:3527: $? = 0
configure:3549: result: 
configure:3571: checking whether we are cross compiling
configure:3579: gcc -o conftest    conftest.c  >&5
configure:3583: $? = 0
configure:3590: ./conftest
configure:3594: $? = 0
configure:3609: result: no
configure:3614: checking for suffix of object files
configure:3636: gcc -c   conftest.c >&5
configure:3640: $? = 0
configure:3661: result: o
configure:3665: checking whether we are using the GNU C compiler
configure:3684: gcc -c   conftest.c >&5
configure:3684: $? = 0
configure:3693: result: yes
configure:3702: checking whether gcc accepts -g
configure:3722: gcc -c -g  conftest.c >&5
configure:3722: $? = 0
configure:3763: result: yes
configure:3780: checking for gcc option to accept ISO C89
configure:3843: gcc  -c -g -O2  conftest.c >&5
configure:3843: $? = 0
configure:3856: result: none needed
configure:3881: checking whether gcc understands -c and -o together
configure:3903: gcc -c conftest.c -o conftest2.o
configure:3906: $? = 0
configure:3903: gcc -c conftest.c -o conftest2.o
configure:3906: $? = 0
configure:3918: result: yes
configure:3937: checking dependency style of gcc
configure:4048: result: gcc3
configure:4063: checking for a sed that does not truncate output
configure:4127: result: /bin/sed
configure:4145: checking for grep that handles long lines and -e
configure:4203: result: /bin/grep
configure:4208: checking for egrep
configure:4270: result: /bin/grep -E
configure:4275: checking for fgrep
configure:4337: result: /bin/grep -F
configure:4372: checking for ld used by gcc
configure:4439: result: /usr/bin/ld
configure:4446: checking if the linker (/usr/bin/ld) is GNU ld
configure:4461: result: yes
configure:4473: checking for BSD- or MS-compatible name lister (nm)
configure:4522: result: /usr/bin/nm -B
configure:4652: checking the name lister (/usr/bin/nm -B) interface
configure:4659: gcc -c -g -O2  conftest.c >&5
configure:4662: /usr/bin/nm -B "conftest.o"
configure:4665: output
0000000000000000 B some_variable
configure:4672: result: BSD nm
configure:4675: checking whether ln -s works
configure:4679: result: yes
configure:4687: checking the maximum length of command line arguments
configure:4817: result: 1966080
configure:4834: checking whether the shell understands some XSI constructs
configure:4844: result: yes
configure:4848: checking whether the shell understands "+="
configure:4854: result: yes
configure:4889: checking how to convert x86_64-unknown-linux-gnu file names to x86_64-unknown-linux-gnu format
configure:4929: result: func_convert_file_noop
configure:4936: checking how to convert x86_64-unknown-linux-gnu file names to toolchain format
configure:4956: result: func_convert_file_noop
configure:4963: checking for /usr/bin/ld option to reload object files
configure:4970: result: -r
configure:5044: checking for objdump
configure:5060: found /usr/bin/objdump
configure:5071: result: objdump
configure:5100: checking how to recognize dependent libraries
configure:5302: result: pass_all
configure:5387: checking for dlltool
configure:5417: result: no
configure:5444: checking how to associate runtime and link libraries
configure:5471: result: printf %s\n
configure:5532: checking for ar
configure:5548: found /usr/bin/ar
configure:5559: result: ar
configure:5596: checking for archiver @FILE support
configure:5613: gcc -c -g -O2  conftest.c >&5
configure:5613: $? = 0
configure:5616: ar cru libconftest.a @conftest.lst >&5
configure:5619: $? = 0
configure:5624: ar cru libconftest.a @conftest.lst >&5
ar: conftest.o: No such file or directory
configure:5627: $? = 1
configure:5639: result: @
configure:5697: checking for strip
configure:5713: found /usr/bin/strip
configure:5724: result: strip
configure:5796: checking for ranlib
configure:5812: found /usr/bin/ranlib
configure:5823: result: ranlib
configure:5925: checking command to parse /usr/bin/nm -B output from gcc object
configure:6045: gcc -c -g -O2  conftest.c >&5
configure:6048: $? = 0
configure:6052: /usr/bin/nm -B conftest.o \| sed -n -e 's/^.*[ ]\([ABCDGIRSTW][ABCDGIRSTW]*\)[ ][ ]*\([_A-Za-z][_A-Za-z0-9]*\)$/\1 \2 \2/p' | sed '/ __gnu_lto/d' \> conftest.nm
configure:6055: $? = 0
configure:6121: gcc -o conftest -g -O2   conftest.c conftstm.o >&5
configure:6124: $? = 0
configure:6162: result: ok
configure:6199: checking for sysroot
configure:6229: result: no
configure:6306: gcc -c -g -O2  conftest.c >&5
configure:6309: $? = 0
configure:6491: checking for mt
configure:6521: result: no
configure:6541: checking if : is a manifest tool
configure:6547: : '-?'
configure:6555: result: no
configure:7197: checking how to run the C preprocessor
configure:7228: gcc -E  conftest.c
configure:7228: $? = 0
configure:7242: gcc -E  conftest.c
conftest.c:11:28: error: ac_nonexistent.h: No such file or directory
configure:7242: $? = 1
configure: failed program was:
| /* confdefs.h */
| #define PACKAGE_NAME "globus_ftp_client"
| #define PACKAGE_TARNAME "globus_ftp_client"
| #define PACKAGE_VERSION "8.24"
| #define PACKAGE_STRING "globus_ftp_client 8.24"
| #define PACKAGE_BUGREPORT "https://globus.atlassian.net/"
| #define PACKAGE_URL ""
| #define PACKAGE "globus_ftp_client"
| #define VERSION "8.24"
| /* end confdefs.h.  */
| #include <ac_nonexistent.h>
configure:7267: result: gcc -E
configure:7287: gcc -E  conftest.c
configure:7287: $? = 0
configure:7301: gcc -E  conftest.c
conftest.c:11:28: error: ac_nonexistent.h: No such file or directory
configure:7301: $? = 1
configure: failed program was:
| /* confdefs.h */
| #define PACKAGE_NAME "globus_ftp_client"
| #define PACKAGE_TARNAME "globus_ftp_client"
| #define PACKAGE_VERSION "8.24"
| #define PACKAGE_STRING "globus_ftp_client 8.24"
| #define PACKAGE_BUGREPORT "https://globus.atlassian.net/"
| #define PACKAGE_URL ""
| #define PACKAGE "globus_ftp_client"
| #define VERSION "8.24"
| /* end confdefs.h.  */
| #include <ac_nonexistent.h>
configure:7330: checking for ANSI C header files
configure:7350: gcc -c -g -O2  conftest.c >&5
configure:7350: $? = 0
configure:7423: gcc -o conftest -g -O2   conftest.c  >&5
configure:7423: $? = 0
configure:7423: ./conftest
configure:7423: $? = 0
configure:7434: result: yes
configure:7447: checking for sys/types.h
configure:7447: gcc -c -g -O2  conftest.c >&5
configure:7447: $? = 0
configure:7447: result: yes
configure:7447: checking for sys/stat.h
configure:7447: gcc -c -g -O2  conftest.c >&5
configure:7447: $? = 0
configure:7447: result: yes
configure:7447: checking for stdlib.h
configure:7447: gcc -c -g -O2  conftest.c >&5
configure:7447: $? = 0
configure:7447: result: yes
configure:7447: checking for string.h
configure:7447: gcc -c -g -O2  conftest.c >&5
configure:7447: $? = 0
configure:7447: result: yes
configure:7447: checking for memory.h
configure:7447: gcc -c -g -O2  conftest.c >&5
configure:7447: $? = 0
configure:7447: result: yes
configure:7447: checking for strings.h
configure:7447: gcc -c -g -O2  conftest.c >&5
configure:7447: $? = 0
configure:7447: result: yes
configure:7447: checking for inttypes.h
configure:7447: gcc -c -g -O2  conftest.c >&5
configure:7447: $? = 0
configure:7447: result: yes
configure:7447: checking for stdint.h
configure:7447: gcc -c -g -O2  conftest.c >&5
configure:7447: $? = 0
configure:7447: result: yes
configure:7447: checking for unistd.h
configure:7447: gcc -c -g -O2  conftest.c >&5
configure:7447: $? = 0
configure:7447: result: yes
configure:7461: checking for dlfcn.h
configure:7461: gcc -c -g -O2  conftest.c >&5
configure:7461: $? = 0
configure:7461: result: yes
configure:7964: checking for objdir
configure:7979: result: .libs
configure:8250: checking if gcc supports -fno-rtti -fno-exceptions
configure:8268: gcc -c -g -O2  -fno-rtti -fno-exceptions conftest.c >&5
cc1: warning: command line option "-fno-rtti" is valid for C++/ObjC++ but not for C
configure:8272: $? = 0
configure:8285: result: no
configure:8612: checking for gcc option to produce PIC
configure:8619: result: -fPIC -DPIC
configure:8627: checking if gcc PIC flag -fPIC -DPIC works
configure:8645: gcc -c -g -O2  -fPIC -DPIC -DPIC conftest.c >&5
configure:8649: $? = 0
configure:8662: result: yes
configure:8691: checking if gcc static flag -static works
configure:8719: result: no
configure:8734: checking if gcc supports -c -o file.o
configure:8755: gcc -c -g -O2  -o out/conftest2.o conftest.c >&5
configure:8759: $? = 0
configure:8781: result: yes
configure:8789: checking if gcc supports -c -o file.o
configure:8836: result: yes
configure:8869: checking whether the gcc linker (/usr/bin/ld -m elf_x86_64) supports shared libraries
configure:10022: result: yes
configure:10059: checking whether -lc should be explicitly linked in
configure:10067: gcc -c -g -O2  conftest.c >&5
configure:10070: $? = 0
configure:10085: gcc -shared  -fPIC -DPIC conftest.o  -v -Wl,-soname -Wl,conftest -o conftest 2\>\&1 \| /bin/grep  -lc  \>/dev/null 2\>\&1
configure:10088: $? = 0
configure:10102: result: no
configure:10262: checking dynamic linker characteristics
configure:10773: gcc -o conftest -g -O2   -Wl,-rpath -Wl,/foo conftest.c  >&5
configure:10773: $? = 0
configure:10999: result: GNU/Linux ld.so
configure:11106: checking how to hardcode library paths into programs
configure:11131: result: immediate
configure:11225: checking for shl_load
configure:11225: gcc -o conftest -g -O2   conftest.c  >&5
/tmp/cca9XfJn.o: In function `main':
/mnt/hgfs/SrcRepos/gt6-RAMSES_8_5/gridftp/client/source/conftest.c:57: undefined reference to `shl_load'
collect2: ld returned 1 exit status
configure:11225: $? = 1
configure: failed program was:
| /* confdefs.h */
| #define PACKAGE_NAME "globus_ftp_client"
| #define PACKAGE_TARNAME "globus_ftp_client"
| #define PACKAGE_VERSION "8.24"
| #define PACKAGE_STRING "globus_ftp_client 8.24"
| #define PACKAGE_BUGREPORT "https://globus.atlassian.net/"
| #define PACKAGE_URL ""
| #define PACKAGE "globus_ftp_client"
| #define VERSION "8.24"
| #define STDC_HEADERS 1
| #define HAVE_SYS_TYPES_H 1
| #define HAVE_SYS_STAT_H 1
| #define HAVE_STDLIB_H 1
| #define HAVE_STRING_H 1
| #define HAVE_MEMORY_H 1
| #define HAVE_STRINGS_H 1
| #define HAVE_INTTYPES_H 1
| #define HAVE_STDINT_H 1
| #define HAVE_UNISTD_H 1
| #define HAVE_DLFCN_H 1
| #define LT_OBJDIR ".libs/"
| /* end confdefs.h.  */
| /* Define shl_load to an innocuous variant, in case <limits.h> declares shl_load.
|    For example, HP-UX 11i <limits.h> declares gettimeofday.  */
| #define shl_load innocuous_shl_load
| 
| /* System header to define __stub macros and hopefully few prototypes,
|     which can conflict with char shl_load (); below.
|     Prefer <limits.h> to <assert.h> if __STDC__ is defined, since
|     <limits.h> exists even on freestanding compilers.  */
| 
| #ifdef __STDC__
| # include <limits.h>
| #else
| # include <assert.h>
| #endif
| 
| #undef shl_load
| 
| /* Override any GCC internal prototype to avoid an error.
|    Use char because int might match the return type of a GCC
|    builtin and then its argument prototype would still apply.  */
| #ifdef __cplusplus
| extern "C"
| #endif
| char shl_load ();
| /* The GNU C library defines this for functions which it implements
|     to always fail with ENOSYS.  Some functions are actually named
|     something starting with __ and the normal name is an alias.  */
| #if defined __stub_shl_load || defined __stub___shl_load
| choke me
| #endif
| 
| int
| main ()
| {
| return shl_load ();
|   ;
|   return 0;
| }
configure:11225: result: no
configure:11229: checking for shl_load in -ldld
configure:11254: gcc -o conftest -g -O2   conftest.c -ldld   >&5
/usr/bin/ld: cannot find -ldld
collect2: ld returned 1 exit status
configure:11254: $? = 1
configure: failed program was:
| /* confdefs.h */
| #define PACKAGE_NAME "globus_ftp_client"
| #define PACKAGE_TARNAME "globus_ftp_client"
| #define PACKAGE_VERSION "8.24"
| #define PACKAGE_STRING "globus_ftp_client 8.24"
| #define PACKAGE_BUGREPORT "https://globus.atlassian.net/"
| #define PACKAGE_URL ""
| #define PACKAGE "globus_ftp_client"
| #define VERSION "8.24"
| #define STDC_HEADERS 1
| #define HAVE_SYS_TYPES_H 1
| #define HAVE_SYS_STAT_H 1
| #define HAVE_STDLIB_H 1
| #define HAVE_STRING_H 1
| #define HAVE_MEMORY_H 1
| #define HAVE_STRINGS_H 1
| #define HAVE_INTTYPES_H 1
| #define HAVE_STDINT_H 1
| #define HAVE_UNISTD_H 1
| #define HAVE_DLFCN_H 1
| #define LT_OBJDIR ".libs/"
| /* end confdefs.h.  */
| 
| /* Override any GCC internal prototype to avoid an error.
|    Use char because int might match the return type of a GCC
|    builtin and then its argument prototype would still apply.  */
| #ifdef __cplusplus
| extern "C"
| #endif
| char shl_load ();
| int
| main ()
| {
| return shl_load ();
|   ;
|   return 0;
| }
configure:11263: result: no
configure:11268: checking for dlopen
configure:11268: gcc -o conftest -g -O2   conftest.c  >&5
/tmp/cc0vkLtv.o: In function `main':
/mnt/hgfs/SrcRepos/gt6-RAMSES_8_5/gridftp/client/source/conftest.c:57: undefined reference to `dlopen'
collect2: ld returned 1 exit status
configure:11268: $? = 1
configure: failed program was:
| /* confdefs.h */
| #define PACKAGE_NAME "globus_ftp_client"
| #define PACKAGE_TARNAME "globus_ftp_client"
| #define PACKAGE_VERSION "8.24"
| #define PACKAGE_STRING "globus_ftp_client 8.24"
| #define PACKAGE_BUGREPORT "https://globus.atlassian.net/"
| #define PACKAGE_URL ""
| #define PACKAGE "globus_ftp_client"
| #define VERSION "8.24"
| #define STDC_HEADERS 1
| #define HAVE_SYS_TYPES_H 1
| #define HAVE_SYS_STAT_H 1
| #define HAVE_STDLIB_H 1
| #define HAVE_STRING_H 1
| #define HAVE_MEMORY_H 1
| #define HAVE_STRINGS_H 1
| #define HAVE_INTTYPES_H 1
| #define HAVE_STDINT_H 1
| #define HAVE_UNISTD_H 1
| #define HAVE_DLFCN_H 1
| #define LT_OBJDIR ".libs/"
| /* end confdefs.h.  */
| /* Define dlopen to an innocuous variant, in case <limits.h> declares dlopen.
|    For example, HP-UX 11i <limits.h> declares gettimeofday.  */
| #define dlopen innocuous_dlopen
| 
| /* System header to define __stub macros and hopefully few prototypes,
|     which can conflict with char dlopen (); below.
|     Prefer <limits.h> to <assert.h> if __STDC__ is defined, since
|     <limits.h> exists even on freestanding compilers.  */
| 
| #ifdef __STDC__
| # include <limits.h>
| #else
| # include <assert.h>
| #endif
| 
| #undef dlopen
| 
| /* Override any GCC internal prototype to avoid an error.
|    Use char because int might match the return type of a GCC
|    builtin and then its argument prototype would still apply.  */
| #ifdef __cplusplus
| extern "C"
| #endif
| char dlopen ();
| /* The GNU C library defines this for functions which it implements
|     to always fail with ENOSYS.  Some functions are actually named
|     something starting with __ and the normal name is an alias.  */
| #if defined __stub_dlopen || defined __stub___dlopen
| choke me
| #endif
| 
| int
| main ()
| {
| return dlopen ();
|   ;
|   return 0;
| }
configure:11268: result: no
configure:11272: checking for dlopen in -ldl
configure:11297: gcc -o conftest -g -O2   conftest.c -ldl   >&5
configure:11297: $? = 0
configure:11306: result: yes
configure:11425: checking whether a program can dlopen itself
configure:11505: gcc -o conftest -g -O2  -DHAVE_DLFCN_H  -Wl,--export-dynamic conftest.c -ldl  >&5
configure:11508: $? = 0
configure:11526: result: yes
configure:11531: checking whether a statically linked program can dlopen itself
configure:11611: gcc -o conftest -g -O2  -DHAVE_DLFCN_H  -Wl,--export-dynamic  conftest.c -ldl  >&5
configure:11614: $? = 0
configure:11632: result: yes
configure:11671: checking whether stripping libraries is possible
configure:11676: result: yes
configure:11711: checking if libtool supports shared libraries
configure:11713: result: yes
configure:11716: checking whether to build shared libraries
configure:11737: result: yes
configure:11740: checking whether to build static libraries
configure:11744: result: yes
configure:11843: checking for pkg-config
configure:11861: found /usr/bin/pkg-config
configure:11873: result: /usr/bin/pkg-config
configure:11898: checking pkg-config is at least version 0.9.0
configure:11901: result: yes
configure:11910: $PKG_CONFIG --exists --print-errors "globus-common"
configure:11913: $? = 0
configure:11923: checking Toolkit version
configure:11936: result: Globus Toolkit 6.0.1439213997
configure:12000: checking for PACKAGE_DEP
configure:12007: $PKG_CONFIG --exists --print-errors "$PACKAGE_DEPS"
configure:12010: $? = 0
configure:12024: $PKG_CONFIG --exists --print-errors "$PACKAGE_DEPS"
configure:12027: $? = 0
configure:12085: result: yes
configure:12090: $PKG_CONFIG --exists --print-errors "globus-xio-gsi-driver >= 2"
configure:12093: $? = 0
configure:12103: $PKG_CONFIG --exists --print-errors "globus-xio-pipe-driver >= 2"
configure:12106: $? = 0
configure:12123: checking for ssh
configure:12141: found /usr/bin/ssh
configure:12153: result: /usr/bin/ssh
configure:12170: checking for doxygen
configure:12203: result: no
configure:12367: checking that generated files are newer than configure
configure:12373: result: done
configure:12412: creating ./config.status

## ---------------- ##
## Cache variables. ##
## ---------------- ##

ac_cv_build=x86_64-unknown-linux-gnu
ac_cv_c_compiler_gnu=yes
ac_cv_env_CC_set=
ac_cv_env_CC_value=
ac_cv_env_CFLAGS_set=
ac_cv_env_CFLAGS_value=
ac_cv_env_CPPFLAGS_set=
ac_cv_env_CPPFLAGS_value=
ac_cv_env_CPP_set=
ac_cv_env_CPP_value=
ac_cv_env_LDFLAGS_set=
ac_cv_env_LDFLAGS_value=
ac_cv_env_LIBS_set=
ac_cv_env_LIBS_value=
ac_cv_env_PACKAGE_DEP_CFLAGS_set=
ac_cv_env_PACKAGE_DEP_CFLAGS_value=
ac_cv_env_PACKAGE_DEP_LIBS_set=
ac_cv_env_PACKAGE_DEP_LIBS_value=
ac_cv_env_PKG_CONFIG_LIBDIR_set=
ac_cv_env_PKG_CONFIG_LIBDIR_value=
ac_cv_env_PKG_CONFIG_PATH_set=set
ac_cv_env_PKG_CONFIG_PATH_value=/mnt/hgfs/SrcRepos/gt6-RAMSES_8_5/common/source:/mnt/hgfs/SrcRepos/gt6-RAMSES_8_5/xio/src:/mnt/hgfs/SrcRepos/gt6-RAMSES_8_5/gridftp/gfork/source:/mnt/hgfs/SrcRepos/gt6-RAMSES_8_5/gsi/openssl_error/source:/mnt/hgfs/SrcRepos/gt6-RAMSES_8_5/gsi/proxy/proxy_ssl/source:/mnt/hgfs/SrcRepos/gt6-RAMSES_8_5/gsi/openssl_module/source:/mnt/hgfs/SrcRepos/gt6-RAMSES_8_5/gsi/cert_utils/source:/mnt/hgfs/SrcRepos/gt6-RAMSES_8_5/gsi/sysconfig/source:/mnt/hgfs/SrcRepos/gt6-RAMSES_8_5/callout/source:/mnt/hgfs/SrcRepos/gt6-RAMSES_8_5/gsi/callback/source:/mnt/hgfs/SrcRepos/gt6-RAMSES_8_5/gsi/credential/source:/mnt/hgfs/SrcRepos/gt6-RAMSES_8_5/gsi/proxy/proxy_core/source:/mnt/hgfs/SrcRepos/gt6-RAMSES_8_5/gsi/gssapi/source:/mnt/hgfs/SrcRepos/gt6-RAMSES_8_5/gsi/gss_assist/source:/mnt/hgfs/SrcRepos/gt6-RAMSES_8_5/gsi/gssapi_error/source:/mnt/hgfs/SrcRepos/gt6-RAMSES_8_5/xio/drivers/gsi:/mnt/hgfs/SrcRepos/gt6-RAMSES_8_5/io/compat:/mnt/hgfs/SrcRepos/gt6-RAMSES_8_5/gridftp/control/source:/mnt/hgfs/SrcRepos/gt6-RAMSES_8_5/usage/c/sender/source:/mnt/hgfs/SrcRepos/gt6-RAMSES_8_5/xio/drivers/pipe/source:/mnt/hgfs/SrcRepos/gt6-RAMSES_8_5/gridftp/server-lib/src:/mnt/hgfs/SrcRepos/gt6-RAMSES_8_5/gsi/authz/error:/mnt/hgfs/SrcRepos/gt6-RAMSES_8_5/gsi/authz/source:/mnt/hgfs/SrcRepos/gt6-RAMSES_8_5/xio/drivers/rate/source:/mnt/hgfs/SrcRepos/gt6-RAMSES_8_5/xio/drivers/popen/source:/mnt/hgfs/SrcRepos/gt6-RAMSES_8_5/xio/drivers/udt/source:/mnt/hgfs/SrcRepos/gt6-RAMSES_8_5/gridftp/net_manager:/mnt/hgfs/SrcRepos/gt6-RAMSES_8_5/gridftp/server/src:/mnt/hgfs/SrcRepos/gt6-RAMSES_8_5/gram/protocol/source:/mnt/hgfs/SrcRepos/gt6-RAMSES_8_5/gram/jobmanager/scheduler_event_generator/source:/mnt/hgfs/SrcRepos/gt6-RAMSES_8_5/gram/jobmanager/lrms/lsf/source:/mnt/hgfs/SrcRepos/gt6-RAMSES_8_5/gass/transfer/source:/mnt/hgfs/SrcRepos/gt6-RAMSES_8_5/gridftp/client/source:/mnt/hgfs/SrcRepos/gt6-RAMSES_8_5/gass/copy/source:/mnt/hgfs/SrcRepos/gt6-RAMSES_8_5/gass/cache/source:/mnt/hgfs/SrcRepos/gt6-RAMSES_8_5/gram/rsl/source:/mnt/hgfs/SrcRepos/gt6-RAMSES_8_5/gram/jobmanager/callout_error:/mnt/hgfs/SrcRepos/gt6-RAMSES_8_5/gridftp/server/multi/source:/mnt/hgfs/SrcRepos/gt6-RAMSES_8_5/gsi/simple_ca/source:/mnt/hgfs/SrcRepos/gt6-RAMSES_8_5/gram/jobmanager/lrms/sge/source:/mnt/hgfs/SrcRepos/gt6-RAMSES_8_5/gram/jobmanager/scripts:/mnt/hgfs/SrcRepos/gt6-RAMSES_8_5/gram/jobmanager/lrms/slurm/source:/mnt/hgfs/SrcRepos/gt6-RAMSES_8_5/gsi/gridmap_callout/error:/mnt/hgfs/SrcRepos/gt6-RAMSES_8_5/gsi/gridmap_callout/source:/mnt/hgfs/SrcRepos/gt6-RAMSES_8_5/gass/server_ez/source:/mnt/hgfs/SrcRepos/gt6-RAMSES_8_5/gridftp/gridftp_driver/source:/mnt/hgfs/SrcRepos/gt6-RAMSES_8_5/gram/jobmanager/lrms/fork/source:/mnt/hgfs/SrcRepos/gt6-RAMSES_8_5/gsi/gridmap_verify_myproxy_callout:/mnt/hgfs/SrcRepos/gt6-RAMSES_8_5/gsi/gridmap_eppn_callout:/mnt/hgfs/SrcRepos/gt6-RAMSES_8_5/gram/jobmanager/lrms/condor/source:/mnt/hgfs/SrcRepos/gt6-RAMSES_8_5/gsi/proxy/proxy_utils/source:/mnt/hgfs/SrcRepos/gt6-RAMSES_8_5/gram/client/source:/mnt/hgfs/SrcRepos/gt6-RAMSES_8_5/xio/xioperf/source:/mnt/hgfs/SrcRepos/gt6-RAMSES_8_5/gram/gatekeeper/source:/mnt/hgfs/SrcRepos/gt6-RAMSES_8_5/gass/cache_program/source:/mnt/hgfs/SrcRepos/gt6-RAMSES_8_5/gram/jobmanager/lrms/pbs/source:/mnt/hgfs/SrcRepos/gt6-RAMSES_8_5/gram/jobmanager/auditing/source:/mnt/hgfs/SrcRepos/gt6-RAMSES_8_5/myproxy/source:/mnt/hgfs/SrcRepos/gt6-RAMSES_8_5/gsi_openssh/source:/mnt/hgfs/SrcRepos/gt6-RAMSES_8_5/gram/client_tools/source:/mnt/hgfs/SrcRepos/gt6-RAMSES_8_5/gram/jobmanager/source:/mnt/hgfs/SrcRepos/gt6-RAMSES_8_5/gridftp/hdfs
ac_cv_env_PKG_CONFIG_set=
ac_cv_env_PKG_CONFIG_value=
ac_cv_env_build_alias_set=
ac_cv_env_build_alias_value=
ac_cv_env_host_alias_set=
ac_cv_env_host_alias_value=
ac_cv_env_target_alias_set=
ac_cv_env_target_alias_value=
ac_cv_func_dlopen=no
ac_cv_func_shl_load=no
ac_cv_header_dlfcn_h=yes
ac_cv_header_inttypes_h=yes
ac_cv_header_memory_h=yes
ac_cv_header_stdc=yes
ac_cv_header_stdint_h=yes
ac_cv_header_stdlib_h=yes
ac_cv_header_string_h=yes
ac_cv_header_strings_h=yes
ac_cv_header_sys_stat_h=yes
ac_cv_header_sys_types_h=yes
ac_cv_header_unistd_h=yes
ac_cv_host=x86_64-unknown-linux-gnu
ac_cv_lib_dl_dlopen=yes
ac_cv_lib_dld_shl_load=no
ac_cv_objext=o
ac_cv_path_EGREP='/bin/grep -E'
ac_cv_path_FGREP='/bin/grep -F'
ac_cv_path_GREP=/bin/grep
ac_cv_path_SED=/bin/sed
ac_cv_path_SSH_BIN=/usr/bin/ssh
ac_cv_path_ac_pt_PKG_CONFIG=/usr/bin/pkg-config
ac_cv_path_install='/usr/bin/install -c'
ac_cv_path_mkdir=/bin/mkdir
ac_cv_prog_AWK=gawk
ac_cv_prog_CPP='gcc -E'
ac_cv_prog_ac_ct_AR=ar
ac_cv_prog_ac_ct_CC=gcc
ac_cv_prog_ac_ct_OBJDUMP=objdump
ac_cv_prog_ac_ct_RANLIB=ranlib
ac_cv_prog_ac_ct_STRIP=strip
ac_cv_prog_cc_c89=
ac_cv_prog_cc_g=yes
ac_cv_prog_make_make_set=yes
am_cv_CC_dependencies_compiler_type=gcc3
am_cv_make_support_nested_variables=yes
am_cv_prog_cc_c_o=yes
am_cv_prog_tar_pax=gnutar
lt_cv_ar_at_file=@
lt_cv_archive_cmds_need_lc=no
lt_cv_deplibs_check_method=pass_all
lt_cv_dlopen=dlopen
lt_cv_dlopen_libs=-ldl
lt_cv_dlopen_self=yes
lt_cv_dlopen_self_static=yes
lt_cv_file_magic_cmd='$MAGIC_CMD'
lt_cv_file_magic_test_file=
lt_cv_ld_reload_flag=-r
lt_cv_nm_interface='BSD nm'
lt_cv_objdir=.libs
lt_cv_path_LD=/usr/bin/ld
lt_cv_path_NM='/usr/bin/nm -B'
lt_cv_path_mainfest_tool=no
lt_cv_prog_compiler_c_o=yes
lt_cv_prog_compiler_pic='-fPIC -DPIC'
lt_cv_prog_compiler_pic_works=yes
lt_cv_prog_compiler_rtti_exceptions=no
lt_cv_prog_compiler_static_works=no
lt_cv_prog_gnu_ld=yes
lt_cv_sharedlib_from_linklib_cmd='printf %s\n'
lt_cv_shlibpath_overrides_runpath=no
lt_cv_sys_global_symbol_pipe='sed -n -e '\''s/^.*[	 ]\([ABCDGIRSTW][ABCDGIRSTW]*\)[	 ][	 ]*\([_A-Za-z][_A-Za-z0-9]*\)$/\1 \2 \2/p'\'' | sed '\''/ __gnu_lto/d'\'''
lt_cv_sys_global_symbol_to_c_name_address='sed -n -e '\''s/^: \([^ ]*\)[ ]*$/  {\"\1\", (void *) 0},/p'\'' -e '\''s/^[ABCDGIRSTW]* \([^ ]*\) \([^ ]*\)$/  {"\2", (void *) \&\2},/p'\'''
lt_cv_sys_global_symbol_to_c_name_address_lib_prefix='sed -n -e '\''s/^: \([^ ]*\)[ ]*$/  {\"\1\", (void *) 0},/p'\'' -e '\''s/^[ABCDGIRSTW]* \([^ ]*\) \(lib[^ ]*\)$/  {"\2", (void *) \&\2},/p'\'' -e '\''s/^[ABCDGIRSTW]* \([^ ]*\) \([^ ]*\)$/  {"lib\2", (void *) \&\2},/p'\'''
lt_cv_sys_global_symbol_to_cdecl='sed -n -e '\''s/^T .* \(.*\)$/extern int \1();/p'\'' -e '\''s/^[ABCDGIRSTW]* .* \(.*\)$/extern char \1;/p'\'''
lt_cv_sys_max_cmd_len=1966080
lt_cv_to_host_file_cmd=func_convert_file_noop
lt_cv_to_tool_file_cmd=func_convert_file_noop
pkg_cv_PACKAGE_DEP_CFLAGS='-g -O2 -pthread -I/mnt/hgfs/SrcRepos/gt6-RAMSES_8_5/common/source -I/mnt/hgfs/SrcRepos/gt6-RAMSES_8_5/common/source/library -I/mnt/hgfs/SrcRepos/gt6-RAMSES_8_5/xio/src -I/mnt/hgfs/SrcRepos/gt6-RAMSES_8_5/xio/src/builtins/file -I/mnt/hgfs/SrcRepos/gt6-RAMSES_8_5/xio/src/builtins/http -I/mnt/hgfs/SrcRepos/gt6-RAMSES_8_5/xio/src/builtins/mode_e -I/mnt/hgfs/SrcRepos/gt6-RAMSES_8_5/xio/src/builtins/ordering -I/mnt/hgfs/SrcRepos/gt6-RAMSES_8_5/xio/src/builtins/queue -I/mnt/hgfs/SrcRepos/gt6-RAMSES_8_5/xio/src/builtins/tcp -I/mnt/hgfs/SrcRepos/gt6-RAMSES_8_5/xio/src/builtins/telnet -I/mnt/hgfs/SrcRepos/gt6-RAMSES_8_5/xio/src/builtins/udp -I/mnt/hgfs/SrcRepos/gt6-RAMSES_8_5/gsi/openssl_error/source -I/mnt/hgfs/SrcRepos/gt6-RAMSES_8_5/gsi/openssl_error/source/library -I/mnt/hgfs/SrcRepos/gt6-RAMSES_8_5/gsi/proxy/proxy_ssl/source -I/mnt/hgfs/SrcRepos/gt6-RAMSES_8_5/gsi/proxy/proxy_ssl/source/library -I/mnt/hgfs/SrcRepos/gt6-RAMSES_8_5/gsi/openssl_module/source/library -I/mnt/hgfs/SrcRepos/gt6-RAMSES_8_5/gsi/cert_utils/source/library -I/mnt/hgfs/SrcRepos/gt6-RAMSES_8_5/gsi/sysconfig/source/library -I/mnt/hgfs/SrcRepos/gt6-RAMSES_8_5/callout/source/library -I/mnt/hgfs/SrcRepos/gt6-RAMSES_8_5/gsi/callback/source/library -I/mnt/hgfs/SrcRepos/gt6-RAMSES_8_5/gsi/credential/source/library -I/mnt/hgfs/SrcRepos/gt6-RAMSES_8_5/gsi/proxy/proxy_core/source/library -I/mnt/hgfs/SrcRepos/gt6-RAMSES_8_5/gsi/gssapi/source/library -I/mnt/hgfs/SrcRepos/gt6-RAMSES_8_5/gsi/gss_assist/source -I/mnt/hgfs/SrcRepos/gt6-RAMSES_8_5/gsi/gssapi_error/source/library -I/mnt/hgfs/SrcRepos/gt6-RAMSES_8_5/xio/drivers/gsi -I/mnt/hgfs/SrcRepos/gt6-RAMSES_8_5/io/compat -I/mnt/hgfs/SrcRepos/gt6-RAMSES_8_5/gridftp/control/source -I/mnt/hgfs/SrcRepos/gt6-RAMSES_8_5/xio/drivers/popen/source  '
pkg_cv_PACKAGE_DEP_LIBS='/mnt/hgfs/SrcRepos/gt6-RAMSES_8_5/common/source/library/libglobus_common.la /mnt/hgfs/SrcRepos/gt6-RAMSES_8_5/xio/src/libglobus_xio.la /mnt/hgfs/SrcRepos/gt6-RAMSES_8_5/gsi/sysconfig/source/library/libglobus_gsi_sysconfig.la /mnt/hgfs/SrcRepos/gt6-RAMSES_8_5/gsi/callback/source/library/libglobus_gsi_callback.la /mnt/hgfs/SrcRepos/gt6-RAMSES_8_5/gsi/credential/source/library/libglobus_gsi_credential.la /mnt/hgfs/SrcRepos/gt6-RAMSES_8_5/gsi/gssapi/source/library/libglobus_gssapi_gsi.la /mnt/hgfs/SrcRepos/gt6-RAMSES_8_5/gridftp/control/source/libglobus_ftp_control.la -lssl -lcrypto  '

## ----------------- ##
## Output variables. ##
## ----------------- ##

ACLOCAL='${SHELL} /mnt/hgfs/SrcRepos/gt6-RAMSES_8_5/gridftp/client/source/build-aux/missing aclocal-1.14'
AGE_VERSION='6'
AMDEPBACKSLASH='\'
AMDEP_FALSE='#'
AMDEP_TRUE=''
AMTAR='$${TAR-tar}'
AM_BACKSLASH='\'
AM_DEFAULT_V='$(AM_DEFAULT_VERBOSITY)'
AM_DEFAULT_VERBOSITY='1'
AM_V='$(V)'
AR='ar'
AS='as'
AUTOCONF='${SHELL} /mnt/hgfs/SrcRepos/gt6-RAMSES_8_5/gridftp/client/source/build-aux/missing autoconf'
AUTOHEADER='${SHELL} /mnt/hgfs/SrcRepos/gt6-RAMSES_8_5/gridftp/client/source/build-aux/missing autoheader'
AUTOMAKE='${SHELL} /mnt/hgfs/SrcRepos/gt6-RAMSES_8_5/gridftp/client/source/build-aux/missing automake-1.14'
AWK='gawk'
CC='gcc'
CCDEPMODE='depmode=gcc3'
CFLAGS='-g -O2'
CPP='gcc -E'
CPPFLAGS=''
CYGPATH_W='echo'
CYGPATH_W_DEFINED_FALSE=''
CYGPATH_W_DEFINED_TRUE='#'
DEFS='-DPACKAGE_NAME=\"globus_ftp_client\" -DPACKAGE_TARNAME=\"globus_ftp_client\" -DPACKAGE_VERSION=\"8.24\" -DPACKAGE_STRING=\"globus_ftp_client\ 8.24\" -DPACKAGE_BUGREPORT=\"https://globus.atlassian.net/\" -DPACKAGE_URL=\"\" -DPACKAGE=\"globus_ftp_client\" -DVERSION=\"8.24\" -DSTDC_HEADERS=1 -DHAVE_SYS_TYPES_H=1 -DHAVE_SYS_STAT_H=1 -DHAVE_STDLIB_H=1 -DHAVE_STRING_H=1 -DHAVE_MEMORY_H=1 -DHAVE_STRINGS_H=1 -DHAVE_INTTYPES_H=1 -DHAVE_STDINT_H=1 -DHAVE_UNISTD_H=1 -DHAVE_DLFCN_H=1 -DLT_OBJDIR=\".libs/\"'
DEPDIR='.deps'
DIRT_BRANCH_ID='85'
DIRT_TIMESTAMP='1439213997'
DLLTOOL='false'
DLPREOPEN_FORCE=''
DOXYGEN=''
DSYMUTIL=''
DUMPBIN=''
ECHO_C=''
ECHO_N='-n'
ECHO_T=''
EGREP='/bin/grep -E'
ENABLE_DOXYGEN_FALSE=''
ENABLE_DOXYGEN_TRUE='#'
EXEEXT=''
FGREP='/bin/grep -F'
GLOBUS_COMMON_PATH='/mnt/hgfs/SrcRepos/gt6-RAMSES_8_5/common/source/scripts:/mnt/hgfs/SrcRepos/gt6-RAMSES_8_5/common/source/programs'
GLOBUS_TOOLKIT_ID='Globus Toolkit 6.0.1439213997'
GREP='/bin/grep'
GRIDFTP_SERVER_PATH='/mnt/hgfs/SrcRepos/gt6-RAMSES_8_5/gridftp/server/src'
GSI_DRIVER_CFLAGS='-g -O2 -pthread -I/mnt/hgfs/SrcRepos/gt6-RAMSES_8_5/common/source -I/mnt/hgfs/SrcRepos/gt6-RAMSES_8_5/common/source/library -I/mnt/hgfs/SrcRepos/gt6-RAMSES_8_5/xio/src -I/mnt/hgfs/SrcRepos/gt6-RAMSES_8_5/xio/src/builtins/file -I/mnt/hgfs/SrcRepos/gt6-RAMSES_8_5/xio/src/builtins/http -I/mnt/hgfs/SrcRepos/gt6-RAMSES_8_5/xio/src/builtins/mode_e -I/mnt/hgfs/SrcRepos/gt6-RAMSES_8_5/xio/src/builtins/ordering -I/mnt/hgfs/SrcRepos/gt6-RAMSES_8_5/xio/src/builtins/queue -I/mnt/hgfs/SrcRepos/gt6-RAMSES_8_5/xio/src/builtins/tcp -I/mnt/hgfs/SrcRepos/gt6-RAMSES_8_5/xio/src/builtins/telnet -I/mnt/hgfs/SrcRepos/gt6-RAMSES_8_5/xio/src/builtins/udp -I/mnt/hgfs/SrcRepos/gt6-RAMSES_8_5/gsi/openssl_error/source -I/mnt/hgfs/SrcRepos/gt6-RAMSES_8_5/gsi/openssl_error/source/library -I/mnt/hgfs/SrcRepos/gt6-RAMSES_8_5/gsi/proxy/proxy_ssl/source -I/mnt/hgfs/SrcRepos/gt6-RAMSES_8_5/gsi/proxy/proxy_ssl/source/library -I/mnt/hgfs/SrcRepos/gt6-RAMSES_8_5/gsi/openssl_module/source/library -I/mnt/hgfs/SrcRepos/gt6-RAMSES_8_5/gsi/cert_utils/source/library -I/mnt/hgfs/SrcRepos/gt6-RAMSES_8_5/gsi/sysconfig/source/library -I/mnt/hgfs/SrcRepos/gt6-RAMSES_8_5/callout/source/library -I/mnt/hgfs/SrcRepos/gt6-RAMSES_8_5/gsi/callback/source/library -I/mnt/hgfs/SrcRepos/gt6-RAMSES_8_5/gsi/credential/source/library -I/mnt/hgfs/SrcRepos/gt6-RAMSES_8_5/gsi/proxy/proxy_core/source/library -I/mnt/hgfs/SrcRepos/gt6-RAMSES_8_5/gsi/gssapi/source/library -I/mnt/hgfs/SrcRepos/gt6-RAMSES_8_5/gsi/gss_assist/source -I/mnt/hgfs/SrcRepos/gt6-RAMSES_8_5/gsi/gssapi_error/source/library -I/mnt/hgfs/SrcRepos/gt6-RAMSES_8_5/xio/drivers/gsi  '
GSI_DRIVER_LIBS='-dlopen /mnt/hgfs/SrcRepos/gt6-RAMSES_8_5/xio/drivers/gsi/libglobus_xio_gsi_driver.la'
INSTALL_DATA='${INSTALL} -m 644'
INSTALL_PROGRAM='${INSTALL}'
INSTALL_SCRIPT='${INSTALL}'
INSTALL_STRIP_PROGRAM='$(install_sh) -c -s'
LD='/usr/bin/ld -m elf_x86_64'
LDFLAGS=''
LIBOBJS=''
LIBS=''
LIBTOOL='$(SHELL) $(top_builddir)/libtool'
LIPO=''
LN_S='ln -s'
LTLIBOBJS=''
MAJOR_VERSION='8'
MAKEINFO='${SHELL} /mnt/hgfs/SrcRepos/gt6-RAMSES_8_5/gridftp/client/source/build-aux/missing makeinfo'
MANIFEST_TOOL=':'
MINOR_VERSION='24'
MKDIR_P='/bin/mkdir -p'
NM='/usr/bin/nm -B'
NMEDIT=''
OBJDUMP='objdump'
OBJEXT='o'
OTOOL64=''
OTOOL=''
PACKAGE='globus_ftp_client'
PACKAGE_BUGREPORT='https://globus.atlassian.net/'
PACKAGE_DEPS='globus-common >= 15, globus-ftp-control >= 4, globus-gsi-callback >= 4, globus-gsi-credential >= 5, globus-gsi-sysconfig >= 5, globus-gssapi-gsi >= 10, globus-xio >= 3, globus-xio-popen-driver >= 2, openssl >= 0.9.8'
PACKAGE_DEP_CFLAGS='-g -O2 -pthread -I/mnt/hgfs/SrcRepos/gt6-RAMSES_8_5/common/source -I/mnt/hgfs/SrcRepos/gt6-RAMSES_8_5/common/source/library -I/mnt/hgfs/SrcRepos/gt6-RAMSES_8_5/xio/src -I/mnt/hgfs/SrcRepos/gt6-RAMSES_8_5/xio/src/builtins/file -I/mnt/hgfs/SrcRepos/gt6-RAMSES_8_5/xio/src/builtins/http -I/mnt/hgfs/SrcRepos/gt6-RAMSES_8_5/xio/src/builtins/mode_e -I/mnt/hgfs/SrcRepos/gt6-RAMSES_8_5/xio/src/builtins/ordering -I/mnt/hgfs/SrcRepos/gt6-RAMSES_8_5/xio/src/builtins/queue -I/mnt/hgfs/SrcRepos/gt6-RAMSES_8_5/xio/src/builtins/tcp -I/mnt/hgfs/SrcRepos/gt6-RAMSES_8_5/xio/src/builtins/telnet -I/mnt/hgfs/SrcRepos/gt6-RAMSES_8_5/xio/src/builtins/udp -I/mnt/hgfs/SrcRepos/gt6-RAMSES_8_5/gsi/openssl_error/source -I/mnt/hgfs/SrcRepos/gt6-RAMSES_8_5/gsi/openssl_error/source/library -I/mnt/hgfs/SrcRepos/gt6-RAMSES_8_5/gsi/proxy/proxy_ssl/source -I/mnt/hgfs/SrcRepos/gt6-RAMSES_8_5/gsi/proxy/proxy_ssl/source/library -I/mnt/hgfs/SrcRepos/gt6-RAMSES_8_5/gsi/openssl_module/source/library -I/mnt/hgfs/SrcRepos/gt6-RAMSES_8_5/gsi/cert_utils/source/library -I/mnt/hgfs/SrcRepos/gt6-RAMSES_8_5/gsi/sysconfig/source/library -I/mnt/hgfs/SrcRepos/gt6-RAMSES_8_5/callout/source/library -I/mnt/hgfs/SrcRepos/gt6-RAMSES_8_5/gsi/callback/source/library -I/mnt/hgfs/SrcRepos/gt6-RAMSES_8_5/gsi/credential/source/library -I/mnt/hgfs/SrcRepos/gt6-RAMSES_8_5/gsi/proxy/proxy_core/source/library -I/mnt/hgfs/SrcRepos/gt6-RAMSES_8_5/gsi/gssapi/source/library -I/mnt/hgfs/SrcRepos/gt6-RAMSES_8_5/gsi/gss_assist/source -I/mnt/hgfs/SrcRepos/gt6-RAMSES_8_5/gsi/gssapi_error/source/library -I/mnt/hgfs/SrcRepos/gt6-RAMSES_8_5/xio/drivers/gsi -I/mnt/hgfs/SrcRepos/gt6-RAMSES_8_5/io/compat -I/mnt/hgfs/SrcRepos/gt6-RAMSES_8_5/gridftp/control/source -I/mnt/hgfs/SrcRepos/gt6-RAMSES_8_5/xio/drivers/popen/source  '
PACKAGE_DEP_LIBS='/mnt/hgfs/SrcRepos/gt6-RAMSES_8_5/common/source/library/libglobus_common.la /mnt/hgfs/SrcRepos/gt6-RAMSES_8_5/xio/src/libglobus_xio.la /mnt/hgfs/SrcRepos/gt6-RAMSES_8_5/gsi/sysconfig/source/library/libglobus_gsi_sysconfig.la /mnt/hgfs/SrcRepos/gt6-RAMSES_8_5/gsi/callback/source/library/libglobus_gsi_callback.la /mnt/hgfs/SrcRepos/gt6-RAMSES_8_5/gsi/credential/source/library/libglobus_gsi_credential.la /mnt/hgfs/SrcRepos/gt6-RAMSES_8_5/gsi/gssapi/source/library/libglobus_gssapi_gsi.la /mnt/hgfs/SrcRepos/gt6-RAMSES_8_5/gridftp/control/source/libglobus_ftp_control.la -lssl -lcrypto  '
PACKAGE_NAME='globus_ftp_client'
PACKAGE_STRING='globus_ftp_client 8.24'
PACKAGE_TARNAME='globus_ftp_client'
PACKAGE_URL=''
PACKAGE_VERSION='8.24'
PATH_SEPARATOR=':'
PIPE_DRIVER_LIBS='-dlopen /mnt/hgfs/SrcRepos/gt6-RAMSES_8_5/xio/drivers/pipe/source/libglobus_xio_pipe_driver.la'
PKG_CONFIG='/usr/bin/pkg-config'
PKG_CONFIG_LIBDIR=''
PKG_CONFIG_PATH='/mnt/hgfs/SrcRepos/gt6-RAMSES_8_5/common/source:/mnt/hgfs/SrcRepos/gt6-RAMSES_8_5/xio/src:/mnt/hgfs/SrcRepos/gt6-RAMSES_8_5/gridftp/gfork/source:/mnt/hgfs/SrcRepos/gt6-RAMSES_8_5/gsi/openssl_error/source:/mnt/hgfs/SrcRepos/gt6-RAMSES_8_5/gsi/proxy/proxy_ssl/source:/mnt/hgfs/SrcRepos/gt6-RAMSES_8_5/gsi/openssl_module/source:/mnt/hgfs/SrcRepos/gt6-RAMSES_8_5/gsi/cert_utils/source:/mnt/hgfs/SrcRepos/gt6-RAMSES_8_5/gsi/sysconfig/source:/mnt/hgfs/SrcRepos/gt6-RAMSES_8_5/callout/source:/mnt/hgfs/SrcRepos/gt6-RAMSES_8_5/gsi/callback/source:/mnt/hgfs/SrcRepos/gt6-RAMSES_8_5/gsi/credential/source:/mnt/hgfs/SrcRepos/gt6-RAMSES_8_5/gsi/proxy/proxy_core/source:/mnt/hgfs/SrcRepos/gt6-RAMSES_8_5/gsi/gssapi/source:/mnt/hgfs/SrcRepos/gt6-RAMSES_8_5/gsi/gss_assist/source:/mnt/hgfs/SrcRepos/gt6-RAMSES_8_5/gsi/gssapi_error/source:/mnt/hgfs/SrcRepos/gt6-RAMSES_8_5/xio/drivers/gsi:/mnt/hgfs/SrcRepos/gt6-RAMSES_8_5/io/compat:/mnt/hgfs/SrcRepos/gt6-RAMSES_8_5/gridftp/control/source:/mnt/hgfs/SrcRepos/gt6-RAMSES_8_5/usage/c/sender/source:/mnt/hgfs/SrcRepos/gt6-RAMSES_8_5/xio/drivers/pipe/source:/mnt/hgfs/SrcRepos/gt6-RAMSES_8_5/gridftp/server-lib/src:/mnt/hgfs/SrcRepos/gt6-RAMSES_8_5/gsi/authz/error:/mnt/hgfs/SrcRepos/gt6-RAMSES_8_5/gsi/authz/source:/mnt/hgfs/SrcRepos/gt6-RAMSES_8_5/xio/drivers/rate/source:/mnt/hgfs/SrcRepos/gt6-RAMSES_8_5/xio/drivers/popen/source:/mnt/hgfs/SrcRepos/gt6-RAMSES_8_5/xio/drivers/udt/source:/mnt/hgfs/SrcRepos/gt6-RAMSES_8_5/gridftp/net_manager:/mnt/hgfs/SrcRepos/gt6-RAMSES_8_5/gridftp/server/src:/mnt/hgfs/SrcRepos/gt6-RAMSES_8_5/gram/protocol/source:/mnt/hgfs/SrcRepos/gt6-RAMSES_8_5/gram/jobmanager/scheduler_event_generator/source:/mnt/hgfs/SrcRepos/gt6-RAMSES_8_5/gram/jobmanager/lrms/lsf/source:/mnt/hgfs/SrcRepos/gt6-RAMSES_8_5/gass/transfer/source:/mnt/hgfs/SrcRepos/gt6-RAMSES_8_5/gridftp/client/source:/mnt/hgfs/SrcRepos/gt6-RAMSES_8_5/gass/copy/source:/mnt/hgfs/SrcRepos/gt6-RAMSES_8_5/gass/cache/source:/mnt/hgfs/SrcRepos/gt6-RAMSES_8_5/gram/rsl/source:/mnt/hgfs/SrcRepos/gt6-RAMSES_8_5/gram/jobmanager/callout_error:/mnt/hgfs/SrcRepos/gt6-RAMSES_8_5/gridftp/server/multi/source:/mnt/hgfs/SrcRepos/gt6-RAMSES_8_5/gsi/simple_ca/source:/mnt/hgfs/SrcRepos/gt6-RAMSES_8_5/gram/jobmanager/lrms/sge/source:/mnt/hgfs/SrcRepos/gt6-RAMSES_8_5/gram/jobmanager/scripts:/mnt/hgfs/SrcRepos/gt6-RAMSES_8_5/gram/jobmanager/lrms/slurm/source:/mnt/hgfs/SrcRepos/gt6-RAMSES_8_5/gsi/gridmap_callout/error:/mnt/hgfs/SrcRepos/gt6-RAMSES_8_5/gsi/gridmap_callout/source:/mnt/hgfs/SrcRepos/gt6-RAMSES_8_5/gass/server_ez/source:/mnt/hgfs/SrcRepos/gt6-RAMSES_8_5/gridftp/gridftp_driver/source:/mnt/hgfs/SrcRepos/gt6-RAMSES_8_5/gram/jobmanager/lrms/fork/source:/mnt/hgfs/SrcRepos/gt6-RAMSES_8_5/gsi/gridmap_verify_myproxy_callout:/mnt/hgfs/SrcRepos/gt6-RAMSES_8_5/gsi/gridmap_eppn_callout:/mnt/hgfs/SrcRepos/gt6-RAMSES_8_5/gram/jobmanager/lrms/condor/source:/mnt/hgfs/SrcRepos/gt6-RAMSES_8_5/gsi/proxy/proxy_utils/source:/mnt/hgfs/SrcRepos/gt6-RAMSES_8_5/gram/client/source:/mnt/hgfs/SrcRepos/gt6-RAMSES_8_5/xio/xioperf/source:/mnt/hgfs/SrcRepos/gt6-RAMSES_8_5/gram/gatekeeper/source:/mnt/hgfs/SrcRepos/gt6-RAMSES_8_5/gass/cache_program/source:/mnt/hgfs/SrcRepos/gt6-RAMSES_8_5/gram/jobmanager/lrms/pbs/source:/mnt/hgfs/SrcRepos/gt6-RAMSES_8_5/gram/jobmanager/auditing/source:/mnt/hgfs/SrcRepos/gt6-RAMSES_8_5/myproxy/source:/mnt/hgfs/SrcRepos/gt6-RAMSES_8_5/gsi_openssh/source:/mnt/hgfs/SrcRepos/gt6-RAMSES_8_5/gram/client_tools/source:/mnt/hgfs/SrcRepos/gt6-RAMSES_8_5/gram/jobmanager/source:/mnt/hgfs/SrcRepos/gt6-RAMSES_8_5/gridftp/hdfs'
RANLIB='ranlib'
SED='/bin/sed'
SET_MAKE=''
SHELL='/bin/sh'
SSH_BIN='/usr/bin/ssh'
STRIP='strip'
TARGET_HURD_FALSE=''
TARGET_HURD_TRUE='#'
TARGET_MINGW_FALSE=''
TARGET_MINGW_TRUE='#'
VERSION='8.24'
ac_ct_AR='ar'
ac_ct_CC='gcc'
ac_ct_DUMPBIN=''
am__EXEEXT_FALSE=''
am__EXEEXT_TRUE='#'
am__fastdepCC_FALSE='#'
am__fastdepCC_TRUE=''
am__include='include'
am__isrc=''
am__leading_dot='.'
am__nodep='_no'
am__quote=''
am__tar='tar --format=posix -chf - "$$tardir"'
am__untar='tar -xf -'
bindir='${exec_prefix}/bin'
build='x86_64-unknown-linux-gnu'
build_alias=''
build_cpu='x86_64'
build_os='linux-gnu'
build_vendor='unknown'
datadir='${datarootdir}'
datarootdir='${prefix}/share'
docdir='${datarootdir}/doc/${PACKAGE_TARNAME}'
dvidir='${docdir}'
exec_prefix='${prefix}'
host='x86_64-unknown-linux-gnu'
host_alias=''
host_cpu='x86_64'
host_os='linux-gnu'
host_vendor='unknown'
htmldir='${docdir}'
includedir='${prefix}/include'
infodir='${datarootdir}/info'
install_sh='${SHELL} /mnt/hgfs/SrcRepos/gt6-RAMSES_8_5/gridftp/client/source/build-aux/install-sh'
libdir='${exec_prefix}/lib'
libexecdir='${exec_prefix}/libexec'
localedir='${datarootdir}/locale'
localstatedir='${prefix}/var'
mandir='${datarootdir}/man'
mkdir_p='$(MKDIR_P)'
oldincludedir='/usr/include'
pdfdir='${docdir}'
prefix='/home/esjung/gt6_inst'
program_transform_name='s,x,x,'
psdir='${docdir}'
sbindir='${exec_prefix}/sbin'
sharedstatedir='${prefix}/com'
sysconfdir='${prefix}/etc'
target_alias=''

## ----------- ##
## confdefs.h. ##
## ----------- ##

/* confdefs.h */
#define PACKAGE_NAME "globus_ftp_client"
#define PACKAGE_TARNAME "globus_ftp_client"
#define PACKAGE_VERSION "8.24"
#define PACKAGE_STRING "globus_ftp_client 8.24"
#define PACKAGE_BUGREPORT "https://globus.atlassian.net/"
#define PACKAGE_URL ""
#define PACKAGE "globus_ftp_client"
#define VERSION "8.24"
#define STDC_HEADERS 1
#define HAVE_SYS_TYPES_H 1
#define HAVE_SYS_STAT_H 1
#define HAVE_STDLIB_H 1
#define HAVE_STRING_H 1
#define HAVE_MEMORY_H 1
#define HAVE_STRINGS_H 1
#define HAVE_INTTYPES_H 1
#define HAVE_STDINT_H 1
#define HAVE_UNISTD_H 1
#define HAVE_DLFCN_H 1
#define LT_OBJDIR ".libs/"

configure: exit 0

## ---------------------- ##
## Running config.status. ##
## ---------------------- ##

This file was extended by globus_ftp_client config.status 8.24, which was
generated by GNU Autoconf 2.69.  Invocation command line was

  CONFIG_FILES    = 
  CONFIG_HEADERS  = 
  CONFIG_LINKS    = 
  CONFIG_COMMANDS = 
  $ ./config.status 

on vm2

config.status:1089: creating globus-ftp-client-uninstalled.pc
config.status:1089: creating globus-ftp-client.pc
config.status:1089: creating gridftp-ssh
config.status:1089: creating Makefile
config.status:1089: creating Doxyfile
config.status:1089: creating test/Makefile
config.status:1089: creating version.h
config.status:1089: creating test/openssl.cnf
config.status:1261: executing depfiles commands
config.status:1261: executing libtool commands
