This file contains any messages produced by compilers while
running configure, to aid debugging if configure makes a mistake.

It was created by globus_gram_job_manager configure 14.27, which was
generated by GNU Autoconf 2.69.  Invocation command line was

  $ ./configure --disable-option-checking --prefix=/home/esjung/gt6_inst --with-udt --enable-udt --cache-file=/dev/null --srcdir=.

## --------- ##
## Platform. ##
## --------- ##

hostname = vm2
uname -m = x86_64
uname -r = 2.6.32-573.el6.x86_64
uname -s = Linux
uname -v = #1 SMP Thu Jul 23 15:44:03 UTC 2015

/usr/bin/uname -p = unknown
/bin/uname -X     = unknown

/bin/arch              = x86_64
/usr/bin/arch -k       = unknown
/usr/convex/getsysinfo = unknown
/usr/bin/hostinfo      = unknown
/bin/machine           = unknown
/usr/bin/oslevel       = unknown
/bin/universe          = unknown

PATH: /home/esjung/bin
PATH: /home/esjung/gt6_inst/bin
PATH: /home/esjung/gt6_inst/sbin
PATH: /usr/lib64/qt-3.3/bin
PATH: /usr/local/bin
PATH: /usr/bin
PATH: /bin
PATH: /usr/local/sbin
PATH: /usr/sbin
PATH: /sbin


## ----------- ##
## Core tests. ##
## ----------- ##

configure:2258: checking for a BSD-compatible install
configure:2326: result: /usr/bin/install -c
configure:2337: checking whether build environment is sane
configure:2392: result: yes
configure:2543: checking for a thread-safe mkdir -p
configure:2582: result: /bin/mkdir -p
configure:2589: checking for gawk
configure:2605: found /usr/bin/gawk
configure:2616: result: gawk
configure:2627: checking whether make sets $(MAKE)
configure:2649: result: yes
configure:2678: checking whether make supports nested variables
configure:2695: result: yes
configure:2774: checking how to create a pax tar archive
configure:2785: tar --version
tar (GNU tar) 1.23
Copyright (C) 2010 Free Software Foundation, Inc.
License GPLv3+: GNU GPL version 3 or later <http://gnu.org/licenses/gpl.html>.
This is free software: you are free to change and redistribute it.
There is NO WARRANTY, to the extent permitted by law.

Written by John Gilmore and Jay Fenlason.
configure:2788: $? = 0
configure:2828: tardir=conftest.dir && eval tar --format=posix -chf - "$tardir" >conftest.tar
configure:2831: $? = 0
configure:2835: tar -xf - <conftest.tar
configure:2838: $? = 0
configure:2840: cat conftest.dir/file
GrepMe
configure:2843: $? = 0
configure:2856: result: gnutar
configure:2934: checking build system type
configure:2948: result: x86_64-unknown-linux-gnu
configure:2968: checking host system type
configure:2981: result: x86_64-unknown-linux-gnu
configure:3022: checking how to print strings
configure:3049: result: printf
configure:3082: checking for style of include used by make
configure:3110: result: GNU
configure:3181: checking for gcc
configure:3197: found /usr/bin/gcc
configure:3208: result: gcc
configure:3437: checking for C compiler version
configure:3446: gcc --version >&5
gcc (GCC) 4.4.7 20120313 (Red Hat 4.4.7-16)
Copyright (C) 2010 Free Software Foundation, Inc.
This is free software; see the source for copying conditions.  There is NO
warranty; not even for MERCHANTABILITY or FITNESS FOR A PARTICULAR PURPOSE.

configure:3457: $? = 0
configure:3446: gcc -v >&5
Using built-in specs.
Target: x86_64-redhat-linux
Configured with: ../configure --prefix=/usr --mandir=/usr/share/man --infodir=/usr/share/info --with-bugurl=http://bugzilla.redhat.com/bugzilla --enable-bootstrap --enable-shared --enable-threads=posix --enable-checking=release --with-system-zlib --enable-__cxa_atexit --disable-libunwind-exceptions --enable-gnu-unique-object --enable-languages=c,c++,objc,obj-c++,java,fortran,ada --enable-java-awt=gtk --disable-dssi --with-java-home=/usr/lib/jvm/java-1.5.0-gcj-1.5.0.0/jre --enable-libgcj-multifile --enable-java-maintainer-mode --with-ecj-jar=/usr/share/java/eclipse-ecj.jar --disable-libjava-multilib --with-ppl --with-cloog --with-tune=generic --with-arch_32=i686 --build=x86_64-redhat-linux
Thread model: posix
gcc version 4.4.7 20120313 (Red Hat 4.4.7-16) (GCC) 
configure:3457: $? = 0
configure:3446: gcc -V >&5
gcc: '-V' option must have argument
configure:3457: $? = 1
configure:3446: gcc -qversion >&5
gcc: unrecognized option '-qversion'
gcc: no input files
configure:3457: $? = 1
configure:3477: checking whether the C compiler works
configure:3499: gcc    conftest.c  >&5
configure:3503: $? = 0
configure:3551: result: yes
configure:3554: checking for C compiler default output file name
configure:3556: result: a.out
configure:3562: checking for suffix of executables
configure:3569: gcc -o conftest    conftest.c  >&5
configure:3573: $? = 0
configure:3595: result: 
configure:3617: checking whether we are cross compiling
configure:3625: gcc -o conftest    conftest.c  >&5
configure:3629: $? = 0
configure:3636: ./conftest
configure:3640: $? = 0
configure:3655: result: no
configure:3660: checking for suffix of object files
configure:3682: gcc -c   conftest.c >&5
configure:3686: $? = 0
configure:3707: result: o
configure:3711: checking whether we are using the GNU C compiler
configure:3730: gcc -c   conftest.c >&5
configure:3730: $? = 0
configure:3739: result: yes
configure:3748: checking whether gcc accepts -g
configure:3768: gcc -c -g  conftest.c >&5
configure:3768: $? = 0
configure:3809: result: yes
configure:3826: checking for gcc option to accept ISO C89
configure:3889: gcc  -c -g -O2  conftest.c >&5
configure:3889: $? = 0
configure:3902: result: none needed
configure:3927: checking whether gcc understands -c and -o together
configure:3949: gcc -c conftest.c -o conftest2.o
configure:3952: $? = 0
configure:3949: gcc -c conftest.c -o conftest2.o
configure:3952: $? = 0
configure:3964: result: yes
configure:3983: checking dependency style of gcc
configure:4094: result: gcc3
configure:4109: checking for a sed that does not truncate output
configure:4173: result: /bin/sed
configure:4191: checking for grep that handles long lines and -e
configure:4249: result: /bin/grep
configure:4254: checking for egrep
configure:4316: result: /bin/grep -E
configure:4321: checking for fgrep
configure:4383: result: /bin/grep -F
configure:4418: checking for ld used by gcc
configure:4485: result: /usr/bin/ld
configure:4492: checking if the linker (/usr/bin/ld) is GNU ld
configure:4507: result: yes
configure:4519: checking for BSD- or MS-compatible name lister (nm)
configure:4568: result: /usr/bin/nm -B
configure:4698: checking the name lister (/usr/bin/nm -B) interface
configure:4705: gcc -c -g -O2  conftest.c >&5
configure:4708: /usr/bin/nm -B "conftest.o"
configure:4711: output
0000000000000000 B some_variable
configure:4718: result: BSD nm
configure:4721: checking whether ln -s works
configure:4725: result: yes
configure:4733: checking the maximum length of command line arguments
configure:4863: result: 1966080
configure:4880: checking whether the shell understands some XSI constructs
configure:4890: result: yes
configure:4894: checking whether the shell understands "+="
configure:4900: result: yes
configure:4935: checking how to convert x86_64-unknown-linux-gnu file names to x86_64-unknown-linux-gnu format
configure:4975: result: func_convert_file_noop
configure:4982: checking how to convert x86_64-unknown-linux-gnu file names to toolchain format
configure:5002: result: func_convert_file_noop
configure:5009: checking for /usr/bin/ld option to reload object files
configure:5016: result: -r
configure:5090: checking for objdump
configure:5106: found /usr/bin/objdump
configure:5117: result: objdump
configure:5146: checking how to recognize dependent libraries
configure:5348: result: pass_all
configure:5433: checking for dlltool
configure:5463: result: no
configure:5490: checking how to associate runtime and link libraries
configure:5517: result: printf %s\n
configure:5578: checking for ar
configure:5594: found /usr/bin/ar
configure:5605: result: ar
configure:5642: checking for archiver @FILE support
configure:5659: gcc -c -g -O2  conftest.c >&5
configure:5659: $? = 0
configure:5662: ar cru libconftest.a @conftest.lst >&5
configure:5665: $? = 0
configure:5670: ar cru libconftest.a @conftest.lst >&5
ar: conftest.o: No such file or directory
configure:5673: $? = 1
configure:5685: result: @
configure:5743: checking for strip
configure:5759: found /usr/bin/strip
configure:5770: result: strip
configure:5842: checking for ranlib
configure:5858: found /usr/bin/ranlib
configure:5869: result: ranlib
configure:5971: checking command to parse /usr/bin/nm -B output from gcc object
configure:6091: gcc -c -g -O2  conftest.c >&5
configure:6094: $? = 0
configure:6098: /usr/bin/nm -B conftest.o \| sed -n -e 's/^.*[ ]\([ABCDGIRSTW][ABCDGIRSTW]*\)[ ][ ]*\([_A-Za-z][_A-Za-z0-9]*\)$/\1 \2 \2/p' | sed '/ __gnu_lto/d' \> conftest.nm
configure:6101: $? = 0
configure:6167: gcc -o conftest -g -O2   conftest.c conftstm.o >&5
configure:6170: $? = 0
configure:6208: result: ok
configure:6245: checking for sysroot
configure:6275: result: no
configure:6352: gcc -c -g -O2  conftest.c >&5
configure:6355: $? = 0
configure:6537: checking for mt
configure:6567: result: no
configure:6587: checking if : is a manifest tool
configure:6593: : '-?'
configure:6601: result: no
configure:7243: checking how to run the C preprocessor
configure:7274: gcc -E  conftest.c
configure:7274: $? = 0
configure:7288: gcc -E  conftest.c
conftest.c:11:28: error: ac_nonexistent.h: No such file or directory
configure:7288: $? = 1
configure: failed program was:
| /* confdefs.h */
| #define PACKAGE_NAME "globus_gram_job_manager"
| #define PACKAGE_TARNAME "globus_gram_job_manager"
| #define PACKAGE_VERSION "14.27"
| #define PACKAGE_STRING "globus_gram_job_manager 14.27"
| #define PACKAGE_BUGREPORT "https://globus.atlassian.net/"
| #define PACKAGE_URL ""
| #define PACKAGE "globus_gram_job_manager"
| #define VERSION "14.27"
| /* end confdefs.h.  */
| #include <ac_nonexistent.h>
configure:7313: result: gcc -E
configure:7333: gcc -E  conftest.c
configure:7333: $? = 0
configure:7347: gcc -E  conftest.c
conftest.c:11:28: error: ac_nonexistent.h: No such file or directory
configure:7347: $? = 1
configure: failed program was:
| /* confdefs.h */
| #define PACKAGE_NAME "globus_gram_job_manager"
| #define PACKAGE_TARNAME "globus_gram_job_manager"
| #define PACKAGE_VERSION "14.27"
| #define PACKAGE_STRING "globus_gram_job_manager 14.27"
| #define PACKAGE_BUGREPORT "https://globus.atlassian.net/"
| #define PACKAGE_URL ""
| #define PACKAGE "globus_gram_job_manager"
| #define VERSION "14.27"
| /* end confdefs.h.  */
| #include <ac_nonexistent.h>
configure:7376: checking for ANSI C header files
configure:7396: gcc -c -g -O2  conftest.c >&5
configure:7396: $? = 0
configure:7469: gcc -o conftest -g -O2   conftest.c  >&5
configure:7469: $? = 0
configure:7469: ./conftest
configure:7469: $? = 0
configure:7480: result: yes
configure:7493: checking for sys/types.h
configure:7493: gcc -c -g -O2  conftest.c >&5
configure:7493: $? = 0
configure:7493: result: yes
configure:7493: checking for sys/stat.h
configure:7493: gcc -c -g -O2  conftest.c >&5
configure:7493: $? = 0
configure:7493: result: yes
configure:7493: checking for stdlib.h
configure:7493: gcc -c -g -O2  conftest.c >&5
configure:7493: $? = 0
configure:7493: result: yes
configure:7493: checking for string.h
configure:7493: gcc -c -g -O2  conftest.c >&5
configure:7493: $? = 0
configure:7493: result: yes
configure:7493: checking for memory.h
configure:7493: gcc -c -g -O2  conftest.c >&5
configure:7493: $? = 0
configure:7493: result: yes
configure:7493: checking for strings.h
configure:7493: gcc -c -g -O2  conftest.c >&5
configure:7493: $? = 0
configure:7493: result: yes
configure:7493: checking for inttypes.h
configure:7493: gcc -c -g -O2  conftest.c >&5
configure:7493: $? = 0
configure:7493: result: yes
configure:7493: checking for stdint.h
configure:7493: gcc -c -g -O2  conftest.c >&5
configure:7493: $? = 0
configure:7493: result: yes
configure:7493: checking for unistd.h
configure:7493: gcc -c -g -O2  conftest.c >&5
configure:7493: $? = 0
configure:7493: result: yes
configure:7507: checking for dlfcn.h
configure:7507: gcc -c -g -O2  conftest.c >&5
configure:7507: $? = 0
configure:7507: result: yes
configure:8010: checking for objdir
configure:8025: result: .libs
configure:8296: checking if gcc supports -fno-rtti -fno-exceptions
configure:8314: gcc -c -g -O2  -fno-rtti -fno-exceptions conftest.c >&5
cc1: warning: command line option "-fno-rtti" is valid for C++/ObjC++ but not for C
configure:8318: $? = 0
configure:8331: result: no
configure:8658: checking for gcc option to produce PIC
configure:8665: result: -fPIC -DPIC
configure:8673: checking if gcc PIC flag -fPIC -DPIC works
configure:8691: gcc -c -g -O2  -fPIC -DPIC -DPIC conftest.c >&5
configure:8695: $? = 0
configure:8708: result: yes
configure:8737: checking if gcc static flag -static works
configure:8765: result: no
configure:8780: checking if gcc supports -c -o file.o
configure:8801: gcc -c -g -O2  -o out/conftest2.o conftest.c >&5
configure:8805: $? = 0
configure:8827: result: yes
configure:8835: checking if gcc supports -c -o file.o
configure:8882: result: yes
configure:8915: checking whether the gcc linker (/usr/bin/ld -m elf_x86_64) supports shared libraries
configure:10068: result: yes
configure:10105: checking whether -lc should be explicitly linked in
configure:10113: gcc -c -g -O2  conftest.c >&5
configure:10116: $? = 0
configure:10131: gcc -shared  -fPIC -DPIC conftest.o  -v -Wl,-soname -Wl,conftest -o conftest 2\>\&1 \| /bin/grep  -lc  \>/dev/null 2\>\&1
configure:10134: $? = 0
configure:10148: result: no
configure:10308: checking dynamic linker characteristics
configure:10819: gcc -o conftest -g -O2   -Wl,-rpath -Wl,/foo conftest.c  >&5
configure:10819: $? = 0
configure:11045: result: GNU/Linux ld.so
configure:11152: checking how to hardcode library paths into programs
configure:11177: result: immediate
configure:11271: checking for shl_load
configure:11271: gcc -o conftest -g -O2   conftest.c  >&5
/tmp/cc4Ktcr4.o: In function `main':
/mnt/hgfs/SrcRepos/gt6-RAMSES_8_5/gram/jobmanager/source/conftest.c:57: undefined reference to `shl_load'
collect2: ld returned 1 exit status
configure:11271: $? = 1
configure: failed program was:
| /* confdefs.h */
| #define PACKAGE_NAME "globus_gram_job_manager"
| #define PACKAGE_TARNAME "globus_gram_job_manager"
| #define PACKAGE_VERSION "14.27"
| #define PACKAGE_STRING "globus_gram_job_manager 14.27"
| #define PACKAGE_BUGREPORT "https://globus.atlassian.net/"
| #define PACKAGE_URL ""
| #define PACKAGE "globus_gram_job_manager"
| #define VERSION "14.27"
| #define STDC_HEADERS 1
| #define HAVE_SYS_TYPES_H 1
| #define HAVE_SYS_STAT_H 1
| #define HAVE_STDLIB_H 1
| #define HAVE_STRING_H 1
| #define HAVE_MEMORY_H 1
| #define HAVE_STRINGS_H 1
| #define HAVE_INTTYPES_H 1
| #define HAVE_STDINT_H 1
| #define HAVE_UNISTD_H 1
| #define HAVE_DLFCN_H 1
| #define LT_OBJDIR ".libs/"
| /* end confdefs.h.  */
| /* Define shl_load to an innocuous variant, in case <limits.h> declares shl_load.
|    For example, HP-UX 11i <limits.h> declares gettimeofday.  */
| #define shl_load innocuous_shl_load
| 
| /* System header to define __stub macros and hopefully few prototypes,
|     which can conflict with char shl_load (); below.
|     Prefer <limits.h> to <assert.h> if __STDC__ is defined, since
|     <limits.h> exists even on freestanding compilers.  */
| 
| #ifdef __STDC__
| # include <limits.h>
| #else
| # include <assert.h>
| #endif
| 
| #undef shl_load
| 
| /* Override any GCC internal prototype to avoid an error.
|    Use char because int might match the return type of a GCC
|    builtin and then its argument prototype would still apply.  */
| #ifdef __cplusplus
| extern "C"
| #endif
| char shl_load ();
| /* The GNU C library defines this for functions which it implements
|     to always fail with ENOSYS.  Some functions are actually named
|     something starting with __ and the normal name is an alias.  */
| #if defined __stub_shl_load || defined __stub___shl_load
| choke me
| #endif
| 
| int
| main ()
| {
| return shl_load ();
|   ;
|   return 0;
| }
configure:11271: result: no
configure:11275: checking for shl_load in -ldld
configure:11300: gcc -o conftest -g -O2   conftest.c -ldld   >&5
/usr/bin/ld: cannot find -ldld
collect2: ld returned 1 exit status
configure:11300: $? = 1
configure: failed program was:
| /* confdefs.h */
| #define PACKAGE_NAME "globus_gram_job_manager"
| #define PACKAGE_TARNAME "globus_gram_job_manager"
| #define PACKAGE_VERSION "14.27"
| #define PACKAGE_STRING "globus_gram_job_manager 14.27"
| #define PACKAGE_BUGREPORT "https://globus.atlassian.net/"
| #define PACKAGE_URL ""
| #define PACKAGE "globus_gram_job_manager"
| #define VERSION "14.27"
| #define STDC_HEADERS 1
| #define HAVE_SYS_TYPES_H 1
| #define HAVE_SYS_STAT_H 1
| #define HAVE_STDLIB_H 1
| #define HAVE_STRING_H 1
| #define HAVE_MEMORY_H 1
| #define HAVE_STRINGS_H 1
| #define HAVE_INTTYPES_H 1
| #define HAVE_STDINT_H 1
| #define HAVE_UNISTD_H 1
| #define HAVE_DLFCN_H 1
| #define LT_OBJDIR ".libs/"
| /* end confdefs.h.  */
| 
| /* Override any GCC internal prototype to avoid an error.
|    Use char because int might match the return type of a GCC
|    builtin and then its argument prototype would still apply.  */
| #ifdef __cplusplus
| extern "C"
| #endif
| char shl_load ();
| int
| main ()
| {
| return shl_load ();
|   ;
|   return 0;
| }
configure:11309: result: no
configure:11314: checking for dlopen
configure:11314: gcc -o conftest -g -O2   conftest.c  >&5
/tmp/ccYsqE3d.o: In function `main':
/mnt/hgfs/SrcRepos/gt6-RAMSES_8_5/gram/jobmanager/source/conftest.c:57: undefined reference to `dlopen'
collect2: ld returned 1 exit status
configure:11314: $? = 1
configure: failed program was:
| /* confdefs.h */
| #define PACKAGE_NAME "globus_gram_job_manager"
| #define PACKAGE_TARNAME "globus_gram_job_manager"
| #define PACKAGE_VERSION "14.27"
| #define PACKAGE_STRING "globus_gram_job_manager 14.27"
| #define PACKAGE_BUGREPORT "https://globus.atlassian.net/"
| #define PACKAGE_URL ""
| #define PACKAGE "globus_gram_job_manager"
| #define VERSION "14.27"
| #define STDC_HEADERS 1
| #define HAVE_SYS_TYPES_H 1
| #define HAVE_SYS_STAT_H 1
| #define HAVE_STDLIB_H 1
| #define HAVE_STRING_H 1
| #define HAVE_MEMORY_H 1
| #define HAVE_STRINGS_H 1
| #define HAVE_INTTYPES_H 1
| #define HAVE_STDINT_H 1
| #define HAVE_UNISTD_H 1
| #define HAVE_DLFCN_H 1
| #define LT_OBJDIR ".libs/"
| /* end confdefs.h.  */
| /* Define dlopen to an innocuous variant, in case <limits.h> declares dlopen.
|    For example, HP-UX 11i <limits.h> declares gettimeofday.  */
| #define dlopen innocuous_dlopen
| 
| /* System header to define __stub macros and hopefully few prototypes,
|     which can conflict with char dlopen (); below.
|     Prefer <limits.h> to <assert.h> if __STDC__ is defined, since
|     <limits.h> exists even on freestanding compilers.  */
| 
| #ifdef __STDC__
| # include <limits.h>
| #else
| # include <assert.h>
| #endif
| 
| #undef dlopen
| 
| /* Override any GCC internal prototype to avoid an error.
|    Use char because int might match the return type of a GCC
|    builtin and then its argument prototype would still apply.  */
| #ifdef __cplusplus
| extern "C"
| #endif
| char dlopen ();
| /* The GNU C library defines this for functions which it implements
|     to always fail with ENOSYS.  Some functions are actually named
|     something starting with __ and the normal name is an alias.  */
| #if defined __stub_dlopen || defined __stub___dlopen
| choke me
| #endif
| 
| int
| main ()
| {
| return dlopen ();
|   ;
|   return 0;
| }
configure:11314: result: no
configure:11318: checking for dlopen in -ldl
configure:11343: gcc -o conftest -g -O2   conftest.c -ldl   >&5
configure:11343: $? = 0
configure:11352: result: yes
configure:11471: checking whether a program can dlopen itself
configure:11551: gcc -o conftest -g -O2  -DHAVE_DLFCN_H  -Wl,--export-dynamic conftest.c -ldl  >&5
configure:11554: $? = 0
configure:11572: result: yes
configure:11577: checking whether a statically linked program can dlopen itself
configure:11657: gcc -o conftest -g -O2  -DHAVE_DLFCN_H  -Wl,--export-dynamic  conftest.c -ldl  >&5
configure:11660: $? = 0
configure:11678: result: yes
configure:11717: checking whether stripping libraries is possible
configure:11722: result: yes
configure:11757: checking if libtool supports shared libraries
configure:11759: result: yes
configure:11762: checking whether to build shared libraries
configure:11783: result: yes
configure:11786: checking whether to build static libraries
configure:11790: result: yes
configure:11889: checking for pkg-config
configure:11907: found /usr/bin/pkg-config
configure:11919: result: /usr/bin/pkg-config
configure:11944: checking pkg-config is at least version 0.9.0
configure:11947: result: yes
configure:11957: checking for PACKAGE_DEP
configure:11964: $PKG_CONFIG --exists --print-errors "$PACKAGE_DEPS"
configure:11967: $? = 0
configure:11981: $PKG_CONFIG --exists --print-errors "$PACKAGE_DEPS"
configure:11984: $? = 0
configure:12042: result: yes
configure:12048: checking for CLIENT_TEST_PACKAGE_DEP
configure:12055: $PKG_CONFIG --exists --print-errors "$CLIENT_TEST_PACKAGE_DEPS"
configure:12058: $? = 0
configure:12072: $PKG_CONFIG --exists --print-errors "$CLIENT_TEST_PACKAGE_DEPS"
configure:12075: $? = 0
configure:12133: result: yes
configure:12142: $PKG_CONFIG --exists --print-errors "globus-gatekeeper"
configure:12145: $? = 0
configure:12153: $PKG_CONFIG --exists --print-errors "globus-gram-client-tools"
configure:12156: $? = 0
configure:12164: $PKG_CONFIG --exists --print-errors "globus-gass-copy"
configure:12167: $? = 0
configure:12175: $PKG_CONFIG --exists --print-errors "globus-gass-cache-program"
configure:12178: $? = 0
configure:12186: $PKG_CONFIG --exists --print-errors "globus-gram-job-manager-scripts"
configure:12189: $? = 0
configure:12199: $PKG_CONFIG --exists --print-errors "globus-gram-job-manager-fork"
configure:12202: $? = 0
configure:12210: $PKG_CONFIG --exists --print-errors "globus-gram-protocol"
configure:12213: $? = 0
configure:12221: $PKG_CONFIG --exists --print-errors "globus-common"
configure:12224: $? = 0
configure:12232: $PKG_CONFIG --exists --print-errors "globus-proxy-utils"
configure:12235: $? = 0
configure:12243: $PKG_CONFIG --exists --print-errors "globus-gsi-cert-utils"
configure:12246: $? = 0
configure:12254: $PKG_CONFIG --exists --print-errors "globus-xio-gsi-driver"
configure:12257: $? = 0
configure:12265: $PKG_CONFIG --exists --print-errors "globus-xio-popen-driver"
configure:12268: $? = 0
configure:12305: checking for doxygen
configure:12338: result: no
configure:12405: checking for xml2-config
configure:12436: result: no
configure:12445: checking for libxml - version >= 2.0.0
configure:12566: result: no
configure:12649: checking for xsltproc
configure:12667: found /usr/bin/xsltproc
configure:12679: result: /usr/bin/xsltproc
configure:12689: checking for xmllint
configure:12707: found /usr/bin/xmllint
configure:12719: result: /usr/bin/xmllint
configure:12727: checking docbook dtd
configure:12742: result: yes
configure:12746: checking docbook xsl
configure:12761: result: no
configure:12768: checking for flex
configure:12798: result: no
configure:12768: checking for lex
configure:12798: result: no
configure:12927: checking for bison
configure:12957: result: no
configure:12927: checking for byacc
configure:12957: result: no
configure:13138: checking that generated files are newer than configure
configure:13144: result: done
configure:13179: creating ./config.status

## ---------------------- ##
## Running config.status. ##
## ---------------------- ##

This file was extended by globus_gram_job_manager config.status 14.27, which was
generated by GNU Autoconf 2.69.  Invocation command line was

  CONFIG_FILES    = 
  CONFIG_HEADERS  = 
  CONFIG_LINKS    = 
  CONFIG_COMMANDS = 
  $ ./config.status 

on vm2

config.status:1146: creating globus-gram-job-manager-uninstalled.pc
config.status:1146: creating globus-gram-job-manager.pc
config.status:1146: creating scripts/Makefile
config.status:1146: creating rvf/globus-rvf-edit
config.status:1146: creating rvf/Makefile
config.status:1146: creating seg/Makefile
config.status:1146: creating test/Makefile
config.status:1146: creating test/client/Makefile
config.status:1146: creating test/jobmanager/failure_test/Makefile
config.status:1146: creating test/jobmanager/Makefile
config.status:1146: creating test/jobmanager/rsl_size_test/Makefile
config.status:1146: creating test/jobmanager/stdio_test/Makefile
config.status:1146: creating test/jobmanager/submit_test/Makefile
config.status:1146: creating test/jobmanager/user_test/Makefile
config.status:1146: creating globus-gram-job-manager.conf
config.status:1146: creating gram.logrotate
config.status:1146: creating Makefile
config.status:1146: creating version.h
config.status:1146: creating globus-personal-gatekeeper
config.status:1146: creating test/jobmanager/job-manager-script-test.pl
config.status:1146: creating test/jobmanager/submit_test/globus-gram-job-manager-submit-test.pl
config.status:1146: creating test/jobmanager/failure_test/globus-gram-job-manager-failure-test.pl
config.status:1146: creating test/jobmanager/rsl_size_test/globus-gram-job-manager-rsl-size-test.pl
config.status:1146: creating test/gram-test-wrapper
config.status:1318: executing depfiles commands
config.status:1318: executing libtool commands

## ---------------- ##
## Cache variables. ##
## ---------------- ##

ac_cv_build=x86_64-unknown-linux-gnu
ac_cv_c_compiler_gnu=yes
ac_cv_env_CC_set=
ac_cv_env_CC_value=
ac_cv_env_CFLAGS_set=
ac_cv_env_CFLAGS_value=
ac_cv_env_CLIENT_TEST_PACKAGE_DEP_CFLAGS_set=
ac_cv_env_CLIENT_TEST_PACKAGE_DEP_CFLAGS_value=
ac_cv_env_CLIENT_TEST_PACKAGE_DEP_LIBS_set=
ac_cv_env_CLIENT_TEST_PACKAGE_DEP_LIBS_value=
ac_cv_env_CPPFLAGS_set=
ac_cv_env_CPPFLAGS_value=
ac_cv_env_CPP_set=
ac_cv_env_CPP_value=
ac_cv_env_LDFLAGS_set=
ac_cv_env_LDFLAGS_value=
ac_cv_env_LIBS_set=
ac_cv_env_LIBS_value=
ac_cv_env_PACKAGE_DEP_CFLAGS_set=
ac_cv_env_PACKAGE_DEP_CFLAGS_value=
ac_cv_env_PACKAGE_DEP_LIBS_set=
ac_cv_env_PACKAGE_DEP_LIBS_value=
ac_cv_env_PKG_CONFIG_LIBDIR_set=
ac_cv_env_PKG_CONFIG_LIBDIR_value=
ac_cv_env_PKG_CONFIG_PATH_set=set
ac_cv_env_PKG_CONFIG_PATH_value=/mnt/hgfs/SrcRepos/gt6-RAMSES_8_5/common/source:/mnt/hgfs/SrcRepos/gt6-RAMSES_8_5/xio/src:/mnt/hgfs/SrcRepos/gt6-RAMSES_8_5/gridftp/gfork/source:/mnt/hgfs/SrcRepos/gt6-RAMSES_8_5/gsi/openssl_error/source:/mnt/hgfs/SrcRepos/gt6-RAMSES_8_5/gsi/proxy/proxy_ssl/source:/mnt/hgfs/SrcRepos/gt6-RAMSES_8_5/gsi/openssl_module/source:/mnt/hgfs/SrcRepos/gt6-RAMSES_8_5/gsi/cert_utils/source:/mnt/hgfs/SrcRepos/gt6-RAMSES_8_5/gsi/sysconfig/source:/mnt/hgfs/SrcRepos/gt6-RAMSES_8_5/callout/source:/mnt/hgfs/SrcRepos/gt6-RAMSES_8_5/gsi/callback/source:/mnt/hgfs/SrcRepos/gt6-RAMSES_8_5/gsi/credential/source:/mnt/hgfs/SrcRepos/gt6-RAMSES_8_5/gsi/proxy/proxy_core/source:/mnt/hgfs/SrcRepos/gt6-RAMSES_8_5/gsi/gssapi/source:/mnt/hgfs/SrcRepos/gt6-RAMSES_8_5/gsi/gss_assist/source:/mnt/hgfs/SrcRepos/gt6-RAMSES_8_5/gsi/gssapi_error/source:/mnt/hgfs/SrcRepos/gt6-RAMSES_8_5/xio/drivers/gsi:/mnt/hgfs/SrcRepos/gt6-RAMSES_8_5/io/compat:/mnt/hgfs/SrcRepos/gt6-RAMSES_8_5/gridftp/control/source:/mnt/hgfs/SrcRepos/gt6-RAMSES_8_5/usage/c/sender/source:/mnt/hgfs/SrcRepos/gt6-RAMSES_8_5/xio/drivers/pipe/source:/mnt/hgfs/SrcRepos/gt6-RAMSES_8_5/gridftp/server-lib/src:/mnt/hgfs/SrcRepos/gt6-RAMSES_8_5/gsi/authz/error:/mnt/hgfs/SrcRepos/gt6-RAMSES_8_5/gsi/authz/source:/mnt/hgfs/SrcRepos/gt6-RAMSES_8_5/xio/drivers/rate/source:/mnt/hgfs/SrcRepos/gt6-RAMSES_8_5/xio/drivers/popen/source:/mnt/hgfs/SrcRepos/gt6-RAMSES_8_5/xio/drivers/udt/source:/mnt/hgfs/SrcRepos/gt6-RAMSES_8_5/gridftp/net_manager:/mnt/hgfs/SrcRepos/gt6-RAMSES_8_5/gridftp/server/src:/mnt/hgfs/SrcRepos/gt6-RAMSES_8_5/gram/protocol/source:/mnt/hgfs/SrcRepos/gt6-RAMSES_8_5/gram/jobmanager/scheduler_event_generator/source:/mnt/hgfs/SrcRepos/gt6-RAMSES_8_5/gram/jobmanager/lrms/lsf/source:/mnt/hgfs/SrcRepos/gt6-RAMSES_8_5/gass/transfer/source:/mnt/hgfs/SrcRepos/gt6-RAMSES_8_5/gridftp/client/source:/mnt/hgfs/SrcRepos/gt6-RAMSES_8_5/gass/copy/source:/mnt/hgfs/SrcRepos/gt6-RAMSES_8_5/gass/cache/source:/mnt/hgfs/SrcRepos/gt6-RAMSES_8_5/gram/rsl/source:/mnt/hgfs/SrcRepos/gt6-RAMSES_8_5/gram/jobmanager/callout_error:/mnt/hgfs/SrcRepos/gt6-RAMSES_8_5/gridftp/server/multi/source:/mnt/hgfs/SrcRepos/gt6-RAMSES_8_5/gsi/simple_ca/source:/mnt/hgfs/SrcRepos/gt6-RAMSES_8_5/gram/jobmanager/lrms/sge/source:/mnt/hgfs/SrcRepos/gt6-RAMSES_8_5/gram/jobmanager/scripts:/mnt/hgfs/SrcRepos/gt6-RAMSES_8_5/gram/jobmanager/lrms/slurm/source:/mnt/hgfs/SrcRepos/gt6-RAMSES_8_5/gsi/gridmap_callout/error:/mnt/hgfs/SrcRepos/gt6-RAMSES_8_5/gsi/gridmap_callout/source:/mnt/hgfs/SrcRepos/gt6-RAMSES_8_5/gass/server_ez/source:/mnt/hgfs/SrcRepos/gt6-RAMSES_8_5/gridftp/gridftp_driver/source:/mnt/hgfs/SrcRepos/gt6-RAMSES_8_5/gram/jobmanager/lrms/fork/source:/mnt/hgfs/SrcRepos/gt6-RAMSES_8_5/gsi/gridmap_verify_myproxy_callout:/mnt/hgfs/SrcRepos/gt6-RAMSES_8_5/gsi/gridmap_eppn_callout:/mnt/hgfs/SrcRepos/gt6-RAMSES_8_5/gram/jobmanager/lrms/condor/source:/mnt/hgfs/SrcRepos/gt6-RAMSES_8_5/gsi/proxy/proxy_utils/source:/mnt/hgfs/SrcRepos/gt6-RAMSES_8_5/gram/client/source:/mnt/hgfs/SrcRepos/gt6-RAMSES_8_5/xio/xioperf/source:/mnt/hgfs/SrcRepos/gt6-RAMSES_8_5/gram/gatekeeper/source:/mnt/hgfs/SrcRepos/gt6-RAMSES_8_5/gass/cache_program/source:/mnt/hgfs/SrcRepos/gt6-RAMSES_8_5/gram/jobmanager/lrms/pbs/source:/mnt/hgfs/SrcRepos/gt6-RAMSES_8_5/gram/jobmanager/auditing/source:/mnt/hgfs/SrcRepos/gt6-RAMSES_8_5/myproxy/source:/mnt/hgfs/SrcRepos/gt6-RAMSES_8_5/gsi_openssh/source:/mnt/hgfs/SrcRepos/gt6-RAMSES_8_5/gram/client_tools/source:/mnt/hgfs/SrcRepos/gt6-RAMSES_8_5/gram/jobmanager/source:/mnt/hgfs/SrcRepos/gt6-RAMSES_8_5/gridftp/hdfs
ac_cv_env_PKG_CONFIG_set=
ac_cv_env_PKG_CONFIG_value=
ac_cv_env_YACC_set=
ac_cv_env_YACC_value=
ac_cv_env_YFLAGS_set=
ac_cv_env_YFLAGS_value=
ac_cv_env_build_alias_set=
ac_cv_env_build_alias_value=
ac_cv_env_host_alias_set=
ac_cv_env_host_alias_value=
ac_cv_env_target_alias_set=
ac_cv_env_target_alias_value=
ac_cv_func_dlopen=no
ac_cv_func_shl_load=no
ac_cv_header_dlfcn_h=yes
ac_cv_header_inttypes_h=yes
ac_cv_header_memory_h=yes
ac_cv_header_stdc=yes
ac_cv_header_stdint_h=yes
ac_cv_header_stdlib_h=yes
ac_cv_header_string_h=yes
ac_cv_header_strings_h=yes
ac_cv_header_sys_stat_h=yes
ac_cv_header_sys_types_h=yes
ac_cv_header_unistd_h=yes
ac_cv_host=x86_64-unknown-linux-gnu
ac_cv_lib_dl_dlopen=yes
ac_cv_lib_dld_shl_load=no
ac_cv_objext=o
ac_cv_path_EGREP='/bin/grep -E'
ac_cv_path_FGREP='/bin/grep -F'
ac_cv_path_GREP=/bin/grep
ac_cv_path_SED=/bin/sed
ac_cv_path_XML2_CONFIG=no
ac_cv_path_XMLLINT=/usr/bin/xmllint
ac_cv_path_XSLTPROC=/usr/bin/xsltproc
ac_cv_path_ac_pt_PKG_CONFIG=/usr/bin/pkg-config
ac_cv_path_install='/usr/bin/install -c'
ac_cv_path_mkdir=/bin/mkdir
ac_cv_prog_AWK=gawk
ac_cv_prog_CPP='gcc -E'
ac_cv_prog_ac_ct_AR=ar
ac_cv_prog_ac_ct_CC=gcc
ac_cv_prog_ac_ct_OBJDUMP=objdump
ac_cv_prog_ac_ct_RANLIB=ranlib
ac_cv_prog_ac_ct_STRIP=strip
ac_cv_prog_cc_c89=
ac_cv_prog_cc_g=yes
ac_cv_prog_make_make_set=yes
am_cv_CC_dependencies_compiler_type=gcc3
am_cv_make_support_nested_variables=yes
am_cv_prog_cc_c_o=yes
am_cv_prog_tar_pax=gnutar
lt_cv_ar_at_file=@
lt_cv_archive_cmds_need_lc=no
lt_cv_deplibs_check_method=pass_all
lt_cv_dlopen=dlopen
lt_cv_dlopen_libs=-ldl
lt_cv_dlopen_self=yes
lt_cv_dlopen_self_static=yes
lt_cv_file_magic_cmd='$MAGIC_CMD'
lt_cv_file_magic_test_file=
lt_cv_ld_reload_flag=-r
lt_cv_nm_interface='BSD nm'
lt_cv_objdir=.libs
lt_cv_path_LD=/usr/bin/ld
lt_cv_path_NM='/usr/bin/nm -B'
lt_cv_path_mainfest_tool=no
lt_cv_prog_compiler_c_o=yes
lt_cv_prog_compiler_pic='-fPIC -DPIC'
lt_cv_prog_compiler_pic_works=yes
lt_cv_prog_compiler_rtti_exceptions=no
lt_cv_prog_compiler_static_works=no
lt_cv_prog_gnu_ld=yes
lt_cv_sharedlib_from_linklib_cmd='printf %s\n'
lt_cv_shlibpath_overrides_runpath=no
lt_cv_sys_global_symbol_pipe='sed -n -e '\''s/^.*[	 ]\([ABCDGIRSTW][ABCDGIRSTW]*\)[	 ][	 ]*\([_A-Za-z][_A-Za-z0-9]*\)$/\1 \2 \2/p'\'' | sed '\''/ __gnu_lto/d'\'''
lt_cv_sys_global_symbol_to_c_name_address='sed -n -e '\''s/^: \([^ ]*\)[ ]*$/  {\"\1\", (void *) 0},/p'\'' -e '\''s/^[ABCDGIRSTW]* \([^ ]*\) \([^ ]*\)$/  {"\2", (void *) \&\2},/p'\'''
lt_cv_sys_global_symbol_to_c_name_address_lib_prefix='sed -n -e '\''s/^: \([^ ]*\)[ ]*$/  {\"\1\", (void *) 0},/p'\'' -e '\''s/^[ABCDGIRSTW]* \([^ ]*\) \(lib[^ ]*\)$/  {"\2", (void *) \&\2},/p'\'' -e '\''s/^[ABCDGIRSTW]* \([^ ]*\) \([^ ]*\)$/  {"lib\2", (void *) \&\2},/p'\'''
lt_cv_sys_global_symbol_to_cdecl='sed -n -e '\''s/^T .* \(.*\)$/extern int \1();/p'\'' -e '\''s/^[ABCDGIRSTW]* .* \(.*\)$/extern char \1;/p'\'''
lt_cv_sys_max_cmd_len=1966080
lt_cv_to_host_file_cmd=func_convert_file_noop
lt_cv_to_tool_file_cmd=func_convert_file_noop
pkg_cv_CLIENT_TEST_PACKAGE_DEP_CFLAGS='-g -O2 -pthread -I/mnt/hgfs/SrcRepos/gt6-RAMSES_8_5/common/source -I/mnt/hgfs/SrcRepos/gt6-RAMSES_8_5/common/source/library -I/mnt/hgfs/SrcRepos/gt6-RAMSES_8_5/xio/src -I/mnt/hgfs/SrcRepos/gt6-RAMSES_8_5/xio/src/builtins/file -I/mnt/hgfs/SrcRepos/gt6-RAMSES_8_5/xio/src/builtins/http -I/mnt/hgfs/SrcRepos/gt6-RAMSES_8_5/xio/src/builtins/mode_e -I/mnt/hgfs/SrcRepos/gt6-RAMSES_8_5/xio/src/builtins/ordering -I/mnt/hgfs/SrcRepos/gt6-RAMSES_8_5/xio/src/builtins/queue -I/mnt/hgfs/SrcRepos/gt6-RAMSES_8_5/xio/src/builtins/tcp -I/mnt/hgfs/SrcRepos/gt6-RAMSES_8_5/xio/src/builtins/telnet -I/mnt/hgfs/SrcRepos/gt6-RAMSES_8_5/xio/src/builtins/udp -I/mnt/hgfs/SrcRepos/gt6-RAMSES_8_5/gsi/openssl_error/source -I/mnt/hgfs/SrcRepos/gt6-RAMSES_8_5/gsi/openssl_error/source/library -I/mnt/hgfs/SrcRepos/gt6-RAMSES_8_5/gsi/proxy/proxy_ssl/source -I/mnt/hgfs/SrcRepos/gt6-RAMSES_8_5/gsi/proxy/proxy_ssl/source/library -I/mnt/hgfs/SrcRepos/gt6-RAMSES_8_5/gsi/openssl_module/source/library -I/mnt/hgfs/SrcRepos/gt6-RAMSES_8_5/gsi/cert_utils/source/library -I/mnt/hgfs/SrcRepos/gt6-RAMSES_8_5/gsi/sysconfig/source/library -I/mnt/hgfs/SrcRepos/gt6-RAMSES_8_5/callout/source/library -I/mnt/hgfs/SrcRepos/gt6-RAMSES_8_5/gsi/callback/source/library -I/mnt/hgfs/SrcRepos/gt6-RAMSES_8_5/gsi/credential/source/library -I/mnt/hgfs/SrcRepos/gt6-RAMSES_8_5/gsi/proxy/proxy_core/source/library -I/mnt/hgfs/SrcRepos/gt6-RAMSES_8_5/gsi/gssapi/source/library -I/mnt/hgfs/SrcRepos/gt6-RAMSES_8_5/gsi/gss_assist/source -I/mnt/hgfs/SrcRepos/gt6-RAMSES_8_5/gsi/gssapi_error/source/library -I/mnt/hgfs/SrcRepos/gt6-RAMSES_8_5/xio/drivers/gsi -I/mnt/hgfs/SrcRepos/gt6-RAMSES_8_5/io/compat -I/mnt/hgfs/SrcRepos/gt6-RAMSES_8_5/gram/protocol/source -I/mnt/hgfs/SrcRepos/gt6-RAMSES_8_5/gass/transfer/source/library -I/mnt/hgfs/SrcRepos/gt6-RAMSES_8_5/gram/rsl/source -I/mnt/hgfs/SrcRepos/gt6-RAMSES_8_5/gass/server_ez/source -I/mnt/hgfs/SrcRepos/gt6-RAMSES_8_5/gram/client/source  '
pkg_cv_CLIENT_TEST_PACKAGE_DEP_LIBS='/mnt/hgfs/SrcRepos/gt6-RAMSES_8_5/common/source/library/libglobus_common.la /mnt/hgfs/SrcRepos/gt6-RAMSES_8_5/gsi/gssapi/source/library/libglobus_gssapi_gsi.la /mnt/hgfs/SrcRepos/gt6-RAMSES_8_5/gsi/gss_assist/source/libglobus_gss_assist.la /mnt/hgfs/SrcRepos/gt6-RAMSES_8_5/io/compat/libglobus_io.la /mnt/hgfs/SrcRepos/gt6-RAMSES_8_5/gram/protocol/source/libglobus_gram_protocol.la /mnt/hgfs/SrcRepos/gt6-RAMSES_8_5/gass/transfer/source/library/libglobus_gass_transfer.la /mnt/hgfs/SrcRepos/gt6-RAMSES_8_5/gram/rsl/source/libglobus_rsl_assist.la /mnt/hgfs/SrcRepos/gt6-RAMSES_8_5/gram/rsl/source/libglobus_rsl.la /mnt/hgfs/SrcRepos/gt6-RAMSES_8_5/gass/server_ez/source/libglobus_gass_server_ez.la /mnt/hgfs/SrcRepos/gt6-RAMSES_8_5/gram/client/source/libglobus_gram_client.la  '
pkg_cv_PACKAGE_DEP_CFLAGS='-g -O2 -pthread -I/mnt/hgfs/SrcRepos/gt6-RAMSES_8_5/common/source -I/mnt/hgfs/SrcRepos/gt6-RAMSES_8_5/common/source/library -I/mnt/hgfs/SrcRepos/gt6-RAMSES_8_5/xio/src -I/mnt/hgfs/SrcRepos/gt6-RAMSES_8_5/xio/src/builtins/file -I/mnt/hgfs/SrcRepos/gt6-RAMSES_8_5/xio/src/builtins/http -I/mnt/hgfs/SrcRepos/gt6-RAMSES_8_5/xio/src/builtins/mode_e -I/mnt/hgfs/SrcRepos/gt6-RAMSES_8_5/xio/src/builtins/ordering -I/mnt/hgfs/SrcRepos/gt6-RAMSES_8_5/xio/src/builtins/queue -I/mnt/hgfs/SrcRepos/gt6-RAMSES_8_5/xio/src/builtins/tcp -I/mnt/hgfs/SrcRepos/gt6-RAMSES_8_5/xio/src/builtins/telnet -I/mnt/hgfs/SrcRepos/gt6-RAMSES_8_5/xio/src/builtins/udp -I/mnt/hgfs/SrcRepos/gt6-RAMSES_8_5/gsi/openssl_error/source -I/mnt/hgfs/SrcRepos/gt6-RAMSES_8_5/gsi/openssl_error/source/library -I/mnt/hgfs/SrcRepos/gt6-RAMSES_8_5/gsi/proxy/proxy_ssl/source -I/mnt/hgfs/SrcRepos/gt6-RAMSES_8_5/gsi/proxy/proxy_ssl/source/library -I/mnt/hgfs/SrcRepos/gt6-RAMSES_8_5/gsi/openssl_module/source/library -I/mnt/hgfs/SrcRepos/gt6-RAMSES_8_5/gsi/cert_utils/source/library -I/mnt/hgfs/SrcRepos/gt6-RAMSES_8_5/gsi/sysconfig/source/library -I/mnt/hgfs/SrcRepos/gt6-RAMSES_8_5/callout/source/library -I/mnt/hgfs/SrcRepos/gt6-RAMSES_8_5/gsi/callback/source/library -I/mnt/hgfs/SrcRepos/gt6-RAMSES_8_5/gsi/credential/source/library -I/mnt/hgfs/SrcRepos/gt6-RAMSES_8_5/gsi/proxy/proxy_core/source/library -I/mnt/hgfs/SrcRepos/gt6-RAMSES_8_5/gsi/gssapi/source/library -I/mnt/hgfs/SrcRepos/gt6-RAMSES_8_5/gsi/gss_assist/source -I/mnt/hgfs/SrcRepos/gt6-RAMSES_8_5/gsi/gssapi_error/source/library -I/mnt/hgfs/SrcRepos/gt6-RAMSES_8_5/xio/drivers/gsi -I/mnt/hgfs/SrcRepos/gt6-RAMSES_8_5/io/compat -I/mnt/hgfs/SrcRepos/gt6-RAMSES_8_5/usage/c/sender/source -I/mnt/hgfs/SrcRepos/gt6-RAMSES_8_5/xio/drivers/popen/source -I/mnt/hgfs/SrcRepos/gt6-RAMSES_8_5/gram/protocol/source -I/mnt/hgfs/SrcRepos/gt6-RAMSES_8_5/gram/jobmanager/scheduler_event_generator/source -I/mnt/hgfs/SrcRepos/gt6-RAMSES_8_5/gass/transfer/source/library -I/mnt/hgfs/SrcRepos/gt6-RAMSES_8_5/gass/cache/source -I/mnt/hgfs/SrcRepos/gt6-RAMSES_8_5/gram/rsl/source -I/mnt/hgfs/SrcRepos/gt6-RAMSES_8_5/gram/jobmanager/callout_error  '
pkg_cv_PACKAGE_DEP_LIBS='/mnt/hgfs/SrcRepos/gt6-RAMSES_8_5/common/source/library/libglobus_common.la /mnt/hgfs/SrcRepos/gt6-RAMSES_8_5/xio/src/libglobus_xio.la /mnt/hgfs/SrcRepos/gt6-RAMSES_8_5/gsi/sysconfig/source/library/libglobus_gsi_sysconfig.la /mnt/hgfs/SrcRepos/gt6-RAMSES_8_5/callout/source/library/libglobus_callout.la /mnt/hgfs/SrcRepos/gt6-RAMSES_8_5/gsi/credential/source/library/libglobus_gsi_credential.la /mnt/hgfs/SrcRepos/gt6-RAMSES_8_5/gsi/gssapi/source/library/libglobus_gssapi_gsi.la /mnt/hgfs/SrcRepos/gt6-RAMSES_8_5/gsi/gss_assist/source/libglobus_gss_assist.la /mnt/hgfs/SrcRepos/gt6-RAMSES_8_5/usage/c/sender/source/libglobus_usage.la /mnt/hgfs/SrcRepos/gt6-RAMSES_8_5/gram/protocol/source/libglobus_gram_protocol.la /mnt/hgfs/SrcRepos/gt6-RAMSES_8_5/gram/jobmanager/scheduler_event_generator/source/libglobus_scheduler_event_generator.la /mnt/hgfs/SrcRepos/gt6-RAMSES_8_5/gass/transfer/source/library/libglobus_gass_transfer.la /mnt/hgfs/SrcRepos/gt6-RAMSES_8_5/gass/cache/source/libglobus_gass_cache.la /mnt/hgfs/SrcRepos/gt6-RAMSES_8_5/gram/rsl/source/libglobus_rsl_assist.la /mnt/hgfs/SrcRepos/gt6-RAMSES_8_5/gram/rsl/source/libglobus_rsl.la /mnt/hgfs/SrcRepos/gt6-RAMSES_8_5/gram/jobmanager/callout_error/libglobus_gram_job_manager_callout_error.la -lssl -lcrypto  '

## ----------------- ##
## Output variables. ##
## ----------------- ##

ACLOCAL='${SHELL} /mnt/hgfs/SrcRepos/gt6-RAMSES_8_5/gram/jobmanager/source/build-aux/missing aclocal-1.14'
AGE_VERSION='1'
AMDEPBACKSLASH='\'
AMDEP_FALSE='#'
AMDEP_TRUE=''
AMTAR='$${TAR-tar}'
AM_BACKSLASH='\'
AM_DEFAULT_V='$(AM_DEFAULT_VERBOSITY)'
AM_DEFAULT_VERBOSITY='1'
AM_V='$(V)'
AR='ar'
AS='as'
AUDITDIR='/home/esjung/gt6_inst/var/lib/globus/gram-audit'
AUTOCONF='${SHELL} /mnt/hgfs/SrcRepos/gt6-RAMSES_8_5/gram/jobmanager/source/build-aux/missing autoconf'
AUTOHEADER='${SHELL} /mnt/hgfs/SrcRepos/gt6-RAMSES_8_5/gram/jobmanager/source/build-aux/missing autoheader'
AUTOMAKE='${SHELL} /mnt/hgfs/SrcRepos/gt6-RAMSES_8_5/gram/jobmanager/source/build-aux/missing automake-1.14'
AWK='gawk'
BUILD_MANPAGES_FALSE=''
BUILD_MANPAGES_TRUE='#'
CC='gcc'
CCDEPMODE='depmode=gcc3'
CFLAGS='-g -O2'
CLIENT_TEST_PACKAGE_DEPS='globus-common >= 14, globus-gram-protocol >= 11, globus-io >= 9, globus-rsl >= 9, globus-gss-assist >= 8, globus-gram-client >= 3, globus-gass-server-ez >= 2, globus-gass-transfer >= 7, globus-gssapi-gsi >= 10'
CLIENT_TEST_PACKAGE_DEP_CFLAGS='-g -O2 -pthread -I/mnt/hgfs/SrcRepos/gt6-RAMSES_8_5/common/source -I/mnt/hgfs/SrcRepos/gt6-RAMSES_8_5/common/source/library -I/mnt/hgfs/SrcRepos/gt6-RAMSES_8_5/xio/src -I/mnt/hgfs/SrcRepos/gt6-RAMSES_8_5/xio/src/builtins/file -I/mnt/hgfs/SrcRepos/gt6-RAMSES_8_5/xio/src/builtins/http -I/mnt/hgfs/SrcRepos/gt6-RAMSES_8_5/xio/src/builtins/mode_e -I/mnt/hgfs/SrcRepos/gt6-RAMSES_8_5/xio/src/builtins/ordering -I/mnt/hgfs/SrcRepos/gt6-RAMSES_8_5/xio/src/builtins/queue -I/mnt/hgfs/SrcRepos/gt6-RAMSES_8_5/xio/src/builtins/tcp -I/mnt/hgfs/SrcRepos/gt6-RAMSES_8_5/xio/src/builtins/telnet -I/mnt/hgfs/SrcRepos/gt6-RAMSES_8_5/xio/src/builtins/udp -I/mnt/hgfs/SrcRepos/gt6-RAMSES_8_5/gsi/openssl_error/source -I/mnt/hgfs/SrcRepos/gt6-RAMSES_8_5/gsi/openssl_error/source/library -I/mnt/hgfs/SrcRepos/gt6-RAMSES_8_5/gsi/proxy/proxy_ssl/source -I/mnt/hgfs/SrcRepos/gt6-RAMSES_8_5/gsi/proxy/proxy_ssl/source/library -I/mnt/hgfs/SrcRepos/gt6-RAMSES_8_5/gsi/openssl_module/source/library -I/mnt/hgfs/SrcRepos/gt6-RAMSES_8_5/gsi/cert_utils/source/library -I/mnt/hgfs/SrcRepos/gt6-RAMSES_8_5/gsi/sysconfig/source/library -I/mnt/hgfs/SrcRepos/gt6-RAMSES_8_5/callout/source/library -I/mnt/hgfs/SrcRepos/gt6-RAMSES_8_5/gsi/callback/source/library -I/mnt/hgfs/SrcRepos/gt6-RAMSES_8_5/gsi/credential/source/library -I/mnt/hgfs/SrcRepos/gt6-RAMSES_8_5/gsi/proxy/proxy_core/source/library -I/mnt/hgfs/SrcRepos/gt6-RAMSES_8_5/gsi/gssapi/source/library -I/mnt/hgfs/SrcRepos/gt6-RAMSES_8_5/gsi/gss_assist/source -I/mnt/hgfs/SrcRepos/gt6-RAMSES_8_5/gsi/gssapi_error/source/library -I/mnt/hgfs/SrcRepos/gt6-RAMSES_8_5/xio/drivers/gsi -I/mnt/hgfs/SrcRepos/gt6-RAMSES_8_5/io/compat -I/mnt/hgfs/SrcRepos/gt6-RAMSES_8_5/gram/protocol/source -I/mnt/hgfs/SrcRepos/gt6-RAMSES_8_5/gass/transfer/source/library -I/mnt/hgfs/SrcRepos/gt6-RAMSES_8_5/gram/rsl/source -I/mnt/hgfs/SrcRepos/gt6-RAMSES_8_5/gass/server_ez/source -I/mnt/hgfs/SrcRepos/gt6-RAMSES_8_5/gram/client/source  '
CLIENT_TEST_PACKAGE_DEP_LIBS='/mnt/hgfs/SrcRepos/gt6-RAMSES_8_5/common/source/library/libglobus_common.la /mnt/hgfs/SrcRepos/gt6-RAMSES_8_5/gsi/gssapi/source/library/libglobus_gssapi_gsi.la /mnt/hgfs/SrcRepos/gt6-RAMSES_8_5/gsi/gss_assist/source/libglobus_gss_assist.la /mnt/hgfs/SrcRepos/gt6-RAMSES_8_5/io/compat/libglobus_io.la /mnt/hgfs/SrcRepos/gt6-RAMSES_8_5/gram/protocol/source/libglobus_gram_protocol.la /mnt/hgfs/SrcRepos/gt6-RAMSES_8_5/gass/transfer/source/library/libglobus_gass_transfer.la /mnt/hgfs/SrcRepos/gt6-RAMSES_8_5/gram/rsl/source/libglobus_rsl_assist.la /mnt/hgfs/SrcRepos/gt6-RAMSES_8_5/gram/rsl/source/libglobus_rsl.la /mnt/hgfs/SrcRepos/gt6-RAMSES_8_5/gass/server_ez/source/libglobus_gass_server_ez.la /mnt/hgfs/SrcRepos/gt6-RAMSES_8_5/gram/client/source/libglobus_gram_client.la  '
COMMON_PERL5LIB='/mnt/hgfs/SrcRepos/gt6-RAMSES_8_5/common/source/scripts/lib/perl'
CPP='gcc -E'
CPPFLAGS=''
CYGPATH_W='echo'
DEFS='-DPACKAGE_NAME=\"globus_gram_job_manager\" -DPACKAGE_TARNAME=\"globus_gram_job_manager\" -DPACKAGE_VERSION=\"14.27\" -DPACKAGE_STRING=\"globus_gram_job_manager\ 14.27\" -DPACKAGE_BUGREPORT=\"https://globus.atlassian.net/\" -DPACKAGE_URL=\"\" -DPACKAGE=\"globus_gram_job_manager\" -DVERSION=\"14.27\" -DSTDC_HEADERS=1 -DHAVE_SYS_TYPES_H=1 -DHAVE_SYS_STAT_H=1 -DHAVE_STDLIB_H=1 -DHAVE_STRING_H=1 -DHAVE_MEMORY_H=1 -DHAVE_STRINGS_H=1 -DHAVE_INTTYPES_H=1 -DHAVE_STDINT_H=1 -DHAVE_UNISTD_H=1 -DHAVE_DLFCN_H=1 -DLT_OBJDIR=\".libs/\"'
DEPDIR='.deps'
DIRT_BRANCH_ID='85'
DIRT_TIMESTAMP='1439213997'
DLLTOOL='false'
DOCBOOK_DTD='http://www.oasis-open.org/docbook/xml/4.4/docbookx.dtd'
DOXYGEN=''
DSYMUTIL=''
DUMPBIN=''
ECHO_C=''
ECHO_N='-n'
ECHO_T=''
EGREP='/bin/grep -E'
ENABLE_DOXYGEN_FALSE=''
ENABLE_DOXYGEN_TRUE='#'
EXEEXT=''
FGREP='/bin/grep -F'
GASS_CACHE_PATH='/mnt/hgfs/SrcRepos/gt6-RAMSES_8_5/gass/cache_program/source'
GASS_COPY_PATH='/mnt/hgfs/SrcRepos/gt6-RAMSES_8_5/gass/copy/source'
GATEKEEPER_PATH='/mnt/hgfs/SrcRepos/gt6-RAMSES_8_5/gram/gatekeeper/source'
GLOBUS_VERSION='6.0.1439213997'
GLOBUS_XIO_GSI_DRIVER_DLOPEN='-dlopen /mnt/hgfs/SrcRepos/gt6-RAMSES_8_5/xio/drivers/gsi/libglobus_xio_gsi_driver.la'
GLOBUS_XIO_POPEN_DRIVER_DLOPEN='-dlopen /mnt/hgfs/SrcRepos/gt6-RAMSES_8_5/xio/drivers/popen/source/libglobus_xio_popen_driver.la'
GRAM_CLIENT_TOOLS_PATH='/mnt/hgfs/SrcRepos/gt6-RAMSES_8_5/gram/client_tools/source'
GRAM_JOB_MANAGER_FORK_PERL5LIB='/mnt/hgfs/SrcRepos/gt6-RAMSES_8_5/gram/jobmanager/lrms/fork/source'
GRAM_JOB_MANAGER_SCRIPT_PATH='/mnt/hgfs/SrcRepos/gt6-RAMSES_8_5/gram/jobmanager/scripts'
GRAM_JOB_MANAGER_SCRIPT_PERL5LIB='/mnt/hgfs/SrcRepos/gt6-RAMSES_8_5/gram/jobmanager/scripts'
GRAM_PROTOCOL_PERL5LIB='/mnt/hgfs/SrcRepos/gt6-RAMSES_8_5/gram/protocol/source/scripts'
GREP='/bin/grep'
GSI_CERT_UTILS_PATH='/mnt/hgfs/SrcRepos/gt6-RAMSES_8_5/gsi/cert_utils/source/programs'
GSI_PROXY_UTILS_PATH='/mnt/hgfs/SrcRepos/gt6-RAMSES_8_5/gsi/proxy/proxy_utils/source/programs'
INSTALL_DATA='${INSTALL} -m 644'
INSTALL_PROGRAM='${INSTALL}'
INSTALL_SCRIPT='${INSTALL}'
INSTALL_STRIP_PROGRAM='$(install_sh) -c -s'
JOBMANAGER_PATH='/mnt/hgfs/SrcRepos/gt6-RAMSES_8_5/gram/jobmanager/source'
LD='/usr/bin/ld -m elf_x86_64'
LDFLAGS=''
LEX=':'
LEXLIB=''
LEX_OUTPUT_ROOT=''
LIBOBJS=''
LIBS=''
LIBTOOL='$(SHELL) $(top_builddir)/libtool'
LIPO=''
LN_S='ln -s'
LOGDIR='/home/esjung/gt6_inst/var/log/globus'
LTLIBOBJS=''
MAJOR_VERSION='14'
MAKEINFO='${SHELL} /mnt/hgfs/SrcRepos/gt6-RAMSES_8_5/gram/jobmanager/source/build-aux/missing makeinfo'
MANIFEST_TOOL=':'
MAN_XSL='http://docbook.sourceforge.net/release/xsl/current/manpages/docbook.xsl'
MINOR_VERSION='27'
MKDIR_P='/bin/mkdir -p'
NM='/usr/bin/nm -B'
NMEDIT=''
OBJDUMP='objdump'
OBJEXT='o'
OTOOL64=''
OTOOL=''
PACKAGE='globus_gram_job_manager'
PACKAGE_BUGREPORT='https://globus.atlassian.net/'
PACKAGE_DEPS='globus-common >= 15, globus-gsi-credential >= 5, globus-gass-cache >= 8, globus-gass-transfer >= 7, globus-gram-protocol >= 11, globus-gssapi-gsi >= 10, globus-gss-assist >= 8, globus-gsi-sysconfig >= 5, globus-callout >= 2, globus-xio >= 3, globus-xio-popen-driver >= 2, globus-rsl >= 9, globus-gram-job-manager-callout-error >= 2, globus-scheduler-event-generator >= 4, globus-usage >= 3, openssl >= 0.9.8'
PACKAGE_DEP_CFLAGS='-g -O2 -pthread -I/mnt/hgfs/SrcRepos/gt6-RAMSES_8_5/common/source -I/mnt/hgfs/SrcRepos/gt6-RAMSES_8_5/common/source/library -I/mnt/hgfs/SrcRepos/gt6-RAMSES_8_5/xio/src -I/mnt/hgfs/SrcRepos/gt6-RAMSES_8_5/xio/src/builtins/file -I/mnt/hgfs/SrcRepos/gt6-RAMSES_8_5/xio/src/builtins/http -I/mnt/hgfs/SrcRepos/gt6-RAMSES_8_5/xio/src/builtins/mode_e -I/mnt/hgfs/SrcRepos/gt6-RAMSES_8_5/xio/src/builtins/ordering -I/mnt/hgfs/SrcRepos/gt6-RAMSES_8_5/xio/src/builtins/queue -I/mnt/hgfs/SrcRepos/gt6-RAMSES_8_5/xio/src/builtins/tcp -I/mnt/hgfs/SrcRepos/gt6-RAMSES_8_5/xio/src/builtins/telnet -I/mnt/hgfs/SrcRepos/gt6-RAMSES_8_5/xio/src/builtins/udp -I/mnt/hgfs/SrcRepos/gt6-RAMSES_8_5/gsi/openssl_error/source -I/mnt/hgfs/SrcRepos/gt6-RAMSES_8_5/gsi/openssl_error/source/library -I/mnt/hgfs/SrcRepos/gt6-RAMSES_8_5/gsi/proxy/proxy_ssl/source -I/mnt/hgfs/SrcRepos/gt6-RAMSES_8_5/gsi/proxy/proxy_ssl/source/library -I/mnt/hgfs/SrcRepos/gt6-RAMSES_8_5/gsi/openssl_module/source/library -I/mnt/hgfs/SrcRepos/gt6-RAMSES_8_5/gsi/cert_utils/source/library -I/mnt/hgfs/SrcRepos/gt6-RAMSES_8_5/gsi/sysconfig/source/library -I/mnt/hgfs/SrcRepos/gt6-RAMSES_8_5/callout/source/library -I/mnt/hgfs/SrcRepos/gt6-RAMSES_8_5/gsi/callback/source/library -I/mnt/hgfs/SrcRepos/gt6-RAMSES_8_5/gsi/credential/source/library -I/mnt/hgfs/SrcRepos/gt6-RAMSES_8_5/gsi/proxy/proxy_core/source/library -I/mnt/hgfs/SrcRepos/gt6-RAMSES_8_5/gsi/gssapi/source/library -I/mnt/hgfs/SrcRepos/gt6-RAMSES_8_5/gsi/gss_assist/source -I/mnt/hgfs/SrcRepos/gt6-RAMSES_8_5/gsi/gssapi_error/source/library -I/mnt/hgfs/SrcRepos/gt6-RAMSES_8_5/xio/drivers/gsi -I/mnt/hgfs/SrcRepos/gt6-RAMSES_8_5/io/compat -I/mnt/hgfs/SrcRepos/gt6-RAMSES_8_5/usage/c/sender/source -I/mnt/hgfs/SrcRepos/gt6-RAMSES_8_5/xio/drivers/popen/source -I/mnt/hgfs/SrcRepos/gt6-RAMSES_8_5/gram/protocol/source -I/mnt/hgfs/SrcRepos/gt6-RAMSES_8_5/gram/jobmanager/scheduler_event_generator/source -I/mnt/hgfs/SrcRepos/gt6-RAMSES_8_5/gass/transfer/source/library -I/mnt/hgfs/SrcRepos/gt6-RAMSES_8_5/gass/cache/source -I/mnt/hgfs/SrcRepos/gt6-RAMSES_8_5/gram/rsl/source -I/mnt/hgfs/SrcRepos/gt6-RAMSES_8_5/gram/jobmanager/callout_error  '
PACKAGE_DEP_LIBS='/mnt/hgfs/SrcRepos/gt6-RAMSES_8_5/common/source/library/libglobus_common.la /mnt/hgfs/SrcRepos/gt6-RAMSES_8_5/xio/src/libglobus_xio.la /mnt/hgfs/SrcRepos/gt6-RAMSES_8_5/gsi/sysconfig/source/library/libglobus_gsi_sysconfig.la /mnt/hgfs/SrcRepos/gt6-RAMSES_8_5/callout/source/library/libglobus_callout.la /mnt/hgfs/SrcRepos/gt6-RAMSES_8_5/gsi/credential/source/library/libglobus_gsi_credential.la /mnt/hgfs/SrcRepos/gt6-RAMSES_8_5/gsi/gssapi/source/library/libglobus_gssapi_gsi.la /mnt/hgfs/SrcRepos/gt6-RAMSES_8_5/gsi/gss_assist/source/libglobus_gss_assist.la /mnt/hgfs/SrcRepos/gt6-RAMSES_8_5/usage/c/sender/source/libglobus_usage.la /mnt/hgfs/SrcRepos/gt6-RAMSES_8_5/gram/protocol/source/libglobus_gram_protocol.la /mnt/hgfs/SrcRepos/gt6-RAMSES_8_5/gram/jobmanager/scheduler_event_generator/source/libglobus_scheduler_event_generator.la /mnt/hgfs/SrcRepos/gt6-RAMSES_8_5/gass/transfer/source/library/libglobus_gass_transfer.la /mnt/hgfs/SrcRepos/gt6-RAMSES_8_5/gass/cache/source/libglobus_gass_cache.la /mnt/hgfs/SrcRepos/gt6-RAMSES_8_5/gram/rsl/source/libglobus_rsl_assist.la /mnt/hgfs/SrcRepos/gt6-RAMSES_8_5/gram/rsl/source/libglobus_rsl.la /mnt/hgfs/SrcRepos/gt6-RAMSES_8_5/gram/jobmanager/callout_error/libglobus_gram_job_manager_callout_error.la -lssl -lcrypto  '
PACKAGE_NAME='globus_gram_job_manager'
PACKAGE_STRING='globus_gram_job_manager 14.27'
PACKAGE_TARNAME='globus_gram_job_manager'
PACKAGE_URL=''
PACKAGE_VERSION='14.27'
PATH_SEPARATOR=':'
PKG_CONFIG='/usr/bin/pkg-config'
PKG_CONFIG_LIBDIR=''
PKG_CONFIG_PATH='/mnt/hgfs/SrcRepos/gt6-RAMSES_8_5/common/source:/mnt/hgfs/SrcRepos/gt6-RAMSES_8_5/xio/src:/mnt/hgfs/SrcRepos/gt6-RAMSES_8_5/gridftp/gfork/source:/mnt/hgfs/SrcRepos/gt6-RAMSES_8_5/gsi/openssl_error/source:/mnt/hgfs/SrcRepos/gt6-RAMSES_8_5/gsi/proxy/proxy_ssl/source:/mnt/hgfs/SrcRepos/gt6-RAMSES_8_5/gsi/openssl_module/source:/mnt/hgfs/SrcRepos/gt6-RAMSES_8_5/gsi/cert_utils/source:/mnt/hgfs/SrcRepos/gt6-RAMSES_8_5/gsi/sysconfig/source:/mnt/hgfs/SrcRepos/gt6-RAMSES_8_5/callout/source:/mnt/hgfs/SrcRepos/gt6-RAMSES_8_5/gsi/callback/source:/mnt/hgfs/SrcRepos/gt6-RAMSES_8_5/gsi/credential/source:/mnt/hgfs/SrcRepos/gt6-RAMSES_8_5/gsi/proxy/proxy_core/source:/mnt/hgfs/SrcRepos/gt6-RAMSES_8_5/gsi/gssapi/source:/mnt/hgfs/SrcRepos/gt6-RAMSES_8_5/gsi/gss_assist/source:/mnt/hgfs/SrcRepos/gt6-RAMSES_8_5/gsi/gssapi_error/source:/mnt/hgfs/SrcRepos/gt6-RAMSES_8_5/xio/drivers/gsi:/mnt/hgfs/SrcRepos/gt6-RAMSES_8_5/io/compat:/mnt/hgfs/SrcRepos/gt6-RAMSES_8_5/gridftp/control/source:/mnt/hgfs/SrcRepos/gt6-RAMSES_8_5/usage/c/sender/source:/mnt/hgfs/SrcRepos/gt6-RAMSES_8_5/xio/drivers/pipe/source:/mnt/hgfs/SrcRepos/gt6-RAMSES_8_5/gridftp/server-lib/src:/mnt/hgfs/SrcRepos/gt6-RAMSES_8_5/gsi/authz/error:/mnt/hgfs/SrcRepos/gt6-RAMSES_8_5/gsi/authz/source:/mnt/hgfs/SrcRepos/gt6-RAMSES_8_5/xio/drivers/rate/source:/mnt/hgfs/SrcRepos/gt6-RAMSES_8_5/xio/drivers/popen/source:/mnt/hgfs/SrcRepos/gt6-RAMSES_8_5/xio/drivers/udt/source:/mnt/hgfs/SrcRepos/gt6-RAMSES_8_5/gridftp/net_manager:/mnt/hgfs/SrcRepos/gt6-RAMSES_8_5/gridftp/server/src:/mnt/hgfs/SrcRepos/gt6-RAMSES_8_5/gram/protocol/source:/mnt/hgfs/SrcRepos/gt6-RAMSES_8_5/gram/jobmanager/scheduler_event_generator/source:/mnt/hgfs/SrcRepos/gt6-RAMSES_8_5/gram/jobmanager/lrms/lsf/source:/mnt/hgfs/SrcRepos/gt6-RAMSES_8_5/gass/transfer/source:/mnt/hgfs/SrcRepos/gt6-RAMSES_8_5/gridftp/client/source:/mnt/hgfs/SrcRepos/gt6-RAMSES_8_5/gass/copy/source:/mnt/hgfs/SrcRepos/gt6-RAMSES_8_5/gass/cache/source:/mnt/hgfs/SrcRepos/gt6-RAMSES_8_5/gram/rsl/source:/mnt/hgfs/SrcRepos/gt6-RAMSES_8_5/gram/jobmanager/callout_error:/mnt/hgfs/SrcRepos/gt6-RAMSES_8_5/gridftp/server/multi/source:/mnt/hgfs/SrcRepos/gt6-RAMSES_8_5/gsi/simple_ca/source:/mnt/hgfs/SrcRepos/gt6-RAMSES_8_5/gram/jobmanager/lrms/sge/source:/mnt/hgfs/SrcRepos/gt6-RAMSES_8_5/gram/jobmanager/scripts:/mnt/hgfs/SrcRepos/gt6-RAMSES_8_5/gram/jobmanager/lrms/slurm/source:/mnt/hgfs/SrcRepos/gt6-RAMSES_8_5/gsi/gridmap_callout/error:/mnt/hgfs/SrcRepos/gt6-RAMSES_8_5/gsi/gridmap_callout/source:/mnt/hgfs/SrcRepos/gt6-RAMSES_8_5/gass/server_ez/source:/mnt/hgfs/SrcRepos/gt6-RAMSES_8_5/gridftp/gridftp_driver/source:/mnt/hgfs/SrcRepos/gt6-RAMSES_8_5/gram/jobmanager/lrms/fork/source:/mnt/hgfs/SrcRepos/gt6-RAMSES_8_5/gsi/gridmap_verify_myproxy_callout:/mnt/hgfs/SrcRepos/gt6-RAMSES_8_5/gsi/gridmap_eppn_callout:/mnt/hgfs/SrcRepos/gt6-RAMSES_8_5/gram/jobmanager/lrms/condor/source:/mnt/hgfs/SrcRepos/gt6-RAMSES_8_5/gsi/proxy/proxy_utils/source:/mnt/hgfs/SrcRepos/gt6-RAMSES_8_5/gram/client/source:/mnt/hgfs/SrcRepos/gt6-RAMSES_8_5/xio/xioperf/source:/mnt/hgfs/SrcRepos/gt6-RAMSES_8_5/gram/gatekeeper/source:/mnt/hgfs/SrcRepos/gt6-RAMSES_8_5/gass/cache_program/source:/mnt/hgfs/SrcRepos/gt6-RAMSES_8_5/gram/jobmanager/lrms/pbs/source:/mnt/hgfs/SrcRepos/gt6-RAMSES_8_5/gram/jobmanager/auditing/source:/mnt/hgfs/SrcRepos/gt6-RAMSES_8_5/myproxy/source:/mnt/hgfs/SrcRepos/gt6-RAMSES_8_5/gsi_openssh/source:/mnt/hgfs/SrcRepos/gt6-RAMSES_8_5/gram/client_tools/source:/mnt/hgfs/SrcRepos/gt6-RAMSES_8_5/gram/jobmanager/source:/mnt/hgfs/SrcRepos/gt6-RAMSES_8_5/gridftp/hdfs'
PREOPEN_FORCE=''
RANLIB='ranlib'
SED='/bin/sed'
SET_MAKE=''
SHELL='/bin/sh'
STRIP='strip'
USE_CYGPATH_W_FALSE=''
USE_CYGPATH_W_TRUE='#'
VERSION='14.27'
XML2_CONFIG='no'
XMLLINT='/usr/bin/xmllint'
XML_CPPFLAGS=''
XML_LIBS=''
XSLTPROC='/usr/bin/xsltproc'
YACC='yacc'
YFLAGS=''
ac_ct_AR='ar'
ac_ct_CC='gcc'
ac_ct_DUMPBIN=''
am__EXEEXT_FALSE=''
am__EXEEXT_TRUE='#'
am__fastdepCC_FALSE='#'
am__fastdepCC_TRUE=''
am__include='include'
am__isrc=''
am__leading_dot='.'
am__nodep='_no'
am__quote=''
am__tar='tar --format=posix -chf - "$$tardir"'
am__untar='tar -xf -'
bindir='${exec_prefix}/bin'
build='x86_64-unknown-linux-gnu'
build_alias=''
build_cpu='x86_64'
build_os='linux-gnu'
build_vendor='unknown'
datadir='${datarootdir}'
datarootdir='${prefix}/share'
docdir='${datarootdir}/doc/${PACKAGE_TARNAME}'
dvidir='${docdir}'
exec_prefix='${prefix}'
host='x86_64-unknown-linux-gnu'
host_alias=''
host_cpu='x86_64'
host_os='linux-gnu'
host_vendor='unknown'
htmldir='${docdir}'
includedir='${prefix}/include'
infodir='${datarootdir}/info'
install_sh='${SHELL} /mnt/hgfs/SrcRepos/gt6-RAMSES_8_5/gram/jobmanager/source/build-aux/install-sh'
libdir='${exec_prefix}/lib'
libexecdir='${exec_prefix}/libexec'
localedir='${datarootdir}/locale'
localstatedir='${prefix}/var'
mandir='${datarootdir}/man'
mkdir_p='$(MKDIR_P)'
oldincludedir='/usr/include'
pdfdir='${docdir}'
prefix='/home/esjung/gt6_inst'
program_transform_name='s,x,x,'
psdir='${docdir}'
sbindir='${exec_prefix}/sbin'
sharedstatedir='${prefix}/com'
sysconfdir='${prefix}/etc'
target_alias=''

## ----------- ##
## confdefs.h. ##
## ----------- ##

/* confdefs.h */
#define PACKAGE_NAME "globus_gram_job_manager"
#define PACKAGE_TARNAME "globus_gram_job_manager"
#define PACKAGE_VERSION "14.27"
#define PACKAGE_STRING "globus_gram_job_manager 14.27"
#define PACKAGE_BUGREPORT "https://globus.atlassian.net/"
#define PACKAGE_URL ""
#define PACKAGE "globus_gram_job_manager"
#define VERSION "14.27"
#define STDC_HEADERS 1
#define HAVE_SYS_TYPES_H 1
#define HAVE_SYS_STAT_H 1
#define HAVE_STDLIB_H 1
#define HAVE_STRING_H 1
#define HAVE_MEMORY_H 1
#define HAVE_STRINGS_H 1
#define HAVE_INTTYPES_H 1
#define HAVE_STDINT_H 1
#define HAVE_UNISTD_H 1
#define HAVE_DLFCN_H 1
#define LT_OBJDIR ".libs/"

configure: exit 0
