This file contains any messages produced by compilers while
running configure, to aid debugging if configure makes a mistake.

It was created by globus_gram_job_manager_lsf configure 2.6, which was
generated by GNU Autoconf 2.69.  Invocation command line was

  $ ./configure --disable-option-checking --prefix=/home/esjung/gt6_inst --with-udt --enable-udt --cache-file=/dev/null --srcdir=.

## --------- ##
## Platform. ##
## --------- ##

hostname = vm2
uname -m = x86_64
uname -r = 2.6.32-573.el6.x86_64
uname -s = Linux
uname -v = #1 SMP Thu Jul 23 15:44:03 UTC 2015

/usr/bin/uname -p = unknown
/bin/uname -X     = unknown

/bin/arch              = x86_64
/usr/bin/arch -k       = unknown
/usr/convex/getsysinfo = unknown
/usr/bin/hostinfo      = unknown
/bin/machine           = unknown
/usr/bin/oslevel       = unknown
/bin/universe          = unknown

PATH: /home/esjung/bin
PATH: /home/esjung/gt6_inst/bin
PATH: /home/esjung/gt6_inst/sbin
PATH: /usr/lib64/qt-3.3/bin
PATH: /usr/local/bin
PATH: /usr/bin
PATH: /bin
PATH: /usr/local/sbin
PATH: /usr/sbin
PATH: /sbin


## ----------- ##
## Core tests. ##
## ----------- ##

configure:2224: checking for a BSD-compatible install
configure:2292: result: /usr/bin/install -c
configure:2303: checking whether build environment is sane
configure:2358: result: yes
configure:2509: checking for a thread-safe mkdir -p
configure:2548: result: /bin/mkdir -p
configure:2555: checking for gawk
configure:2571: found /usr/bin/gawk
configure:2582: result: gawk
configure:2593: checking whether make sets $(MAKE)
configure:2615: result: yes
configure:2644: checking whether make supports nested variables
configure:2661: result: yes
configure:2740: checking how to create a pax tar archive
configure:2751: tar --version
tar (GNU tar) 1.23
Copyright (C) 2010 Free Software Foundation, Inc.
License GPLv3+: GNU GPL version 3 or later <http://gnu.org/licenses/gpl.html>.
This is free software: you are free to change and redistribute it.
There is NO WARRANTY, to the extent permitted by law.

Written by John Gilmore and Jay Fenlason.
configure:2754: $? = 0
configure:2794: tardir=conftest.dir && eval tar --format=posix -chf - "$tardir" >conftest.tar
configure:2797: $? = 0
configure:2801: tar -xf - <conftest.tar
configure:2804: $? = 0
configure:2806: cat conftest.dir/file
GrepMe
configure:2809: $? = 0
configure:2822: result: gnutar
configure:2900: checking build system type
configure:2914: result: x86_64-unknown-linux-gnu
configure:2934: checking host system type
configure:2947: result: x86_64-unknown-linux-gnu
configure:2988: checking how to print strings
configure:3015: result: printf
configure:3048: checking for style of include used by make
configure:3076: result: GNU
configure:3147: checking for gcc
configure:3163: found /usr/bin/gcc
configure:3174: result: gcc
configure:3403: checking for C compiler version
configure:3412: gcc --version >&5
gcc (GCC) 4.4.7 20120313 (Red Hat 4.4.7-16)
Copyright (C) 2010 Free Software Foundation, Inc.
This is free software; see the source for copying conditions.  There is NO
warranty; not even for MERCHANTABILITY or FITNESS FOR A PARTICULAR PURPOSE.

configure:3423: $? = 0
configure:3412: gcc -v >&5
Using built-in specs.
Target: x86_64-redhat-linux
Configured with: ../configure --prefix=/usr --mandir=/usr/share/man --infodir=/usr/share/info --with-bugurl=http://bugzilla.redhat.com/bugzilla --enable-bootstrap --enable-shared --enable-threads=posix --enable-checking=release --with-system-zlib --enable-__cxa_atexit --disable-libunwind-exceptions --enable-gnu-unique-object --enable-languages=c,c++,objc,obj-c++,java,fortran,ada --enable-java-awt=gtk --disable-dssi --with-java-home=/usr/lib/jvm/java-1.5.0-gcj-1.5.0.0/jre --enable-libgcj-multifile --enable-java-maintainer-mode --with-ecj-jar=/usr/share/java/eclipse-ecj.jar --disable-libjava-multilib --with-ppl --with-cloog --with-tune=generic --with-arch_32=i686 --build=x86_64-redhat-linux
Thread model: posix
gcc version 4.4.7 20120313 (Red Hat 4.4.7-16) (GCC) 
configure:3423: $? = 0
configure:3412: gcc -V >&5
gcc: '-V' option must have argument
configure:3423: $? = 1
configure:3412: gcc -qversion >&5
gcc: unrecognized option '-qversion'
gcc: no input files
configure:3423: $? = 1
configure:3443: checking whether the C compiler works
configure:3465: gcc    conftest.c  >&5
configure:3469: $? = 0
configure:3517: result: yes
configure:3520: checking for C compiler default output file name
configure:3522: result: a.out
configure:3528: checking for suffix of executables
configure:3535: gcc -o conftest    conftest.c  >&5
configure:3539: $? = 0
configure:3561: result: 
configure:3583: checking whether we are cross compiling
configure:3591: gcc -o conftest    conftest.c  >&5
configure:3595: $? = 0
configure:3602: ./conftest
configure:3606: $? = 0
configure:3621: result: no
configure:3626: checking for suffix of object files
configure:3648: gcc -c   conftest.c >&5
configure:3652: $? = 0
configure:3673: result: o
configure:3677: checking whether we are using the GNU C compiler
configure:3696: gcc -c   conftest.c >&5
configure:3696: $? = 0
configure:3705: result: yes
configure:3714: checking whether gcc accepts -g
configure:3734: gcc -c -g  conftest.c >&5
configure:3734: $? = 0
configure:3775: result: yes
configure:3792: checking for gcc option to accept ISO C89
configure:3855: gcc  -c -g -O2  conftest.c >&5
configure:3855: $? = 0
configure:3868: result: none needed
configure:3893: checking whether gcc understands -c and -o together
configure:3915: gcc -c conftest.c -o conftest2.o
configure:3918: $? = 0
configure:3915: gcc -c conftest.c -o conftest2.o
configure:3918: $? = 0
configure:3930: result: yes
configure:3949: checking dependency style of gcc
configure:4060: result: gcc3
configure:4075: checking for a sed that does not truncate output
configure:4139: result: /bin/sed
configure:4157: checking for grep that handles long lines and -e
configure:4215: result: /bin/grep
configure:4220: checking for egrep
configure:4282: result: /bin/grep -E
configure:4287: checking for fgrep
configure:4349: result: /bin/grep -F
configure:4384: checking for ld used by gcc
configure:4451: result: /usr/bin/ld
configure:4458: checking if the linker (/usr/bin/ld) is GNU ld
configure:4473: result: yes
configure:4485: checking for BSD- or MS-compatible name lister (nm)
configure:4534: result: /usr/bin/nm -B
configure:4664: checking the name lister (/usr/bin/nm -B) interface
configure:4671: gcc -c -g -O2  conftest.c >&5
configure:4674: /usr/bin/nm -B "conftest.o"
configure:4677: output
0000000000000000 B some_variable
configure:4684: result: BSD nm
configure:4687: checking whether ln -s works
configure:4691: result: yes
configure:4699: checking the maximum length of command line arguments
configure:4829: result: 1966080
configure:4846: checking whether the shell understands some XSI constructs
configure:4856: result: yes
configure:4860: checking whether the shell understands "+="
configure:4866: result: yes
configure:4901: checking how to convert x86_64-unknown-linux-gnu file names to x86_64-unknown-linux-gnu format
configure:4941: result: func_convert_file_noop
configure:4948: checking how to convert x86_64-unknown-linux-gnu file names to toolchain format
configure:4968: result: func_convert_file_noop
configure:4975: checking for /usr/bin/ld option to reload object files
configure:4982: result: -r
configure:5056: checking for objdump
configure:5072: found /usr/bin/objdump
configure:5083: result: objdump
configure:5112: checking how to recognize dependent libraries
configure:5314: result: pass_all
configure:5399: checking for dlltool
configure:5429: result: no
configure:5456: checking how to associate runtime and link libraries
configure:5483: result: printf %s\n
configure:5544: checking for ar
configure:5560: found /usr/bin/ar
configure:5571: result: ar
configure:5608: checking for archiver @FILE support
configure:5625: gcc -c -g -O2  conftest.c >&5
configure:5625: $? = 0
configure:5628: ar cru libconftest.a @conftest.lst >&5
configure:5631: $? = 0
configure:5636: ar cru libconftest.a @conftest.lst >&5
ar: conftest.o: No such file or directory
configure:5639: $? = 1
configure:5651: result: @
configure:5709: checking for strip
configure:5725: found /usr/bin/strip
configure:5736: result: strip
configure:5808: checking for ranlib
configure:5824: found /usr/bin/ranlib
configure:5835: result: ranlib
configure:5937: checking command to parse /usr/bin/nm -B output from gcc object
configure:6057: gcc -c -g -O2  conftest.c >&5
configure:6060: $? = 0
configure:6064: /usr/bin/nm -B conftest.o \| sed -n -e 's/^.*[ ]\([ABCDGIRSTW][ABCDGIRSTW]*\)[ ][ ]*\([_A-Za-z][_A-Za-z0-9]*\)$/\1 \2 \2/p' | sed '/ __gnu_lto/d' \> conftest.nm
configure:6067: $? = 0
configure:6133: gcc -o conftest -g -O2   conftest.c conftstm.o >&5
configure:6136: $? = 0
configure:6174: result: ok
configure:6211: checking for sysroot
configure:6241: result: no
configure:6318: gcc -c -g -O2  conftest.c >&5
configure:6321: $? = 0
configure:6503: checking for mt
configure:6533: result: no
configure:6553: checking if : is a manifest tool
configure:6559: : '-?'
configure:6567: result: no
configure:7209: checking how to run the C preprocessor
configure:7240: gcc -E  conftest.c
configure:7240: $? = 0
configure:7254: gcc -E  conftest.c
conftest.c:11:28: error: ac_nonexistent.h: No such file or directory
configure:7254: $? = 1
configure: failed program was:
| /* confdefs.h */
| #define PACKAGE_NAME "globus_gram_job_manager_lsf"
| #define PACKAGE_TARNAME "globus_gram_job_manager_lsf"
| #define PACKAGE_VERSION "2.6"
| #define PACKAGE_STRING "globus_gram_job_manager_lsf 2.6"
| #define PACKAGE_BUGREPORT "https://globus.atlassian.net/"
| #define PACKAGE_URL ""
| #define PACKAGE "globus_gram_job_manager_lsf"
| #define VERSION "2.6"
| /* end confdefs.h.  */
| #include <ac_nonexistent.h>
configure:7279: result: gcc -E
configure:7299: gcc -E  conftest.c
configure:7299: $? = 0
configure:7313: gcc -E  conftest.c
conftest.c:11:28: error: ac_nonexistent.h: No such file or directory
configure:7313: $? = 1
configure: failed program was:
| /* confdefs.h */
| #define PACKAGE_NAME "globus_gram_job_manager_lsf"
| #define PACKAGE_TARNAME "globus_gram_job_manager_lsf"
| #define PACKAGE_VERSION "2.6"
| #define PACKAGE_STRING "globus_gram_job_manager_lsf 2.6"
| #define PACKAGE_BUGREPORT "https://globus.atlassian.net/"
| #define PACKAGE_URL ""
| #define PACKAGE "globus_gram_job_manager_lsf"
| #define VERSION "2.6"
| /* end confdefs.h.  */
| #include <ac_nonexistent.h>
configure:7342: checking for ANSI C header files
configure:7362: gcc -c -g -O2  conftest.c >&5
configure:7362: $? = 0
configure:7435: gcc -o conftest -g -O2   conftest.c  >&5
configure:7435: $? = 0
configure:7435: ./conftest
configure:7435: $? = 0
configure:7446: result: yes
configure:7459: checking for sys/types.h
configure:7459: gcc -c -g -O2  conftest.c >&5
configure:7459: $? = 0
configure:7459: result: yes
configure:7459: checking for sys/stat.h
configure:7459: gcc -c -g -O2  conftest.c >&5
configure:7459: $? = 0
configure:7459: result: yes
configure:7459: checking for stdlib.h
configure:7459: gcc -c -g -O2  conftest.c >&5
configure:7459: $? = 0
configure:7459: result: yes
configure:7459: checking for string.h
configure:7459: gcc -c -g -O2  conftest.c >&5
configure:7459: $? = 0
configure:7459: result: yes
configure:7459: checking for memory.h
configure:7459: gcc -c -g -O2  conftest.c >&5
configure:7459: $? = 0
configure:7459: result: yes
configure:7459: checking for strings.h
configure:7459: gcc -c -g -O2  conftest.c >&5
configure:7459: $? = 0
configure:7459: result: yes
configure:7459: checking for inttypes.h
configure:7459: gcc -c -g -O2  conftest.c >&5
configure:7459: $? = 0
configure:7459: result: yes
configure:7459: checking for stdint.h
configure:7459: gcc -c -g -O2  conftest.c >&5
configure:7459: $? = 0
configure:7459: result: yes
configure:7459: checking for unistd.h
configure:7459: gcc -c -g -O2  conftest.c >&5
configure:7459: $? = 0
configure:7459: result: yes
configure:7473: checking for dlfcn.h
configure:7473: gcc -c -g -O2  conftest.c >&5
configure:7473: $? = 0
configure:7473: result: yes
configure:7976: checking for objdir
configure:7991: result: .libs
configure:8262: checking if gcc supports -fno-rtti -fno-exceptions
configure:8280: gcc -c -g -O2  -fno-rtti -fno-exceptions conftest.c >&5
cc1: warning: command line option "-fno-rtti" is valid for C++/ObjC++ but not for C
configure:8284: $? = 0
configure:8297: result: no
configure:8624: checking for gcc option to produce PIC
configure:8631: result: -fPIC -DPIC
configure:8639: checking if gcc PIC flag -fPIC -DPIC works
configure:8657: gcc -c -g -O2  -fPIC -DPIC -DPIC conftest.c >&5
configure:8661: $? = 0
configure:8674: result: yes
configure:8703: checking if gcc static flag -static works
configure:8731: result: no
configure:8746: checking if gcc supports -c -o file.o
configure:8767: gcc -c -g -O2  -o out/conftest2.o conftest.c >&5
configure:8771: $? = 0
configure:8793: result: yes
configure:8801: checking if gcc supports -c -o file.o
configure:8848: result: yes
configure:8881: checking whether the gcc linker (/usr/bin/ld -m elf_x86_64) supports shared libraries
configure:10034: result: yes
configure:10071: checking whether -lc should be explicitly linked in
configure:10079: gcc -c -g -O2  conftest.c >&5
configure:10082: $? = 0
configure:10097: gcc -shared  -fPIC -DPIC conftest.o  -v -Wl,-soname -Wl,conftest -o conftest 2\>\&1 \| /bin/grep  -lc  \>/dev/null 2\>\&1
configure:10100: $? = 0
configure:10114: result: no
configure:10274: checking dynamic linker characteristics
configure:10785: gcc -o conftest -g -O2   -Wl,-rpath -Wl,/foo conftest.c  >&5
configure:10785: $? = 0
configure:11011: result: GNU/Linux ld.so
configure:11118: checking how to hardcode library paths into programs
configure:11143: result: immediate
configure:11237: checking for shl_load
configure:11237: gcc -o conftest -g -O2   conftest.c  >&5
/tmp/ccRj2VX3.o: In function `main':
/mnt/hgfs/SrcRepos/gt6-RAMSES_8_5/gram/jobmanager/lrms/lsf/source/conftest.c:57: undefined reference to `shl_load'
collect2: ld returned 1 exit status
configure:11237: $? = 1
configure: failed program was:
| /* confdefs.h */
| #define PACKAGE_NAME "globus_gram_job_manager_lsf"
| #define PACKAGE_TARNAME "globus_gram_job_manager_lsf"
| #define PACKAGE_VERSION "2.6"
| #define PACKAGE_STRING "globus_gram_job_manager_lsf 2.6"
| #define PACKAGE_BUGREPORT "https://globus.atlassian.net/"
| #define PACKAGE_URL ""
| #define PACKAGE "globus_gram_job_manager_lsf"
| #define VERSION "2.6"
| #define STDC_HEADERS 1
| #define HAVE_SYS_TYPES_H 1
| #define HAVE_SYS_STAT_H 1
| #define HAVE_STDLIB_H 1
| #define HAVE_STRING_H 1
| #define HAVE_MEMORY_H 1
| #define HAVE_STRINGS_H 1
| #define HAVE_INTTYPES_H 1
| #define HAVE_STDINT_H 1
| #define HAVE_UNISTD_H 1
| #define HAVE_DLFCN_H 1
| #define LT_OBJDIR ".libs/"
| /* end confdefs.h.  */
| /* Define shl_load to an innocuous variant, in case <limits.h> declares shl_load.
|    For example, HP-UX 11i <limits.h> declares gettimeofday.  */
| #define shl_load innocuous_shl_load
| 
| /* System header to define __stub macros and hopefully few prototypes,
|     which can conflict with char shl_load (); below.
|     Prefer <limits.h> to <assert.h> if __STDC__ is defined, since
|     <limits.h> exists even on freestanding compilers.  */
| 
| #ifdef __STDC__
| # include <limits.h>
| #else
| # include <assert.h>
| #endif
| 
| #undef shl_load
| 
| /* Override any GCC internal prototype to avoid an error.
|    Use char because int might match the return type of a GCC
|    builtin and then its argument prototype would still apply.  */
| #ifdef __cplusplus
| extern "C"
| #endif
| char shl_load ();
| /* The GNU C library defines this for functions which it implements
|     to always fail with ENOSYS.  Some functions are actually named
|     something starting with __ and the normal name is an alias.  */
| #if defined __stub_shl_load || defined __stub___shl_load
| choke me
| #endif
| 
| int
| main ()
| {
| return shl_load ();
|   ;
|   return 0;
| }
configure:11237: result: no
configure:11241: checking for shl_load in -ldld
configure:11266: gcc -o conftest -g -O2   conftest.c -ldld   >&5
/usr/bin/ld: cannot find -ldld
collect2: ld returned 1 exit status
configure:11266: $? = 1
configure: failed program was:
| /* confdefs.h */
| #define PACKAGE_NAME "globus_gram_job_manager_lsf"
| #define PACKAGE_TARNAME "globus_gram_job_manager_lsf"
| #define PACKAGE_VERSION "2.6"
| #define PACKAGE_STRING "globus_gram_job_manager_lsf 2.6"
| #define PACKAGE_BUGREPORT "https://globus.atlassian.net/"
| #define PACKAGE_URL ""
| #define PACKAGE "globus_gram_job_manager_lsf"
| #define VERSION "2.6"
| #define STDC_HEADERS 1
| #define HAVE_SYS_TYPES_H 1
| #define HAVE_SYS_STAT_H 1
| #define HAVE_STDLIB_H 1
| #define HAVE_STRING_H 1
| #define HAVE_MEMORY_H 1
| #define HAVE_STRINGS_H 1
| #define HAVE_INTTYPES_H 1
| #define HAVE_STDINT_H 1
| #define HAVE_UNISTD_H 1
| #define HAVE_DLFCN_H 1
| #define LT_OBJDIR ".libs/"
| /* end confdefs.h.  */
| 
| /* Override any GCC internal prototype to avoid an error.
|    Use char because int might match the return type of a GCC
|    builtin and then its argument prototype would still apply.  */
| #ifdef __cplusplus
| extern "C"
| #endif
| char shl_load ();
| int
| main ()
| {
| return shl_load ();
|   ;
|   return 0;
| }
configure:11275: result: no
configure:11280: checking for dlopen
configure:11280: gcc -o conftest -g -O2   conftest.c  >&5
/tmp/ccMcniLd.o: In function `main':
/mnt/hgfs/SrcRepos/gt6-RAMSES_8_5/gram/jobmanager/lrms/lsf/source/conftest.c:57: undefined reference to `dlopen'
collect2: ld returned 1 exit status
configure:11280: $? = 1
configure: failed program was:
| /* confdefs.h */
| #define PACKAGE_NAME "globus_gram_job_manager_lsf"
| #define PACKAGE_TARNAME "globus_gram_job_manager_lsf"
| #define PACKAGE_VERSION "2.6"
| #define PACKAGE_STRING "globus_gram_job_manager_lsf 2.6"
| #define PACKAGE_BUGREPORT "https://globus.atlassian.net/"
| #define PACKAGE_URL ""
| #define PACKAGE "globus_gram_job_manager_lsf"
| #define VERSION "2.6"
| #define STDC_HEADERS 1
| #define HAVE_SYS_TYPES_H 1
| #define HAVE_SYS_STAT_H 1
| #define HAVE_STDLIB_H 1
| #define HAVE_STRING_H 1
| #define HAVE_MEMORY_H 1
| #define HAVE_STRINGS_H 1
| #define HAVE_INTTYPES_H 1
| #define HAVE_STDINT_H 1
| #define HAVE_UNISTD_H 1
| #define HAVE_DLFCN_H 1
| #define LT_OBJDIR ".libs/"
| /* end confdefs.h.  */
| /* Define dlopen to an innocuous variant, in case <limits.h> declares dlopen.
|    For example, HP-UX 11i <limits.h> declares gettimeofday.  */
| #define dlopen innocuous_dlopen
| 
| /* System header to define __stub macros and hopefully few prototypes,
|     which can conflict with char dlopen (); below.
|     Prefer <limits.h> to <assert.h> if __STDC__ is defined, since
|     <limits.h> exists even on freestanding compilers.  */
| 
| #ifdef __STDC__
| # include <limits.h>
| #else
| # include <assert.h>
| #endif
| 
| #undef dlopen
| 
| /* Override any GCC internal prototype to avoid an error.
|    Use char because int might match the return type of a GCC
|    builtin and then its argument prototype would still apply.  */
| #ifdef __cplusplus
| extern "C"
| #endif
| char dlopen ();
| /* The GNU C library defines this for functions which it implements
|     to always fail with ENOSYS.  Some functions are actually named
|     something starting with __ and the normal name is an alias.  */
| #if defined __stub_dlopen || defined __stub___dlopen
| choke me
| #endif
| 
| int
| main ()
| {
| return dlopen ();
|   ;
|   return 0;
| }
configure:11280: result: no
configure:11284: checking for dlopen in -ldl
configure:11309: gcc -o conftest -g -O2   conftest.c -ldl   >&5
configure:11309: $? = 0
configure:11318: result: yes
configure:11437: checking whether a program can dlopen itself
configure:11517: gcc -o conftest -g -O2  -DHAVE_DLFCN_H  -Wl,--export-dynamic conftest.c -ldl  >&5
configure:11520: $? = 0
configure:11538: result: yes
configure:11543: checking whether a statically linked program can dlopen itself
configure:11623: gcc -o conftest -g -O2  -DHAVE_DLFCN_H  -Wl,--export-dynamic  conftest.c -ldl  >&5
configure:11626: $? = 0
configure:11644: result: yes
configure:11683: checking whether stripping libraries is possible
configure:11688: result: yes
configure:11723: checking if libtool supports shared libraries
configure:11725: result: yes
configure:11728: checking whether to build shared libraries
configure:11749: result: yes
configure:11752: checking whether to build static libraries
configure:11756: result: yes
configure:11854: checking for pkg-config
configure:11872: found /usr/bin/pkg-config
configure:11884: result: /usr/bin/pkg-config
configure:11909: checking pkg-config is at least version 0.9.0
configure:11912: result: yes
configure:11922: checking for PACKAGE_DEP
configure:11929: $PKG_CONFIG --exists --print-errors "$PACKAGE_DEPS"
configure:11932: $? = 0
configure:11946: $PKG_CONFIG --exists --print-errors "$PACKAGE_DEPS"
configure:11949: $? = 0
configure:12007: result: yes
configure:12014: checking for mpiexec
configure:12045: result: no
configure:12054: WARNING: Cannot locate mpiexec
configure:12060: checking for mpirun
configure:12091: result: no
configure:12100: WARNING: Cannot locate mpirun
configure:12110: WARNING: Using default lsf profile of /etc/profile.lsf
configure:12118: WARNING: Unable to read lsf.profile, manual configuration needed
configure:12126: checking for bsub
configure:12157: result: no
configure:12166: WARNING: Cannot locate bsub
configure:12172: checking for bqueues
configure:12203: result: no
configure:12212: WARNING: Cannot locate bqueues
configure:12218: checking for bjobs
configure:12249: result: no
configure:12258: WARNING: Cannot locate bjobs
configure:12264: checking for bkill
configure:12295: result: no
configure:12304: WARNING: Cannot locate bkill
configure:12310: checking for bhist
configure:12341: result: no
configure:12350: WARNING: Cannot locate bhist
configure:12356: checking for bacct
configure:12387: result: no
configure:12396: WARNING: Cannot locate bacct
configure:12621: checking that generated files are newer than configure
configure:12627: result: done
configure:12654: creating ./config.status

## ---------------------- ##
## Running config.status. ##
## ---------------------- ##

This file was extended by globus_gram_job_manager_lsf config.status 2.6, which was
generated by GNU Autoconf 2.69.  Invocation command line was

  CONFIG_FILES    = 
  CONFIG_HEADERS  = 
  CONFIG_LINKS    = 
  CONFIG_COMMANDS = 
  $ ./config.status 

on vm2

config.status:1072: creating globus-gram-job-manager-lsf-uninstalled.pc
config.status:1072: creating globus-gram-job-manager-lsf.pc
config.status:1072: creating globus-lsf.conf
config.status:1072: creating Makefile
config.status:1072: creating seg/Makefile
config.status:1072: creating version.h
config.status:1244: executing depfiles commands
config.status:1244: executing libtool commands

## ---------------- ##
## Cache variables. ##
## ---------------- ##

ac_cv_build=x86_64-unknown-linux-gnu
ac_cv_c_compiler_gnu=yes
ac_cv_env_CC_set=
ac_cv_env_CC_value=
ac_cv_env_CFLAGS_set=
ac_cv_env_CFLAGS_value=
ac_cv_env_CPPFLAGS_set=
ac_cv_env_CPPFLAGS_value=
ac_cv_env_CPP_set=
ac_cv_env_CPP_value=
ac_cv_env_LDFLAGS_set=
ac_cv_env_LDFLAGS_value=
ac_cv_env_LIBS_set=
ac_cv_env_LIBS_value=
ac_cv_env_PACKAGE_DEP_CFLAGS_set=
ac_cv_env_PACKAGE_DEP_CFLAGS_value=
ac_cv_env_PACKAGE_DEP_LIBS_set=
ac_cv_env_PACKAGE_DEP_LIBS_value=
ac_cv_env_PKG_CONFIG_LIBDIR_set=
ac_cv_env_PKG_CONFIG_LIBDIR_value=
ac_cv_env_PKG_CONFIG_PATH_set=set
ac_cv_env_PKG_CONFIG_PATH_value=/mnt/hgfs/SrcRepos/gt6-RAMSES_8_5/common/source:/mnt/hgfs/SrcRepos/gt6-RAMSES_8_5/xio/src:/mnt/hgfs/SrcRepos/gt6-RAMSES_8_5/gridftp/gfork/source:/mnt/hgfs/SrcRepos/gt6-RAMSES_8_5/gsi/openssl_error/source:/mnt/hgfs/SrcRepos/gt6-RAMSES_8_5/gsi/proxy/proxy_ssl/source:/mnt/hgfs/SrcRepos/gt6-RAMSES_8_5/gsi/openssl_module/source:/mnt/hgfs/SrcRepos/gt6-RAMSES_8_5/gsi/cert_utils/source:/mnt/hgfs/SrcRepos/gt6-RAMSES_8_5/gsi/sysconfig/source:/mnt/hgfs/SrcRepos/gt6-RAMSES_8_5/callout/source:/mnt/hgfs/SrcRepos/gt6-RAMSES_8_5/gsi/callback/source:/mnt/hgfs/SrcRepos/gt6-RAMSES_8_5/gsi/credential/source:/mnt/hgfs/SrcRepos/gt6-RAMSES_8_5/gsi/proxy/proxy_core/source:/mnt/hgfs/SrcRepos/gt6-RAMSES_8_5/gsi/gssapi/source:/mnt/hgfs/SrcRepos/gt6-RAMSES_8_5/gsi/gss_assist/source:/mnt/hgfs/SrcRepos/gt6-RAMSES_8_5/gsi/gssapi_error/source:/mnt/hgfs/SrcRepos/gt6-RAMSES_8_5/xio/drivers/gsi:/mnt/hgfs/SrcRepos/gt6-RAMSES_8_5/io/compat:/mnt/hgfs/SrcRepos/gt6-RAMSES_8_5/gridftp/control/source:/mnt/hgfs/SrcRepos/gt6-RAMSES_8_5/usage/c/sender/source:/mnt/hgfs/SrcRepos/gt6-RAMSES_8_5/xio/drivers/pipe/source:/mnt/hgfs/SrcRepos/gt6-RAMSES_8_5/gridftp/server-lib/src:/mnt/hgfs/SrcRepos/gt6-RAMSES_8_5/gsi/authz/error:/mnt/hgfs/SrcRepos/gt6-RAMSES_8_5/gsi/authz/source:/mnt/hgfs/SrcRepos/gt6-RAMSES_8_5/xio/drivers/rate/source:/mnt/hgfs/SrcRepos/gt6-RAMSES_8_5/xio/drivers/popen/source:/mnt/hgfs/SrcRepos/gt6-RAMSES_8_5/xio/drivers/udt/source:/mnt/hgfs/SrcRepos/gt6-RAMSES_8_5/gridftp/net_manager:/mnt/hgfs/SrcRepos/gt6-RAMSES_8_5/gridftp/server/src:/mnt/hgfs/SrcRepos/gt6-RAMSES_8_5/gram/protocol/source:/mnt/hgfs/SrcRepos/gt6-RAMSES_8_5/gram/jobmanager/scheduler_event_generator/source:/mnt/hgfs/SrcRepos/gt6-RAMSES_8_5/gram/jobmanager/lrms/lsf/source:/mnt/hgfs/SrcRepos/gt6-RAMSES_8_5/gass/transfer/source:/mnt/hgfs/SrcRepos/gt6-RAMSES_8_5/gridftp/client/source:/mnt/hgfs/SrcRepos/gt6-RAMSES_8_5/gass/copy/source:/mnt/hgfs/SrcRepos/gt6-RAMSES_8_5/gass/cache/source:/mnt/hgfs/SrcRepos/gt6-RAMSES_8_5/gram/rsl/source:/mnt/hgfs/SrcRepos/gt6-RAMSES_8_5/gram/jobmanager/callout_error:/mnt/hgfs/SrcRepos/gt6-RAMSES_8_5/gridftp/server/multi/source:/mnt/hgfs/SrcRepos/gt6-RAMSES_8_5/gsi/simple_ca/source:/mnt/hgfs/SrcRepos/gt6-RAMSES_8_5/gram/jobmanager/lrms/sge/source:/mnt/hgfs/SrcRepos/gt6-RAMSES_8_5/gram/jobmanager/scripts:/mnt/hgfs/SrcRepos/gt6-RAMSES_8_5/gram/jobmanager/lrms/slurm/source:/mnt/hgfs/SrcRepos/gt6-RAMSES_8_5/gsi/gridmap_callout/error:/mnt/hgfs/SrcRepos/gt6-RAMSES_8_5/gsi/gridmap_callout/source:/mnt/hgfs/SrcRepos/gt6-RAMSES_8_5/gass/server_ez/source:/mnt/hgfs/SrcRepos/gt6-RAMSES_8_5/gridftp/gridftp_driver/source:/mnt/hgfs/SrcRepos/gt6-RAMSES_8_5/gram/jobmanager/lrms/fork/source:/mnt/hgfs/SrcRepos/gt6-RAMSES_8_5/gsi/gridmap_verify_myproxy_callout:/mnt/hgfs/SrcRepos/gt6-RAMSES_8_5/gsi/gridmap_eppn_callout:/mnt/hgfs/SrcRepos/gt6-RAMSES_8_5/gram/jobmanager/lrms/condor/source:/mnt/hgfs/SrcRepos/gt6-RAMSES_8_5/gsi/proxy/proxy_utils/source:/mnt/hgfs/SrcRepos/gt6-RAMSES_8_5/gram/client/source:/mnt/hgfs/SrcRepos/gt6-RAMSES_8_5/xio/xioperf/source:/mnt/hgfs/SrcRepos/gt6-RAMSES_8_5/gram/gatekeeper/source:/mnt/hgfs/SrcRepos/gt6-RAMSES_8_5/gass/cache_program/source:/mnt/hgfs/SrcRepos/gt6-RAMSES_8_5/gram/jobmanager/lrms/pbs/source:/mnt/hgfs/SrcRepos/gt6-RAMSES_8_5/gram/jobmanager/auditing/source:/mnt/hgfs/SrcRepos/gt6-RAMSES_8_5/myproxy/source:/mnt/hgfs/SrcRepos/gt6-RAMSES_8_5/gsi_openssh/source:/mnt/hgfs/SrcRepos/gt6-RAMSES_8_5/gram/client_tools/source:/mnt/hgfs/SrcRepos/gt6-RAMSES_8_5/gram/jobmanager/source:/mnt/hgfs/SrcRepos/gt6-RAMSES_8_5/gridftp/hdfs
ac_cv_env_PKG_CONFIG_set=
ac_cv_env_PKG_CONFIG_value=
ac_cv_env_build_alias_set=
ac_cv_env_build_alias_value=
ac_cv_env_host_alias_set=
ac_cv_env_host_alias_value=
ac_cv_env_target_alias_set=
ac_cv_env_target_alias_value=
ac_cv_func_dlopen=no
ac_cv_func_shl_load=no
ac_cv_header_dlfcn_h=yes
ac_cv_header_inttypes_h=yes
ac_cv_header_memory_h=yes
ac_cv_header_stdc=yes
ac_cv_header_stdint_h=yes
ac_cv_header_stdlib_h=yes
ac_cv_header_string_h=yes
ac_cv_header_strings_h=yes
ac_cv_header_sys_stat_h=yes
ac_cv_header_sys_types_h=yes
ac_cv_header_unistd_h=yes
ac_cv_host=x86_64-unknown-linux-gnu
ac_cv_lib_dl_dlopen=yes
ac_cv_lib_dld_shl_load=no
ac_cv_objext=o
ac_cv_path_BACCT=no
ac_cv_path_BHIST=no
ac_cv_path_BJOBS=no
ac_cv_path_BKILL=no
ac_cv_path_BQUEUES=no
ac_cv_path_BSUB=no
ac_cv_path_EGREP='/bin/grep -E'
ac_cv_path_FGREP='/bin/grep -F'
ac_cv_path_GREP=/bin/grep
ac_cv_path_MPIEXEC=no
ac_cv_path_MPIRUN=no
ac_cv_path_SED=/bin/sed
ac_cv_path_ac_pt_PKG_CONFIG=/usr/bin/pkg-config
ac_cv_path_install='/usr/bin/install -c'
ac_cv_path_mkdir=/bin/mkdir
ac_cv_prog_AWK=gawk
ac_cv_prog_CPP='gcc -E'
ac_cv_prog_ac_ct_AR=ar
ac_cv_prog_ac_ct_CC=gcc
ac_cv_prog_ac_ct_OBJDUMP=objdump
ac_cv_prog_ac_ct_RANLIB=ranlib
ac_cv_prog_ac_ct_STRIP=strip
ac_cv_prog_cc_c89=
ac_cv_prog_cc_g=yes
ac_cv_prog_make_make_set=yes
am_cv_CC_dependencies_compiler_type=gcc3
am_cv_make_support_nested_variables=yes
am_cv_prog_cc_c_o=yes
am_cv_prog_tar_pax=gnutar
lt_cv_ar_at_file=@
lt_cv_archive_cmds_need_lc=no
lt_cv_deplibs_check_method=pass_all
lt_cv_dlopen=dlopen
lt_cv_dlopen_libs=-ldl
lt_cv_dlopen_self=yes
lt_cv_dlopen_self_static=yes
lt_cv_file_magic_cmd='$MAGIC_CMD'
lt_cv_file_magic_test_file=
lt_cv_ld_reload_flag=-r
lt_cv_nm_interface='BSD nm'
lt_cv_objdir=.libs
lt_cv_path_LD=/usr/bin/ld
lt_cv_path_NM='/usr/bin/nm -B'
lt_cv_path_mainfest_tool=no
lt_cv_prog_compiler_c_o=yes
lt_cv_prog_compiler_pic='-fPIC -DPIC'
lt_cv_prog_compiler_pic_works=yes
lt_cv_prog_compiler_rtti_exceptions=no
lt_cv_prog_compiler_static_works=no
lt_cv_prog_gnu_ld=yes
lt_cv_sharedlib_from_linklib_cmd='printf %s\n'
lt_cv_shlibpath_overrides_runpath=no
lt_cv_sys_global_symbol_pipe='sed -n -e '\''s/^.*[	 ]\([ABCDGIRSTW][ABCDGIRSTW]*\)[	 ][	 ]*\([_A-Za-z][_A-Za-z0-9]*\)$/\1 \2 \2/p'\'' | sed '\''/ __gnu_lto/d'\'''
lt_cv_sys_global_symbol_to_c_name_address='sed -n -e '\''s/^: \([^ ]*\)[ ]*$/  {\"\1\", (void *) 0},/p'\'' -e '\''s/^[ABCDGIRSTW]* \([^ ]*\) \([^ ]*\)$/  {"\2", (void *) \&\2},/p'\'''
lt_cv_sys_global_symbol_to_c_name_address_lib_prefix='sed -n -e '\''s/^: \([^ ]*\)[ ]*$/  {\"\1\", (void *) 0},/p'\'' -e '\''s/^[ABCDGIRSTW]* \([^ ]*\) \(lib[^ ]*\)$/  {"\2", (void *) \&\2},/p'\'' -e '\''s/^[ABCDGIRSTW]* \([^ ]*\) \([^ ]*\)$/  {"lib\2", (void *) \&\2},/p'\'''
lt_cv_sys_global_symbol_to_cdecl='sed -n -e '\''s/^T .* \(.*\)$/extern int \1();/p'\'' -e '\''s/^[ABCDGIRSTW]* .* \(.*\)$/extern char \1;/p'\'''
lt_cv_sys_max_cmd_len=1966080
lt_cv_to_host_file_cmd=func_convert_file_noop
lt_cv_to_tool_file_cmd=func_convert_file_noop
pkg_cv_PACKAGE_DEP_CFLAGS='-g -O2 -pthread -I/mnt/hgfs/SrcRepos/gt6-RAMSES_8_5/common/source -I/mnt/hgfs/SrcRepos/gt6-RAMSES_8_5/common/source/library -I/mnt/hgfs/SrcRepos/gt6-RAMSES_8_5/xio/src -I/mnt/hgfs/SrcRepos/gt6-RAMSES_8_5/xio/src/builtins/file -I/mnt/hgfs/SrcRepos/gt6-RAMSES_8_5/xio/src/builtins/http -I/mnt/hgfs/SrcRepos/gt6-RAMSES_8_5/xio/src/builtins/mode_e -I/mnt/hgfs/SrcRepos/gt6-RAMSES_8_5/xio/src/builtins/ordering -I/mnt/hgfs/SrcRepos/gt6-RAMSES_8_5/xio/src/builtins/queue -I/mnt/hgfs/SrcRepos/gt6-RAMSES_8_5/xio/src/builtins/tcp -I/mnt/hgfs/SrcRepos/gt6-RAMSES_8_5/xio/src/builtins/telnet -I/mnt/hgfs/SrcRepos/gt6-RAMSES_8_5/xio/src/builtins/udp -I/mnt/hgfs/SrcRepos/gt6-RAMSES_8_5/gsi/openssl_error/source -I/mnt/hgfs/SrcRepos/gt6-RAMSES_8_5/gsi/openssl_error/source/library -I/mnt/hgfs/SrcRepos/gt6-RAMSES_8_5/gsi/proxy/proxy_ssl/source -I/mnt/hgfs/SrcRepos/gt6-RAMSES_8_5/gsi/proxy/proxy_ssl/source/library -I/mnt/hgfs/SrcRepos/gt6-RAMSES_8_5/gsi/openssl_module/source/library -I/mnt/hgfs/SrcRepos/gt6-RAMSES_8_5/gsi/cert_utils/source/library -I/mnt/hgfs/SrcRepos/gt6-RAMSES_8_5/gsi/sysconfig/source/library -I/mnt/hgfs/SrcRepos/gt6-RAMSES_8_5/callout/source/library -I/mnt/hgfs/SrcRepos/gt6-RAMSES_8_5/gsi/callback/source/library -I/mnt/hgfs/SrcRepos/gt6-RAMSES_8_5/gsi/credential/source/library -I/mnt/hgfs/SrcRepos/gt6-RAMSES_8_5/gsi/proxy/proxy_core/source/library -I/mnt/hgfs/SrcRepos/gt6-RAMSES_8_5/gsi/gssapi/source/library -I/mnt/hgfs/SrcRepos/gt6-RAMSES_8_5/gsi/gss_assist/source -I/mnt/hgfs/SrcRepos/gt6-RAMSES_8_5/gsi/gssapi_error/source/library -I/mnt/hgfs/SrcRepos/gt6-RAMSES_8_5/xio/drivers/gsi -I/mnt/hgfs/SrcRepos/gt6-RAMSES_8_5/io/compat -I/mnt/hgfs/SrcRepos/gt6-RAMSES_8_5/gram/protocol/source -I/mnt/hgfs/SrcRepos/gt6-RAMSES_8_5/gram/jobmanager/scheduler_event_generator/source  '
pkg_cv_PACKAGE_DEP_LIBS='/mnt/hgfs/SrcRepos/gt6-RAMSES_8_5/common/source/library/libglobus_common.la /mnt/hgfs/SrcRepos/gt6-RAMSES_8_5/gram/jobmanager/scheduler_event_generator/source/libglobus_scheduler_event_generator.la  '

## ----------------- ##
## Output variables. ##
## ----------------- ##

ACLOCAL='${SHELL} /mnt/hgfs/SrcRepos/gt6-RAMSES_8_5/gram/jobmanager/lrms/lsf/source/build-aux/missing aclocal-1.14'
AGE_VERSION='1'
AMDEPBACKSLASH='\'
AMDEP_FALSE='#'
AMDEP_TRUE=''
AMTAR='$${TAR-tar}'
AM_BACKSLASH='\'
AM_DEFAULT_V='$(AM_DEFAULT_VERBOSITY)'
AM_DEFAULT_VERBOSITY='1'
AM_V='$(V)'
AR='ar'
AS='as'
AUTOCONF='${SHELL} /mnt/hgfs/SrcRepos/gt6-RAMSES_8_5/gram/jobmanager/lrms/lsf/source/build-aux/missing autoconf'
AUTOHEADER='${SHELL} /mnt/hgfs/SrcRepos/gt6-RAMSES_8_5/gram/jobmanager/lrms/lsf/source/build-aux/missing autoheader'
AUTOMAKE='${SHELL} /mnt/hgfs/SrcRepos/gt6-RAMSES_8_5/gram/jobmanager/lrms/lsf/source/build-aux/missing automake-1.14'
AWK='gawk'
BACCT='no'
BHIST='no'
BJOBS='no'
BKILL='no'
BQUEUES='no'
BSUB='no'
CC='gcc'
CCDEPMODE='depmode=gcc3'
CFLAGS='-g -O2'
CPP='gcc -E'
CPPFLAGS=''
CYGPATH_W='echo'
DEFS='-DPACKAGE_NAME=\"globus_gram_job_manager_lsf\" -DPACKAGE_TARNAME=\"globus_gram_job_manager_lsf\" -DPACKAGE_VERSION=\"2.6\" -DPACKAGE_STRING=\"globus_gram_job_manager_lsf\ 2.6\" -DPACKAGE_BUGREPORT=\"https://globus.atlassian.net/\" -DPACKAGE_URL=\"\" -DPACKAGE=\"globus_gram_job_manager_lsf\" -DVERSION=\"2.6\" -DSTDC_HEADERS=1 -DHAVE_SYS_TYPES_H=1 -DHAVE_SYS_STAT_H=1 -DHAVE_STDLIB_H=1 -DHAVE_STRING_H=1 -DHAVE_MEMORY_H=1 -DHAVE_STRINGS_H=1 -DHAVE_INTTYPES_H=1 -DHAVE_STDINT_H=1 -DHAVE_UNISTD_H=1 -DHAVE_DLFCN_H=1 -DLT_OBJDIR=\".libs/\"'
DEPDIR='.deps'
DIRT_BRANCH_ID='85'
DIRT_TIMESTAMP='1439213997'
DLLTOOL='false'
DSYMUTIL=''
DUMPBIN=''
ECHO_C=''
ECHO_N='-n'
ECHO_T=''
EGREP='/bin/grep -E'
EXEEXT=''
FGREP='/bin/grep -F'
GREP='/bin/grep'
INSTALL_DATA='${INSTALL} -m 644'
INSTALL_PROGRAM='${INSTALL}'
INSTALL_SCRIPT='${INSTALL}'
INSTALL_STRIP_PROGRAM='$(install_sh) -c -s'
LD='/usr/bin/ld -m elf_x86_64'
LDFLAGS=''
LIBOBJS=''
LIBS=''
LIBTOOL='$(SHELL) $(top_builddir)/libtool'
LIPO=''
LN_S='ln -s'
LSF_LOG_PATH='no'
LSF_PROFILE='/etc/profile.lsf'
LTLIBOBJS=''
MAJOR_VERSION='2'
MAKEINFO='${SHELL} /mnt/hgfs/SrcRepos/gt6-RAMSES_8_5/gram/jobmanager/lrms/lsf/source/build-aux/missing makeinfo'
MANIFEST_TOOL=':'
MINOR_VERSION='6'
MKDIR_P='/bin/mkdir -p'
MPIEXEC='no'
MPIRUN='no'
NM='/usr/bin/nm -B'
NMEDIT=''
OBJDUMP='objdump'
OBJEXT='o'
OTOOL64=''
OTOOL=''
PACKAGE='globus_gram_job_manager_lsf'
PACKAGE_BUGREPORT='https://globus.atlassian.net/'
PACKAGE_DEPS='globus-common >= 14, globus-scheduler-event-generator >= 4'
PACKAGE_DEP_CFLAGS='-g -O2 -pthread -I/mnt/hgfs/SrcRepos/gt6-RAMSES_8_5/common/source -I/mnt/hgfs/SrcRepos/gt6-RAMSES_8_5/common/source/library -I/mnt/hgfs/SrcRepos/gt6-RAMSES_8_5/xio/src -I/mnt/hgfs/SrcRepos/gt6-RAMSES_8_5/xio/src/builtins/file -I/mnt/hgfs/SrcRepos/gt6-RAMSES_8_5/xio/src/builtins/http -I/mnt/hgfs/SrcRepos/gt6-RAMSES_8_5/xio/src/builtins/mode_e -I/mnt/hgfs/SrcRepos/gt6-RAMSES_8_5/xio/src/builtins/ordering -I/mnt/hgfs/SrcRepos/gt6-RAMSES_8_5/xio/src/builtins/queue -I/mnt/hgfs/SrcRepos/gt6-RAMSES_8_5/xio/src/builtins/tcp -I/mnt/hgfs/SrcRepos/gt6-RAMSES_8_5/xio/src/builtins/telnet -I/mnt/hgfs/SrcRepos/gt6-RAMSES_8_5/xio/src/builtins/udp -I/mnt/hgfs/SrcRepos/gt6-RAMSES_8_5/gsi/openssl_error/source -I/mnt/hgfs/SrcRepos/gt6-RAMSES_8_5/gsi/openssl_error/source/library -I/mnt/hgfs/SrcRepos/gt6-RAMSES_8_5/gsi/proxy/proxy_ssl/source -I/mnt/hgfs/SrcRepos/gt6-RAMSES_8_5/gsi/proxy/proxy_ssl/source/library -I/mnt/hgfs/SrcRepos/gt6-RAMSES_8_5/gsi/openssl_module/source/library -I/mnt/hgfs/SrcRepos/gt6-RAMSES_8_5/gsi/cert_utils/source/library -I/mnt/hgfs/SrcRepos/gt6-RAMSES_8_5/gsi/sysconfig/source/library -I/mnt/hgfs/SrcRepos/gt6-RAMSES_8_5/callout/source/library -I/mnt/hgfs/SrcRepos/gt6-RAMSES_8_5/gsi/callback/source/library -I/mnt/hgfs/SrcRepos/gt6-RAMSES_8_5/gsi/credential/source/library -I/mnt/hgfs/SrcRepos/gt6-RAMSES_8_5/gsi/proxy/proxy_core/source/library -I/mnt/hgfs/SrcRepos/gt6-RAMSES_8_5/gsi/gssapi/source/library -I/mnt/hgfs/SrcRepos/gt6-RAMSES_8_5/gsi/gss_assist/source -I/mnt/hgfs/SrcRepos/gt6-RAMSES_8_5/gsi/gssapi_error/source/library -I/mnt/hgfs/SrcRepos/gt6-RAMSES_8_5/xio/drivers/gsi -I/mnt/hgfs/SrcRepos/gt6-RAMSES_8_5/io/compat -I/mnt/hgfs/SrcRepos/gt6-RAMSES_8_5/gram/protocol/source -I/mnt/hgfs/SrcRepos/gt6-RAMSES_8_5/gram/jobmanager/scheduler_event_generator/source  '
PACKAGE_DEP_LIBS='/mnt/hgfs/SrcRepos/gt6-RAMSES_8_5/common/source/library/libglobus_common.la /mnt/hgfs/SrcRepos/gt6-RAMSES_8_5/gram/jobmanager/scheduler_event_generator/source/libglobus_scheduler_event_generator.la  '
PACKAGE_NAME='globus_gram_job_manager_lsf'
PACKAGE_STRING='globus_gram_job_manager_lsf 2.6'
PACKAGE_TARNAME='globus_gram_job_manager_lsf'
PACKAGE_URL=''
PACKAGE_VERSION='2.6'
PATH_SEPARATOR=':'
PKG_CONFIG='/usr/bin/pkg-config'
PKG_CONFIG_LIBDIR=''
PKG_CONFIG_PATH='/mnt/hgfs/SrcRepos/gt6-RAMSES_8_5/common/source:/mnt/hgfs/SrcRepos/gt6-RAMSES_8_5/xio/src:/mnt/hgfs/SrcRepos/gt6-RAMSES_8_5/gridftp/gfork/source:/mnt/hgfs/SrcRepos/gt6-RAMSES_8_5/gsi/openssl_error/source:/mnt/hgfs/SrcRepos/gt6-RAMSES_8_5/gsi/proxy/proxy_ssl/source:/mnt/hgfs/SrcRepos/gt6-RAMSES_8_5/gsi/openssl_module/source:/mnt/hgfs/SrcRepos/gt6-RAMSES_8_5/gsi/cert_utils/source:/mnt/hgfs/SrcRepos/gt6-RAMSES_8_5/gsi/sysconfig/source:/mnt/hgfs/SrcRepos/gt6-RAMSES_8_5/callout/source:/mnt/hgfs/SrcRepos/gt6-RAMSES_8_5/gsi/callback/source:/mnt/hgfs/SrcRepos/gt6-RAMSES_8_5/gsi/credential/source:/mnt/hgfs/SrcRepos/gt6-RAMSES_8_5/gsi/proxy/proxy_core/source:/mnt/hgfs/SrcRepos/gt6-RAMSES_8_5/gsi/gssapi/source:/mnt/hgfs/SrcRepos/gt6-RAMSES_8_5/gsi/gss_assist/source:/mnt/hgfs/SrcRepos/gt6-RAMSES_8_5/gsi/gssapi_error/source:/mnt/hgfs/SrcRepos/gt6-RAMSES_8_5/xio/drivers/gsi:/mnt/hgfs/SrcRepos/gt6-RAMSES_8_5/io/compat:/mnt/hgfs/SrcRepos/gt6-RAMSES_8_5/gridftp/control/source:/mnt/hgfs/SrcRepos/gt6-RAMSES_8_5/usage/c/sender/source:/mnt/hgfs/SrcRepos/gt6-RAMSES_8_5/xio/drivers/pipe/source:/mnt/hgfs/SrcRepos/gt6-RAMSES_8_5/gridftp/server-lib/src:/mnt/hgfs/SrcRepos/gt6-RAMSES_8_5/gsi/authz/error:/mnt/hgfs/SrcRepos/gt6-RAMSES_8_5/gsi/authz/source:/mnt/hgfs/SrcRepos/gt6-RAMSES_8_5/xio/drivers/rate/source:/mnt/hgfs/SrcRepos/gt6-RAMSES_8_5/xio/drivers/popen/source:/mnt/hgfs/SrcRepos/gt6-RAMSES_8_5/xio/drivers/udt/source:/mnt/hgfs/SrcRepos/gt6-RAMSES_8_5/gridftp/net_manager:/mnt/hgfs/SrcRepos/gt6-RAMSES_8_5/gridftp/server/src:/mnt/hgfs/SrcRepos/gt6-RAMSES_8_5/gram/protocol/source:/mnt/hgfs/SrcRepos/gt6-RAMSES_8_5/gram/jobmanager/scheduler_event_generator/source:/mnt/hgfs/SrcRepos/gt6-RAMSES_8_5/gram/jobmanager/lrms/lsf/source:/mnt/hgfs/SrcRepos/gt6-RAMSES_8_5/gass/transfer/source:/mnt/hgfs/SrcRepos/gt6-RAMSES_8_5/gridftp/client/source:/mnt/hgfs/SrcRepos/gt6-RAMSES_8_5/gass/copy/source:/mnt/hgfs/SrcRepos/gt6-RAMSES_8_5/gass/cache/source:/mnt/hgfs/SrcRepos/gt6-RAMSES_8_5/gram/rsl/source:/mnt/hgfs/SrcRepos/gt6-RAMSES_8_5/gram/jobmanager/callout_error:/mnt/hgfs/SrcRepos/gt6-RAMSES_8_5/gridftp/server/multi/source:/mnt/hgfs/SrcRepos/gt6-RAMSES_8_5/gsi/simple_ca/source:/mnt/hgfs/SrcRepos/gt6-RAMSES_8_5/gram/jobmanager/lrms/sge/source:/mnt/hgfs/SrcRepos/gt6-RAMSES_8_5/gram/jobmanager/scripts:/mnt/hgfs/SrcRepos/gt6-RAMSES_8_5/gram/jobmanager/lrms/slurm/source:/mnt/hgfs/SrcRepos/gt6-RAMSES_8_5/gsi/gridmap_callout/error:/mnt/hgfs/SrcRepos/gt6-RAMSES_8_5/gsi/gridmap_callout/source:/mnt/hgfs/SrcRepos/gt6-RAMSES_8_5/gass/server_ez/source:/mnt/hgfs/SrcRepos/gt6-RAMSES_8_5/gridftp/gridftp_driver/source:/mnt/hgfs/SrcRepos/gt6-RAMSES_8_5/gram/jobmanager/lrms/fork/source:/mnt/hgfs/SrcRepos/gt6-RAMSES_8_5/gsi/gridmap_verify_myproxy_callout:/mnt/hgfs/SrcRepos/gt6-RAMSES_8_5/gsi/gridmap_eppn_callout:/mnt/hgfs/SrcRepos/gt6-RAMSES_8_5/gram/jobmanager/lrms/condor/source:/mnt/hgfs/SrcRepos/gt6-RAMSES_8_5/gsi/proxy/proxy_utils/source:/mnt/hgfs/SrcRepos/gt6-RAMSES_8_5/gram/client/source:/mnt/hgfs/SrcRepos/gt6-RAMSES_8_5/xio/xioperf/source:/mnt/hgfs/SrcRepos/gt6-RAMSES_8_5/gram/gatekeeper/source:/mnt/hgfs/SrcRepos/gt6-RAMSES_8_5/gass/cache_program/source:/mnt/hgfs/SrcRepos/gt6-RAMSES_8_5/gram/jobmanager/lrms/pbs/source:/mnt/hgfs/SrcRepos/gt6-RAMSES_8_5/gram/jobmanager/auditing/source:/mnt/hgfs/SrcRepos/gt6-RAMSES_8_5/myproxy/source:/mnt/hgfs/SrcRepos/gt6-RAMSES_8_5/gsi_openssh/source:/mnt/hgfs/SrcRepos/gt6-RAMSES_8_5/gram/client_tools/source:/mnt/hgfs/SrcRepos/gt6-RAMSES_8_5/gram/jobmanager/source:/mnt/hgfs/SrcRepos/gt6-RAMSES_8_5/gridftp/hdfs'
RANLIB='ranlib'
SED='/bin/sed'
SEG_ENABLED_COND_FALSE=''
SEG_ENABLED_COND_TRUE='#'
SET_MAKE=''
SHELL='/bin/sh'
STRIP='strip'
VERSION='2.6'
ac_ct_AR='ar'
ac_ct_CC='gcc'
ac_ct_DUMPBIN=''
am__EXEEXT_FALSE=''
am__EXEEXT_TRUE='#'
am__fastdepCC_FALSE='#'
am__fastdepCC_TRUE=''
am__include='include'
am__isrc=''
am__leading_dot='.'
am__nodep='_no'
am__quote=''
am__tar='tar --format=posix -chf - "$$tardir"'
am__untar='tar -xf -'
bindir='${exec_prefix}/bin'
build='x86_64-unknown-linux-gnu'
build_alias=''
build_cpu='x86_64'
build_os='linux-gnu'
build_vendor='unknown'
datadir='${datarootdir}'
datarootdir='${prefix}/share'
docdir='${datarootdir}/doc/${PACKAGE_TARNAME}'
dvidir='${docdir}'
exec_prefix='${prefix}'
globusstatedir='/home/esjung/gt6_inst/var'
host='x86_64-unknown-linux-gnu'
host_alias=''
host_cpu='x86_64'
host_os='linux-gnu'
host_vendor='unknown'
htmldir='${docdir}'
includedir='${prefix}/include'
infodir='${datarootdir}/info'
install_sh='${SHELL} /mnt/hgfs/SrcRepos/gt6-RAMSES_8_5/gram/jobmanager/lrms/lsf/source/build-aux/install-sh'
libdir='${exec_prefix}/lib'
libexecdir='${exec_prefix}/libexec'
localedir='${datarootdir}/locale'
localstatedir='${prefix}/var'
mandir='${datarootdir}/man'
mkdir_p='$(MKDIR_P)'
oldincludedir='/usr/include'
pdfdir='${docdir}'
perlmoduledir='${libdir}/perl'
prefix='/home/esjung/gt6_inst'
program_transform_name='s,x,x,'
psdir='${docdir}'
sbindir='${exec_prefix}/sbin'
sharedstatedir='${prefix}/com'
sysconfdir='${prefix}/etc'
target_alias=''

## ----------- ##
## confdefs.h. ##
## ----------- ##

/* confdefs.h */
#define PACKAGE_NAME "globus_gram_job_manager_lsf"
#define PACKAGE_TARNAME "globus_gram_job_manager_lsf"
#define PACKAGE_VERSION "2.6"
#define PACKAGE_STRING "globus_gram_job_manager_lsf 2.6"
#define PACKAGE_BUGREPORT "https://globus.atlassian.net/"
#define PACKAGE_URL ""
#define PACKAGE "globus_gram_job_manager_lsf"
#define VERSION "2.6"
#define STDC_HEADERS 1
#define HAVE_SYS_TYPES_H 1
#define HAVE_SYS_STAT_H 1
#define HAVE_STDLIB_H 1
#define HAVE_STRING_H 1
#define HAVE_MEMORY_H 1
#define HAVE_STRINGS_H 1
#define HAVE_INTTYPES_H 1
#define HAVE_STDINT_H 1
#define HAVE_UNISTD_H 1
#define HAVE_DLFCN_H 1
#define LT_OBJDIR ".libs/"

configure: exit 0
