This file contains any messages produced by compilers while
running configure, to aid debugging if configure makes a mistake.

It was created by libnice configure 0.1.5, which was
generated by GNU Autoconf 2.69.  Invocation command line was

  $ ./configure --prefix=/home/esjung/gt6_inst --disable-shared --enable-static --disable-dependency-tracking --enable-compile-warnings=no CFLAGS=-g -O2 -fPIC -DPIC CPPFLAGS= -include /mnt/hgfs/SrcRepos/gt6-RAMSES_8_5/xio/drivers/udt/source/libnice/globus_libnice_mingw.h LDFLAGS= CC=gcc LD=/usr/bin/ld -m elf_x86_64 --host=x86_64-unknown-linux-gnu

## --------- ##
## Platform. ##
## --------- ##

hostname = vm2
uname -m = x86_64
uname -r = 2.6.32-573.el6.x86_64
uname -s = Linux
uname -v = #1 SMP Thu Jul 23 15:44:03 UTC 2015

/usr/bin/uname -p = unknown
/bin/uname -X     = unknown

/bin/arch              = x86_64
/usr/bin/arch -k       = unknown
/usr/convex/getsysinfo = unknown
/usr/bin/hostinfo      = unknown
/bin/machine           = unknown
/usr/bin/oslevel       = unknown
/bin/universe          = unknown

PATH: /home/esjung/bin
PATH: /home/esjung/gt6_inst/bin
PATH: /home/esjung/gt6_inst/sbin
PATH: /usr/lib64/qt-3.3/bin
PATH: /usr/local/bin
PATH: /usr/bin
PATH: /bin
PATH: /usr/local/sbin
PATH: /usr/sbin
PATH: /sbin


## ----------- ##
## Core tests. ##
## ----------- ##

configure:2385: checking build system type
configure:2399: result: x86_64-unknown-linux-gnu
configure:2419: checking host system type
configure:2432: result: x86_64-unknown-linux-gnu
configure:2452: checking target system type
configure:2465: result: x86_64-unknown-linux-gnu
configure:2511: checking for a BSD-compatible install
configure:2579: result: /usr/bin/install -c
configure:2590: checking whether build environment is sane
configure:2645: result: yes
configure:2683: WARNING: 'missing' script is too old or missing
configure:2704: checking for x86_64-unknown-linux-gnu-strip
configure:2734: result: no
configure:2744: checking for strip
configure:2760: found /usr/bin/strip
configure:2771: result: strip
configure:2796: checking for a thread-safe mkdir -p
configure:2835: result: /bin/mkdir -p
configure:2842: checking for gawk
configure:2858: found /usr/bin/gawk
configure:2869: result: gawk
configure:2880: checking whether make sets $(MAKE)
configure:2902: result: yes
configure:2931: checking whether make supports nested variables
configure:2948: result: yes
configure:3062: checking whether make supports nested variables
configure:3079: result: yes
configure:3106: checking for style of include used by make
configure:3134: result: GNU
configure:3165: checking for x86_64-unknown-linux-gnu-gcc
configure:3192: result: gcc
configure:3461: checking for C compiler version
configure:3470: gcc --version >&5
gcc (GCC) 4.4.7 20120313 (Red Hat 4.4.7-16)
Copyright (C) 2010 Free Software Foundation, Inc.
This is free software; see the source for copying conditions.  There is NO
warranty; not even for MERCHANTABILITY or FITNESS FOR A PARTICULAR PURPOSE.

configure:3481: $? = 0
configure:3470: gcc -v >&5
Using built-in specs.
Target: x86_64-redhat-linux
Configured with: ../configure --prefix=/usr --mandir=/usr/share/man --infodir=/usr/share/info --with-bugurl=http://bugzilla.redhat.com/bugzilla --enable-bootstrap --enable-shared --enable-threads=posix --enable-checking=release --with-system-zlib --enable-__cxa_atexit --disable-libunwind-exceptions --enable-gnu-unique-object --enable-languages=c,c++,objc,obj-c++,java,fortran,ada --enable-java-awt=gtk --disable-dssi --with-java-home=/usr/lib/jvm/java-1.5.0-gcj-1.5.0.0/jre --enable-libgcj-multifile --enable-java-maintainer-mode --with-ecj-jar=/usr/share/java/eclipse-ecj.jar --disable-libjava-multilib --with-ppl --with-cloog --with-tune=generic --with-arch_32=i686 --build=x86_64-redhat-linux
Thread model: posix
gcc version 4.4.7 20120313 (Red Hat 4.4.7-16) (GCC) 
configure:3481: $? = 0
configure:3470: gcc -V >&5
gcc: '-V' option must have argument
configure:3481: $? = 1
configure:3470: gcc -qversion >&5
gcc: unrecognized option '-qversion'
gcc: no input files
configure:3481: $? = 1
configure:3501: checking whether the C compiler works
configure:3523: gcc -g -O2 -fPIC -DPIC  -include /mnt/hgfs/SrcRepos/gt6-RAMSES_8_5/xio/drivers/udt/source/libnice/globus_libnice_mingw.h  conftest.c  >&5
configure:3527: $? = 0
configure:3575: result: yes
configure:3578: checking for C compiler default output file name
configure:3580: result: a.out
configure:3586: checking for suffix of executables
configure:3593: gcc -o conftest -g -O2 -fPIC -DPIC  -include /mnt/hgfs/SrcRepos/gt6-RAMSES_8_5/xio/drivers/udt/source/libnice/globus_libnice_mingw.h  conftest.c  >&5
configure:3597: $? = 0
configure:3619: result: 
configure:3641: checking whether we are cross compiling
configure:3649: gcc -o conftest -g -O2 -fPIC -DPIC  -include /mnt/hgfs/SrcRepos/gt6-RAMSES_8_5/xio/drivers/udt/source/libnice/globus_libnice_mingw.h  conftest.c  >&5
configure:3653: $? = 0
configure:3660: ./conftest
configure:3664: $? = 0
configure:3679: result: no
configure:3684: checking for suffix of object files
configure:3706: gcc -c -g -O2 -fPIC -DPIC  -include /mnt/hgfs/SrcRepos/gt6-RAMSES_8_5/xio/drivers/udt/source/libnice/globus_libnice_mingw.h conftest.c >&5
configure:3710: $? = 0
configure:3731: result: o
configure:3735: checking whether we are using the GNU C compiler
configure:3754: gcc -c -g -O2 -fPIC -DPIC  -include /mnt/hgfs/SrcRepos/gt6-RAMSES_8_5/xio/drivers/udt/source/libnice/globus_libnice_mingw.h conftest.c >&5
configure:3754: $? = 0
configure:3763: result: yes
configure:3772: checking whether gcc accepts -g
configure:3792: gcc -c -g  -include /mnt/hgfs/SrcRepos/gt6-RAMSES_8_5/xio/drivers/udt/source/libnice/globus_libnice_mingw.h conftest.c >&5
configure:3792: $? = 0
configure:3833: result: yes
configure:3850: checking for gcc option to accept ISO C89
configure:3913: gcc  -c -g -O2 -fPIC -DPIC  -include /mnt/hgfs/SrcRepos/gt6-RAMSES_8_5/xio/drivers/udt/source/libnice/globus_libnice_mingw.h conftest.c >&5
configure:3913: $? = 0
configure:3926: result: none needed
configure:3948: checking dependency style of gcc
configure:4059: result: none
configure:4080: checking how to run the C preprocessor
configure:4111: gcc -E  -include /mnt/hgfs/SrcRepos/gt6-RAMSES_8_5/xio/drivers/udt/source/libnice/globus_libnice_mingw.h conftest.c
configure:4111: $? = 0
configure:4125: gcc -E  -include /mnt/hgfs/SrcRepos/gt6-RAMSES_8_5/xio/drivers/udt/source/libnice/globus_libnice_mingw.h conftest.c
conftest.c:11:28: error: ac_nonexistent.h: No such file or directory
configure:4125: $? = 1
configure: failed program was:
| /* confdefs.h */
| #define PACKAGE_NAME "libnice"
| #define PACKAGE_TARNAME "libnice"
| #define PACKAGE_VERSION "0.1.5"
| #define PACKAGE_STRING "libnice 0.1.5"
| #define PACKAGE_BUGREPORT ""
| #define PACKAGE_URL ""
| #define PACKAGE "libnice"
| #define VERSION "0.1.5"
| /* end confdefs.h.  */
| #include <ac_nonexistent.h>
configure:4150: result: gcc -E
configure:4170: gcc -E  -include /mnt/hgfs/SrcRepos/gt6-RAMSES_8_5/xio/drivers/udt/source/libnice/globus_libnice_mingw.h conftest.c
configure:4170: $? = 0
configure:4184: gcc -E  -include /mnt/hgfs/SrcRepos/gt6-RAMSES_8_5/xio/drivers/udt/source/libnice/globus_libnice_mingw.h conftest.c
conftest.c:11:28: error: ac_nonexistent.h: No such file or directory
configure:4184: $? = 1
configure: failed program was:
| /* confdefs.h */
| #define PACKAGE_NAME "libnice"
| #define PACKAGE_TARNAME "libnice"
| #define PACKAGE_VERSION "0.1.5"
| #define PACKAGE_STRING "libnice 0.1.5"
| #define PACKAGE_BUGREPORT ""
| #define PACKAGE_URL ""
| #define PACKAGE "libnice"
| #define VERSION "0.1.5"
| /* end confdefs.h.  */
| #include <ac_nonexistent.h>
configure:4213: checking for grep that handles long lines and -e
configure:4271: result: /bin/grep
configure:4276: checking for egrep
configure:4338: result: /bin/grep -E
configure:4343: checking for ANSI C header files
configure:4363: gcc -c -g -O2 -fPIC -DPIC  -include /mnt/hgfs/SrcRepos/gt6-RAMSES_8_5/xio/drivers/udt/source/libnice/globus_libnice_mingw.h conftest.c >&5
configure:4363: $? = 0
configure:4436: gcc -o conftest -g -O2 -fPIC -DPIC  -include /mnt/hgfs/SrcRepos/gt6-RAMSES_8_5/xio/drivers/udt/source/libnice/globus_libnice_mingw.h  conftest.c  >&5
configure:4436: $? = 0
configure:4436: ./conftest
configure:4436: $? = 0
configure:4447: result: yes
configure:4460: checking for sys/types.h
configure:4460: gcc -c -g -O2 -fPIC -DPIC  -include /mnt/hgfs/SrcRepos/gt6-RAMSES_8_5/xio/drivers/udt/source/libnice/globus_libnice_mingw.h conftest.c >&5
configure:4460: $? = 0
configure:4460: result: yes
configure:4460: checking for sys/stat.h
configure:4460: gcc -c -g -O2 -fPIC -DPIC  -include /mnt/hgfs/SrcRepos/gt6-RAMSES_8_5/xio/drivers/udt/source/libnice/globus_libnice_mingw.h conftest.c >&5
configure:4460: $? = 0
configure:4460: result: yes
configure:4460: checking for stdlib.h
configure:4460: gcc -c -g -O2 -fPIC -DPIC  -include /mnt/hgfs/SrcRepos/gt6-RAMSES_8_5/xio/drivers/udt/source/libnice/globus_libnice_mingw.h conftest.c >&5
configure:4460: $? = 0
configure:4460: result: yes
configure:4460: checking for string.h
configure:4460: gcc -c -g -O2 -fPIC -DPIC  -include /mnt/hgfs/SrcRepos/gt6-RAMSES_8_5/xio/drivers/udt/source/libnice/globus_libnice_mingw.h conftest.c >&5
configure:4460: $? = 0
configure:4460: result: yes
configure:4460: checking for memory.h
configure:4460: gcc -c -g -O2 -fPIC -DPIC  -include /mnt/hgfs/SrcRepos/gt6-RAMSES_8_5/xio/drivers/udt/source/libnice/globus_libnice_mingw.h conftest.c >&5
configure:4460: $? = 0
configure:4460: result: yes
configure:4460: checking for strings.h
configure:4460: gcc -c -g -O2 -fPIC -DPIC  -include /mnt/hgfs/SrcRepos/gt6-RAMSES_8_5/xio/drivers/udt/source/libnice/globus_libnice_mingw.h conftest.c >&5
configure:4460: $? = 0
configure:4460: result: yes
configure:4460: checking for inttypes.h
configure:4460: gcc -c -g -O2 -fPIC -DPIC  -include /mnt/hgfs/SrcRepos/gt6-RAMSES_8_5/xio/drivers/udt/source/libnice/globus_libnice_mingw.h conftest.c >&5
configure:4460: $? = 0
configure:4460: result: yes
configure:4460: checking for stdint.h
configure:4460: gcc -c -g -O2 -fPIC -DPIC  -include /mnt/hgfs/SrcRepos/gt6-RAMSES_8_5/xio/drivers/udt/source/libnice/globus_libnice_mingw.h conftest.c >&5
configure:4460: $? = 0
configure:4460: result: yes
configure:4460: checking for unistd.h
configure:4460: gcc -c -g -O2 -fPIC -DPIC  -include /mnt/hgfs/SrcRepos/gt6-RAMSES_8_5/xio/drivers/udt/source/libnice/globus_libnice_mingw.h conftest.c >&5
configure:4460: $? = 0
configure:4460: result: yes
configure:4473: checking minix/config.h usability
configure:4473: gcc -c -g -O2 -fPIC -DPIC  -include /mnt/hgfs/SrcRepos/gt6-RAMSES_8_5/xio/drivers/udt/source/libnice/globus_libnice_mingw.h conftest.c >&5
conftest.c:54:26: error: minix/config.h: No such file or directory
configure:4473: $? = 1
configure: failed program was:
| /* confdefs.h */
| #define PACKAGE_NAME "libnice"
| #define PACKAGE_TARNAME "libnice"
| #define PACKAGE_VERSION "0.1.5"
| #define PACKAGE_STRING "libnice 0.1.5"
| #define PACKAGE_BUGREPORT ""
| #define PACKAGE_URL ""
| #define PACKAGE "libnice"
| #define VERSION "0.1.5"
| #define STDC_HEADERS 1
| #define HAVE_SYS_TYPES_H 1
| #define HAVE_SYS_STAT_H 1
| #define HAVE_STDLIB_H 1
| #define HAVE_STRING_H 1
| #define HAVE_MEMORY_H 1
| #define HAVE_STRINGS_H 1
| #define HAVE_INTTYPES_H 1
| #define HAVE_STDINT_H 1
| #define HAVE_UNISTD_H 1
| /* end confdefs.h.  */
| #include <stdio.h>
| #ifdef HAVE_SYS_TYPES_H
| # include <sys/types.h>
| #endif
| #ifdef HAVE_SYS_STAT_H
| # include <sys/stat.h>
| #endif
| #ifdef STDC_HEADERS
| # include <stdlib.h>
| # include <stddef.h>
| #else
| # ifdef HAVE_STDLIB_H
| #  include <stdlib.h>
| # endif
| #endif
| #ifdef HAVE_STRING_H
| # if !defined STDC_HEADERS && defined HAVE_MEMORY_H
| #  include <memory.h>
| # endif
| # include <string.h>
| #endif
| #ifdef HAVE_STRINGS_H
| # include <strings.h>
| #endif
| #ifdef HAVE_INTTYPES_H
| # include <inttypes.h>
| #endif
| #ifdef HAVE_STDINT_H
| # include <stdint.h>
| #endif
| #ifdef HAVE_UNISTD_H
| # include <unistd.h>
| #endif
| #include <minix/config.h>
configure:4473: result: no
configure:4473: checking minix/config.h presence
configure:4473: gcc -E  -include /mnt/hgfs/SrcRepos/gt6-RAMSES_8_5/xio/drivers/udt/source/libnice/globus_libnice_mingw.h conftest.c
conftest.c:21:26: error: minix/config.h: No such file or directory
configure:4473: $? = 1
configure: failed program was:
| /* confdefs.h */
| #define PACKAGE_NAME "libnice"
| #define PACKAGE_TARNAME "libnice"
| #define PACKAGE_VERSION "0.1.5"
| #define PACKAGE_STRING "libnice 0.1.5"
| #define PACKAGE_BUGREPORT ""
| #define PACKAGE_URL ""
| #define PACKAGE "libnice"
| #define VERSION "0.1.5"
| #define STDC_HEADERS 1
| #define HAVE_SYS_TYPES_H 1
| #define HAVE_SYS_STAT_H 1
| #define HAVE_STDLIB_H 1
| #define HAVE_STRING_H 1
| #define HAVE_MEMORY_H 1
| #define HAVE_STRINGS_H 1
| #define HAVE_INTTYPES_H 1
| #define HAVE_STDINT_H 1
| #define HAVE_UNISTD_H 1
| /* end confdefs.h.  */
| #include <minix/config.h>
configure:4473: result: no
configure:4473: checking for minix/config.h
configure:4473: result: no
configure:4494: checking whether it is safe to define __EXTENSIONS__
configure:4512: gcc -c -g -O2 -fPIC -DPIC  -include /mnt/hgfs/SrcRepos/gt6-RAMSES_8_5/xio/drivers/udt/source/libnice/globus_libnice_mingw.h conftest.c >&5
configure:4512: $? = 0
configure:4519: result: yes
configure:4541: checking for x86_64-unknown-linux-gnu-gcc
configure:4568: result: gcc
configure:4837: checking for C compiler version
configure:4846: gcc --version >&5
gcc (GCC) 4.4.7 20120313 (Red Hat 4.4.7-16)
Copyright (C) 2010 Free Software Foundation, Inc.
This is free software; see the source for copying conditions.  There is NO
warranty; not even for MERCHANTABILITY or FITNESS FOR A PARTICULAR PURPOSE.

configure:4857: $? = 0
configure:4846: gcc -v >&5
Using built-in specs.
Target: x86_64-redhat-linux
Configured with: ../configure --prefix=/usr --mandir=/usr/share/man --infodir=/usr/share/info --with-bugurl=http://bugzilla.redhat.com/bugzilla --enable-bootstrap --enable-shared --enable-threads=posix --enable-checking=release --with-system-zlib --enable-__cxa_atexit --disable-libunwind-exceptions --enable-gnu-unique-object --enable-languages=c,c++,objc,obj-c++,java,fortran,ada --enable-java-awt=gtk --disable-dssi --with-java-home=/usr/lib/jvm/java-1.5.0-gcj-1.5.0.0/jre --enable-libgcj-multifile --enable-java-maintainer-mode --with-ecj-jar=/usr/share/java/eclipse-ecj.jar --disable-libjava-multilib --with-ppl --with-cloog --with-tune=generic --with-arch_32=i686 --build=x86_64-redhat-linux
Thread model: posix
gcc version 4.4.7 20120313 (Red Hat 4.4.7-16) (GCC) 
configure:4857: $? = 0
configure:4846: gcc -V >&5
gcc: '-V' option must have argument
configure:4857: $? = 1
configure:4846: gcc -qversion >&5
gcc: unrecognized option '-qversion'
gcc: no input files
configure:4857: $? = 1
configure:4861: checking whether we are using the GNU C compiler
configure:4889: result: yes
configure:4898: checking whether gcc accepts -g
configure:4959: result: yes
configure:4976: checking for gcc option to accept ISO C89
configure:5052: result: none needed
configure:5074: checking dependency style of gcc
configure:5185: result: none
configure:5205: checking for x86_64-unknown-linux-gnu-ar
configure:5235: result: no
configure:5205: checking for x86_64-unknown-linux-gnu-lib
configure:5235: result: no
configure:5205: checking for x86_64-unknown-linux-gnu-link
configure:5235: result: no
configure:5249: checking for ar
configure:5265: found /usr/bin/ar
configure:5276: result: ar
configure:5302: checking the archiver (ar) interface
configure:5312: gcc -c -g -O2 -fPIC -DPIC  -include /mnt/hgfs/SrcRepos/gt6-RAMSES_8_5/xio/drivers/udt/source/libnice/globus_libnice_mingw.h conftest.c >&5
configure:5312: $? = 0
configure:5314: ar cru libconftest.a conftest.o >&5
configure:5317: $? = 0
configure:5340: result: ar
configure:5406: checking how to print strings
configure:5433: result: printf
configure:5454: checking for a sed that does not truncate output
configure:5518: result: /bin/sed
configure:5536: checking for fgrep
configure:5598: result: /bin/grep -F
configure:5633: checking for ld used by gcc
configure:5700: result: /usr/bin/ld -m elf_x86_64
configure:5707: checking if the linker (/usr/bin/ld -m elf_x86_64) is GNU ld
configure:5722: result: yes
configure:5734: checking for BSD- or MS-compatible name lister (nm)
configure:5783: result: /usr/bin/nm -B
configure:5913: checking the name lister (/usr/bin/nm -B) interface
configure:5920: gcc -c -g -O2 -fPIC -DPIC  -include /mnt/hgfs/SrcRepos/gt6-RAMSES_8_5/xio/drivers/udt/source/libnice/globus_libnice_mingw.h conftest.c >&5
configure:5923: /usr/bin/nm -B "conftest.o"
configure:5926: output
0000000000000000 B some_variable
configure:5933: result: BSD nm
configure:5936: checking whether ln -s works
configure:5940: result: yes
configure:5948: checking the maximum length of command line arguments
configure:6078: result: 1966080
configure:6095: checking whether the shell understands some XSI constructs
configure:6105: result: yes
configure:6109: checking whether the shell understands "+="
configure:6115: result: yes
configure:6150: checking how to convert x86_64-unknown-linux-gnu file names to x86_64-unknown-linux-gnu format
configure:6190: result: func_convert_file_noop
configure:6197: checking how to convert x86_64-unknown-linux-gnu file names to toolchain format
configure:6217: result: func_convert_file_noop
configure:6224: checking for /usr/bin/ld -m elf_x86_64 option to reload object files
configure:6231: result: -r
configure:6265: checking for x86_64-unknown-linux-gnu-objdump
configure:6295: result: no
configure:6305: checking for objdump
configure:6321: found /usr/bin/objdump
configure:6332: result: objdump
configure:6364: checking how to recognize dependent libraries
configure:6566: result: pass_all
configure:6611: checking for x86_64-unknown-linux-gnu-dlltool
configure:6641: result: no
configure:6651: checking for dlltool
configure:6681: result: no
configure:6711: checking how to associate runtime and link libraries
configure:6738: result: printf %s\n
configure:6754: checking for x86_64-unknown-linux-gnu-ar
configure:6781: result: ar
configure:6862: checking for archiver @FILE support
configure:6879: gcc -c -g -O2 -fPIC -DPIC  -include /mnt/hgfs/SrcRepos/gt6-RAMSES_8_5/xio/drivers/udt/source/libnice/globus_libnice_mingw.h conftest.c >&5
configure:6879: $? = 0
configure:6882: ar cru libconftest.a @conftest.lst >&5
configure:6885: $? = 0
configure:6890: ar cru libconftest.a @conftest.lst >&5
ar: conftest.o: No such file or directory
configure:6893: $? = 1
configure:6905: result: @
configure:6923: checking for x86_64-unknown-linux-gnu-strip
configure:6950: result: strip
configure:7022: checking for x86_64-unknown-linux-gnu-ranlib
configure:7052: result: no
configure:7062: checking for ranlib
configure:7078: found /usr/bin/ranlib
configure:7089: result: ranlib
configure:7191: checking command to parse /usr/bin/nm -B output from gcc object
configure:7311: gcc -c -g -O2 -fPIC -DPIC  -include /mnt/hgfs/SrcRepos/gt6-RAMSES_8_5/xio/drivers/udt/source/libnice/globus_libnice_mingw.h conftest.c >&5
configure:7314: $? = 0
configure:7318: /usr/bin/nm -B conftest.o \| sed -n -e 's/^.*[ ]\([ABCDGIRSTW][ABCDGIRSTW]*\)[ ][ ]*\([_A-Za-z][_A-Za-z0-9]*\)$/\1 \2 \2/p' | sed '/ __gnu_lto/d' \> conftest.nm
configure:7321: $? = 0
configure:7387: gcc -o conftest -g -O2 -fPIC -DPIC  -include /mnt/hgfs/SrcRepos/gt6-RAMSES_8_5/xio/drivers/udt/source/libnice/globus_libnice_mingw.h  conftest.c conftstm.o >&5
configure:7390: $? = 0
configure:7428: result: ok
configure:7465: checking for sysroot
configure:7495: result: no
configure:7572: gcc -c -g -O2 -fPIC -DPIC  -include /mnt/hgfs/SrcRepos/gt6-RAMSES_8_5/xio/drivers/udt/source/libnice/globus_libnice_mingw.h conftest.c >&5
configure:7575: $? = 0
configure:7717: checking for x86_64-unknown-linux-gnu-mt
configure:7747: result: no
configure:7757: checking for mt
configure:7787: result: no
configure:7807: checking if : is a manifest tool
configure:7813: : '-?'
configure:7821: result: no
configure:8460: checking for dlfcn.h
configure:8460: gcc -c -g -O2 -fPIC -DPIC  -include /mnt/hgfs/SrcRepos/gt6-RAMSES_8_5/xio/drivers/udt/source/libnice/globus_libnice_mingw.h conftest.c >&5
configure:8460: $? = 0
configure:8460: result: yes
configure:8666: checking for objdir
configure:8681: result: .libs
configure:8948: checking if gcc supports -fno-rtti -fno-exceptions
configure:8966: gcc -c -g -O2 -fPIC -DPIC  -include /mnt/hgfs/SrcRepos/gt6-RAMSES_8_5/xio/drivers/udt/source/libnice/globus_libnice_mingw.h -fno-rtti -fno-exceptions conftest.c >&5
cc1: warning: command line option "-fno-rtti" is valid for C++/ObjC++ but not for C
configure:8970: $? = 0
configure:8983: result: no
configure:9310: checking for gcc option to produce PIC
configure:9317: result: -fPIC -DPIC
configure:9325: checking if gcc PIC flag -fPIC -DPIC works
configure:9343: gcc -c -g -O2 -fPIC -DPIC  -include /mnt/hgfs/SrcRepos/gt6-RAMSES_8_5/xio/drivers/udt/source/libnice/globus_libnice_mingw.h -fPIC -DPIC -DPIC conftest.c >&5
configure:9347: $? = 0
configure:9360: result: yes
configure:9389: checking if gcc static flag -static works
configure:9417: result: no
configure:9432: checking if gcc supports -c -o file.o
configure:9453: gcc -c -g -O2 -fPIC -DPIC  -include /mnt/hgfs/SrcRepos/gt6-RAMSES_8_5/xio/drivers/udt/source/libnice/globus_libnice_mingw.h -o out/conftest2.o conftest.c >&5
configure:9457: $? = 0
configure:9479: result: yes
configure:9487: checking if gcc supports -c -o file.o
configure:9534: result: yes
configure:9567: checking whether the gcc linker (/usr/bin/ld -m elf_x86_64 -m elf_x86_64) supports shared libraries
configure:10720: result: yes
configure:10960: checking dynamic linker characteristics
configure:11471: gcc -o conftest -g -O2 -fPIC -DPIC  -include /mnt/hgfs/SrcRepos/gt6-RAMSES_8_5/xio/drivers/udt/source/libnice/globus_libnice_mingw.h  -Wl,-rpath -Wl,/foo conftest.c  >&5
configure:11471: $? = 0
configure:11697: result: GNU/Linux ld.so
configure:11804: checking how to hardcode library paths into programs
configure:11829: result: immediate
configure:12369: checking whether stripping libraries is possible
configure:12374: result: yes
configure:12409: checking if libtool supports shared libraries
configure:12411: result: yes
configure:12414: checking whether to build shared libraries
configure:12435: result: no
configure:12438: checking whether to build static libraries
configure:12442: result: yes
configure:12481: checking operating system
configure:12491: result: linux/other
configure:12507: checking for C/C++ restrict keyword
configure:12532: gcc -c -g -O2 -fPIC -DPIC  -include /mnt/hgfs/SrcRepos/gt6-RAMSES_8_5/xio/drivers/udt/source/libnice/globus_libnice_mingw.h conftest.c >&5
configure:12532: $? = 0
configure:12540: result: __restrict
configure:12554: checking for variable-length arrays
configure:12570: gcc -c -g -O2 -fPIC -DPIC  -include /mnt/hgfs/SrcRepos/gt6-RAMSES_8_5/xio/drivers/udt/source/libnice/globus_libnice_mingw.h conftest.c >&5
configure:12570: $? = 0
configure:12577: result: yes
configure:12586: checking whether to enable assertions
configure:12604: result: yes
configure:12607: checking for stdbool.h that conforms to C99
configure:12674: gcc -c -g -O2 -fPIC -DPIC  -include /mnt/hgfs/SrcRepos/gt6-RAMSES_8_5/xio/drivers/udt/source/libnice/globus_libnice_mingw.h conftest.c >&5
configure:12674: $? = 0
configure:12681: result: yes
configure:12683: checking for _Bool
configure:12683: gcc -c -g -O2 -fPIC -DPIC  -include /mnt/hgfs/SrcRepos/gt6-RAMSES_8_5/xio/drivers/udt/source/libnice/globus_libnice_mingw.h conftest.c >&5
configure:12683: $? = 0
configure:12683: gcc -c -g -O2 -fPIC -DPIC  -include /mnt/hgfs/SrcRepos/gt6-RAMSES_8_5/xio/drivers/udt/source/libnice/globus_libnice_mingw.h conftest.c >&5
conftest.c: In function 'main':
conftest.c:66: error: expected expression before ')' token
configure:12683: $? = 1
configure: failed program was:
| /* confdefs.h */
| #define PACKAGE_NAME "libnice"
| #define PACKAGE_TARNAME "libnice"
| #define PACKAGE_VERSION "0.1.5"
| #define PACKAGE_STRING "libnice 0.1.5"
| #define PACKAGE_BUGREPORT ""
| #define PACKAGE_URL ""
| #define PACKAGE "libnice"
| #define VERSION "0.1.5"
| #define STDC_HEADERS 1
| #define HAVE_SYS_TYPES_H 1
| #define HAVE_SYS_STAT_H 1
| #define HAVE_STDLIB_H 1
| #define HAVE_STRING_H 1
| #define HAVE_MEMORY_H 1
| #define HAVE_STRINGS_H 1
| #define HAVE_INTTYPES_H 1
| #define HAVE_STDINT_H 1
| #define HAVE_UNISTD_H 1
| #define __EXTENSIONS__ 1
| #define _ALL_SOURCE 1
| #define _GNU_SOURCE 1
| #define _POSIX_PTHREAD_SEMANTICS 1
| #define _TANDEM_SOURCE 1
| #define HAVE_DLFCN_H 1
| #define LT_OBJDIR ".libs/"
| #define restrict __restrict
| #define HAVE_C_VARARRAYS 1
| /* end confdefs.h.  */
| #include <stdio.h>
| #ifdef HAVE_SYS_TYPES_H
| # include <sys/types.h>
| #endif
| #ifdef HAVE_SYS_STAT_H
| # include <sys/stat.h>
| #endif
| #ifdef STDC_HEADERS
| # include <stdlib.h>
| # include <stddef.h>
| #else
| # ifdef HAVE_STDLIB_H
| #  include <stdlib.h>
| # endif
| #endif
| #ifdef HAVE_STRING_H
| # if !defined STDC_HEADERS && defined HAVE_MEMORY_H
| #  include <memory.h>
| # endif
| # include <string.h>
| #endif
| #ifdef HAVE_STRINGS_H
| # include <strings.h>
| #endif
| #ifdef HAVE_INTTYPES_H
| # include <inttypes.h>
| #endif
| #ifdef HAVE_STDINT_H
| # include <stdint.h>
| #endif
| #ifdef HAVE_UNISTD_H
| # include <unistd.h>
| #endif
| int
| main ()
| {
| if (sizeof ((_Bool)))
| 	    return 0;
|   ;
|   return 0;
| }
configure:12683: result: yes
configure:12707: checking arpa/inet.h usability
configure:12707: gcc -c -g -O2 -fPIC -DPIC  -include /mnt/hgfs/SrcRepos/gt6-RAMSES_8_5/xio/drivers/udt/source/libnice/globus_libnice_mingw.h conftest.c >&5
configure:12707: $? = 0
configure:12707: result: yes
configure:12707: checking arpa/inet.h presence
configure:12707: gcc -E  -include /mnt/hgfs/SrcRepos/gt6-RAMSES_8_5/xio/drivers/udt/source/libnice/globus_libnice_mingw.h conftest.c
configure:12707: $? = 0
configure:12707: result: yes
configure:12707: checking for arpa/inet.h
configure:12707: result: yes
configure:12707: checking net/in.h usability
configure:12707: gcc -c -g -O2 -fPIC -DPIC  -include /mnt/hgfs/SrcRepos/gt6-RAMSES_8_5/xio/drivers/udt/source/libnice/globus_libnice_mingw.h conftest.c >&5
conftest.c:67:20: error: net/in.h: No such file or directory
configure:12707: $? = 1
configure: failed program was:
| /* confdefs.h */
| #define PACKAGE_NAME "libnice"
| #define PACKAGE_TARNAME "libnice"
| #define PACKAGE_VERSION "0.1.5"
| #define PACKAGE_STRING "libnice 0.1.5"
| #define PACKAGE_BUGREPORT ""
| #define PACKAGE_URL ""
| #define PACKAGE "libnice"
| #define VERSION "0.1.5"
| #define STDC_HEADERS 1
| #define HAVE_SYS_TYPES_H 1
| #define HAVE_SYS_STAT_H 1
| #define HAVE_STDLIB_H 1
| #define HAVE_STRING_H 1
| #define HAVE_MEMORY_H 1
| #define HAVE_STRINGS_H 1
| #define HAVE_INTTYPES_H 1
| #define HAVE_STDINT_H 1
| #define HAVE_UNISTD_H 1
| #define __EXTENSIONS__ 1
| #define _ALL_SOURCE 1
| #define _GNU_SOURCE 1
| #define _POSIX_PTHREAD_SEMANTICS 1
| #define _TANDEM_SOURCE 1
| #define HAVE_DLFCN_H 1
| #define LT_OBJDIR ".libs/"
| #define restrict __restrict
| #define HAVE_C_VARARRAYS 1
| #define HAVE__BOOL 1
| #define HAVE_STDBOOL_H 1
| #define NICEAPI_EXPORT  
| #define HAVE_ARPA_INET_H 1
| /* end confdefs.h.  */
| #include <stdio.h>
| #ifdef HAVE_SYS_TYPES_H
| # include <sys/types.h>
| #endif
| #ifdef HAVE_SYS_STAT_H
| # include <sys/stat.h>
| #endif
| #ifdef STDC_HEADERS
| # include <stdlib.h>
| # include <stddef.h>
| #else
| # ifdef HAVE_STDLIB_H
| #  include <stdlib.h>
| # endif
| #endif
| #ifdef HAVE_STRING_H
| # if !defined STDC_HEADERS && defined HAVE_MEMORY_H
| #  include <memory.h>
| # endif
| # include <string.h>
| #endif
| #ifdef HAVE_STRINGS_H
| # include <strings.h>
| #endif
| #ifdef HAVE_INTTYPES_H
| # include <inttypes.h>
| #endif
| #ifdef HAVE_STDINT_H
| # include <stdint.h>
| #endif
| #ifdef HAVE_UNISTD_H
| # include <unistd.h>
| #endif
| #include <net/in.h>
configure:12707: result: no
configure:12707: checking net/in.h presence
configure:12707: gcc -E  -include /mnt/hgfs/SrcRepos/gt6-RAMSES_8_5/xio/drivers/udt/source/libnice/globus_libnice_mingw.h conftest.c
conftest.c:34:20: error: net/in.h: No such file or directory
configure:12707: $? = 1
configure: failed program was:
| /* confdefs.h */
| #define PACKAGE_NAME "libnice"
| #define PACKAGE_TARNAME "libnice"
| #define PACKAGE_VERSION "0.1.5"
| #define PACKAGE_STRING "libnice 0.1.5"
| #define PACKAGE_BUGREPORT ""
| #define PACKAGE_URL ""
| #define PACKAGE "libnice"
| #define VERSION "0.1.5"
| #define STDC_HEADERS 1
| #define HAVE_SYS_TYPES_H 1
| #define HAVE_SYS_STAT_H 1
| #define HAVE_STDLIB_H 1
| #define HAVE_STRING_H 1
| #define HAVE_MEMORY_H 1
| #define HAVE_STRINGS_H 1
| #define HAVE_INTTYPES_H 1
| #define HAVE_STDINT_H 1
| #define HAVE_UNISTD_H 1
| #define __EXTENSIONS__ 1
| #define _ALL_SOURCE 1
| #define _GNU_SOURCE 1
| #define _POSIX_PTHREAD_SEMANTICS 1
| #define _TANDEM_SOURCE 1
| #define HAVE_DLFCN_H 1
| #define LT_OBJDIR ".libs/"
| #define restrict __restrict
| #define HAVE_C_VARARRAYS 1
| #define HAVE__BOOL 1
| #define HAVE_STDBOOL_H 1
| #define NICEAPI_EXPORT  
| #define HAVE_ARPA_INET_H 1
| /* end confdefs.h.  */
| #include <net/in.h>
configure:12707: result: no
configure:12707: checking for net/in.h
configure:12707: result: no
configure:12719: checking ifaddrs.h usability
configure:12719: gcc -c -g -O2 -fPIC -DPIC  -include /mnt/hgfs/SrcRepos/gt6-RAMSES_8_5/xio/drivers/udt/source/libnice/globus_libnice_mingw.h conftest.c >&5
configure:12719: $? = 0
configure:12719: result: yes
configure:12719: checking ifaddrs.h presence
configure:12719: gcc -E  -include /mnt/hgfs/SrcRepos/gt6-RAMSES_8_5/xio/drivers/udt/source/libnice/globus_libnice_mingw.h conftest.c
configure:12719: $? = 0
configure:12719: result: yes
configure:12719: checking for ifaddrs.h
configure:12719: result: yes
configure:12753: checking to see if compiler understands -fno-strict-aliasing
configure:12770: gcc -c -g -O2 -fPIC -DPIC -fno-strict-aliasing  -include /mnt/hgfs/SrcRepos/gt6-RAMSES_8_5/xio/drivers/udt/source/libnice/globus_libnice_mingw.h conftest.c >&5
configure:12770: $? = 0
configure:12785: result: yes
configure:14076: checking for library containing inet_pton
configure:14107: gcc -o conftest -g -O2 -fPIC -DPIC  -include /mnt/hgfs/SrcRepos/gt6-RAMSES_8_5/xio/drivers/udt/source/libnice/globus_libnice_mingw.h  conftest.c  >&5
configure:14107: $? = 0
configure:14124: result: none required
configure:14132: checking for library containing socket
configure:14163: gcc -o conftest -g -O2 -fPIC -DPIC  -include /mnt/hgfs/SrcRepos/gt6-RAMSES_8_5/xio/drivers/udt/source/libnice/globus_libnice_mingw.h  conftest.c  >&5
configure:14163: $? = 0
configure:14180: result: none required
configure:14200: set LIBNICE_CFLAGS to -DGLIB_VERSION_MIN_REQUIRED=GLIB_VERSION_2_30 -DGLIB_VERSION_MAX_ALLOWED=GLIB_VERSION_2_36 -fno-strict-aliasing
configure:14204: checking for clock_gettime in -lrt
configure:14229: gcc -o conftest -g -O2 -fPIC -DPIC  -include /mnt/hgfs/SrcRepos/gt6-RAMSES_8_5/xio/drivers/udt/source/libnice/globus_libnice_mingw.h  conftest.c -lrt   >&5
configure:14229: $? = 0
configure:14238: result: yes
configure:14248: checking for poll
configure:14248: gcc -o conftest -g -O2 -fPIC -DPIC  -include /mnt/hgfs/SrcRepos/gt6-RAMSES_8_5/xio/drivers/udt/source/libnice/globus_libnice_mingw.h  conftest.c  >&5
configure:14248: $? = 0
configure:14248: result: yes
configure:14270: checking for x86_64-unknown-linux-gnu-pkg-config
configure:14303: result: no
configure:14313: checking for pkg-config
configure:14331: found /usr/bin/pkg-config
configure:14343: result: /usr/bin/pkg-config
configure:14368: checking pkg-config is at least version 0.9.0
configure:14371: result: yes
configure:14381: checking for GLIB
configure:14388: $PKG_CONFIG --exists --print-errors "	glib-2.0 >= $GLIB_REQ 	gobject-2.0 >= $GLIB_REQ 	gthread-2.0 >= $GLIB_REQ 	gio-2.0 >= $GLIB_REQ 	"
configure:14391: $? = 0
configure:14405: $PKG_CONFIG --exists --print-errors "	glib-2.0 >= $GLIB_REQ 	gobject-2.0 >= $GLIB_REQ 	gthread-2.0 >= $GLIB_REQ 	gio-2.0 >= $GLIB_REQ 	"
configure:14408: $? = 0
configure:14466: result: yes
configure:14494: checking for GST
configure:14504: $PKG_CONFIG --exists --print-errors "
		gstreamer-1.0 >= 0.11.91
		gstreamer-base-1.0 >= 0.11.91
		"
Package gstreamer-1.0 was not found in the pkg-config search path.
Perhaps you should add the directory containing `gstreamer-1.0.pc'
to the PKG_CONFIG_PATH environment variable
No package 'gstreamer-1.0' found
Package gstreamer-base-1.0 was not found in the pkg-config search path.
Perhaps you should add the directory containing `gstreamer-base-1.0.pc'
to the PKG_CONFIG_PATH environment variable
No package 'gstreamer-base-1.0' found
configure:14510: $? = 1
configure:14530: $PKG_CONFIG --exists --print-errors "
		gstreamer-1.0 >= 0.11.91
		gstreamer-base-1.0 >= 0.11.91
		"
Package gstreamer-1.0 was not found in the pkg-config search path.
Perhaps you should add the directory containing `gstreamer-1.0.pc'
to the PKG_CONFIG_PATH environment variable
No package 'gstreamer-1.0' found
Package gstreamer-base-1.0 was not found in the pkg-config search path.
Perhaps you should add the directory containing `gstreamer-base-1.0.pc'
to the PKG_CONFIG_PATH environment variable
No package 'gstreamer-base-1.0' found
configure:14536: $? = 1
configure:14553: result: no
No package 'gstreamer-1.0' found
No package 'gstreamer-base-1.0' found
configure:14615: checking for GST010
configure:14625: $PKG_CONFIG --exists --print-errors "
		gstreamer-0.10 >= 0.10.10
		gstreamer-base-0.10 >= 0.10.10
		"
Package gstreamer-0.10 was not found in the pkg-config search path.
Perhaps you should add the directory containing `gstreamer-0.10.pc'
to the PKG_CONFIG_PATH environment variable
No package 'gstreamer-0.10' found
Package gstreamer-base-0.10 was not found in the pkg-config search path.
Perhaps you should add the directory containing `gstreamer-base-0.10.pc'
to the PKG_CONFIG_PATH environment variable
No package 'gstreamer-base-0.10' found
configure:14631: $? = 1
configure:14651: $PKG_CONFIG --exists --print-errors "
		gstreamer-0.10 >= 0.10.10
		gstreamer-base-0.10 >= 0.10.10
		"
Package gstreamer-0.10 was not found in the pkg-config search path.
Perhaps you should add the directory containing `gstreamer-0.10.pc'
to the PKG_CONFIG_PATH environment variable
No package 'gstreamer-0.10' found
Package gstreamer-base-0.10 was not found in the pkg-config search path.
Perhaps you should add the directory containing `gstreamer-base-0.10.pc'
to the PKG_CONFIG_PATH environment variable
No package 'gstreamer-base-0.10' found
configure:14657: $? = 1
configure:14674: result: no
No package 'gstreamer-0.10' found
No package 'gstreamer-base-0.10' found
configure:14769: checking for GUPNP
configure:14776: $PKG_CONFIG --exists --print-errors "gupnp-igd-1.0 >= $GUPNP_IGD_REQUIRED"
Package gupnp-igd-1.0 was not found in the pkg-config search path.
Perhaps you should add the directory containing `gupnp-igd-1.0.pc'
to the PKG_CONFIG_PATH environment variable
No package 'gupnp-igd-1.0' found
configure:14779: $? = 1
configure:14793: $PKG_CONFIG --exists --print-errors "gupnp-igd-1.0 >= $GUPNP_IGD_REQUIRED"
Package gupnp-igd-1.0 was not found in the pkg-config search path.
Perhaps you should add the directory containing `gupnp-igd-1.0.pc'
to the PKG_CONFIG_PATH environment variable
No package 'gupnp-igd-1.0' found
configure:14796: $? = 1
configure:14810: result: no
No package 'gupnp-igd-1.0' found
configure:14882: checking for gtkdoc-check
configure:14915: result: no
configure:14924: checking for gtkdoc-rebase
configure:14957: result: no
configure:14968: checking for gtkdoc-mkpdf
configure:15001: result: no
configure:15112: checking whether to build gtk-doc documentation
configure:15114: result: no
configure:15294: checking that generated files are newer than configure
configure:15300: result: done
configure:15359: creating ./config.status

## ---------------------- ##
## Running config.status. ##
## ---------------------- ##

This file was extended by libnice config.status 0.1.5, which was
generated by GNU Autoconf 2.69.  Invocation command line was

  CONFIG_FILES    = 
  CONFIG_HEADERS  = 
  CONFIG_LINKS    = 
  CONFIG_COMMANDS = 
  $ ./config.status 

on vm2

config.status:1177: creating Makefile
config.status:1177: creating agent/Makefile
config.status:1177: creating stun/Makefile
config.status:1177: creating stun/tests/Makefile
config.status:1177: creating stun/tools/Makefile
config.status:1177: creating socket/Makefile
config.status:1177: creating nice/Makefile
config.status:1177: creating nice/nice.pc
config.status:1177: creating random/Makefile
config.status:1177: creating gst/Makefile
config.status:1177: creating docs/Makefile
config.status:1177: creating docs/reference/Makefile
config.status:1177: creating docs/reference/libnice/Makefile
config.status:1177: creating tests/Makefile
config.status:1177: creating examples/Makefile
config.status:1177: creating config.h
config.status:1406: executing depfiles commands
config.status:1406: executing libtool commands

## ---------------- ##
## Cache variables. ##
## ---------------- ##

ac_cv_build=x86_64-unknown-linux-gnu
ac_cv_c_compiler_gnu=yes
ac_cv_c_restrict=__restrict
ac_cv_c_vararrays=yes
ac_cv_env_CC_set=set
ac_cv_env_CC_value=gcc
ac_cv_env_CFLAGS_set=set
ac_cv_env_CFLAGS_value='-g -O2 -fPIC -DPIC'
ac_cv_env_CPPFLAGS_set=set
ac_cv_env_CPPFLAGS_value=' -include /mnt/hgfs/SrcRepos/gt6-RAMSES_8_5/xio/drivers/udt/source/libnice/globus_libnice_mingw.h'
ac_cv_env_CPP_set=
ac_cv_env_CPP_value=
ac_cv_env_GLIB_CFLAGS_set=
ac_cv_env_GLIB_CFLAGS_value=
ac_cv_env_GLIB_LIBS_set=
ac_cv_env_GLIB_LIBS_value=
ac_cv_env_GST010_CFLAGS_set=
ac_cv_env_GST010_CFLAGS_value=
ac_cv_env_GST010_LIBS_set=
ac_cv_env_GST010_LIBS_value=
ac_cv_env_GST_CFLAGS_set=
ac_cv_env_GST_CFLAGS_value=
ac_cv_env_GST_LIBS_set=
ac_cv_env_GST_LIBS_value=
ac_cv_env_GTKDOC_DEPS_CFLAGS_set=
ac_cv_env_GTKDOC_DEPS_CFLAGS_value=
ac_cv_env_GTKDOC_DEPS_LIBS_set=
ac_cv_env_GTKDOC_DEPS_LIBS_value=
ac_cv_env_GUPNP_CFLAGS_set=
ac_cv_env_GUPNP_CFLAGS_value=
ac_cv_env_GUPNP_LIBS_set=
ac_cv_env_GUPNP_LIBS_value=
ac_cv_env_LDFLAGS_set=set
ac_cv_env_LDFLAGS_value=
ac_cv_env_LIBS_set=
ac_cv_env_LIBS_value=
ac_cv_env_PKG_CONFIG_LIBDIR_set=
ac_cv_env_PKG_CONFIG_LIBDIR_value=
ac_cv_env_PKG_CONFIG_PATH_set=set
ac_cv_env_PKG_CONFIG_PATH_value=/mnt/hgfs/SrcRepos/gt6-RAMSES_8_5/common/source:/mnt/hgfs/SrcRepos/gt6-RAMSES_8_5/xio/src:/mnt/hgfs/SrcRepos/gt6-RAMSES_8_5/gridftp/gfork/source:/mnt/hgfs/SrcRepos/gt6-RAMSES_8_5/gsi/openssl_error/source:/mnt/hgfs/SrcRepos/gt6-RAMSES_8_5/gsi/proxy/proxy_ssl/source:/mnt/hgfs/SrcRepos/gt6-RAMSES_8_5/gsi/openssl_module/source:/mnt/hgfs/SrcRepos/gt6-RAMSES_8_5/gsi/cert_utils/source:/mnt/hgfs/SrcRepos/gt6-RAMSES_8_5/gsi/sysconfig/source:/mnt/hgfs/SrcRepos/gt6-RAMSES_8_5/callout/source:/mnt/hgfs/SrcRepos/gt6-RAMSES_8_5/gsi/callback/source:/mnt/hgfs/SrcRepos/gt6-RAMSES_8_5/gsi/credential/source:/mnt/hgfs/SrcRepos/gt6-RAMSES_8_5/gsi/proxy/proxy_core/source:/mnt/hgfs/SrcRepos/gt6-RAMSES_8_5/gsi/gssapi/source:/mnt/hgfs/SrcRepos/gt6-RAMSES_8_5/gsi/gss_assist/source:/mnt/hgfs/SrcRepos/gt6-RAMSES_8_5/gsi/gssapi_error/source:/mnt/hgfs/SrcRepos/gt6-RAMSES_8_5/xio/drivers/gsi:/mnt/hgfs/SrcRepos/gt6-RAMSES_8_5/io/compat:/mnt/hgfs/SrcRepos/gt6-RAMSES_8_5/gridftp/control/source:/mnt/hgfs/SrcRepos/gt6-RAMSES_8_5/usage/c/sender/source:/mnt/hgfs/SrcRepos/gt6-RAMSES_8_5/xio/drivers/pipe/source:/mnt/hgfs/SrcRepos/gt6-RAMSES_8_5/gridftp/server-lib/src:/mnt/hgfs/SrcRepos/gt6-RAMSES_8_5/gsi/authz/error:/mnt/hgfs/SrcRepos/gt6-RAMSES_8_5/gsi/authz/source:/mnt/hgfs/SrcRepos/gt6-RAMSES_8_5/xio/drivers/rate/source:/mnt/hgfs/SrcRepos/gt6-RAMSES_8_5/xio/drivers/popen/source:/mnt/hgfs/SrcRepos/gt6-RAMSES_8_5/xio/drivers/udt/source:/mnt/hgfs/SrcRepos/gt6-RAMSES_8_5/gridftp/net_manager:/mnt/hgfs/SrcRepos/gt6-RAMSES_8_5/gridftp/server/src:/mnt/hgfs/SrcRepos/gt6-RAMSES_8_5/gram/protocol/source:/mnt/hgfs/SrcRepos/gt6-RAMSES_8_5/gram/jobmanager/scheduler_event_generator/source:/mnt/hgfs/SrcRepos/gt6-RAMSES_8_5/gram/jobmanager/lrms/lsf/source:/mnt/hgfs/SrcRepos/gt6-RAMSES_8_5/gass/transfer/source:/mnt/hgfs/SrcRepos/gt6-RAMSES_8_5/gridftp/client/source:/mnt/hgfs/SrcRepos/gt6-RAMSES_8_5/gass/copy/source:/mnt/hgfs/SrcRepos/gt6-RAMSES_8_5/gass/cache/source:/mnt/hgfs/SrcRepos/gt6-RAMSES_8_5/gram/rsl/source:/mnt/hgfs/SrcRepos/gt6-RAMSES_8_5/gram/jobmanager/callout_error:/mnt/hgfs/SrcRepos/gt6-RAMSES_8_5/gridftp/server/multi/source:/mnt/hgfs/SrcRepos/gt6-RAMSES_8_5/gsi/simple_ca/source:/mnt/hgfs/SrcRepos/gt6-RAMSES_8_5/gram/jobmanager/lrms/sge/source:/mnt/hgfs/SrcRepos/gt6-RAMSES_8_5/gram/jobmanager/scripts:/mnt/hgfs/SrcRepos/gt6-RAMSES_8_5/gram/jobmanager/lrms/slurm/source:/mnt/hgfs/SrcRepos/gt6-RAMSES_8_5/gsi/gridmap_callout/error:/mnt/hgfs/SrcRepos/gt6-RAMSES_8_5/gsi/gridmap_callout/source:/mnt/hgfs/SrcRepos/gt6-RAMSES_8_5/gass/server_ez/source:/mnt/hgfs/SrcRepos/gt6-RAMSES_8_5/gridftp/gridftp_driver/source:/mnt/hgfs/SrcRepos/gt6-RAMSES_8_5/gram/jobmanager/lrms/fork/source:/mnt/hgfs/SrcRepos/gt6-RAMSES_8_5/gsi/gridmap_verify_myproxy_callout:/mnt/hgfs/SrcRepos/gt6-RAMSES_8_5/gsi/gridmap_eppn_callout:/mnt/hgfs/SrcRepos/gt6-RAMSES_8_5/gram/jobmanager/lrms/condor/source:/mnt/hgfs/SrcRepos/gt6-RAMSES_8_5/gsi/proxy/proxy_utils/source:/mnt/hgfs/SrcRepos/gt6-RAMSES_8_5/gram/client/source:/mnt/hgfs/SrcRepos/gt6-RAMSES_8_5/xio/xioperf/source:/mnt/hgfs/SrcRepos/gt6-RAMSES_8_5/gram/gatekeeper/source:/mnt/hgfs/SrcRepos/gt6-RAMSES_8_5/gass/cache_program/source:/mnt/hgfs/SrcRepos/gt6-RAMSES_8_5/gram/jobmanager/lrms/pbs/source:/mnt/hgfs/SrcRepos/gt6-RAMSES_8_5/gram/jobmanager/auditing/source:/mnt/hgfs/SrcRepos/gt6-RAMSES_8_5/myproxy/source:/mnt/hgfs/SrcRepos/gt6-RAMSES_8_5/gsi_openssh/source:/mnt/hgfs/SrcRepos/gt6-RAMSES_8_5/gram/client_tools/source:/mnt/hgfs/SrcRepos/gt6-RAMSES_8_5/gram/jobmanager/source:/mnt/hgfs/SrcRepos/gt6-RAMSES_8_5/gridftp/hdfs:/mnt/hgfs/SrcRepos/gt6-RAMSES_8_5/xio/drivers/udt/source/glib2/lib/pkgconfig
ac_cv_env_PKG_CONFIG_set=
ac_cv_env_PKG_CONFIG_value=
ac_cv_env_build_alias_set=
ac_cv_env_build_alias_value=
ac_cv_env_host_alias_set=set
ac_cv_env_host_alias_value=x86_64-unknown-linux-gnu
ac_cv_env_target_alias_set=
ac_cv_env_target_alias_value=
ac_cv_func_poll=yes
ac_cv_header_arpa_inet_h=yes
ac_cv_header_dlfcn_h=yes
ac_cv_header_ifaddrs_h=yes
ac_cv_header_inttypes_h=yes
ac_cv_header_memory_h=yes
ac_cv_header_minix_config_h=no
ac_cv_header_net_in_h=no
ac_cv_header_stdbool_h=yes
ac_cv_header_stdc=yes
ac_cv_header_stdint_h=yes
ac_cv_header_stdlib_h=yes
ac_cv_header_string_h=yes
ac_cv_header_strings_h=yes
ac_cv_header_sys_stat_h=yes
ac_cv_header_sys_types_h=yes
ac_cv_header_unistd_h=yes
ac_cv_host=x86_64-unknown-linux-gnu
ac_cv_lib_rt_clock_gettime=yes
ac_cv_objext=o
ac_cv_path_EGREP='/bin/grep -E'
ac_cv_path_FGREP='/bin/grep -F'
ac_cv_path_GREP=/bin/grep
ac_cv_path_SED=/bin/sed
ac_cv_path_ac_pt_PKG_CONFIG=/usr/bin/pkg-config
ac_cv_path_install='/usr/bin/install -c'
ac_cv_path_mkdir=/bin/mkdir
ac_cv_prog_AR=ar
ac_cv_prog_AWK=gawk
ac_cv_prog_CC=gcc
ac_cv_prog_CPP='gcc -E'
ac_cv_prog_STRIP=strip
ac_cv_prog_ac_ct_AR=ar
ac_cv_prog_ac_ct_OBJDUMP=objdump
ac_cv_prog_ac_ct_RANLIB=ranlib
ac_cv_prog_ac_ct_STRIP=strip
ac_cv_prog_cc_c89=
ac_cv_prog_cc_g=yes
ac_cv_prog_make_make_set=yes
ac_cv_safe_to_define___extensions__=yes
ac_cv_search_inet_pton='none required'
ac_cv_search_socket='none required'
ac_cv_target=x86_64-unknown-linux-gnu
ac_cv_type__Bool=yes
am_cv_CC_dependencies_compiler_type=none
am_cv_ar_interface=ar
am_cv_make_support_nested_variables=yes
lt_cv_ar_at_file=@
lt_cv_deplibs_check_method=pass_all
lt_cv_file_magic_cmd='$MAGIC_CMD'
lt_cv_file_magic_test_file=
lt_cv_ld_reload_flag=-r
lt_cv_nm_interface='BSD nm'
lt_cv_objdir=.libs
lt_cv_path_LD='/usr/bin/ld -m elf_x86_64'
lt_cv_path_NM='/usr/bin/nm -B'
lt_cv_path_mainfest_tool=no
lt_cv_prog_compiler_c_o=yes
lt_cv_prog_compiler_pic='-fPIC -DPIC'
lt_cv_prog_compiler_pic_works=yes
lt_cv_prog_compiler_rtti_exceptions=no
lt_cv_prog_compiler_static_works=no
lt_cv_prog_gnu_ld=yes
lt_cv_sharedlib_from_linklib_cmd='printf %s\n'
lt_cv_shlibpath_overrides_runpath=no
lt_cv_sys_global_symbol_pipe='sed -n -e '\''s/^.*[	 ]\([ABCDGIRSTW][ABCDGIRSTW]*\)[	 ][	 ]*\([_A-Za-z][_A-Za-z0-9]*\)$/\1 \2 \2/p'\'' | sed '\''/ __gnu_lto/d'\'''
lt_cv_sys_global_symbol_to_c_name_address='sed -n -e '\''s/^: \([^ ]*\)[ ]*$/  {\"\1\", (void *) 0},/p'\'' -e '\''s/^[ABCDGIRSTW]* \([^ ]*\) \([^ ]*\)$/  {"\2", (void *) \&\2},/p'\'''
lt_cv_sys_global_symbol_to_c_name_address_lib_prefix='sed -n -e '\''s/^: \([^ ]*\)[ ]*$/  {\"\1\", (void *) 0},/p'\'' -e '\''s/^[ABCDGIRSTW]* \([^ ]*\) \(lib[^ ]*\)$/  {"\2", (void *) \&\2},/p'\'' -e '\''s/^[ABCDGIRSTW]* \([^ ]*\) \([^ ]*\)$/  {"lib\2", (void *) \&\2},/p'\'''
lt_cv_sys_global_symbol_to_cdecl='sed -n -e '\''s/^T .* \(.*\)$/extern int \1();/p'\'' -e '\''s/^[ABCDGIRSTW]* .* \(.*\)$/extern char \1;/p'\'''
lt_cv_sys_max_cmd_len=1966080
lt_cv_to_host_file_cmd=func_convert_file_noop
lt_cv_to_tool_file_cmd=func_convert_file_noop
pkg_cv_GLIB_CFLAGS='-pthread -I/mnt/hgfs/SrcRepos/gt6-RAMSES_8_5/xio/drivers/udt/source/glib2/include/glib-2.0 -I/mnt/hgfs/SrcRepos/gt6-RAMSES_8_5/xio/drivers/udt/source/glib2/lib/glib-2.0/include  '
pkg_cv_GLIB_LIBS='-pthread -L/mnt/hgfs/SrcRepos/gt6-RAMSES_8_5/xio/drivers/udt/source/glib2/lib -lgthread-2.0 -lrt -lgio-2.0 -lgobject-2.0 -lglib-2.0  '

## ----------------- ##
## Output variables. ##
## ----------------- ##

ACLOCAL='aclocal-1.13'
AMDEPBACKSLASH=''
AMDEP_FALSE=''
AMDEP_TRUE='#'
AMTAR='$${TAR-tar}'
AM_BACKSLASH='\'
AM_DEFAULT_V='$(AM_DEFAULT_VERBOSITY)'
AM_DEFAULT_VERBOSITY='0'
AM_V='$(V)'
AR='ar'
AUTOCONF='autoconf'
AUTOHEADER='autoheader'
AUTOMAKE='automake-1.13'
AWK='gawk'
CC='gcc'
CCACHE_DISABLE=''
CCDEPMODE='depmode=none'
CFLAGS='-g -O2 -fPIC -DPIC'
CPP='gcc -E'
CPPFLAGS=' -include /mnt/hgfs/SrcRepos/gt6-RAMSES_8_5/xio/drivers/udt/source/libnice/globus_libnice_mingw.h'
CYGPATH_W='echo'
DEFS='-DHAVE_CONFIG_H'
DEPDIR='.deps'
DLLTOOL='false'
DSYMUTIL=''
DUMPBIN=''
ECHO_C=''
ECHO_N='-n'
ECHO_T=''
EGREP='/bin/grep -E'
ENABLE_GTK_DOC_FALSE=''
ENABLE_GTK_DOC_TRUE='#'
EXEEXT=''
FGREP='/bin/grep -F'
GLIB_CFLAGS='-pthread -I/mnt/hgfs/SrcRepos/gt6-RAMSES_8_5/xio/drivers/udt/source/glib2/include/glib-2.0 -I/mnt/hgfs/SrcRepos/gt6-RAMSES_8_5/xio/drivers/udt/source/glib2/lib/glib-2.0/include  '
GLIB_LIBS='-pthread -L/mnt/hgfs/SrcRepos/gt6-RAMSES_8_5/xio/drivers/udt/source/glib2/lib -lgthread-2.0 -lrt -lgio-2.0 -lgobject-2.0 -lglib-2.0  '
GREP='/bin/grep'
GST010_CFLAGS=''
GST010_LIBS=''
GST_CFLAGS=''
GST_LIBS=''
GTKDOC_CHECK=''
GTKDOC_DEPS_CFLAGS=''
GTKDOC_DEPS_LIBS=''
GTKDOC_MKPDF=''
GTKDOC_REBASE='true'
GTK_DOC_BUILD_HTML_FALSE='#'
GTK_DOC_BUILD_HTML_TRUE=''
GTK_DOC_BUILD_PDF_FALSE=''
GTK_DOC_BUILD_PDF_TRUE='#'
GTK_DOC_USE_LIBTOOL_FALSE='#'
GTK_DOC_USE_LIBTOOL_TRUE=''
GTK_DOC_USE_REBASE_FALSE='#'
GTK_DOC_USE_REBASE_TRUE=''
GUPNP_CFLAGS=''
GUPNP_LIBS=''
HAVE_GUPNP='no'
HTML_DIR='${datadir}/gtk-doc/html'
INSTALL_DATA='${INSTALL} -m 644'
INSTALL_PROGRAM='${INSTALL}'
INSTALL_SCRIPT='${INSTALL}'
INSTALL_STRIP_PROGRAM='$(install_sh) -c -s'
LD='/usr/bin/ld -m elf_x86_64 -m elf_x86_64'
LDFLAGS=''
LIBNICE_CFLAGS='-DGLIB_VERSION_MIN_REQUIRED=GLIB_VERSION_2_30 -DGLIB_VERSION_MAX_ALLOWED=GLIB_VERSION_2_36 -fno-strict-aliasing'
LIBNICE_LT_LDFLAGS='-version-info 13:0:3 -no-undefined'
LIBOBJS=''
LIBRT='-lrt'
LIBS=''
LIBTOOL='$(SHELL) $(top_builddir)/libtool'
LIPO=''
LN_S='ln -s'
LTLIBOBJS=''
MAKEINFO='makeinfo'
MANIFEST_TOOL=':'
MKDIR_P='/bin/mkdir -p'
NM='/usr/bin/nm -B'
NMEDIT=''
OBJDUMP='objdump'
OBJEXT='o'
OTOOL64=''
OTOOL=''
PACKAGE='libnice'
PACKAGE_BUGREPORT=''
PACKAGE_NAME='libnice'
PACKAGE_STRING='libnice 0.1.5'
PACKAGE_TARNAME='libnice'
PACKAGE_URL=''
PACKAGE_VERSION='0.1.5'
PATH_SEPARATOR=':'
PKG_CONFIG='/usr/bin/pkg-config'
PKG_CONFIG_LIBDIR=''
PKG_CONFIG_PATH='/mnt/hgfs/SrcRepos/gt6-RAMSES_8_5/common/source:/mnt/hgfs/SrcRepos/gt6-RAMSES_8_5/xio/src:/mnt/hgfs/SrcRepos/gt6-RAMSES_8_5/gridftp/gfork/source:/mnt/hgfs/SrcRepos/gt6-RAMSES_8_5/gsi/openssl_error/source:/mnt/hgfs/SrcRepos/gt6-RAMSES_8_5/gsi/proxy/proxy_ssl/source:/mnt/hgfs/SrcRepos/gt6-RAMSES_8_5/gsi/openssl_module/source:/mnt/hgfs/SrcRepos/gt6-RAMSES_8_5/gsi/cert_utils/source:/mnt/hgfs/SrcRepos/gt6-RAMSES_8_5/gsi/sysconfig/source:/mnt/hgfs/SrcRepos/gt6-RAMSES_8_5/callout/source:/mnt/hgfs/SrcRepos/gt6-RAMSES_8_5/gsi/callback/source:/mnt/hgfs/SrcRepos/gt6-RAMSES_8_5/gsi/credential/source:/mnt/hgfs/SrcRepos/gt6-RAMSES_8_5/gsi/proxy/proxy_core/source:/mnt/hgfs/SrcRepos/gt6-RAMSES_8_5/gsi/gssapi/source:/mnt/hgfs/SrcRepos/gt6-RAMSES_8_5/gsi/gss_assist/source:/mnt/hgfs/SrcRepos/gt6-RAMSES_8_5/gsi/gssapi_error/source:/mnt/hgfs/SrcRepos/gt6-RAMSES_8_5/xio/drivers/gsi:/mnt/hgfs/SrcRepos/gt6-RAMSES_8_5/io/compat:/mnt/hgfs/SrcRepos/gt6-RAMSES_8_5/gridftp/control/source:/mnt/hgfs/SrcRepos/gt6-RAMSES_8_5/usage/c/sender/source:/mnt/hgfs/SrcRepos/gt6-RAMSES_8_5/xio/drivers/pipe/source:/mnt/hgfs/SrcRepos/gt6-RAMSES_8_5/gridftp/server-lib/src:/mnt/hgfs/SrcRepos/gt6-RAMSES_8_5/gsi/authz/error:/mnt/hgfs/SrcRepos/gt6-RAMSES_8_5/gsi/authz/source:/mnt/hgfs/SrcRepos/gt6-RAMSES_8_5/xio/drivers/rate/source:/mnt/hgfs/SrcRepos/gt6-RAMSES_8_5/xio/drivers/popen/source:/mnt/hgfs/SrcRepos/gt6-RAMSES_8_5/xio/drivers/udt/source:/mnt/hgfs/SrcRepos/gt6-RAMSES_8_5/gridftp/net_manager:/mnt/hgfs/SrcRepos/gt6-RAMSES_8_5/gridftp/server/src:/mnt/hgfs/SrcRepos/gt6-RAMSES_8_5/gram/protocol/source:/mnt/hgfs/SrcRepos/gt6-RAMSES_8_5/gram/jobmanager/scheduler_event_generator/source:/mnt/hgfs/SrcRepos/gt6-RAMSES_8_5/gram/jobmanager/lrms/lsf/source:/mnt/hgfs/SrcRepos/gt6-RAMSES_8_5/gass/transfer/source:/mnt/hgfs/SrcRepos/gt6-RAMSES_8_5/gridftp/client/source:/mnt/hgfs/SrcRepos/gt6-RAMSES_8_5/gass/copy/source:/mnt/hgfs/SrcRepos/gt6-RAMSES_8_5/gass/cache/source:/mnt/hgfs/SrcRepos/gt6-RAMSES_8_5/gram/rsl/source:/mnt/hgfs/SrcRepos/gt6-RAMSES_8_5/gram/jobmanager/callout_error:/mnt/hgfs/SrcRepos/gt6-RAMSES_8_5/gridftp/server/multi/source:/mnt/hgfs/SrcRepos/gt6-RAMSES_8_5/gsi/simple_ca/source:/mnt/hgfs/SrcRepos/gt6-RAMSES_8_5/gram/jobmanager/lrms/sge/source:/mnt/hgfs/SrcRepos/gt6-RAMSES_8_5/gram/jobmanager/scripts:/mnt/hgfs/SrcRepos/gt6-RAMSES_8_5/gram/jobmanager/lrms/slurm/source:/mnt/hgfs/SrcRepos/gt6-RAMSES_8_5/gsi/gridmap_callout/error:/mnt/hgfs/SrcRepos/gt6-RAMSES_8_5/gsi/gridmap_callout/source:/mnt/hgfs/SrcRepos/gt6-RAMSES_8_5/gass/server_ez/source:/mnt/hgfs/SrcRepos/gt6-RAMSES_8_5/gridftp/gridftp_driver/source:/mnt/hgfs/SrcRepos/gt6-RAMSES_8_5/gram/jobmanager/lrms/fork/source:/mnt/hgfs/SrcRepos/gt6-RAMSES_8_5/gsi/gridmap_verify_myproxy_callout:/mnt/hgfs/SrcRepos/gt6-RAMSES_8_5/gsi/gridmap_eppn_callout:/mnt/hgfs/SrcRepos/gt6-RAMSES_8_5/gram/jobmanager/lrms/condor/source:/mnt/hgfs/SrcRepos/gt6-RAMSES_8_5/gsi/proxy/proxy_utils/source:/mnt/hgfs/SrcRepos/gt6-RAMSES_8_5/gram/client/source:/mnt/hgfs/SrcRepos/gt6-RAMSES_8_5/xio/xioperf/source:/mnt/hgfs/SrcRepos/gt6-RAMSES_8_5/gram/gatekeeper/source:/mnt/hgfs/SrcRepos/gt6-RAMSES_8_5/gass/cache_program/source:/mnt/hgfs/SrcRepos/gt6-RAMSES_8_5/gram/jobmanager/lrms/pbs/source:/mnt/hgfs/SrcRepos/gt6-RAMSES_8_5/gram/jobmanager/auditing/source:/mnt/hgfs/SrcRepos/gt6-RAMSES_8_5/myproxy/source:/mnt/hgfs/SrcRepos/gt6-RAMSES_8_5/gsi_openssh/source:/mnt/hgfs/SrcRepos/gt6-RAMSES_8_5/gram/client_tools/source:/mnt/hgfs/SrcRepos/gt6-RAMSES_8_5/gram/jobmanager/source:/mnt/hgfs/SrcRepos/gt6-RAMSES_8_5/gridftp/hdfs:/mnt/hgfs/SrcRepos/gt6-RAMSES_8_5/xio/drivers/udt/source/glib2/lib/pkgconfig'
RANLIB='ranlib'
SED='/bin/sed'
SET_MAKE=''
SHELL='/bin/sh'
STRIP='strip'
VERSION='0.1.5'
WINDOWS_FALSE=''
WINDOWS_TRUE='#'
WITH_GSTREAMER010_FALSE=''
WITH_GSTREAMER010_TRUE='#'
WITH_GSTREAMER_FALSE=''
WITH_GSTREAMER_TRUE='#'
ac_ct_AR='ar'
ac_ct_CC=''
ac_ct_DUMPBIN=''
am__EXEEXT_FALSE=''
am__EXEEXT_TRUE='#'
am__fastdepCC_FALSE=''
am__fastdepCC_TRUE='#'
am__include='include'
am__isrc=''
am__leading_dot='.'
am__nodep=''
am__quote=''
am__tar='$${TAR-tar} chof - "$$tardir"'
am__untar='$${TAR-tar} xf -'
bindir='${exec_prefix}/bin'
build='x86_64-unknown-linux-gnu'
build_alias=''
build_cpu='x86_64'
build_os='linux-gnu'
build_vendor='unknown'
datadir='${datarootdir}'
datarootdir='${prefix}/share'
docdir='${datarootdir}/doc/${PACKAGE_TARNAME}'
dvidir='${docdir}'
exec_prefix='${prefix}'
gstplugin010dir=''
gstplugindir=''
host='x86_64-unknown-linux-gnu'
host_alias='x86_64-unknown-linux-gnu'
host_cpu='x86_64'
host_os='linux-gnu'
host_vendor='unknown'
htmldir='${docdir}'
includedir='${prefix}/include'
infodir='${datarootdir}/info'
install_sh='${SHELL} /mnt/hgfs/SrcRepos/gt6-RAMSES_8_5/xio/drivers/udt/source/libnice/source/install-sh'
libdir='${exec_prefix}/lib'
libexecdir='${exec_prefix}/libexec'
localedir='${datarootdir}/locale'
localstatedir='${prefix}/var'
mandir='${datarootdir}/man'
mkdir_p='$(MKDIR_P)'
oldincludedir='/usr/include'
pdfdir='${docdir}'
prefix='/home/esjung/gt6_inst'
program_transform_name='s,x,x,'
psdir='${docdir}'
sbindir='${exec_prefix}/sbin'
sharedstatedir='${prefix}/com'
sysconfdir='${prefix}/etc'
target='x86_64-unknown-linux-gnu'
target_alias=''
target_cpu='x86_64'
target_os='linux-gnu'
target_vendor='unknown'

## ----------- ##
## confdefs.h. ##
## ----------- ##

/* confdefs.h */
#define PACKAGE_NAME "libnice"
#define PACKAGE_TARNAME "libnice"
#define PACKAGE_VERSION "0.1.5"
#define PACKAGE_STRING "libnice 0.1.5"
#define PACKAGE_BUGREPORT ""
#define PACKAGE_URL ""
#define PACKAGE "libnice"
#define VERSION "0.1.5"
#define STDC_HEADERS 1
#define HAVE_SYS_TYPES_H 1
#define HAVE_SYS_STAT_H 1
#define HAVE_STDLIB_H 1
#define HAVE_STRING_H 1
#define HAVE_MEMORY_H 1
#define HAVE_STRINGS_H 1
#define HAVE_INTTYPES_H 1
#define HAVE_STDINT_H 1
#define HAVE_UNISTD_H 1
#define __EXTENSIONS__ 1
#define _ALL_SOURCE 1
#define _GNU_SOURCE 1
#define _POSIX_PTHREAD_SEMANTICS 1
#define _TANDEM_SOURCE 1
#define HAVE_DLFCN_H 1
#define LT_OBJDIR ".libs/"
#define restrict __restrict
#define HAVE_C_VARARRAYS 1
#define HAVE__BOOL 1
#define HAVE_STDBOOL_H 1
#define NICEAPI_EXPORT  
#define HAVE_ARPA_INET_H 1
#define HAVE_IFADDRS_H 1
#define HAVE_GETIFADDRS 1
#define HAVE_POLL 1

configure: exit 0
