This file contains any messages produced by compilers while
running configure, to aid debugging if configure makes a mistake.

It was created by globus_gram_job_manager_slurm configure 2.7, which was
generated by GNU Autoconf 2.69.  Invocation command line was

  $ ./configure --disable-option-checking --prefix=/home/esjung/gt6_inst --with-udt --enable-udt --cache-file=/dev/null --srcdir=.

## --------- ##
## Platform. ##
## --------- ##

hostname = vm2
uname -m = x86_64
uname -r = 2.6.32-573.el6.x86_64
uname -s = Linux
uname -v = #1 SMP Thu Jul 23 15:44:03 UTC 2015

/usr/bin/uname -p = unknown
/bin/uname -X     = unknown

/bin/arch              = x86_64
/usr/bin/arch -k       = unknown
/usr/convex/getsysinfo = unknown
/usr/bin/hostinfo      = unknown
/bin/machine           = unknown
/usr/bin/oslevel       = unknown
/bin/universe          = unknown

PATH: /home/esjung/bin
PATH: /home/esjung/gt6_inst/bin
PATH: /home/esjung/gt6_inst/sbin
PATH: /usr/lib64/qt-3.3/bin
PATH: /usr/local/bin
PATH: /usr/bin
PATH: /bin
PATH: /usr/local/sbin
PATH: /usr/sbin
PATH: /sbin


## ----------- ##
## Core tests. ##
## ----------- ##

configure:1804: checking for a BSD-compatible install
configure:1872: result: /usr/bin/install -c
configure:1883: checking whether build environment is sane
configure:1938: result: yes
configure:2089: checking for a thread-safe mkdir -p
configure:2128: result: /bin/mkdir -p
configure:2135: checking for gawk
configure:2151: found /usr/bin/gawk
configure:2162: result: gawk
configure:2173: checking whether make sets $(MAKE)
configure:2195: result: yes
configure:2224: checking whether make supports nested variables
configure:2241: result: yes
configure:2320: checking how to create a pax tar archive
configure:2331: tar --version
tar (GNU tar) 1.23
Copyright (C) 2010 Free Software Foundation, Inc.
License GPLv3+: GNU GPL version 3 or later <http://gnu.org/licenses/gpl.html>.
This is free software: you are free to change and redistribute it.
There is NO WARRANTY, to the extent permitted by law.

Written by John Gilmore and Jay Fenlason.
configure:2334: $? = 0
configure:2374: tardir=conftest.dir && eval tar --format=posix -chf - "$tardir" >conftest.tar
tar: conftest.dir/file: file changed as we read it
configure:2377: $? = 1
configure:2381: tar -xf - <conftest.tar
configure:2384: $? = 0
configure:2386: cat conftest.dir/file
GrepMe
configure:2389: $? = 0
configure:2402: result: gnutar
configure:2535: checking for ibrun
configure:2568: result: no
configure:2578: WARNING: Cannot locate ibrun
configure:2586: checking for srun
configure:2619: result: no
configure:2629: WARNING: Cannot locate srun
configure:2637: checking for sbatch
configure:2670: result: no
configure:2680: WARNING: Cannot locate sbatch
configure:2688: checking for salloc
configure:2721: result: no
configure:2731: WARNING: Cannot locate salloc
configure:2739: checking for scancel
configure:2772: result: no
configure:2782: WARNING: Cannot locate scancel
configure:2790: checking for scontrol
configure:2823: result: no
configure:2833: WARNING: Cannot locate scontrol
configure:2854: checking for mpirun
configure:2887: result: no
configure:2897: WARNING: Cannot locate mpirun
configure:2915: WARNING: Some SLURM commands were not found.
configure:2923: WARNING: No MPI found
configure:3131: checking that generated files are newer than configure
configure:3137: result: done
configure:3145: creating ./config.status

## ---------------------- ##
## Running config.status. ##
## ---------------------- ##

This file was extended by globus_gram_job_manager_slurm config.status 2.7, which was
generated by GNU Autoconf 2.69.  Invocation command line was

  CONFIG_FILES    = 
  CONFIG_HEADERS  = 
  CONFIG_LINKS    = 
  CONFIG_COMMANDS = 
  $ ./config.status 

on vm2

config.status:793: creating globus-gram-job-manager-slurm-uninstalled.pc
config.status:793: creating globus-gram-job-manager-slurm.pc
config.status:793: creating Makefile
config.status:793: creating jobmanager-slurm
config.status:793: creating globus-slurm.conf
config.status:793: creating slurm.rvf

## ---------------- ##
## Cache variables. ##
## ---------------- ##

ac_cv_env_build_alias_set=
ac_cv_env_build_alias_value=
ac_cv_env_host_alias_set=
ac_cv_env_host_alias_value=
ac_cv_env_target_alias_set=
ac_cv_env_target_alias_value=
ac_cv_path_install='/usr/bin/install -c'
ac_cv_path_mkdir=/bin/mkdir
ac_cv_prog_AWK=gawk
ac_cv_prog_make_make_set=yes
am_cv_make_support_nested_variables=yes
am_cv_prog_tar_pax=gnutar

## ----------------- ##
## Output variables. ##
## ----------------- ##

ACLOCAL='${SHELL} /mnt/hgfs/SrcRepos/gt6-RAMSES_8_5/gram/jobmanager/lrms/slurm/source/build-aux/missing aclocal-1.14'
AGE_VERSION='1'
AMTAR='$${TAR-tar}'
AM_BACKSLASH='\'
AM_DEFAULT_V='$(AM_DEFAULT_VERBOSITY)'
AM_DEFAULT_VERBOSITY='1'
AM_V='$(V)'
AUTOCONF='${SHELL} /mnt/hgfs/SrcRepos/gt6-RAMSES_8_5/gram/jobmanager/lrms/slurm/source/build-aux/missing autoconf'
AUTOHEADER='${SHELL} /mnt/hgfs/SrcRepos/gt6-RAMSES_8_5/gram/jobmanager/lrms/slurm/source/build-aux/missing autoheader'
AUTOMAKE='${SHELL} /mnt/hgfs/SrcRepos/gt6-RAMSES_8_5/gram/jobmanager/lrms/slurm/source/build-aux/missing automake-1.14'
AWK='gawk'
CYGPATH_W='echo'
DEFAULT_MPI_TYPE=''
DEFS='-DPACKAGE_NAME=\"globus_gram_job_manager_slurm\" -DPACKAGE_TARNAME=\"globus_gram_job_manager_slurm\" -DPACKAGE_VERSION=\"2.7\" -DPACKAGE_STRING=\"globus_gram_job_manager_slurm\ 2.7\" -DPACKAGE_BUGREPORT=\"https://globus.atlassian.net/\" -DPACKAGE_URL=\"\" -DPACKAGE=\"globus_gram_job_manager_slurm\" -DVERSION=\"2.7\"'
DIRT_BRANCH_ID='85'
DIRT_TIMESTAMP='1439213997'
ECHO_C=''
ECHO_N='-n'
ECHO_T=''
IBRUN='no'
INSTALL_DATA='${INSTALL} -m 644'
INSTALL_PROGRAM='${INSTALL}'
INSTALL_SCRIPT='${INSTALL}'
INSTALL_STRIP_PROGRAM='$(install_sh) -c -s'
LIBOBJS=''
LIBS=''
LTLIBOBJS=''
MAJOR_VERSION='2'
MAKEINFO='${SHELL} /mnt/hgfs/SrcRepos/gt6-RAMSES_8_5/gram/jobmanager/lrms/slurm/source/build-aux/missing makeinfo'
MINOR_VERSION='7'
MKDIR_P='/bin/mkdir -p'
MPICH2_PATH=''
MPIRUN='no'
MPI_TYPES=''
OPENMPI_PATH=''
PACKAGE='globus_gram_job_manager_slurm'
PACKAGE_BUGREPORT='https://globus.atlassian.net/'
PACKAGE_DEPS=''
PACKAGE_NAME='globus_gram_job_manager_slurm'
PACKAGE_STRING='globus_gram_job_manager_slurm 2.7'
PACKAGE_TARNAME='globus_gram_job_manager_slurm'
PACKAGE_URL=''
PACKAGE_VERSION='2.7'
PATH_SEPARATOR=':'
SALLOC='no'
SBATCH='no'
SCANCEL='no'
SCONTROL='no'
SET_MAKE=''
SHELL='/bin/sh'
SLURM_PATH='no'
SRUN='no'
STRIP=''
VERSION='2.7'
am__isrc=''
am__leading_dot='.'
am__tar='tar --format=posix -chf - "$$tardir"'
am__untar='tar -xf -'
bindir='${exec_prefix}/bin'
build_alias=''
datadir='${datarootdir}'
datarootdir='${prefix}/share'
docdir='${datarootdir}/doc/${PACKAGE_TARNAME}'
dvidir='${docdir}'
exec_prefix='${prefix}'
host_alias=''
htmldir='${docdir}'
includedir='${prefix}/include'
infodir='${datarootdir}/info'
install_sh='${SHELL} /mnt/hgfs/SrcRepos/gt6-RAMSES_8_5/gram/jobmanager/lrms/slurm/source/build-aux/install-sh'
libdir='${exec_prefix}/lib'
libexecdir='${exec_prefix}/libexec'
localedir='${datarootdir}/locale'
localstatedir='${prefix}/var'
mandir='${datarootdir}/man'
mkdir_p='$(MKDIR_P)'
oldincludedir='/usr/include'
pdfdir='${docdir}'
perlmoduledir='${libdir}/perl'
prefix='/home/esjung/gt6_inst'
program_transform_name='s,x,x,'
psdir='${docdir}'
sbindir='${exec_prefix}/sbin'
sharedstatedir='${prefix}/com'
sysconfdir='${prefix}/etc'
target_alias=''

## ------------------- ##
## File substitutions. ##
## ------------------- ##

mpi_type_rvf='mpi_type.rvf'

## ----------- ##
## confdefs.h. ##
## ----------- ##

/* confdefs.h */
#define PACKAGE_NAME "globus_gram_job_manager_slurm"
#define PACKAGE_TARNAME "globus_gram_job_manager_slurm"
#define PACKAGE_VERSION "2.7"
#define PACKAGE_STRING "globus_gram_job_manager_slurm 2.7"
#define PACKAGE_BUGREPORT "https://globus.atlassian.net/"
#define PACKAGE_URL ""
#define PACKAGE "globus_gram_job_manager_slurm"
#define VERSION "2.7"

configure: exit 0
