This file contains any messages produced by compilers while
running configure, to aid debugging if configure makes a mistake.

It was created by globus_xio_udt_driver configure 1.19, which was
generated by GNU Autoconf 2.69.  Invocation command line was

  $ ./configure --disable-option-checking --prefix=/home/esjung/gt6_inst --with-udt --enable-udt --cache-file=/dev/null --srcdir=. PKG_CONFIG_PATH=/mnt/hgfs/SrcRepos/gt6-RAMSES_8_5/common/source:/mnt/hgfs/SrcRepos/gt6-RAMSES_8_5/xio/src:/mnt/hgfs/SrcRepos/gt6-RAMSES_8_5/gridftp/gfork/source:/mnt/hgfs/SrcRepos/gt6-RAMSES_8_5/gsi/openssl_error/source:/mnt/hgfs/SrcRepos/gt6-RAMSES_8_5/gsi/proxy/proxy_ssl/source:/mnt/hgfs/SrcRepos/gt6-RAMSES_8_5/gsi/openssl_module/source:/mnt/hgfs/SrcRepos/gt6-RAMSES_8_5/gsi/cert_utils/source:/mnt/hgfs/SrcRepos/gt6-RAMSES_8_5/gsi/sysconfig/source:/mnt/hgfs/SrcRepos/gt6-RAMSES_8_5/callout/source:/mnt/hgfs/SrcRepos/gt6-RAMSES_8_5/gsi/callback/source:/mnt/hgfs/SrcRepos/gt6-RAMSES_8_5/gsi/credential/source:/mnt/hgfs/SrcRepos/gt6-RAMSES_8_5/gsi/proxy/proxy_core/source:/mnt/hgfs/SrcRepos/gt6-RAMSES_8_5/gsi/gssapi/source:/mnt/hgfs/SrcRepos/gt6-RAMSES_8_5/gsi/gss_assist/source:/mnt/hgfs/SrcRepos/gt6-RAMSES_8_5/gsi/gssapi_error/source:/mnt/hgfs/SrcRepos/gt6-RAMSES_8_5/xio/drivers/gsi:/mnt/hgfs/SrcRepos/gt6-RAMSES_8_5/io/compat:/mnt/hgfs/SrcRepos/gt6-RAMSES_8_5/gridftp/control/source:/mnt/hgfs/SrcRepos/gt6-RAMSES_8_5/usage/c/sender/source:/mnt/hgfs/SrcRepos/gt6-RAMSES_8_5/xio/drivers/pipe/source:/mnt/hgfs/SrcRepos/gt6-RAMSES_8_5/gridftp/server-lib/src:/mnt/hgfs/SrcRepos/gt6-RAMSES_8_5/gsi/authz/error:/mnt/hgfs/SrcRepos/gt6-RAMSES_8_5/gsi/authz/source:/mnt/hgfs/SrcRepos/gt6-RAMSES_8_5/xio/drivers/rate/source:/mnt/hgfs/SrcRepos/gt6-RAMSES_8_5/xio/drivers/popen/source:/mnt/hgfs/SrcRepos/gt6-RAMSES_8_5/xio/drivers/udt/source:/mnt/hgfs/SrcRepos/gt6-RAMSES_8_5/gridftp/net_manager:/mnt/hgfs/SrcRepos/gt6-RAMSES_8_5/gridftp/server/src:/mnt/hgfs/SrcRepos/gt6-RAMSES_8_5/gram/protocol/source:/mnt/hgfs/SrcRepos/gt6-RAMSES_8_5/gram/jobmanager/scheduler_event_generator/source:/mnt/hgfs/SrcRepos/gt6-RAMSES_8_5/gram/jobmanager/lrms/lsf/source:/mnt/hgfs/SrcRepos/gt6-RAMSES_8_5/gass/transfer/source:/mnt/hgfs/SrcRepos/gt6-RAMSES_8_5/gridftp/client/source:/mnt/hgfs/SrcRepos/gt6-RAMSES_8_5/gass/copy/source:/mnt/hgfs/SrcRepos/gt6-RAMSES_8_5/gass/cache/source:/mnt/hgfs/SrcRepos/gt6-RAMSES_8_5/gram/rsl/source:/mnt/hgfs/SrcRepos/gt6-RAMSES_8_5/gram/jobmanager/callout_error:/mnt/hgfs/SrcRepos/gt6-RAMSES_8_5/gridftp/server/multi/source:/mnt/hgfs/SrcRepos/gt6-RAMSES_8_5/gsi/simple_ca/source:/mnt/hgfs/SrcRepos/gt6-RAMSES_8_5/gram/jobmanager/lrms/sge/source:/mnt/hgfs/SrcRepos/gt6-RAMSES_8_5/gram/jobmanager/scripts:/mnt/hgfs/SrcRepos/gt6-RAMSES_8_5/gram/jobmanager/lrms/slurm/source:/mnt/hgfs/SrcRepos/gt6-RAMSES_8_5/gsi/gridmap_callout/error:/mnt/hgfs/SrcRepos/gt6-RAMSES_8_5/gsi/gridmap_callout/source:/mnt/hgfs/SrcRepos/gt6-RAMSES_8_5/gass/server_ez/source:/mnt/hgfs/SrcRepos/gt6-RAMSES_8_5/gridftp/gridftp_driver/source:/mnt/hgfs/SrcRepos/gt6-RAMSES_8_5/gram/jobmanager/lrms/fork/source:/mnt/hgfs/SrcRepos/gt6-RAMSES_8_5/gsi/gridmap_verify_myproxy_callout:/mnt/hgfs/SrcRepos/gt6-RAMSES_8_5/gsi/gridmap_eppn_callout:/mnt/hgfs/SrcRepos/gt6-RAMSES_8_5/gram/jobmanager/lrms/condor/source:/mnt/hgfs/SrcRepos/gt6-RAMSES_8_5/gsi/proxy/proxy_utils/source:/mnt/hgfs/SrcRepos/gt6-RAMSES_8_5/gram/client/source:/mnt/hgfs/SrcRepos/gt6-RAMSES_8_5/xio/xioperf/source:/mnt/hgfs/SrcRepos/gt6-RAMSES_8_5/gram/gatekeeper/source:/mnt/hgfs/SrcRepos/gt6-RAMSES_8_5/gass/cache_program/source:/mnt/hgfs/SrcRepos/gt6-RAMSES_8_5/gram/jobmanager/lrms/pbs/source:/mnt/hgfs/SrcRepos/gt6-RAMSES_8_5/gram/jobmanager/auditing/source:/mnt/hgfs/SrcRepos/gt6-RAMSES_8_5/myproxy/source:/mnt/hgfs/SrcRepos/gt6-RAMSES_8_5/gsi_openssh/source:/mnt/hgfs/SrcRepos/gt6-RAMSES_8_5/gram/client_tools/source:/mnt/hgfs/SrcRepos/gt6-RAMSES_8_5/gram/jobmanager/source:/mnt/hgfs/SrcRepos/gt6-RAMSES_8_5/gridftp/hdfs --no-create --no-recursion

## --------- ##
## Platform. ##
## --------- ##

hostname = vm2
uname -m = x86_64
uname -r = 2.6.32-573.el6.x86_64
uname -s = Linux
uname -v = #1 SMP Thu Jul 23 15:44:03 UTC 2015

/usr/bin/uname -p = unknown
/bin/uname -X     = unknown

/bin/arch              = x86_64
/usr/bin/arch -k       = unknown
/usr/convex/getsysinfo = unknown
/usr/bin/hostinfo      = unknown
/bin/machine           = unknown
/usr/bin/oslevel       = unknown
/bin/universe          = unknown

PATH: /home/esjung/bin
PATH: /home/esjung/gt6_inst/bin
PATH: /home/esjung/gt6_inst/sbin
PATH: /usr/lib64/qt-3.3/bin
PATH: /usr/local/bin
PATH: /usr/bin
PATH: /bin
PATH: /usr/local/sbin
PATH: /usr/sbin
PATH: /sbin


## ----------- ##
## Core tests. ##
## ----------- ##

configure:2481: checking for a BSD-compatible install
configure:2549: result: /usr/bin/install -c
configure:2560: checking whether build environment is sane
configure:2615: result: yes
configure:2766: checking for a thread-safe mkdir -p
configure:2805: result: /bin/mkdir -p
configure:2812: checking for gawk
configure:2828: found /usr/bin/gawk
configure:2839: result: gawk
configure:2850: checking whether make sets $(MAKE)
configure:2872: result: yes
configure:2901: checking whether make supports nested variables
configure:2918: result: yes
configure:2997: checking how to create a pax tar archive
configure:3008: tar --version
tar (GNU tar) 1.23
Copyright (C) 2010 Free Software Foundation, Inc.
License GPLv3+: GNU GPL version 3 or later <http://gnu.org/licenses/gpl.html>.
This is free software: you are free to change and redistribute it.
There is NO WARRANTY, to the extent permitted by law.

Written by John Gilmore and Jay Fenlason.
configure:3011: $? = 0
configure:3051: tardir=conftest.dir && eval tar --format=posix -chf - "$tardir" >conftest.tar
configure:3054: $? = 0
configure:3058: tar -xf - <conftest.tar
configure:3061: $? = 0
configure:3063: cat conftest.dir/file
GrepMe
configure:3066: $? = 0
configure:3079: result: gnutar
configure:3157: checking build system type
configure:3171: result: x86_64-unknown-linux-gnu
configure:3191: checking host system type
configure:3204: result: x86_64-unknown-linux-gnu
configure:3245: checking how to print strings
configure:3272: result: printf
configure:3305: checking for style of include used by make
configure:3333: result: GNU
configure:3404: checking for gcc
configure:3420: found /usr/bin/gcc
configure:3431: result: gcc
configure:3660: checking for C compiler version
configure:3669: gcc --version >&5
gcc (GCC) 4.4.7 20120313 (Red Hat 4.4.7-16)
Copyright (C) 2010 Free Software Foundation, Inc.
This is free software; see the source for copying conditions.  There is NO
warranty; not even for MERCHANTABILITY or FITNESS FOR A PARTICULAR PURPOSE.

configure:3680: $? = 0
configure:3669: gcc -v >&5
Using built-in specs.
Target: x86_64-redhat-linux
Configured with: ../configure --prefix=/usr --mandir=/usr/share/man --infodir=/usr/share/info --with-bugurl=http://bugzilla.redhat.com/bugzilla --enable-bootstrap --enable-shared --enable-threads=posix --enable-checking=release --with-system-zlib --enable-__cxa_atexit --disable-libunwind-exceptions --enable-gnu-unique-object --enable-languages=c,c++,objc,obj-c++,java,fortran,ada --enable-java-awt=gtk --disable-dssi --with-java-home=/usr/lib/jvm/java-1.5.0-gcj-1.5.0.0/jre --enable-libgcj-multifile --enable-java-maintainer-mode --with-ecj-jar=/usr/share/java/eclipse-ecj.jar --disable-libjava-multilib --with-ppl --with-cloog --with-tune=generic --with-arch_32=i686 --build=x86_64-redhat-linux
Thread model: posix
gcc version 4.4.7 20120313 (Red Hat 4.4.7-16) (GCC) 
configure:3680: $? = 0
configure:3669: gcc -V >&5
gcc: '-V' option must have argument
configure:3680: $? = 1
configure:3669: gcc -qversion >&5
gcc: unrecognized option '-qversion'
gcc: no input files
configure:3680: $? = 1
configure:3700: checking whether the C compiler works
configure:3722: gcc    conftest.c  >&5
configure:3726: $? = 0
configure:3774: result: yes
configure:3777: checking for C compiler default output file name
configure:3779: result: a.out
configure:3785: checking for suffix of executables
configure:3792: gcc -o conftest    conftest.c  >&5
configure:3796: $? = 0
configure:3818: result: 
configure:3840: checking whether we are cross compiling
configure:3848: gcc -o conftest    conftest.c  >&5
configure:3852: $? = 0
configure:3859: ./conftest
configure:3863: $? = 0
configure:3878: result: no
configure:3883: checking for suffix of object files
configure:3905: gcc -c   conftest.c >&5
configure:3909: $? = 0
configure:3930: result: o
configure:3934: checking whether we are using the GNU C compiler
configure:3953: gcc -c   conftest.c >&5
configure:3953: $? = 0
configure:3962: result: yes
configure:3971: checking whether gcc accepts -g
configure:3991: gcc -c -g  conftest.c >&5
configure:3991: $? = 0
configure:4032: result: yes
configure:4049: checking for gcc option to accept ISO C89
configure:4112: gcc  -c -g -O2  conftest.c >&5
configure:4112: $? = 0
configure:4125: result: none needed
configure:4150: checking whether gcc understands -c and -o together
configure:4172: gcc -c conftest.c -o conftest2.o
configure:4175: $? = 0
configure:4172: gcc -c conftest.c -o conftest2.o
configure:4175: $? = 0
configure:4187: result: yes
configure:4206: checking dependency style of gcc
configure:4317: result: gcc3
configure:4332: checking for a sed that does not truncate output
configure:4396: result: /bin/sed
configure:4414: checking for grep that handles long lines and -e
configure:4472: result: /bin/grep
configure:4477: checking for egrep
configure:4539: result: /bin/grep -E
configure:4544: checking for fgrep
configure:4606: result: /bin/grep -F
configure:4641: checking for ld used by gcc
configure:4708: result: /usr/bin/ld
configure:4715: checking if the linker (/usr/bin/ld) is GNU ld
configure:4730: result: yes
configure:4742: checking for BSD- or MS-compatible name lister (nm)
configure:4791: result: /usr/bin/nm -B
configure:4921: checking the name lister (/usr/bin/nm -B) interface
configure:4928: gcc -c -g -O2  conftest.c >&5
configure:4931: /usr/bin/nm -B "conftest.o"
configure:4934: output
0000000000000000 B some_variable
configure:4941: result: BSD nm
configure:4944: checking whether ln -s works
configure:4948: result: yes
configure:4956: checking the maximum length of command line arguments
configure:5086: result: 1966080
configure:5103: checking whether the shell understands some XSI constructs
configure:5113: result: yes
configure:5117: checking whether the shell understands "+="
configure:5123: result: yes
configure:5158: checking how to convert x86_64-unknown-linux-gnu file names to x86_64-unknown-linux-gnu format
configure:5198: result: func_convert_file_noop
configure:5205: checking how to convert x86_64-unknown-linux-gnu file names to toolchain format
configure:5225: result: func_convert_file_noop
configure:5232: checking for /usr/bin/ld option to reload object files
configure:5239: result: -r
configure:5313: checking for objdump
configure:5329: found /usr/bin/objdump
configure:5340: result: objdump
configure:5369: checking how to recognize dependent libraries
configure:5571: result: pass_all
configure:5656: checking for dlltool
configure:5686: result: no
configure:5713: checking how to associate runtime and link libraries
configure:5740: result: printf %s\n
configure:5801: checking for ar
configure:5817: found /usr/bin/ar
configure:5828: result: ar
configure:5865: checking for archiver @FILE support
configure:5882: gcc -c -g -O2  conftest.c >&5
configure:5882: $? = 0
configure:5885: ar cru libconftest.a @conftest.lst >&5
configure:5888: $? = 0
configure:5893: ar cru libconftest.a @conftest.lst >&5
ar: conftest.o: No such file or directory
configure:5896: $? = 1
configure:5908: result: @
configure:5966: checking for strip
configure:5982: found /usr/bin/strip
configure:5993: result: strip
configure:6065: checking for ranlib
configure:6081: found /usr/bin/ranlib
configure:6092: result: ranlib
configure:6194: checking command to parse /usr/bin/nm -B output from gcc object
configure:6314: gcc -c -g -O2  conftest.c >&5
configure:6317: $? = 0
configure:6321: /usr/bin/nm -B conftest.o \| sed -n -e 's/^.*[ ]\([ABCDGIRSTW][ABCDGIRSTW]*\)[ ][ ]*\([_A-Za-z][_A-Za-z0-9]*\)$/\1 \2 \2/p' | sed '/ __gnu_lto/d' \> conftest.nm
configure:6324: $? = 0
configure:6390: gcc -o conftest -g -O2   conftest.c conftstm.o >&5
configure:6393: $? = 0
configure:6431: result: ok
configure:6468: checking for sysroot
configure:6498: result: no
configure:6575: gcc -c -g -O2  conftest.c >&5
configure:6578: $? = 0
configure:6760: checking for mt
configure:6790: result: no
configure:6810: checking if : is a manifest tool
configure:6816: : '-?'
configure:6824: result: no
configure:7466: checking how to run the C preprocessor
configure:7497: gcc -E  conftest.c
configure:7497: $? = 0
configure:7511: gcc -E  conftest.c
conftest.c:11:28: error: ac_nonexistent.h: No such file or directory
configure:7511: $? = 1
configure: failed program was:
| /* confdefs.h */
| #define PACKAGE_NAME "globus_xio_udt_driver"
| #define PACKAGE_TARNAME "globus_xio_udt_driver"
| #define PACKAGE_VERSION "1.19"
| #define PACKAGE_STRING "globus_xio_udt_driver 1.19"
| #define PACKAGE_BUGREPORT "https://globus.atlassian.net/"
| #define PACKAGE_URL ""
| #define PACKAGE "globus_xio_udt_driver"
| #define VERSION "1.19"
| /* end confdefs.h.  */
| #include <ac_nonexistent.h>
configure:7536: result: gcc -E
configure:7556: gcc -E  conftest.c
configure:7556: $? = 0
configure:7570: gcc -E  conftest.c
conftest.c:11:28: error: ac_nonexistent.h: No such file or directory
configure:7570: $? = 1
configure: failed program was:
| /* confdefs.h */
| #define PACKAGE_NAME "globus_xio_udt_driver"
| #define PACKAGE_TARNAME "globus_xio_udt_driver"
| #define PACKAGE_VERSION "1.19"
| #define PACKAGE_STRING "globus_xio_udt_driver 1.19"
| #define PACKAGE_BUGREPORT "https://globus.atlassian.net/"
| #define PACKAGE_URL ""
| #define PACKAGE "globus_xio_udt_driver"
| #define VERSION "1.19"
| /* end confdefs.h.  */
| #include <ac_nonexistent.h>
configure:7599: checking for ANSI C header files
configure:7619: gcc -c -g -O2  conftest.c >&5
configure:7619: $? = 0
configure:7692: gcc -o conftest -g -O2   conftest.c  >&5
configure:7692: $? = 0
configure:7692: ./conftest
configure:7692: $? = 0
configure:7703: result: yes
configure:7716: checking for sys/types.h
configure:7716: gcc -c -g -O2  conftest.c >&5
configure:7716: $? = 0
configure:7716: result: yes
configure:7716: checking for sys/stat.h
configure:7716: gcc -c -g -O2  conftest.c >&5
configure:7716: $? = 0
configure:7716: result: yes
configure:7716: checking for stdlib.h
configure:7716: gcc -c -g -O2  conftest.c >&5
configure:7716: $? = 0
configure:7716: result: yes
configure:7716: checking for string.h
configure:7716: gcc -c -g -O2  conftest.c >&5
configure:7716: $? = 0
configure:7716: result: yes
configure:7716: checking for memory.h
configure:7716: gcc -c -g -O2  conftest.c >&5
configure:7716: $? = 0
configure:7716: result: yes
configure:7716: checking for strings.h
configure:7716: gcc -c -g -O2  conftest.c >&5
configure:7716: $? = 0
configure:7716: result: yes
configure:7716: checking for inttypes.h
configure:7716: gcc -c -g -O2  conftest.c >&5
configure:7716: $? = 0
configure:7716: result: yes
configure:7716: checking for stdint.h
configure:7716: gcc -c -g -O2  conftest.c >&5
configure:7716: $? = 0
configure:7716: result: yes
configure:7716: checking for unistd.h
configure:7716: gcc -c -g -O2  conftest.c >&5
configure:7716: $? = 0
configure:7716: result: yes
configure:7730: checking for dlfcn.h
configure:7730: gcc -c -g -O2  conftest.c >&5
configure:7730: $? = 0
configure:7730: result: yes
configure:8233: checking for objdir
configure:8248: result: .libs
configure:8515: checking if gcc supports -fno-rtti -fno-exceptions
configure:8533: gcc -c -g -O2  -fno-rtti -fno-exceptions conftest.c >&5
cc1: warning: command line option "-fno-rtti" is valid for C++/ObjC++ but not for C
configure:8537: $? = 0
configure:8550: result: no
configure:8877: checking for gcc option to produce PIC
configure:8884: result: -fPIC -DPIC
configure:8892: checking if gcc PIC flag -fPIC -DPIC works
configure:8910: gcc -c -g -O2  -fPIC -DPIC -DPIC conftest.c >&5
configure:8914: $? = 0
configure:8927: result: yes
configure:8956: checking if gcc static flag -static works
configure:8984: result: no
configure:8999: checking if gcc supports -c -o file.o
configure:9020: gcc -c -g -O2  -o out/conftest2.o conftest.c >&5
configure:9024: $? = 0
configure:9046: result: yes
configure:9054: checking if gcc supports -c -o file.o
configure:9101: result: yes
configure:9134: checking whether the gcc linker (/usr/bin/ld -m elf_x86_64) supports shared libraries
configure:10287: result: yes
configure:10324: checking whether -lc should be explicitly linked in
configure:10332: gcc -c -g -O2  conftest.c >&5
configure:10335: $? = 0
configure:10350: gcc -shared  -fPIC -DPIC conftest.o  -v -Wl,-soname -Wl,conftest -o conftest 2\>\&1 \| /bin/grep  -lc  \>/dev/null 2\>\&1
configure:10353: $? = 0
configure:10367: result: no
configure:10527: checking dynamic linker characteristics
configure:11038: gcc -o conftest -g -O2   -Wl,-rpath -Wl,/foo conftest.c  >&5
configure:11038: $? = 0
configure:11264: result: GNU/Linux ld.so
configure:11371: checking how to hardcode library paths into programs
configure:11396: result: immediate
configure:11490: checking for shl_load
configure:11490: gcc -o conftest -g -O2   conftest.c  >&5
/tmp/ccbuQhhO.o: In function `main':
/mnt/hgfs/SrcRepos/gt6-RAMSES_8_5/xio/drivers/udt/source/conftest.c:57: undefined reference to `shl_load'
collect2: ld returned 1 exit status
configure:11490: $? = 1
configure: failed program was:
| /* confdefs.h */
| #define PACKAGE_NAME "globus_xio_udt_driver"
| #define PACKAGE_TARNAME "globus_xio_udt_driver"
| #define PACKAGE_VERSION "1.19"
| #define PACKAGE_STRING "globus_xio_udt_driver 1.19"
| #define PACKAGE_BUGREPORT "https://globus.atlassian.net/"
| #define PACKAGE_URL ""
| #define PACKAGE "globus_xio_udt_driver"
| #define VERSION "1.19"
| #define STDC_HEADERS 1
| #define HAVE_SYS_TYPES_H 1
| #define HAVE_SYS_STAT_H 1
| #define HAVE_STDLIB_H 1
| #define HAVE_STRING_H 1
| #define HAVE_MEMORY_H 1
| #define HAVE_STRINGS_H 1
| #define HAVE_INTTYPES_H 1
| #define HAVE_STDINT_H 1
| #define HAVE_UNISTD_H 1
| #define HAVE_DLFCN_H 1
| #define LT_OBJDIR ".libs/"
| /* end confdefs.h.  */
| /* Define shl_load to an innocuous variant, in case <limits.h> declares shl_load.
|    For example, HP-UX 11i <limits.h> declares gettimeofday.  */
| #define shl_load innocuous_shl_load
| 
| /* System header to define __stub macros and hopefully few prototypes,
|     which can conflict with char shl_load (); below.
|     Prefer <limits.h> to <assert.h> if __STDC__ is defined, since
|     <limits.h> exists even on freestanding compilers.  */
| 
| #ifdef __STDC__
| # include <limits.h>
| #else
| # include <assert.h>
| #endif
| 
| #undef shl_load
| 
| /* Override any GCC internal prototype to avoid an error.
|    Use char because int might match the return type of a GCC
|    builtin and then its argument prototype would still apply.  */
| #ifdef __cplusplus
| extern "C"
| #endif
| char shl_load ();
| /* The GNU C library defines this for functions which it implements
|     to always fail with ENOSYS.  Some functions are actually named
|     something starting with __ and the normal name is an alias.  */
| #if defined __stub_shl_load || defined __stub___shl_load
| choke me
| #endif
| 
| int
| main ()
| {
| return shl_load ();
|   ;
|   return 0;
| }
configure:11490: result: no
configure:11494: checking for shl_load in -ldld
configure:11519: gcc -o conftest -g -O2   conftest.c -ldld   >&5
/usr/bin/ld: cannot find -ldld
collect2: ld returned 1 exit status
configure:11519: $? = 1
configure: failed program was:
| /* confdefs.h */
| #define PACKAGE_NAME "globus_xio_udt_driver"
| #define PACKAGE_TARNAME "globus_xio_udt_driver"
| #define PACKAGE_VERSION "1.19"
| #define PACKAGE_STRING "globus_xio_udt_driver 1.19"
| #define PACKAGE_BUGREPORT "https://globus.atlassian.net/"
| #define PACKAGE_URL ""
| #define PACKAGE "globus_xio_udt_driver"
| #define VERSION "1.19"
| #define STDC_HEADERS 1
| #define HAVE_SYS_TYPES_H 1
| #define HAVE_SYS_STAT_H 1
| #define HAVE_STDLIB_H 1
| #define HAVE_STRING_H 1
| #define HAVE_MEMORY_H 1
| #define HAVE_STRINGS_H 1
| #define HAVE_INTTYPES_H 1
| #define HAVE_STDINT_H 1
| #define HAVE_UNISTD_H 1
| #define HAVE_DLFCN_H 1
| #define LT_OBJDIR ".libs/"
| /* end confdefs.h.  */
| 
| /* Override any GCC internal prototype to avoid an error.
|    Use char because int might match the return type of a GCC
|    builtin and then its argument prototype would still apply.  */
| #ifdef __cplusplus
| extern "C"
| #endif
| char shl_load ();
| int
| main ()
| {
| return shl_load ();
|   ;
|   return 0;
| }
configure:11528: result: no
configure:11533: checking for dlopen
configure:11533: gcc -o conftest -g -O2   conftest.c  >&5
/tmp/ccLQkbq0.o: In function `main':
/mnt/hgfs/SrcRepos/gt6-RAMSES_8_5/xio/drivers/udt/source/conftest.c:57: undefined reference to `dlopen'
collect2: ld returned 1 exit status
configure:11533: $? = 1
configure: failed program was:
| /* confdefs.h */
| #define PACKAGE_NAME "globus_xio_udt_driver"
| #define PACKAGE_TARNAME "globus_xio_udt_driver"
| #define PACKAGE_VERSION "1.19"
| #define PACKAGE_STRING "globus_xio_udt_driver 1.19"
| #define PACKAGE_BUGREPORT "https://globus.atlassian.net/"
| #define PACKAGE_URL ""
| #define PACKAGE "globus_xio_udt_driver"
| #define VERSION "1.19"
| #define STDC_HEADERS 1
| #define HAVE_SYS_TYPES_H 1
| #define HAVE_SYS_STAT_H 1
| #define HAVE_STDLIB_H 1
| #define HAVE_STRING_H 1
| #define HAVE_MEMORY_H 1
| #define HAVE_STRINGS_H 1
| #define HAVE_INTTYPES_H 1
| #define HAVE_STDINT_H 1
| #define HAVE_UNISTD_H 1
| #define HAVE_DLFCN_H 1
| #define LT_OBJDIR ".libs/"
| /* end confdefs.h.  */
| /* Define dlopen to an innocuous variant, in case <limits.h> declares dlopen.
|    For example, HP-UX 11i <limits.h> declares gettimeofday.  */
| #define dlopen innocuous_dlopen
| 
| /* System header to define __stub macros and hopefully few prototypes,
|     which can conflict with char dlopen (); below.
|     Prefer <limits.h> to <assert.h> if __STDC__ is defined, since
|     <limits.h> exists even on freestanding compilers.  */
| 
| #ifdef __STDC__
| # include <limits.h>
| #else
| # include <assert.h>
| #endif
| 
| #undef dlopen
| 
| /* Override any GCC internal prototype to avoid an error.
|    Use char because int might match the return type of a GCC
|    builtin and then its argument prototype would still apply.  */
| #ifdef __cplusplus
| extern "C"
| #endif
| char dlopen ();
| /* The GNU C library defines this for functions which it implements
|     to always fail with ENOSYS.  Some functions are actually named
|     something starting with __ and the normal name is an alias.  */
| #if defined __stub_dlopen || defined __stub___dlopen
| choke me
| #endif
| 
| int
| main ()
| {
| return dlopen ();
|   ;
|   return 0;
| }
configure:11533: result: no
configure:11537: checking for dlopen in -ldl
configure:11562: gcc -o conftest -g -O2   conftest.c -ldl   >&5
configure:11562: $? = 0
configure:11571: result: yes
configure:11690: checking whether a program can dlopen itself
configure:11770: gcc -o conftest -g -O2  -DHAVE_DLFCN_H  -Wl,--export-dynamic conftest.c -ldl  >&5
configure:11773: $? = 0
configure:11791: result: yes
configure:11796: checking whether a statically linked program can dlopen itself
configure:11876: gcc -o conftest -g -O2  -DHAVE_DLFCN_H  -Wl,--export-dynamic  conftest.c -ldl  >&5
configure:11879: $? = 0
configure:11897: result: yes
configure:11936: checking whether stripping libraries is possible
configure:11941: result: yes
configure:11976: checking if libtool supports shared libraries
configure:11978: result: yes
configure:11981: checking whether to build shared libraries
configure:12002: result: yes
configure:12005: checking whether to build static libraries
configure:12009: result: yes
configure:12105: checking for g++
configure:12121: found /usr/bin/g++
configure:12132: result: g++
configure:12159: checking for C++ compiler version
configure:12168: g++ --version >&5
g++ (GCC) 4.4.7 20120313 (Red Hat 4.4.7-16)
Copyright (C) 2010 Free Software Foundation, Inc.
This is free software; see the source for copying conditions.  There is NO
warranty; not even for MERCHANTABILITY or FITNESS FOR A PARTICULAR PURPOSE.

configure:12179: $? = 0
configure:12168: g++ -v >&5
Using built-in specs.
Target: x86_64-redhat-linux
Configured with: ../configure --prefix=/usr --mandir=/usr/share/man --infodir=/usr/share/info --with-bugurl=http://bugzilla.redhat.com/bugzilla --enable-bootstrap --enable-shared --enable-threads=posix --enable-checking=release --with-system-zlib --enable-__cxa_atexit --disable-libunwind-exceptions --enable-gnu-unique-object --enable-languages=c,c++,objc,obj-c++,java,fortran,ada --enable-java-awt=gtk --disable-dssi --with-java-home=/usr/lib/jvm/java-1.5.0-gcj-1.5.0.0/jre --enable-libgcj-multifile --enable-java-maintainer-mode --with-ecj-jar=/usr/share/java/eclipse-ecj.jar --disable-libjava-multilib --with-ppl --with-cloog --with-tune=generic --with-arch_32=i686 --build=x86_64-redhat-linux
Thread model: posix
gcc version 4.4.7 20120313 (Red Hat 4.4.7-16) (GCC) 
configure:12179: $? = 0
configure:12168: g++ -V >&5
g++: '-V' option must have argument
configure:12179: $? = 1
configure:12168: g++ -qversion >&5
g++: unrecognized option '-qversion'
g++: no input files
configure:12179: $? = 1
configure:12183: checking whether we are using the GNU C++ compiler
configure:12202: g++ -c   conftest.cpp >&5
configure:12202: $? = 0
configure:12211: result: yes
configure:12220: checking whether g++ accepts -g
configure:12240: g++ -c -g  conftest.cpp >&5
configure:12240: $? = 0
configure:12281: result: yes
configure:12306: checking dependency style of g++
configure:12417: result: gcc3
configure:12450: checking how to run the C++ preprocessor
configure:12477: g++ -E  conftest.cpp
configure:12477: $? = 0
configure:12491: g++ -E  conftest.cpp
conftest.cpp:23:28: error: ac_nonexistent.h: No such file or directory
configure:12491: $? = 1
configure: failed program was:
| /* confdefs.h */
| #define PACKAGE_NAME "globus_xio_udt_driver"
| #define PACKAGE_TARNAME "globus_xio_udt_driver"
| #define PACKAGE_VERSION "1.19"
| #define PACKAGE_STRING "globus_xio_udt_driver 1.19"
| #define PACKAGE_BUGREPORT "https://globus.atlassian.net/"
| #define PACKAGE_URL ""
| #define PACKAGE "globus_xio_udt_driver"
| #define VERSION "1.19"
| #define STDC_HEADERS 1
| #define HAVE_SYS_TYPES_H 1
| #define HAVE_SYS_STAT_H 1
| #define HAVE_STDLIB_H 1
| #define HAVE_STRING_H 1
| #define HAVE_MEMORY_H 1
| #define HAVE_STRINGS_H 1
| #define HAVE_INTTYPES_H 1
| #define HAVE_STDINT_H 1
| #define HAVE_UNISTD_H 1
| #define HAVE_DLFCN_H 1
| #define LT_OBJDIR ".libs/"
| /* end confdefs.h.  */
| #include <ac_nonexistent.h>
configure:12516: result: g++ -E
configure:12536: g++ -E  conftest.cpp
configure:12536: $? = 0
configure:12550: g++ -E  conftest.cpp
conftest.cpp:23:28: error: ac_nonexistent.h: No such file or directory
configure:12550: $? = 1
configure: failed program was:
| /* confdefs.h */
| #define PACKAGE_NAME "globus_xio_udt_driver"
| #define PACKAGE_TARNAME "globus_xio_udt_driver"
| #define PACKAGE_VERSION "1.19"
| #define PACKAGE_STRING "globus_xio_udt_driver 1.19"
| #define PACKAGE_BUGREPORT "https://globus.atlassian.net/"
| #define PACKAGE_URL ""
| #define PACKAGE "globus_xio_udt_driver"
| #define VERSION "1.19"
| #define STDC_HEADERS 1
| #define HAVE_SYS_TYPES_H 1
| #define HAVE_SYS_STAT_H 1
| #define HAVE_STDLIB_H 1
| #define HAVE_STRING_H 1
| #define HAVE_MEMORY_H 1
| #define HAVE_STRINGS_H 1
| #define HAVE_INTTYPES_H 1
| #define HAVE_STDINT_H 1
| #define HAVE_UNISTD_H 1
| #define HAVE_DLFCN_H 1
| #define LT_OBJDIR ".libs/"
| /* end confdefs.h.  */
| #include <ac_nonexistent.h>
configure:12719: checking for ld used by g++
configure:12786: result: /usr/bin/ld -m elf_x86_64
configure:12793: checking if the linker (/usr/bin/ld -m elf_x86_64) is GNU ld
configure:12808: result: yes
configure:12863: checking whether the g++ linker (/usr/bin/ld -m elf_x86_64) supports shared libraries
configure:13868: result: yes
configure:13904: g++ -c -g -O2  conftest.cpp >&5
configure:13907: $? = 0
configure:14427: checking for g++ option to produce PIC
configure:14434: result: -fPIC -DPIC
configure:14442: checking if g++ PIC flag -fPIC -DPIC works
configure:14460: g++ -c -g -O2  -fPIC -DPIC -DPIC conftest.cpp >&5
configure:14464: $? = 0
configure:14477: result: yes
configure:14500: checking if g++ static flag -static works
configure:14528: result: no
configure:14540: checking if g++ supports -c -o file.o
configure:14561: g++ -c -g -O2  -o out/conftest2.o conftest.cpp >&5
configure:14565: $? = 0
configure:14587: result: yes
configure:14592: checking if g++ supports -c -o file.o
configure:14639: result: yes
configure:14669: checking whether the g++ linker (/usr/bin/ld -m elf_x86_64) supports shared libraries
configure:14705: result: yes
configure:14846: checking dynamic linker characteristics
configure:15517: result: GNU/Linux ld.so
configure:15570: checking how to hardcode library paths into programs
configure:15595: result: immediate
configure:15733: checking for pkg-config
configure:15751: found /usr/bin/pkg-config
configure:15763: result: /usr/bin/pkg-config
configure:15788: checking pkg-config is at least version 0.9.0
configure:15791: result: yes
configure:15801: checking for PACKAGE_DEP
configure:15808: $PKG_CONFIG --exists --print-errors "$PACKAGE_DEPS"
configure:15811: $? = 0
configure:15825: $PKG_CONFIG --exists --print-errors "$PACKAGE_DEPS"
configure:15828: $? = 0
configure:15886: result: yes
configure:16013: checking for pkg-config
configure:16043: result: /usr/bin/pkg-config
configure:16068: checking pkg-config is at least version 0.9.0
configure:16071: result: yes
configure:16083: checking udt.h usability
configure:16083: g++ -c -g -O2  conftest.cpp >&5
conftest.cpp:56:17: error: udt.h: No such file or directory
configure:16083: $? = 1
configure: failed program was:
| /* confdefs.h */
| #define PACKAGE_NAME "globus_xio_udt_driver"
| #define PACKAGE_TARNAME "globus_xio_udt_driver"
| #define PACKAGE_VERSION "1.19"
| #define PACKAGE_STRING "globus_xio_udt_driver 1.19"
| #define PACKAGE_BUGREPORT "https://globus.atlassian.net/"
| #define PACKAGE_URL ""
| #define PACKAGE "globus_xio_udt_driver"
| #define VERSION "1.19"
| #define STDC_HEADERS 1
| #define HAVE_SYS_TYPES_H 1
| #define HAVE_SYS_STAT_H 1
| #define HAVE_STDLIB_H 1
| #define HAVE_STRING_H 1
| #define HAVE_MEMORY_H 1
| #define HAVE_STRINGS_H 1
| #define HAVE_INTTYPES_H 1
| #define HAVE_STDINT_H 1
| #define HAVE_UNISTD_H 1
| #define HAVE_DLFCN_H 1
| #define LT_OBJDIR ".libs/"
| /* end confdefs.h.  */
| #include <stdio.h>
| #ifdef HAVE_SYS_TYPES_H
| # include <sys/types.h>
| #endif
| #ifdef HAVE_SYS_STAT_H
| # include <sys/stat.h>
| #endif
| #ifdef STDC_HEADERS
| # include <stdlib.h>
| # include <stddef.h>
| #else
| # ifdef HAVE_STDLIB_H
| #  include <stdlib.h>
| # endif
| #endif
| #ifdef HAVE_STRING_H
| # if !defined STDC_HEADERS && defined HAVE_MEMORY_H
| #  include <memory.h>
| # endif
| # include <string.h>
| #endif
| #ifdef HAVE_STRINGS_H
| # include <strings.h>
| #endif
| #ifdef HAVE_INTTYPES_H
| # include <inttypes.h>
| #endif
| #ifdef HAVE_STDINT_H
| # include <stdint.h>
| #endif
| #ifdef HAVE_UNISTD_H
| # include <unistd.h>
| #endif
| #include <udt.h>
configure:16083: result: no
configure:16083: checking udt.h presence
configure:16083: g++ -E  conftest.cpp
conftest.cpp:23:17: error: udt.h: No such file or directory
configure:16083: $? = 1
configure: failed program was:
| /* confdefs.h */
| #define PACKAGE_NAME "globus_xio_udt_driver"
| #define PACKAGE_TARNAME "globus_xio_udt_driver"
| #define PACKAGE_VERSION "1.19"
| #define PACKAGE_STRING "globus_xio_udt_driver 1.19"
| #define PACKAGE_BUGREPORT "https://globus.atlassian.net/"
| #define PACKAGE_URL ""
| #define PACKAGE "globus_xio_udt_driver"
| #define VERSION "1.19"
| #define STDC_HEADERS 1
| #define HAVE_SYS_TYPES_H 1
| #define HAVE_SYS_STAT_H 1
| #define HAVE_STDLIB_H 1
| #define HAVE_STRING_H 1
| #define HAVE_MEMORY_H 1
| #define HAVE_STRINGS_H 1
| #define HAVE_INTTYPES_H 1
| #define HAVE_STDINT_H 1
| #define HAVE_UNISTD_H 1
| #define HAVE_DLFCN_H 1
| #define LT_OBJDIR ".libs/"
| /* end confdefs.h.  */
| #include <udt.h>
configure:16083: result: no
configure:16083: checking for udt.h
configure:16083: result: no
configure:16091: checking udt/udt.h usability
configure:16091: g++ -c -g -O2  conftest.cpp >&5
conftest.cpp:56:21: error: udt/udt.h: No such file or directory
configure:16091: $? = 1
configure: failed program was:
| /* confdefs.h */
| #define PACKAGE_NAME "globus_xio_udt_driver"
| #define PACKAGE_TARNAME "globus_xio_udt_driver"
| #define PACKAGE_VERSION "1.19"
| #define PACKAGE_STRING "globus_xio_udt_driver 1.19"
| #define PACKAGE_BUGREPORT "https://globus.atlassian.net/"
| #define PACKAGE_URL ""
| #define PACKAGE "globus_xio_udt_driver"
| #define VERSION "1.19"
| #define STDC_HEADERS 1
| #define HAVE_SYS_TYPES_H 1
| #define HAVE_SYS_STAT_H 1
| #define HAVE_STDLIB_H 1
| #define HAVE_STRING_H 1
| #define HAVE_MEMORY_H 1
| #define HAVE_STRINGS_H 1
| #define HAVE_INTTYPES_H 1
| #define HAVE_STDINT_H 1
| #define HAVE_UNISTD_H 1
| #define HAVE_DLFCN_H 1
| #define LT_OBJDIR ".libs/"
| /* end confdefs.h.  */
| #include <stdio.h>
| #ifdef HAVE_SYS_TYPES_H
| # include <sys/types.h>
| #endif
| #ifdef HAVE_SYS_STAT_H
| # include <sys/stat.h>
| #endif
| #ifdef STDC_HEADERS
| # include <stdlib.h>
| # include <stddef.h>
| #else
| # ifdef HAVE_STDLIB_H
| #  include <stdlib.h>
| # endif
| #endif
| #ifdef HAVE_STRING_H
| # if !defined STDC_HEADERS && defined HAVE_MEMORY_H
| #  include <memory.h>
| # endif
| # include <string.h>
| #endif
| #ifdef HAVE_STRINGS_H
| # include <strings.h>
| #endif
| #ifdef HAVE_INTTYPES_H
| # include <inttypes.h>
| #endif
| #ifdef HAVE_STDINT_H
| # include <stdint.h>
| #endif
| #ifdef HAVE_UNISTD_H
| # include <unistd.h>
| #endif
| #include <udt/udt.h>
configure:16091: result: no
configure:16091: checking udt/udt.h presence
configure:16091: g++ -E  conftest.cpp
conftest.cpp:23:21: error: udt/udt.h: No such file or directory
configure:16091: $? = 1
configure: failed program was:
| /* confdefs.h */
| #define PACKAGE_NAME "globus_xio_udt_driver"
| #define PACKAGE_TARNAME "globus_xio_udt_driver"
| #define PACKAGE_VERSION "1.19"
| #define PACKAGE_STRING "globus_xio_udt_driver 1.19"
| #define PACKAGE_BUGREPORT "https://globus.atlassian.net/"
| #define PACKAGE_URL ""
| #define PACKAGE "globus_xio_udt_driver"
| #define VERSION "1.19"
| #define STDC_HEADERS 1
| #define HAVE_SYS_TYPES_H 1
| #define HAVE_SYS_STAT_H 1
| #define HAVE_STDLIB_H 1
| #define HAVE_STRING_H 1
| #define HAVE_MEMORY_H 1
| #define HAVE_STRINGS_H 1
| #define HAVE_INTTYPES_H 1
| #define HAVE_STDINT_H 1
| #define HAVE_UNISTD_H 1
| #define HAVE_DLFCN_H 1
| #define LT_OBJDIR ".libs/"
| /* end confdefs.h.  */
| #include <udt/udt.h>
configure:16091: result: no
configure:16091: checking for udt/udt.h
configure:16091: result: no
configure:16108: checking for NICE
configure:16115: $PKG_CONFIG --exists --print-errors "nice >= 0.0.12"
Package nice was not found in the pkg-config search path.
Perhaps you should add the directory containing `nice.pc'
to the PKG_CONFIG_PATH environment variable
No package 'nice' found
configure:16118: $? = 1
configure:16132: $PKG_CONFIG --exists --print-errors "nice >= 0.0.12"
Package nice was not found in the pkg-config search path.
Perhaps you should add the directory containing `nice.pc'
to the PKG_CONFIG_PATH environment variable
No package 'nice' found
configure:16135: $? = 1
configure:16149: result: no
No package 'nice' found
configure:16190: checking for GLIB2
configure:16197: $PKG_CONFIG --exists --print-errors "glib-2.0 >= 2.30 gobject-2.0 >= 2.30 gthread-2.0 >= 2.30 gio-2.0 >= 2.30"
Package glib-2.0 was not found in the pkg-config search path.
Perhaps you should add the directory containing `glib-2.0.pc'
to the PKG_CONFIG_PATH environment variable
No package 'glib-2.0' found
Package gobject-2.0 was not found in the pkg-config search path.
Perhaps you should add the directory containing `gobject-2.0.pc'
to the PKG_CONFIG_PATH environment variable
No package 'gobject-2.0' found
Package gthread-2.0 was not found in the pkg-config search path.
Perhaps you should add the directory containing `gthread-2.0.pc'
to the PKG_CONFIG_PATH environment variable
No package 'gthread-2.0' found
Package gio-2.0 was not found in the pkg-config search path.
Perhaps you should add the directory containing `gio-2.0.pc'
to the PKG_CONFIG_PATH environment variable
No package 'gio-2.0' found
configure:16200: $? = 1
configure:16214: $PKG_CONFIG --exists --print-errors "glib-2.0 >= 2.30 gobject-2.0 >= 2.30 gthread-2.0 >= 2.30 gio-2.0 >= 2.30"
Package glib-2.0 was not found in the pkg-config search path.
Perhaps you should add the directory containing `glib-2.0.pc'
to the PKG_CONFIG_PATH environment variable
No package 'glib-2.0' found
Package gobject-2.0 was not found in the pkg-config search path.
Perhaps you should add the directory containing `gobject-2.0.pc'
to the PKG_CONFIG_PATH environment variable
No package 'gobject-2.0' found
Package gthread-2.0 was not found in the pkg-config search path.
Perhaps you should add the directory containing `gthread-2.0.pc'
to the PKG_CONFIG_PATH environment variable
No package 'gthread-2.0' found
Package gio-2.0 was not found in the pkg-config search path.
Perhaps you should add the directory containing `gio-2.0.pc'
to the PKG_CONFIG_PATH environment variable
No package 'gio-2.0' found
configure:16217: $? = 1
configure:16231: result: no
No package 'glib-2.0' found
No package 'gobject-2.0' found
No package 'gthread-2.0' found
No package 'gio-2.0' found
configure:16270: checking for LIBFFI
configure:16277: $PKG_CONFIG --exists --print-errors "libffi >= 3.0"
Package libffi was not found in the pkg-config search path.
Perhaps you should add the directory containing `libffi.pc'
to the PKG_CONFIG_PATH environment variable
No package 'libffi' found
configure:16280: $? = 1
configure:16294: $PKG_CONFIG --exists --print-errors "libffi >= 3.0"
Package libffi was not found in the pkg-config search path.
Perhaps you should add the directory containing `libffi.pc'
to the PKG_CONFIG_PATH environment variable
No package 'libffi' found
configure:16297: $? = 1
configure:16311: result: no
No package 'libffi' found
configure:16344: checking for gettext
configure:16360: found /usr/bin/gettext
configure:16371: result: gettext
configure:16457: checking for gzip
configure:16473: found /usr/bin/gzip
configure:16484: result: gzip
configure:16499: checking for xz
configure:16515: found /usr/bin/xz
configure:16526: result: xz
configure:16562: checking for curl
configure:16578: found /usr/bin/curl
configure:16589: result: curl
configure:16604: checking for wget
configure:16620: found /usr/bin/wget
configure:16631: result: wget
configure:16820: checking that generated files are newer than configure
configure:16826: result: done
configure:16861: creating ./config.status

## ---------------- ##
## Cache variables. ##
## ---------------- ##

ac_cv_build=x86_64-unknown-linux-gnu
ac_cv_c_compiler_gnu=yes
ac_cv_cxx_compiler_gnu=yes
ac_cv_env_CCC_set=
ac_cv_env_CCC_value=
ac_cv_env_CC_set=
ac_cv_env_CC_value=
ac_cv_env_CFLAGS_set=
ac_cv_env_CFLAGS_value=
ac_cv_env_CPPFLAGS_set=
ac_cv_env_CPPFLAGS_value=
ac_cv_env_CPP_set=
ac_cv_env_CPP_value=
ac_cv_env_CXXCPP_set=
ac_cv_env_CXXCPP_value=
ac_cv_env_CXXFLAGS_set=
ac_cv_env_CXXFLAGS_value=
ac_cv_env_CXX_set=
ac_cv_env_CXX_value=
ac_cv_env_GLIB2_CFLAGS_set=
ac_cv_env_GLIB2_CFLAGS_value=
ac_cv_env_GLIB2_LIBS_set=
ac_cv_env_GLIB2_LIBS_value=
ac_cv_env_LDFLAGS_set=
ac_cv_env_LDFLAGS_value=
ac_cv_env_LIBFFI_CFLAGS_set=
ac_cv_env_LIBFFI_CFLAGS_value=
ac_cv_env_LIBFFI_LIBS_set=
ac_cv_env_LIBFFI_LIBS_value=
ac_cv_env_LIBS_set=
ac_cv_env_LIBS_value=
ac_cv_env_NICE_CFLAGS_set=
ac_cv_env_NICE_CFLAGS_value=
ac_cv_env_NICE_LIBS_set=
ac_cv_env_NICE_LIBS_value=
ac_cv_env_PACKAGE_DEP_CFLAGS_set=
ac_cv_env_PACKAGE_DEP_CFLAGS_value=
ac_cv_env_PACKAGE_DEP_LIBS_set=
ac_cv_env_PACKAGE_DEP_LIBS_value=
ac_cv_env_PKG_CONFIG_LIBDIR_set=
ac_cv_env_PKG_CONFIG_LIBDIR_value=
ac_cv_env_PKG_CONFIG_PATH_set=set
ac_cv_env_PKG_CONFIG_PATH_value=/mnt/hgfs/SrcRepos/gt6-RAMSES_8_5/common/source:/mnt/hgfs/SrcRepos/gt6-RAMSES_8_5/xio/src:/mnt/hgfs/SrcRepos/gt6-RAMSES_8_5/gridftp/gfork/source:/mnt/hgfs/SrcRepos/gt6-RAMSES_8_5/gsi/openssl_error/source:/mnt/hgfs/SrcRepos/gt6-RAMSES_8_5/gsi/proxy/proxy_ssl/source:/mnt/hgfs/SrcRepos/gt6-RAMSES_8_5/gsi/openssl_module/source:/mnt/hgfs/SrcRepos/gt6-RAMSES_8_5/gsi/cert_utils/source:/mnt/hgfs/SrcRepos/gt6-RAMSES_8_5/gsi/sysconfig/source:/mnt/hgfs/SrcRepos/gt6-RAMSES_8_5/callout/source:/mnt/hgfs/SrcRepos/gt6-RAMSES_8_5/gsi/callback/source:/mnt/hgfs/SrcRepos/gt6-RAMSES_8_5/gsi/credential/source:/mnt/hgfs/SrcRepos/gt6-RAMSES_8_5/gsi/proxy/proxy_core/source:/mnt/hgfs/SrcRepos/gt6-RAMSES_8_5/gsi/gssapi/source:/mnt/hgfs/SrcRepos/gt6-RAMSES_8_5/gsi/gss_assist/source:/mnt/hgfs/SrcRepos/gt6-RAMSES_8_5/gsi/gssapi_error/source:/mnt/hgfs/SrcRepos/gt6-RAMSES_8_5/xio/drivers/gsi:/mnt/hgfs/SrcRepos/gt6-RAMSES_8_5/io/compat:/mnt/hgfs/SrcRepos/gt6-RAMSES_8_5/gridftp/control/source:/mnt/hgfs/SrcRepos/gt6-RAMSES_8_5/usage/c/sender/source:/mnt/hgfs/SrcRepos/gt6-RAMSES_8_5/xio/drivers/pipe/source:/mnt/hgfs/SrcRepos/gt6-RAMSES_8_5/gridftp/server-lib/src:/mnt/hgfs/SrcRepos/gt6-RAMSES_8_5/gsi/authz/error:/mnt/hgfs/SrcRepos/gt6-RAMSES_8_5/gsi/authz/source:/mnt/hgfs/SrcRepos/gt6-RAMSES_8_5/xio/drivers/rate/source:/mnt/hgfs/SrcRepos/gt6-RAMSES_8_5/xio/drivers/popen/source:/mnt/hgfs/SrcRepos/gt6-RAMSES_8_5/xio/drivers/udt/source:/mnt/hgfs/SrcRepos/gt6-RAMSES_8_5/gridftp/net_manager:/mnt/hgfs/SrcRepos/gt6-RAMSES_8_5/gridftp/server/src:/mnt/hgfs/SrcRepos/gt6-RAMSES_8_5/gram/protocol/source:/mnt/hgfs/SrcRepos/gt6-RAMSES_8_5/gram/jobmanager/scheduler_event_generator/source:/mnt/hgfs/SrcRepos/gt6-RAMSES_8_5/gram/jobmanager/lrms/lsf/source:/mnt/hgfs/SrcRepos/gt6-RAMSES_8_5/gass/transfer/source:/mnt/hgfs/SrcRepos/gt6-RAMSES_8_5/gridftp/client/source:/mnt/hgfs/SrcRepos/gt6-RAMSES_8_5/gass/copy/source:/mnt/hgfs/SrcRepos/gt6-RAMSES_8_5/gass/cache/source:/mnt/hgfs/SrcRepos/gt6-RAMSES_8_5/gram/rsl/source:/mnt/hgfs/SrcRepos/gt6-RAMSES_8_5/gram/jobmanager/callout_error:/mnt/hgfs/SrcRepos/gt6-RAMSES_8_5/gridftp/server/multi/source:/mnt/hgfs/SrcRepos/gt6-RAMSES_8_5/gsi/simple_ca/source:/mnt/hgfs/SrcRepos/gt6-RAMSES_8_5/gram/jobmanager/lrms/sge/source:/mnt/hgfs/SrcRepos/gt6-RAMSES_8_5/gram/jobmanager/scripts:/mnt/hgfs/SrcRepos/gt6-RAMSES_8_5/gram/jobmanager/lrms/slurm/source:/mnt/hgfs/SrcRepos/gt6-RAMSES_8_5/gsi/gridmap_callout/error:/mnt/hgfs/SrcRepos/gt6-RAMSES_8_5/gsi/gridmap_callout/source:/mnt/hgfs/SrcRepos/gt6-RAMSES_8_5/gass/server_ez/source:/mnt/hgfs/SrcRepos/gt6-RAMSES_8_5/gridftp/gridftp_driver/source:/mnt/hgfs/SrcRepos/gt6-RAMSES_8_5/gram/jobmanager/lrms/fork/source:/mnt/hgfs/SrcRepos/gt6-RAMSES_8_5/gsi/gridmap_verify_myproxy_callout:/mnt/hgfs/SrcRepos/gt6-RAMSES_8_5/gsi/gridmap_eppn_callout:/mnt/hgfs/SrcRepos/gt6-RAMSES_8_5/gram/jobmanager/lrms/condor/source:/mnt/hgfs/SrcRepos/gt6-RAMSES_8_5/gsi/proxy/proxy_utils/source:/mnt/hgfs/SrcRepos/gt6-RAMSES_8_5/gram/client/source:/mnt/hgfs/SrcRepos/gt6-RAMSES_8_5/xio/xioperf/source:/mnt/hgfs/SrcRepos/gt6-RAMSES_8_5/gram/gatekeeper/source:/mnt/hgfs/SrcRepos/gt6-RAMSES_8_5/gass/cache_program/source:/mnt/hgfs/SrcRepos/gt6-RAMSES_8_5/gram/jobmanager/lrms/pbs/source:/mnt/hgfs/SrcRepos/gt6-RAMSES_8_5/gram/jobmanager/auditing/source:/mnt/hgfs/SrcRepos/gt6-RAMSES_8_5/myproxy/source:/mnt/hgfs/SrcRepos/gt6-RAMSES_8_5/gsi_openssh/source:/mnt/hgfs/SrcRepos/gt6-RAMSES_8_5/gram/client_tools/source:/mnt/hgfs/SrcRepos/gt6-RAMSES_8_5/gram/jobmanager/source:/mnt/hgfs/SrcRepos/gt6-RAMSES_8_5/gridftp/hdfs
ac_cv_env_PKG_CONFIG_set=
ac_cv_env_PKG_CONFIG_value=
ac_cv_env_build_alias_set=
ac_cv_env_build_alias_value=
ac_cv_env_host_alias_set=
ac_cv_env_host_alias_value=
ac_cv_env_target_alias_set=
ac_cv_env_target_alias_value=
ac_cv_func_dlopen=no
ac_cv_func_shl_load=no
ac_cv_header_dlfcn_h=yes
ac_cv_header_inttypes_h=yes
ac_cv_header_memory_h=yes
ac_cv_header_stdc=yes
ac_cv_header_stdint_h=yes
ac_cv_header_stdlib_h=yes
ac_cv_header_string_h=yes
ac_cv_header_strings_h=yes
ac_cv_header_sys_stat_h=yes
ac_cv_header_sys_types_h=yes
ac_cv_header_udt_h=no
ac_cv_header_udt_udt_h=no
ac_cv_header_unistd_h=yes
ac_cv_host=x86_64-unknown-linux-gnu
ac_cv_lib_dl_dlopen=yes
ac_cv_lib_dld_shl_load=no
ac_cv_objext=o
ac_cv_path_EGREP='/bin/grep -E'
ac_cv_path_FGREP='/bin/grep -F'
ac_cv_path_GREP=/bin/grep
ac_cv_path_SED=/bin/sed
ac_cv_path_ac_pt_PKG_CONFIG=/usr/bin/pkg-config
ac_cv_path_install='/usr/bin/install -c'
ac_cv_path_mkdir=/bin/mkdir
ac_cv_prog_AWK=gawk
ac_cv_prog_CPP='gcc -E'
ac_cv_prog_CURL=curl
ac_cv_prog_CXXCPP='g++ -E'
ac_cv_prog_GETTEXT=gettext
ac_cv_prog_GZIP=gzip
ac_cv_prog_WGET=wget
ac_cv_prog_XZ=xz
ac_cv_prog_ac_ct_AR=ar
ac_cv_prog_ac_ct_CC=gcc
ac_cv_prog_ac_ct_CXX=g++
ac_cv_prog_ac_ct_OBJDUMP=objdump
ac_cv_prog_ac_ct_RANLIB=ranlib
ac_cv_prog_ac_ct_STRIP=strip
ac_cv_prog_cc_c89=
ac_cv_prog_cc_g=yes
ac_cv_prog_cxx_g=yes
ac_cv_prog_make_make_set=yes
am_cv_CC_dependencies_compiler_type=gcc3
am_cv_CXX_dependencies_compiler_type=gcc3
am_cv_make_support_nested_variables=yes
am_cv_prog_cc_c_o=yes
am_cv_prog_tar_pax=gnutar
lt_cv_ar_at_file=@
lt_cv_archive_cmds_need_lc=no
lt_cv_deplibs_check_method=pass_all
lt_cv_dlopen=dlopen
lt_cv_dlopen_libs=-ldl
lt_cv_dlopen_self=yes
lt_cv_dlopen_self_static=yes
lt_cv_file_magic_cmd='$MAGIC_CMD'
lt_cv_file_magic_test_file=
lt_cv_ld_reload_flag=-r
lt_cv_nm_interface='BSD nm'
lt_cv_objdir=.libs
lt_cv_path_LD=/usr/bin/ld
lt_cv_path_LDCXX='/usr/bin/ld -m elf_x86_64'
lt_cv_path_NM='/usr/bin/nm -B'
lt_cv_path_mainfest_tool=no
lt_cv_prog_compiler_c_o=yes
lt_cv_prog_compiler_c_o_CXX=yes
lt_cv_prog_compiler_pic='-fPIC -DPIC'
lt_cv_prog_compiler_pic_CXX='-fPIC -DPIC'
lt_cv_prog_compiler_pic_works=yes
lt_cv_prog_compiler_pic_works_CXX=yes
lt_cv_prog_compiler_rtti_exceptions=no
lt_cv_prog_compiler_static_works=no
lt_cv_prog_compiler_static_works_CXX=no
lt_cv_prog_gnu_ld=yes
lt_cv_prog_gnu_ldcxx=yes
lt_cv_sharedlib_from_linklib_cmd='printf %s\n'
lt_cv_shlibpath_overrides_runpath=no
lt_cv_sys_global_symbol_pipe='sed -n -e '\''s/^.*[	 ]\([ABCDGIRSTW][ABCDGIRSTW]*\)[	 ][	 ]*\([_A-Za-z][_A-Za-z0-9]*\)$/\1 \2 \2/p'\'' | sed '\''/ __gnu_lto/d'\'''
lt_cv_sys_global_symbol_to_c_name_address='sed -n -e '\''s/^: \([^ ]*\)[ ]*$/  {\"\1\", (void *) 0},/p'\'' -e '\''s/^[ABCDGIRSTW]* \([^ ]*\) \([^ ]*\)$/  {"\2", (void *) \&\2},/p'\'''
lt_cv_sys_global_symbol_to_c_name_address_lib_prefix='sed -n -e '\''s/^: \([^ ]*\)[ ]*$/  {\"\1\", (void *) 0},/p'\'' -e '\''s/^[ABCDGIRSTW]* \([^ ]*\) \(lib[^ ]*\)$/  {"\2", (void *) \&\2},/p'\'' -e '\''s/^[ABCDGIRSTW]* \([^ ]*\) \([^ ]*\)$/  {"lib\2", (void *) \&\2},/p'\'''
lt_cv_sys_global_symbol_to_cdecl='sed -n -e '\''s/^T .* \(.*\)$/extern int \1();/p'\'' -e '\''s/^[ABCDGIRSTW]* .* \(.*\)$/extern char \1;/p'\'''
lt_cv_sys_max_cmd_len=1966080
lt_cv_to_host_file_cmd=func_convert_file_noop
lt_cv_to_tool_file_cmd=func_convert_file_noop
pkg_cv_PACKAGE_DEP_CFLAGS='-g -O2 -pthread -I/mnt/hgfs/SrcRepos/gt6-RAMSES_8_5/common/source -I/mnt/hgfs/SrcRepos/gt6-RAMSES_8_5/common/source/library -I/mnt/hgfs/SrcRepos/gt6-RAMSES_8_5/xio/src -I/mnt/hgfs/SrcRepos/gt6-RAMSES_8_5/xio/src/builtins/file -I/mnt/hgfs/SrcRepos/gt6-RAMSES_8_5/xio/src/builtins/http -I/mnt/hgfs/SrcRepos/gt6-RAMSES_8_5/xio/src/builtins/mode_e -I/mnt/hgfs/SrcRepos/gt6-RAMSES_8_5/xio/src/builtins/ordering -I/mnt/hgfs/SrcRepos/gt6-RAMSES_8_5/xio/src/builtins/queue -I/mnt/hgfs/SrcRepos/gt6-RAMSES_8_5/xio/src/builtins/tcp -I/mnt/hgfs/SrcRepos/gt6-RAMSES_8_5/xio/src/builtins/telnet -I/mnt/hgfs/SrcRepos/gt6-RAMSES_8_5/xio/src/builtins/udp  '
pkg_cv_PACKAGE_DEP_LIBS='/mnt/hgfs/SrcRepos/gt6-RAMSES_8_5/common/source/library/libglobus_common.la /mnt/hgfs/SrcRepos/gt6-RAMSES_8_5/xio/src/libglobus_xio.la  '

## ----------------- ##
## Output variables. ##
## ----------------- ##

ACLOCAL='${SHELL} /mnt/hgfs/SrcRepos/gt6-RAMSES_8_5/xio/drivers/udt/source/build-aux/missing aclocal-1.14'
AGE_VERSION='1'
AMDEPBACKSLASH='\'
AMDEP_FALSE='#'
AMDEP_TRUE=''
AMTAR='$${TAR-tar}'
AM_BACKSLASH='\'
AM_DEFAULT_V='$(AM_DEFAULT_VERBOSITY)'
AM_DEFAULT_VERBOSITY='1'
AM_V='$(V)'
AR='ar'
AS='as'
AUTOCONF='${SHELL} /mnt/hgfs/SrcRepos/gt6-RAMSES_8_5/xio/drivers/udt/source/build-aux/missing autoconf'
AUTOHEADER='${SHELL} /mnt/hgfs/SrcRepos/gt6-RAMSES_8_5/xio/drivers/udt/source/build-aux/missing autoheader'
AUTOMAKE='${SHELL} /mnt/hgfs/SrcRepos/gt6-RAMSES_8_5/xio/drivers/udt/source/build-aux/missing automake-1.14'
AWK='gawk'
CC='gcc'
CCDEPMODE='depmode=gcc3'
CFLAGS='-g -O2'
CPP='gcc -E'
CPPFLAGS=''
CURL='curl'
CXX='g++'
CXXCPP='g++ -E'
CXXDEPMODE='depmode=gcc3'
CXXFLAGS='-g -O2'
CYGPATH_W='echo'
DEFS='-DPACKAGE_NAME=\"globus_xio_udt_driver\" -DPACKAGE_TARNAME=\"globus_xio_udt_driver\" -DPACKAGE_VERSION=\"1.19\" -DPACKAGE_STRING=\"globus_xio_udt_driver\ 1.19\" -DPACKAGE_BUGREPORT=\"https://globus.atlassian.net/\" -DPACKAGE_URL=\"\" -DPACKAGE=\"globus_xio_udt_driver\" -DVERSION=\"1.19\" -DSTDC_HEADERS=1 -DHAVE_SYS_TYPES_H=1 -DHAVE_SYS_STAT_H=1 -DHAVE_STDLIB_H=1 -DHAVE_STRING_H=1 -DHAVE_MEMORY_H=1 -DHAVE_STRINGS_H=1 -DHAVE_INTTYPES_H=1 -DHAVE_STDINT_H=1 -DHAVE_UNISTD_H=1 -DHAVE_DLFCN_H=1 -DLT_OBJDIR=\".libs/\" -DHAVE_UDT_H=1 -DUDT_HAS_BIND2=1'
DEPDIR='.deps'
DIRT_BRANCH_ID='85'
DIRT_TIMESTAMP='1439213997'
DLLTOOL='false'
DOWNLOAD_TO_STDOUT='$(CURL) -Ls'
DSYMUTIL=''
DUMPBIN=''
ECHO_C=''
ECHO_N='-n'
ECHO_T=''
EGREP='/bin/grep -E'
EXEEXT=''
FGREP='/bin/grep -F'
GETTEXT='gettext'
GETTEXT_CPPFLAGS=''
GETTEXT_LDFLAGS=''
GETTEXT_PATH=''
GETTEXT_SUBDIR=''
GLIB2_CFLAGS=''
GLIB2_LIBS=''
GLIB2_PKG_CONFIG_PATH='$(abs_top_builddir)/$(GLIB2_SUBDIR)/lib/pkgconfig'
GLIB2_SUBDIR='glib2'
GREP='/bin/grep'
GZIP='gzip'
HOST_OSX_FALSE=''
HOST_OSX_TRUE='#'
INSTALL_DATA='${INSTALL} -m 644'
INSTALL_PROGRAM='${INSTALL}'
INSTALL_SCRIPT='${INSTALL}'
INSTALL_STRIP_PROGRAM='$(install_sh) -c -s'
LD='/usr/bin/ld -m elf_x86_64'
LDFLAGS=''
LIBFFI_CFLAGS=''
LIBFFI_LIBS=''
LIBFFI_PKG_CONFIG_PATH='$(abs_top_builddir)/$(LIBFFI_SUBDIR)/lib/pkgconfig'
LIBFFI_SUBDIR='libffi'
LIBNICE_PKG_CONFIG_PATH='$(abs_top_builddir)/$(LIBNICE_SUBDIR)$(prefix)/lib/pkgconfig'
LIBNICE_SUBDIR='libnice'
LIBOBJS=''
LIBS=''
LIBTOOL='$(SHELL) $(top_builddir)/libtool'
LIPO=''
LN_S='ln -s'
LTLIBOBJS=''
MAJOR_VERSION='1'
MAKEINFO='${SHELL} /mnt/hgfs/SrcRepos/gt6-RAMSES_8_5/xio/drivers/udt/source/build-aux/missing makeinfo'
MANIFEST_TOOL=':'
MINOR_VERSION='19'
MKDIR_P='/bin/mkdir -p'
NICE_CFLAGS='$$(env PKG_CONFIG_PATH="$(UDT_DRIVER_PKG_CONFIG_PATH)" /usr/bin/pkg-config --static --define-variable=prefix="$(abs_builddir)/libnice$(prefix)" --cflags nice)'
NICE_LIBS='$$(env PKG_CONFIG_PATH="$(UDT_DRIVER_PKG_CONFIG_PATH)" /usr/bin/pkg-config --static --define-variable=prefix="$(abs_builddir)/libnice$(prefix)" --libs nice)'
NM='/usr/bin/nm -B'
NMEDIT=''
OBJDUMP='objdump'
OBJEXT='o'
OTOOL64=''
OTOOL=''
PACKAGE='globus_xio_udt_driver'
PACKAGE_BUGREPORT='https://globus.atlassian.net/'
PACKAGE_DEPS='globus-xio >= 3, globus-common >= 14'
PACKAGE_DEP_CFLAGS='-g -O2 -pthread -I/mnt/hgfs/SrcRepos/gt6-RAMSES_8_5/common/source -I/mnt/hgfs/SrcRepos/gt6-RAMSES_8_5/common/source/library -I/mnt/hgfs/SrcRepos/gt6-RAMSES_8_5/xio/src -I/mnt/hgfs/SrcRepos/gt6-RAMSES_8_5/xio/src/builtins/file -I/mnt/hgfs/SrcRepos/gt6-RAMSES_8_5/xio/src/builtins/http -I/mnt/hgfs/SrcRepos/gt6-RAMSES_8_5/xio/src/builtins/mode_e -I/mnt/hgfs/SrcRepos/gt6-RAMSES_8_5/xio/src/builtins/ordering -I/mnt/hgfs/SrcRepos/gt6-RAMSES_8_5/xio/src/builtins/queue -I/mnt/hgfs/SrcRepos/gt6-RAMSES_8_5/xio/src/builtins/tcp -I/mnt/hgfs/SrcRepos/gt6-RAMSES_8_5/xio/src/builtins/telnet -I/mnt/hgfs/SrcRepos/gt6-RAMSES_8_5/xio/src/builtins/udp  '
PACKAGE_DEP_LIBS='/mnt/hgfs/SrcRepos/gt6-RAMSES_8_5/common/source/library/libglobus_common.la /mnt/hgfs/SrcRepos/gt6-RAMSES_8_5/xio/src/libglobus_xio.la  '
PACKAGE_NAME='globus_xio_udt_driver'
PACKAGE_STRING='globus_xio_udt_driver 1.19'
PACKAGE_TARNAME='globus_xio_udt_driver'
PACKAGE_URL=''
PACKAGE_VERSION='1.19'
PATH_SEPARATOR=':'
PKG_CONFIG='/usr/bin/pkg-config --static'
PKG_CONFIG_LIBDIR=''
PKG_CONFIG_PATH='/mnt/hgfs/SrcRepos/gt6-RAMSES_8_5/common/source:/mnt/hgfs/SrcRepos/gt6-RAMSES_8_5/xio/src:/mnt/hgfs/SrcRepos/gt6-RAMSES_8_5/gridftp/gfork/source:/mnt/hgfs/SrcRepos/gt6-RAMSES_8_5/gsi/openssl_error/source:/mnt/hgfs/SrcRepos/gt6-RAMSES_8_5/gsi/proxy/proxy_ssl/source:/mnt/hgfs/SrcRepos/gt6-RAMSES_8_5/gsi/openssl_module/source:/mnt/hgfs/SrcRepos/gt6-RAMSES_8_5/gsi/cert_utils/source:/mnt/hgfs/SrcRepos/gt6-RAMSES_8_5/gsi/sysconfig/source:/mnt/hgfs/SrcRepos/gt6-RAMSES_8_5/callout/source:/mnt/hgfs/SrcRepos/gt6-RAMSES_8_5/gsi/callback/source:/mnt/hgfs/SrcRepos/gt6-RAMSES_8_5/gsi/credential/source:/mnt/hgfs/SrcRepos/gt6-RAMSES_8_5/gsi/proxy/proxy_core/source:/mnt/hgfs/SrcRepos/gt6-RAMSES_8_5/gsi/gssapi/source:/mnt/hgfs/SrcRepos/gt6-RAMSES_8_5/gsi/gss_assist/source:/mnt/hgfs/SrcRepos/gt6-RAMSES_8_5/gsi/gssapi_error/source:/mnt/hgfs/SrcRepos/gt6-RAMSES_8_5/xio/drivers/gsi:/mnt/hgfs/SrcRepos/gt6-RAMSES_8_5/io/compat:/mnt/hgfs/SrcRepos/gt6-RAMSES_8_5/gridftp/control/source:/mnt/hgfs/SrcRepos/gt6-RAMSES_8_5/usage/c/sender/source:/mnt/hgfs/SrcRepos/gt6-RAMSES_8_5/xio/drivers/pipe/source:/mnt/hgfs/SrcRepos/gt6-RAMSES_8_5/gridftp/server-lib/src:/mnt/hgfs/SrcRepos/gt6-RAMSES_8_5/gsi/authz/error:/mnt/hgfs/SrcRepos/gt6-RAMSES_8_5/gsi/authz/source:/mnt/hgfs/SrcRepos/gt6-RAMSES_8_5/xio/drivers/rate/source:/mnt/hgfs/SrcRepos/gt6-RAMSES_8_5/xio/drivers/popen/source:/mnt/hgfs/SrcRepos/gt6-RAMSES_8_5/xio/drivers/udt/source:/mnt/hgfs/SrcRepos/gt6-RAMSES_8_5/gridftp/net_manager:/mnt/hgfs/SrcRepos/gt6-RAMSES_8_5/gridftp/server/src:/mnt/hgfs/SrcRepos/gt6-RAMSES_8_5/gram/protocol/source:/mnt/hgfs/SrcRepos/gt6-RAMSES_8_5/gram/jobmanager/scheduler_event_generator/source:/mnt/hgfs/SrcRepos/gt6-RAMSES_8_5/gram/jobmanager/lrms/lsf/source:/mnt/hgfs/SrcRepos/gt6-RAMSES_8_5/gass/transfer/source:/mnt/hgfs/SrcRepos/gt6-RAMSES_8_5/gridftp/client/source:/mnt/hgfs/SrcRepos/gt6-RAMSES_8_5/gass/copy/source:/mnt/hgfs/SrcRepos/gt6-RAMSES_8_5/gass/cache/source:/mnt/hgfs/SrcRepos/gt6-RAMSES_8_5/gram/rsl/source:/mnt/hgfs/SrcRepos/gt6-RAMSES_8_5/gram/jobmanager/callout_error:/mnt/hgfs/SrcRepos/gt6-RAMSES_8_5/gridftp/server/multi/source:/mnt/hgfs/SrcRepos/gt6-RAMSES_8_5/gsi/simple_ca/source:/mnt/hgfs/SrcRepos/gt6-RAMSES_8_5/gram/jobmanager/lrms/sge/source:/mnt/hgfs/SrcRepos/gt6-RAMSES_8_5/gram/jobmanager/scripts:/mnt/hgfs/SrcRepos/gt6-RAMSES_8_5/gram/jobmanager/lrms/slurm/source:/mnt/hgfs/SrcRepos/gt6-RAMSES_8_5/gsi/gridmap_callout/error:/mnt/hgfs/SrcRepos/gt6-RAMSES_8_5/gsi/gridmap_callout/source:/mnt/hgfs/SrcRepos/gt6-RAMSES_8_5/gass/server_ez/source:/mnt/hgfs/SrcRepos/gt6-RAMSES_8_5/gridftp/gridftp_driver/source:/mnt/hgfs/SrcRepos/gt6-RAMSES_8_5/gram/jobmanager/lrms/fork/source:/mnt/hgfs/SrcRepos/gt6-RAMSES_8_5/gsi/gridmap_verify_myproxy_callout:/mnt/hgfs/SrcRepos/gt6-RAMSES_8_5/gsi/gridmap_eppn_callout:/mnt/hgfs/SrcRepos/gt6-RAMSES_8_5/gram/jobmanager/lrms/condor/source:/mnt/hgfs/SrcRepos/gt6-RAMSES_8_5/gsi/proxy/proxy_utils/source:/mnt/hgfs/SrcRepos/gt6-RAMSES_8_5/gram/client/source:/mnt/hgfs/SrcRepos/gt6-RAMSES_8_5/xio/xioperf/source:/mnt/hgfs/SrcRepos/gt6-RAMSES_8_5/gram/gatekeeper/source:/mnt/hgfs/SrcRepos/gt6-RAMSES_8_5/gass/cache_program/source:/mnt/hgfs/SrcRepos/gt6-RAMSES_8_5/gram/jobmanager/lrms/pbs/source:/mnt/hgfs/SrcRepos/gt6-RAMSES_8_5/gram/jobmanager/auditing/source:/mnt/hgfs/SrcRepos/gt6-RAMSES_8_5/myproxy/source:/mnt/hgfs/SrcRepos/gt6-RAMSES_8_5/gsi_openssh/source:/mnt/hgfs/SrcRepos/gt6-RAMSES_8_5/gram/client_tools/source:/mnt/hgfs/SrcRepos/gt6-RAMSES_8_5/gram/jobmanager/source:/mnt/hgfs/SrcRepos/gt6-RAMSES_8_5/gridftp/hdfs'
RANLIB='ranlib'
SED='/bin/sed'
SET_MAKE=''
SHELL='/bin/sh'
STRIP='strip'
UDT_CPPFLAGS='-Iudt/udt4/src'
UDT_CXXFLAGS='-finline-functions -O3 -fno-strict-aliasing -fvisibility=hidden'
UDT_DRIVER_PKG_CONFIG_PATH='/mnt/hgfs/SrcRepos/gt6-RAMSES_8_5/common/source:/mnt/hgfs/SrcRepos/gt6-RAMSES_8_5/xio/src:/mnt/hgfs/SrcRepos/gt6-RAMSES_8_5/gridftp/gfork/source:/mnt/hgfs/SrcRepos/gt6-RAMSES_8_5/gsi/openssl_error/source:/mnt/hgfs/SrcRepos/gt6-RAMSES_8_5/gsi/proxy/proxy_ssl/source:/mnt/hgfs/SrcRepos/gt6-RAMSES_8_5/gsi/openssl_module/source:/mnt/hgfs/SrcRepos/gt6-RAMSES_8_5/gsi/cert_utils/source:/mnt/hgfs/SrcRepos/gt6-RAMSES_8_5/gsi/sysconfig/source:/mnt/hgfs/SrcRepos/gt6-RAMSES_8_5/callout/source:/mnt/hgfs/SrcRepos/gt6-RAMSES_8_5/gsi/callback/source:/mnt/hgfs/SrcRepos/gt6-RAMSES_8_5/gsi/credential/source:/mnt/hgfs/SrcRepos/gt6-RAMSES_8_5/gsi/proxy/proxy_core/source:/mnt/hgfs/SrcRepos/gt6-RAMSES_8_5/gsi/gssapi/source:/mnt/hgfs/SrcRepos/gt6-RAMSES_8_5/gsi/gss_assist/source:/mnt/hgfs/SrcRepos/gt6-RAMSES_8_5/gsi/gssapi_error/source:/mnt/hgfs/SrcRepos/gt6-RAMSES_8_5/xio/drivers/gsi:/mnt/hgfs/SrcRepos/gt6-RAMSES_8_5/io/compat:/mnt/hgfs/SrcRepos/gt6-RAMSES_8_5/gridftp/control/source:/mnt/hgfs/SrcRepos/gt6-RAMSES_8_5/usage/c/sender/source:/mnt/hgfs/SrcRepos/gt6-RAMSES_8_5/xio/drivers/pipe/source:/mnt/hgfs/SrcRepos/gt6-RAMSES_8_5/gridftp/server-lib/src:/mnt/hgfs/SrcRepos/gt6-RAMSES_8_5/gsi/authz/error:/mnt/hgfs/SrcRepos/gt6-RAMSES_8_5/gsi/authz/source:/mnt/hgfs/SrcRepos/gt6-RAMSES_8_5/xio/drivers/rate/source:/mnt/hgfs/SrcRepos/gt6-RAMSES_8_5/xio/drivers/popen/source:/mnt/hgfs/SrcRepos/gt6-RAMSES_8_5/xio/drivers/udt/source:/mnt/hgfs/SrcRepos/gt6-RAMSES_8_5/gridftp/net_manager:/mnt/hgfs/SrcRepos/gt6-RAMSES_8_5/gridftp/server/src:/mnt/hgfs/SrcRepos/gt6-RAMSES_8_5/gram/protocol/source:/mnt/hgfs/SrcRepos/gt6-RAMSES_8_5/gram/jobmanager/scheduler_event_generator/source:/mnt/hgfs/SrcRepos/gt6-RAMSES_8_5/gram/jobmanager/lrms/lsf/source:/mnt/hgfs/SrcRepos/gt6-RAMSES_8_5/gass/transfer/source:/mnt/hgfs/SrcRepos/gt6-RAMSES_8_5/gridftp/client/source:/mnt/hgfs/SrcRepos/gt6-RAMSES_8_5/gass/copy/source:/mnt/hgfs/SrcRepos/gt6-RAMSES_8_5/gass/cache/source:/mnt/hgfs/SrcRepos/gt6-RAMSES_8_5/gram/rsl/source:/mnt/hgfs/SrcRepos/gt6-RAMSES_8_5/gram/jobmanager/callout_error:/mnt/hgfs/SrcRepos/gt6-RAMSES_8_5/gridftp/server/multi/source:/mnt/hgfs/SrcRepos/gt6-RAMSES_8_5/gsi/simple_ca/source:/mnt/hgfs/SrcRepos/gt6-RAMSES_8_5/gram/jobmanager/lrms/sge/source:/mnt/hgfs/SrcRepos/gt6-RAMSES_8_5/gram/jobmanager/scripts:/mnt/hgfs/SrcRepos/gt6-RAMSES_8_5/gram/jobmanager/lrms/slurm/source:/mnt/hgfs/SrcRepos/gt6-RAMSES_8_5/gsi/gridmap_callout/error:/mnt/hgfs/SrcRepos/gt6-RAMSES_8_5/gsi/gridmap_callout/source:/mnt/hgfs/SrcRepos/gt6-RAMSES_8_5/gass/server_ez/source:/mnt/hgfs/SrcRepos/gt6-RAMSES_8_5/gridftp/gridftp_driver/source:/mnt/hgfs/SrcRepos/gt6-RAMSES_8_5/gram/jobmanager/lrms/fork/source:/mnt/hgfs/SrcRepos/gt6-RAMSES_8_5/gsi/gridmap_verify_myproxy_callout:/mnt/hgfs/SrcRepos/gt6-RAMSES_8_5/gsi/gridmap_eppn_callout:/mnt/hgfs/SrcRepos/gt6-RAMSES_8_5/gram/jobmanager/lrms/condor/source:/mnt/hgfs/SrcRepos/gt6-RAMSES_8_5/gsi/proxy/proxy_utils/source:/mnt/hgfs/SrcRepos/gt6-RAMSES_8_5/gram/client/source:/mnt/hgfs/SrcRepos/gt6-RAMSES_8_5/xio/xioperf/source:/mnt/hgfs/SrcRepos/gt6-RAMSES_8_5/gram/gatekeeper/source:/mnt/hgfs/SrcRepos/gt6-RAMSES_8_5/gass/cache_program/source:/mnt/hgfs/SrcRepos/gt6-RAMSES_8_5/gram/jobmanager/lrms/pbs/source:/mnt/hgfs/SrcRepos/gt6-RAMSES_8_5/gram/jobmanager/auditing/source:/mnt/hgfs/SrcRepos/gt6-RAMSES_8_5/myproxy/source:/mnt/hgfs/SrcRepos/gt6-RAMSES_8_5/gsi_openssh/source:/mnt/hgfs/SrcRepos/gt6-RAMSES_8_5/gram/client_tools/source:/mnt/hgfs/SrcRepos/gt6-RAMSES_8_5/gram/jobmanager/source:/mnt/hgfs/SrcRepos/gt6-RAMSES_8_5/gridftp/hdfs:$(abs_top_builddir)/$(LIBNICE_SUBDIR)$(prefix)/lib/pkgconfig:$(abs_top_builddir)/$(GLIB2_SUBDIR)/lib/pkgconfig:$(abs_top_builddir)/$(LIBFFI_SUBDIR)/lib/pkgconfig'
UDT_LDFLAGS='-Ludt -ludt'
UDT_LIBADD='-lpthread -lm'
UDT_SUBDIR='udt'
VERSION='1.19'
WGET='wget'
XZ='xz'
XZ_WORKS_FALSE='#'
XZ_WORKS_TRUE=''
ac_ct_AR='ar'
ac_ct_CC='gcc'
ac_ct_CXX='g++'
ac_ct_DUMPBIN=''
am__EXEEXT_FALSE=''
am__EXEEXT_TRUE='#'
am__fastdepCC_FALSE='#'
am__fastdepCC_TRUE=''
am__fastdepCXX_FALSE='#'
am__fastdepCXX_TRUE=''
am__include='include'
am__isrc=''
am__leading_dot='.'
am__nodep='_no'
am__quote=''
am__tar='tar --format=posix -chf - "$$tardir"'
am__untar='tar -xf -'
bindir='${exec_prefix}/bin'
build='x86_64-unknown-linux-gnu'
build_alias=''
build_cpu='x86_64'
build_os='linux-gnu'
build_vendor='unknown'
datadir='${datarootdir}'
datarootdir='${prefix}/share'
docdir='${datarootdir}/doc/${PACKAGE_TARNAME}'
dvidir='${docdir}'
exec_prefix='${prefix}'
host='x86_64-unknown-linux-gnu'
host_alias=''
host_cpu='x86_64'
host_os='linux-gnu'
host_vendor='unknown'
htmldir='${docdir}'
includedir='${prefix}/include'
infodir='${datarootdir}/info'
install_sh='${SHELL} /mnt/hgfs/SrcRepos/gt6-RAMSES_8_5/xio/drivers/udt/source/build-aux/install-sh'
libdir='${exec_prefix}/lib'
libexecdir='${exec_prefix}/libexec'
localedir='${datarootdir}/locale'
localstatedir='${prefix}/var'
lt_prog_compiler_pic=' -fPIC -DPIC'
mandir='${datarootdir}/man'
mkdir_p='$(MKDIR_P)'
oldincludedir='/usr/include'
pdfdir='${docdir}'
prefix='/home/esjung/gt6_inst'
program_transform_name='s,x,x,'
psdir='${docdir}'
sbindir='${exec_prefix}/sbin'
sharedstatedir='${prefix}/com'
sysconfdir='${prefix}/etc'
target_alias=''

## ----------- ##
## confdefs.h. ##
## ----------- ##

/* confdefs.h */
#define PACKAGE_NAME "globus_xio_udt_driver"
#define PACKAGE_TARNAME "globus_xio_udt_driver"
#define PACKAGE_VERSION "1.19"
#define PACKAGE_STRING "globus_xio_udt_driver 1.19"
#define PACKAGE_BUGREPORT "https://globus.atlassian.net/"
#define PACKAGE_URL ""
#define PACKAGE "globus_xio_udt_driver"
#define VERSION "1.19"
#define STDC_HEADERS 1
#define HAVE_SYS_TYPES_H 1
#define HAVE_SYS_STAT_H 1
#define HAVE_STDLIB_H 1
#define HAVE_STRING_H 1
#define HAVE_MEMORY_H 1
#define HAVE_STRINGS_H 1
#define HAVE_INTTYPES_H 1
#define HAVE_STDINT_H 1
#define HAVE_UNISTD_H 1
#define HAVE_DLFCN_H 1
#define LT_OBJDIR ".libs/"
#define HAVE_UDT_H 1
#define UDT_HAS_BIND2 1

configure: exit 0

## ---------------------- ##
## Running config.status. ##
## ---------------------- ##

This file was extended by globus_xio_udt_driver config.status 1.19, which was
generated by GNU Autoconf 2.69.  Invocation command line was

  CONFIG_FILES    = 
  CONFIG_HEADERS  = 
  CONFIG_LINKS    = 
  CONFIG_COMMANDS = 
  $ ./config.status 

on vm2

config.status:1175: creating globus-xio-udt-driver.pc
config.status:1175: creating globus-xio-udt-driver-uninstalled.pc
config.status:1175: creating gettext/Makefile
config.status:1175: creating glib2/Makefile
config.status:1175: creating libffi/Makefile
config.status:1175: creating libnice/Makefile
config.status:1175: creating udt/Makefile
config.status:1175: creating Makefile
config.status:1175: creating version.h
config.status:1347: executing depfiles commands
config.status:1347: executing libtool commands
