This file contains any messages produced by compilers while
running configure, to aid debugging if configure makes a mistake.

It was created by globus_gridmap_eppn_callout configure 1.8, which was
generated by GNU Autoconf 2.69.  Invocation command line was

  $ ./configure --disable-option-checking --prefix=/home/esjung/gt6_inst --with-udt --enable-udt --cache-file=/dev/null --srcdir=. PKG_CONFIG_PATH=/mnt/hgfs/SrcRepos/gt6-RAMSES_8_5/common/source:/mnt/hgfs/SrcRepos/gt6-RAMSES_8_5/xio/src:/mnt/hgfs/SrcRepos/gt6-RAMSES_8_5/gridftp/gfork/source:/mnt/hgfs/SrcRepos/gt6-RAMSES_8_5/gsi/openssl_error/source:/mnt/hgfs/SrcRepos/gt6-RAMSES_8_5/gsi/proxy/proxy_ssl/source:/mnt/hgfs/SrcRepos/gt6-RAMSES_8_5/gsi/openssl_module/source:/mnt/hgfs/SrcRepos/gt6-RAMSES_8_5/gsi/cert_utils/source:/mnt/hgfs/SrcRepos/gt6-RAMSES_8_5/gsi/sysconfig/source:/mnt/hgfs/SrcRepos/gt6-RAMSES_8_5/callout/source:/mnt/hgfs/SrcRepos/gt6-RAMSES_8_5/gsi/callback/source:/mnt/hgfs/SrcRepos/gt6-RAMSES_8_5/gsi/credential/source:/mnt/hgfs/SrcRepos/gt6-RAMSES_8_5/gsi/proxy/proxy_core/source:/mnt/hgfs/SrcRepos/gt6-RAMSES_8_5/gsi/gssapi/source:/mnt/hgfs/SrcRepos/gt6-RAMSES_8_5/gsi/gss_assist/source:/mnt/hgfs/SrcRepos/gt6-RAMSES_8_5/gsi/gssapi_error/source:/mnt/hgfs/SrcRepos/gt6-RAMSES_8_5/xio/drivers/gsi:/mnt/hgfs/SrcRepos/gt6-RAMSES_8_5/io/compat:/mnt/hgfs/SrcRepos/gt6-RAMSES_8_5/gridftp/control/source:/mnt/hgfs/SrcRepos/gt6-RAMSES_8_5/usage/c/sender/source:/mnt/hgfs/SrcRepos/gt6-RAMSES_8_5/xio/drivers/pipe/source:/mnt/hgfs/SrcRepos/gt6-RAMSES_8_5/gridftp/server-lib/src:/mnt/hgfs/SrcRepos/gt6-RAMSES_8_5/gsi/authz/error:/mnt/hgfs/SrcRepos/gt6-RAMSES_8_5/gsi/authz/source:/mnt/hgfs/SrcRepos/gt6-RAMSES_8_5/xio/drivers/rate/source:/mnt/hgfs/SrcRepos/gt6-RAMSES_8_5/xio/drivers/popen/source:/mnt/hgfs/SrcRepos/gt6-RAMSES_8_5/xio/drivers/udt/source:/mnt/hgfs/SrcRepos/gt6-RAMSES_8_5/gridftp/net_manager:/mnt/hgfs/SrcRepos/gt6-RAMSES_8_5/gridftp/server/src:/mnt/hgfs/SrcRepos/gt6-RAMSES_8_5/gram/protocol/source:/mnt/hgfs/SrcRepos/gt6-RAMSES_8_5/gram/jobmanager/scheduler_event_generator/source:/mnt/hgfs/SrcRepos/gt6-RAMSES_8_5/gram/jobmanager/lrms/lsf/source:/mnt/hgfs/SrcRepos/gt6-RAMSES_8_5/gass/transfer/source:/mnt/hgfs/SrcRepos/gt6-RAMSES_8_5/gridftp/client/source:/mnt/hgfs/SrcRepos/gt6-RAMSES_8_5/gass/copy/source:/mnt/hgfs/SrcRepos/gt6-RAMSES_8_5/gass/cache/source:/mnt/hgfs/SrcRepos/gt6-RAMSES_8_5/gram/rsl/source:/mnt/hgfs/SrcRepos/gt6-RAMSES_8_5/gram/jobmanager/callout_error:/mnt/hgfs/SrcRepos/gt6-RAMSES_8_5/gridftp/server/multi/source:/mnt/hgfs/SrcRepos/gt6-RAMSES_8_5/gsi/simple_ca/source:/mnt/hgfs/SrcRepos/gt6-RAMSES_8_5/gram/jobmanager/lrms/sge/source:/mnt/hgfs/SrcRepos/gt6-RAMSES_8_5/gram/jobmanager/scripts:/mnt/hgfs/SrcRepos/gt6-RAMSES_8_5/gram/jobmanager/lrms/slurm/source:/mnt/hgfs/SrcRepos/gt6-RAMSES_8_5/gsi/gridmap_callout/error:/mnt/hgfs/SrcRepos/gt6-RAMSES_8_5/gsi/gridmap_callout/source:/mnt/hgfs/SrcRepos/gt6-RAMSES_8_5/gass/server_ez/source:/mnt/hgfs/SrcRepos/gt6-RAMSES_8_5/gridftp/gridftp_driver/source:/mnt/hgfs/SrcRepos/gt6-RAMSES_8_5/gram/jobmanager/lrms/fork/source:/mnt/hgfs/SrcRepos/gt6-RAMSES_8_5/gsi/gridmap_verify_myproxy_callout:/mnt/hgfs/SrcRepos/gt6-RAMSES_8_5/gsi/gridmap_eppn_callout:/mnt/hgfs/SrcRepos/gt6-RAMSES_8_5/gram/jobmanager/lrms/condor/source:/mnt/hgfs/SrcRepos/gt6-RAMSES_8_5/gsi/proxy/proxy_utils/source:/mnt/hgfs/SrcRepos/gt6-RAMSES_8_5/gram/client/source:/mnt/hgfs/SrcRepos/gt6-RAMSES_8_5/xio/xioperf/source:/mnt/hgfs/SrcRepos/gt6-RAMSES_8_5/gram/gatekeeper/source:/mnt/hgfs/SrcRepos/gt6-RAMSES_8_5/gass/cache_program/source:/mnt/hgfs/SrcRepos/gt6-RAMSES_8_5/gram/jobmanager/lrms/pbs/source:/mnt/hgfs/SrcRepos/gt6-RAMSES_8_5/gram/jobmanager/auditing/source:/mnt/hgfs/SrcRepos/gt6-RAMSES_8_5/myproxy/source:/mnt/hgfs/SrcRepos/gt6-RAMSES_8_5/gsi_openssh/source:/mnt/hgfs/SrcRepos/gt6-RAMSES_8_5/gram/client_tools/source:/mnt/hgfs/SrcRepos/gt6-RAMSES_8_5/gram/jobmanager/source:/mnt/hgfs/SrcRepos/gt6-RAMSES_8_5/gridftp/hdfs --no-create --no-recursion

## --------- ##
## Platform. ##
## --------- ##

hostname = vm2
uname -m = x86_64
uname -r = 2.6.32-573.el6.x86_64
uname -s = Linux
uname -v = #1 SMP Thu Jul 23 15:44:03 UTC 2015

/usr/bin/uname -p = unknown
/bin/uname -X     = unknown

/bin/arch              = x86_64
/usr/bin/arch -k       = unknown
/usr/convex/getsysinfo = unknown
/usr/bin/hostinfo      = unknown
/bin/machine           = unknown
/usr/bin/oslevel       = unknown
/bin/universe          = unknown

PATH: /home/esjung/bin
PATH: /home/esjung/gt6_inst/bin
PATH: /home/esjung/gt6_inst/sbin
PATH: /usr/lib64/qt-3.3/bin
PATH: /usr/local/bin
PATH: /usr/bin
PATH: /bin
PATH: /usr/local/sbin
PATH: /usr/sbin
PATH: /sbin


## ----------- ##
## Core tests. ##
## ----------- ##

configure:2195: checking for a BSD-compatible install
configure:2263: result: /usr/bin/install -c
configure:2274: checking whether build environment is sane
configure:2329: result: yes
configure:2480: checking for a thread-safe mkdir -p
configure:2519: result: /bin/mkdir -p
configure:2526: checking for gawk
configure:2542: found /usr/bin/gawk
configure:2553: result: gawk
configure:2564: checking whether make sets $(MAKE)
configure:2586: result: yes
configure:2615: checking whether make supports nested variables
configure:2632: result: yes
configure:2711: checking how to create a pax tar archive
configure:2722: tar --version
tar (GNU tar) 1.23
Copyright (C) 2010 Free Software Foundation, Inc.
License GPLv3+: GNU GPL version 3 or later <http://gnu.org/licenses/gpl.html>.
This is free software: you are free to change and redistribute it.
There is NO WARRANTY, to the extent permitted by law.

Written by John Gilmore and Jay Fenlason.
configure:2725: $? = 0
configure:2765: tardir=conftest.dir && eval tar --format=posix -chf - "$tardir" >conftest.tar
configure:2768: $? = 0
configure:2772: tar -xf - <conftest.tar
configure:2775: $? = 0
configure:2777: cat conftest.dir/file
GrepMe
configure:2780: $? = 0
configure:2793: result: gnutar
configure:2871: checking build system type
configure:2885: result: x86_64-unknown-linux-gnu
configure:2905: checking host system type
configure:2918: result: x86_64-unknown-linux-gnu
configure:2959: checking how to print strings
configure:2986: result: printf
configure:3019: checking for style of include used by make
configure:3047: result: GNU
configure:3118: checking for gcc
configure:3134: found /usr/bin/gcc
configure:3145: result: gcc
configure:3374: checking for C compiler version
configure:3383: gcc --version >&5
gcc (GCC) 4.4.7 20120313 (Red Hat 4.4.7-16)
Copyright (C) 2010 Free Software Foundation, Inc.
This is free software; see the source for copying conditions.  There is NO
warranty; not even for MERCHANTABILITY or FITNESS FOR A PARTICULAR PURPOSE.

configure:3394: $? = 0
configure:3383: gcc -v >&5
Using built-in specs.
Target: x86_64-redhat-linux
Configured with: ../configure --prefix=/usr --mandir=/usr/share/man --infodir=/usr/share/info --with-bugurl=http://bugzilla.redhat.com/bugzilla --enable-bootstrap --enable-shared --enable-threads=posix --enable-checking=release --with-system-zlib --enable-__cxa_atexit --disable-libunwind-exceptions --enable-gnu-unique-object --enable-languages=c,c++,objc,obj-c++,java,fortran,ada --enable-java-awt=gtk --disable-dssi --with-java-home=/usr/lib/jvm/java-1.5.0-gcj-1.5.0.0/jre --enable-libgcj-multifile --enable-java-maintainer-mode --with-ecj-jar=/usr/share/java/eclipse-ecj.jar --disable-libjava-multilib --with-ppl --with-cloog --with-tune=generic --with-arch_32=i686 --build=x86_64-redhat-linux
Thread model: posix
gcc version 4.4.7 20120313 (Red Hat 4.4.7-16) (GCC) 
configure:3394: $? = 0
configure:3383: gcc -V >&5
gcc: '-V' option must have argument
configure:3394: $? = 1
configure:3383: gcc -qversion >&5
gcc: unrecognized option '-qversion'
gcc: no input files
configure:3394: $? = 1
configure:3414: checking whether the C compiler works
configure:3436: gcc    conftest.c  >&5
configure:3440: $? = 0
configure:3488: result: yes
configure:3491: checking for C compiler default output file name
configure:3493: result: a.out
configure:3499: checking for suffix of executables
configure:3506: gcc -o conftest    conftest.c  >&5
configure:3510: $? = 0
configure:3532: result: 
configure:3554: checking whether we are cross compiling
configure:3562: gcc -o conftest    conftest.c  >&5
configure:3566: $? = 0
configure:3573: ./conftest
configure:3577: $? = 0
configure:3592: result: no
configure:3597: checking for suffix of object files
configure:3619: gcc -c   conftest.c >&5
configure:3623: $? = 0
configure:3644: result: o
configure:3648: checking whether we are using the GNU C compiler
configure:3667: gcc -c   conftest.c >&5
configure:3667: $? = 0
configure:3676: result: yes
configure:3685: checking whether gcc accepts -g
configure:3705: gcc -c -g  conftest.c >&5
configure:3705: $? = 0
configure:3746: result: yes
configure:3763: checking for gcc option to accept ISO C89
configure:3826: gcc  -c -g -O2  conftest.c >&5
configure:3826: $? = 0
configure:3839: result: none needed
configure:3864: checking whether gcc understands -c and -o together
configure:3886: gcc -c conftest.c -o conftest2.o
configure:3889: $? = 0
configure:3886: gcc -c conftest.c -o conftest2.o
configure:3889: $? = 0
configure:3901: result: yes
configure:3920: checking dependency style of gcc
configure:4031: result: gcc3
configure:4046: checking for a sed that does not truncate output
configure:4110: result: /bin/sed
configure:4128: checking for grep that handles long lines and -e
configure:4186: result: /bin/grep
configure:4191: checking for egrep
configure:4253: result: /bin/grep -E
configure:4258: checking for fgrep
configure:4320: result: /bin/grep -F
configure:4355: checking for ld used by gcc
configure:4422: result: /usr/bin/ld
configure:4429: checking if the linker (/usr/bin/ld) is GNU ld
configure:4444: result: yes
configure:4456: checking for BSD- or MS-compatible name lister (nm)
configure:4505: result: /usr/bin/nm -B
configure:4635: checking the name lister (/usr/bin/nm -B) interface
configure:4642: gcc -c -g -O2  conftest.c >&5
configure:4645: /usr/bin/nm -B "conftest.o"
configure:4648: output
0000000000000000 B some_variable
configure:4655: result: BSD nm
configure:4658: checking whether ln -s works
configure:4662: result: yes
configure:4670: checking the maximum length of command line arguments
configure:4800: result: 1966080
configure:4817: checking whether the shell understands some XSI constructs
configure:4827: result: yes
configure:4831: checking whether the shell understands "+="
configure:4837: result: yes
configure:4872: checking how to convert x86_64-unknown-linux-gnu file names to x86_64-unknown-linux-gnu format
configure:4912: result: func_convert_file_noop
configure:4919: checking how to convert x86_64-unknown-linux-gnu file names to toolchain format
configure:4939: result: func_convert_file_noop
configure:4946: checking for /usr/bin/ld option to reload object files
configure:4953: result: -r
configure:5027: checking for objdump
configure:5043: found /usr/bin/objdump
configure:5054: result: objdump
configure:5083: checking how to recognize dependent libraries
configure:5285: result: pass_all
configure:5370: checking for dlltool
configure:5400: result: no
configure:5427: checking how to associate runtime and link libraries
configure:5454: result: printf %s\n
configure:5515: checking for ar
configure:5531: found /usr/bin/ar
configure:5542: result: ar
configure:5579: checking for archiver @FILE support
configure:5596: gcc -c -g -O2  conftest.c >&5
configure:5596: $? = 0
configure:5599: ar cru libconftest.a @conftest.lst >&5
configure:5602: $? = 0
configure:5607: ar cru libconftest.a @conftest.lst >&5
ar: conftest.o: No such file or directory
configure:5610: $? = 1
configure:5622: result: @
configure:5680: checking for strip
configure:5696: found /usr/bin/strip
configure:5707: result: strip
configure:5779: checking for ranlib
configure:5795: found /usr/bin/ranlib
configure:5806: result: ranlib
configure:5908: checking command to parse /usr/bin/nm -B output from gcc object
configure:6028: gcc -c -g -O2  conftest.c >&5
configure:6031: $? = 0
configure:6035: /usr/bin/nm -B conftest.o \| sed -n -e 's/^.*[ ]\([ABCDGIRSTW][ABCDGIRSTW]*\)[ ][ ]*\([_A-Za-z][_A-Za-z0-9]*\)$/\1 \2 \2/p' | sed '/ __gnu_lto/d' \> conftest.nm
configure:6038: $? = 0
configure:6104: gcc -o conftest -g -O2   conftest.c conftstm.o >&5
configure:6107: $? = 0
configure:6145: result: ok
configure:6182: checking for sysroot
configure:6212: result: no
configure:6289: gcc -c -g -O2  conftest.c >&5
configure:6292: $? = 0
configure:6474: checking for mt
configure:6504: result: no
configure:6524: checking if : is a manifest tool
configure:6530: : '-?'
configure:6538: result: no
configure:7180: checking how to run the C preprocessor
configure:7211: gcc -E  conftest.c
configure:7211: $? = 0
configure:7225: gcc -E  conftest.c
conftest.c:11:28: error: ac_nonexistent.h: No such file or directory
configure:7225: $? = 1
configure: failed program was:
| /* confdefs.h */
| #define PACKAGE_NAME "globus_gridmap_eppn_callout"
| #define PACKAGE_TARNAME "globus_gridmap_eppn_callout"
| #define PACKAGE_VERSION "1.8"
| #define PACKAGE_STRING "globus_gridmap_eppn_callout 1.8"
| #define PACKAGE_BUGREPORT "https://globus.atlassian.net/"
| #define PACKAGE_URL ""
| #define PACKAGE "globus_gridmap_eppn_callout"
| #define VERSION "1.8"
| /* end confdefs.h.  */
| #include <ac_nonexistent.h>
configure:7250: result: gcc -E
configure:7270: gcc -E  conftest.c
configure:7270: $? = 0
configure:7284: gcc -E  conftest.c
conftest.c:11:28: error: ac_nonexistent.h: No such file or directory
configure:7284: $? = 1
configure: failed program was:
| /* confdefs.h */
| #define PACKAGE_NAME "globus_gridmap_eppn_callout"
| #define PACKAGE_TARNAME "globus_gridmap_eppn_callout"
| #define PACKAGE_VERSION "1.8"
| #define PACKAGE_STRING "globus_gridmap_eppn_callout 1.8"
| #define PACKAGE_BUGREPORT "https://globus.atlassian.net/"
| #define PACKAGE_URL ""
| #define PACKAGE "globus_gridmap_eppn_callout"
| #define VERSION "1.8"
| /* end confdefs.h.  */
| #include <ac_nonexistent.h>
configure:7313: checking for ANSI C header files
configure:7333: gcc -c -g -O2  conftest.c >&5
configure:7333: $? = 0
configure:7406: gcc -o conftest -g -O2   conftest.c  >&5
configure:7406: $? = 0
configure:7406: ./conftest
configure:7406: $? = 0
configure:7417: result: yes
configure:7430: checking for sys/types.h
configure:7430: gcc -c -g -O2  conftest.c >&5
configure:7430: $? = 0
configure:7430: result: yes
configure:7430: checking for sys/stat.h
configure:7430: gcc -c -g -O2  conftest.c >&5
configure:7430: $? = 0
configure:7430: result: yes
configure:7430: checking for stdlib.h
configure:7430: gcc -c -g -O2  conftest.c >&5
configure:7430: $? = 0
configure:7430: result: yes
configure:7430: checking for string.h
configure:7430: gcc -c -g -O2  conftest.c >&5
configure:7430: $? = 0
configure:7430: result: yes
configure:7430: checking for memory.h
configure:7430: gcc -c -g -O2  conftest.c >&5
configure:7430: $? = 0
configure:7430: result: yes
configure:7430: checking for strings.h
configure:7430: gcc -c -g -O2  conftest.c >&5
configure:7430: $? = 0
configure:7430: result: yes
configure:7430: checking for inttypes.h
configure:7430: gcc -c -g -O2  conftest.c >&5
configure:7430: $? = 0
configure:7430: result: yes
configure:7430: checking for stdint.h
configure:7430: gcc -c -g -O2  conftest.c >&5
configure:7430: $? = 0
configure:7430: result: yes
configure:7430: checking for unistd.h
configure:7430: gcc -c -g -O2  conftest.c >&5
configure:7430: $? = 0
configure:7430: result: yes
configure:7444: checking for dlfcn.h
configure:7444: gcc -c -g -O2  conftest.c >&5
configure:7444: $? = 0
configure:7444: result: yes
configure:7947: checking for objdir
configure:7962: result: .libs
configure:8233: checking if gcc supports -fno-rtti -fno-exceptions
configure:8251: gcc -c -g -O2  -fno-rtti -fno-exceptions conftest.c >&5
cc1: warning: command line option "-fno-rtti" is valid for C++/ObjC++ but not for C
configure:8255: $? = 0
configure:8268: result: no
configure:8595: checking for gcc option to produce PIC
configure:8602: result: -fPIC -DPIC
configure:8610: checking if gcc PIC flag -fPIC -DPIC works
configure:8628: gcc -c -g -O2  -fPIC -DPIC -DPIC conftest.c >&5
configure:8632: $? = 0
configure:8645: result: yes
configure:8674: checking if gcc static flag -static works
configure:8702: result: no
configure:8717: checking if gcc supports -c -o file.o
configure:8738: gcc -c -g -O2  -o out/conftest2.o conftest.c >&5
configure:8742: $? = 0
configure:8764: result: yes
configure:8772: checking if gcc supports -c -o file.o
configure:8819: result: yes
configure:8852: checking whether the gcc linker (/usr/bin/ld -m elf_x86_64) supports shared libraries
configure:10005: result: yes
configure:10042: checking whether -lc should be explicitly linked in
configure:10050: gcc -c -g -O2  conftest.c >&5
configure:10053: $? = 0
configure:10068: gcc -shared  -fPIC -DPIC conftest.o  -v -Wl,-soname -Wl,conftest -o conftest 2\>\&1 \| /bin/grep  -lc  \>/dev/null 2\>\&1
configure:10071: $? = 0
configure:10085: result: no
configure:10245: checking dynamic linker characteristics
configure:10756: gcc -o conftest -g -O2   -Wl,-rpath -Wl,/foo conftest.c  >&5
configure:10756: $? = 0
configure:10982: result: GNU/Linux ld.so
configure:11089: checking how to hardcode library paths into programs
configure:11114: result: immediate
configure:11208: checking for shl_load
configure:11208: gcc -o conftest -g -O2   conftest.c  >&5
/tmp/ccp4g2B9.o: In function `main':
/mnt/hgfs/SrcRepos/gt6-RAMSES_8_5/gsi/gridmap_eppn_callout/conftest.c:57: undefined reference to `shl_load'
collect2: ld returned 1 exit status
configure:11208: $? = 1
configure: failed program was:
| /* confdefs.h */
| #define PACKAGE_NAME "globus_gridmap_eppn_callout"
| #define PACKAGE_TARNAME "globus_gridmap_eppn_callout"
| #define PACKAGE_VERSION "1.8"
| #define PACKAGE_STRING "globus_gridmap_eppn_callout 1.8"
| #define PACKAGE_BUGREPORT "https://globus.atlassian.net/"
| #define PACKAGE_URL ""
| #define PACKAGE "globus_gridmap_eppn_callout"
| #define VERSION "1.8"
| #define STDC_HEADERS 1
| #define HAVE_SYS_TYPES_H 1
| #define HAVE_SYS_STAT_H 1
| #define HAVE_STDLIB_H 1
| #define HAVE_STRING_H 1
| #define HAVE_MEMORY_H 1
| #define HAVE_STRINGS_H 1
| #define HAVE_INTTYPES_H 1
| #define HAVE_STDINT_H 1
| #define HAVE_UNISTD_H 1
| #define HAVE_DLFCN_H 1
| #define LT_OBJDIR ".libs/"
| /* end confdefs.h.  */
| /* Define shl_load to an innocuous variant, in case <limits.h> declares shl_load.
|    For example, HP-UX 11i <limits.h> declares gettimeofday.  */
| #define shl_load innocuous_shl_load
| 
| /* System header to define __stub macros and hopefully few prototypes,
|     which can conflict with char shl_load (); below.
|     Prefer <limits.h> to <assert.h> if __STDC__ is defined, since
|     <limits.h> exists even on freestanding compilers.  */
| 
| #ifdef __STDC__
| # include <limits.h>
| #else
| # include <assert.h>
| #endif
| 
| #undef shl_load
| 
| /* Override any GCC internal prototype to avoid an error.
|    Use char because int might match the return type of a GCC
|    builtin and then its argument prototype would still apply.  */
| #ifdef __cplusplus
| extern "C"
| #endif
| char shl_load ();
| /* The GNU C library defines this for functions which it implements
|     to always fail with ENOSYS.  Some functions are actually named
|     something starting with __ and the normal name is an alias.  */
| #if defined __stub_shl_load || defined __stub___shl_load
| choke me
| #endif
| 
| int
| main ()
| {
| return shl_load ();
|   ;
|   return 0;
| }
configure:11208: result: no
configure:11212: checking for shl_load in -ldld
configure:11237: gcc -o conftest -g -O2   conftest.c -ldld   >&5
/usr/bin/ld: cannot find -ldld
collect2: ld returned 1 exit status
configure:11237: $? = 1
configure: failed program was:
| /* confdefs.h */
| #define PACKAGE_NAME "globus_gridmap_eppn_callout"
| #define PACKAGE_TARNAME "globus_gridmap_eppn_callout"
| #define PACKAGE_VERSION "1.8"
| #define PACKAGE_STRING "globus_gridmap_eppn_callout 1.8"
| #define PACKAGE_BUGREPORT "https://globus.atlassian.net/"
| #define PACKAGE_URL ""
| #define PACKAGE "globus_gridmap_eppn_callout"
| #define VERSION "1.8"
| #define STDC_HEADERS 1
| #define HAVE_SYS_TYPES_H 1
| #define HAVE_SYS_STAT_H 1
| #define HAVE_STDLIB_H 1
| #define HAVE_STRING_H 1
| #define HAVE_MEMORY_H 1
| #define HAVE_STRINGS_H 1
| #define HAVE_INTTYPES_H 1
| #define HAVE_STDINT_H 1
| #define HAVE_UNISTD_H 1
| #define HAVE_DLFCN_H 1
| #define LT_OBJDIR ".libs/"
| /* end confdefs.h.  */
| 
| /* Override any GCC internal prototype to avoid an error.
|    Use char because int might match the return type of a GCC
|    builtin and then its argument prototype would still apply.  */
| #ifdef __cplusplus
| extern "C"
| #endif
| char shl_load ();
| int
| main ()
| {
| return shl_load ();
|   ;
|   return 0;
| }
configure:11246: result: no
configure:11251: checking for dlopen
configure:11251: gcc -o conftest -g -O2   conftest.c  >&5
/tmp/ccmfijCg.o: In function `main':
/mnt/hgfs/SrcRepos/gt6-RAMSES_8_5/gsi/gridmap_eppn_callout/conftest.c:57: undefined reference to `dlopen'
collect2: ld returned 1 exit status
configure:11251: $? = 1
configure: failed program was:
| /* confdefs.h */
| #define PACKAGE_NAME "globus_gridmap_eppn_callout"
| #define PACKAGE_TARNAME "globus_gridmap_eppn_callout"
| #define PACKAGE_VERSION "1.8"
| #define PACKAGE_STRING "globus_gridmap_eppn_callout 1.8"
| #define PACKAGE_BUGREPORT "https://globus.atlassian.net/"
| #define PACKAGE_URL ""
| #define PACKAGE "globus_gridmap_eppn_callout"
| #define VERSION "1.8"
| #define STDC_HEADERS 1
| #define HAVE_SYS_TYPES_H 1
| #define HAVE_SYS_STAT_H 1
| #define HAVE_STDLIB_H 1
| #define HAVE_STRING_H 1
| #define HAVE_MEMORY_H 1
| #define HAVE_STRINGS_H 1
| #define HAVE_INTTYPES_H 1
| #define HAVE_STDINT_H 1
| #define HAVE_UNISTD_H 1
| #define HAVE_DLFCN_H 1
| #define LT_OBJDIR ".libs/"
| /* end confdefs.h.  */
| /* Define dlopen to an innocuous variant, in case <limits.h> declares dlopen.
|    For example, HP-UX 11i <limits.h> declares gettimeofday.  */
| #define dlopen innocuous_dlopen
| 
| /* System header to define __stub macros and hopefully few prototypes,
|     which can conflict with char dlopen (); below.
|     Prefer <limits.h> to <assert.h> if __STDC__ is defined, since
|     <limits.h> exists even on freestanding compilers.  */
| 
| #ifdef __STDC__
| # include <limits.h>
| #else
| # include <assert.h>
| #endif
| 
| #undef dlopen
| 
| /* Override any GCC internal prototype to avoid an error.
|    Use char because int might match the return type of a GCC
|    builtin and then its argument prototype would still apply.  */
| #ifdef __cplusplus
| extern "C"
| #endif
| char dlopen ();
| /* The GNU C library defines this for functions which it implements
|     to always fail with ENOSYS.  Some functions are actually named
|     something starting with __ and the normal name is an alias.  */
| #if defined __stub_dlopen || defined __stub___dlopen
| choke me
| #endif
| 
| int
| main ()
| {
| return dlopen ();
|   ;
|   return 0;
| }
configure:11251: result: no
configure:11255: checking for dlopen in -ldl
configure:11280: gcc -o conftest -g -O2   conftest.c -ldl   >&5
configure:11280: $? = 0
configure:11289: result: yes
configure:11408: checking whether a program can dlopen itself
configure:11488: gcc -o conftest -g -O2  -DHAVE_DLFCN_H  -Wl,--export-dynamic conftest.c -ldl  >&5
configure:11491: $? = 0
configure:11509: result: yes
configure:11514: checking whether a statically linked program can dlopen itself
configure:11594: gcc -o conftest -g -O2  -DHAVE_DLFCN_H  -Wl,--export-dynamic  conftest.c -ldl  >&5
configure:11597: $? = 0
configure:11615: result: yes
configure:11654: checking whether stripping libraries is possible
configure:11659: result: yes
configure:11694: checking if libtool supports shared libraries
configure:11696: result: yes
configure:11699: checking whether to build shared libraries
configure:11720: result: yes
configure:11723: checking whether to build static libraries
configure:11727: result: yes
configure:11825: checking for pkg-config
configure:11843: found /usr/bin/pkg-config
configure:11855: result: /usr/bin/pkg-config
configure:11880: checking pkg-config is at least version 0.9.0
configure:11883: result: yes
configure:11893: checking for PACKAGE_DEP
configure:11900: $PKG_CONFIG --exists --print-errors "$PACKAGE_DEPS"
configure:11903: $? = 0
configure:11917: $PKG_CONFIG --exists --print-errors "$PACKAGE_DEPS"
configure:11920: $? = 0
configure:11978: result: yes
configure:12130: checking that generated files are newer than configure
configure:12136: result: done
configure:12159: creating ./config.status

## ---------------- ##
## Cache variables. ##
## ---------------- ##

ac_cv_build=x86_64-unknown-linux-gnu
ac_cv_c_compiler_gnu=yes
ac_cv_env_CC_set=
ac_cv_env_CC_value=
ac_cv_env_CFLAGS_set=
ac_cv_env_CFLAGS_value=
ac_cv_env_CPPFLAGS_set=
ac_cv_env_CPPFLAGS_value=
ac_cv_env_CPP_set=
ac_cv_env_CPP_value=
ac_cv_env_LDFLAGS_set=
ac_cv_env_LDFLAGS_value=
ac_cv_env_LIBS_set=
ac_cv_env_LIBS_value=
ac_cv_env_PACKAGE_DEP_CFLAGS_set=
ac_cv_env_PACKAGE_DEP_CFLAGS_value=
ac_cv_env_PACKAGE_DEP_LIBS_set=
ac_cv_env_PACKAGE_DEP_LIBS_value=
ac_cv_env_PKG_CONFIG_LIBDIR_set=
ac_cv_env_PKG_CONFIG_LIBDIR_value=
ac_cv_env_PKG_CONFIG_PATH_set=set
ac_cv_env_PKG_CONFIG_PATH_value=/mnt/hgfs/SrcRepos/gt6-RAMSES_8_5/common/source:/mnt/hgfs/SrcRepos/gt6-RAMSES_8_5/xio/src:/mnt/hgfs/SrcRepos/gt6-RAMSES_8_5/gridftp/gfork/source:/mnt/hgfs/SrcRepos/gt6-RAMSES_8_5/gsi/openssl_error/source:/mnt/hgfs/SrcRepos/gt6-RAMSES_8_5/gsi/proxy/proxy_ssl/source:/mnt/hgfs/SrcRepos/gt6-RAMSES_8_5/gsi/openssl_module/source:/mnt/hgfs/SrcRepos/gt6-RAMSES_8_5/gsi/cert_utils/source:/mnt/hgfs/SrcRepos/gt6-RAMSES_8_5/gsi/sysconfig/source:/mnt/hgfs/SrcRepos/gt6-RAMSES_8_5/callout/source:/mnt/hgfs/SrcRepos/gt6-RAMSES_8_5/gsi/callback/source:/mnt/hgfs/SrcRepos/gt6-RAMSES_8_5/gsi/credential/source:/mnt/hgfs/SrcRepos/gt6-RAMSES_8_5/gsi/proxy/proxy_core/source:/mnt/hgfs/SrcRepos/gt6-RAMSES_8_5/gsi/gssapi/source:/mnt/hgfs/SrcRepos/gt6-RAMSES_8_5/gsi/gss_assist/source:/mnt/hgfs/SrcRepos/gt6-RAMSES_8_5/gsi/gssapi_error/source:/mnt/hgfs/SrcRepos/gt6-RAMSES_8_5/xio/drivers/gsi:/mnt/hgfs/SrcRepos/gt6-RAMSES_8_5/io/compat:/mnt/hgfs/SrcRepos/gt6-RAMSES_8_5/gridftp/control/source:/mnt/hgfs/SrcRepos/gt6-RAMSES_8_5/usage/c/sender/source:/mnt/hgfs/SrcRepos/gt6-RAMSES_8_5/xio/drivers/pipe/source:/mnt/hgfs/SrcRepos/gt6-RAMSES_8_5/gridftp/server-lib/src:/mnt/hgfs/SrcRepos/gt6-RAMSES_8_5/gsi/authz/error:/mnt/hgfs/SrcRepos/gt6-RAMSES_8_5/gsi/authz/source:/mnt/hgfs/SrcRepos/gt6-RAMSES_8_5/xio/drivers/rate/source:/mnt/hgfs/SrcRepos/gt6-RAMSES_8_5/xio/drivers/popen/source:/mnt/hgfs/SrcRepos/gt6-RAMSES_8_5/xio/drivers/udt/source:/mnt/hgfs/SrcRepos/gt6-RAMSES_8_5/gridftp/net_manager:/mnt/hgfs/SrcRepos/gt6-RAMSES_8_5/gridftp/server/src:/mnt/hgfs/SrcRepos/gt6-RAMSES_8_5/gram/protocol/source:/mnt/hgfs/SrcRepos/gt6-RAMSES_8_5/gram/jobmanager/scheduler_event_generator/source:/mnt/hgfs/SrcRepos/gt6-RAMSES_8_5/gram/jobmanager/lrms/lsf/source:/mnt/hgfs/SrcRepos/gt6-RAMSES_8_5/gass/transfer/source:/mnt/hgfs/SrcRepos/gt6-RAMSES_8_5/gridftp/client/source:/mnt/hgfs/SrcRepos/gt6-RAMSES_8_5/gass/copy/source:/mnt/hgfs/SrcRepos/gt6-RAMSES_8_5/gass/cache/source:/mnt/hgfs/SrcRepos/gt6-RAMSES_8_5/gram/rsl/source:/mnt/hgfs/SrcRepos/gt6-RAMSES_8_5/gram/jobmanager/callout_error:/mnt/hgfs/SrcRepos/gt6-RAMSES_8_5/gridftp/server/multi/source:/mnt/hgfs/SrcRepos/gt6-RAMSES_8_5/gsi/simple_ca/source:/mnt/hgfs/SrcRepos/gt6-RAMSES_8_5/gram/jobmanager/lrms/sge/source:/mnt/hgfs/SrcRepos/gt6-RAMSES_8_5/gram/jobmanager/scripts:/mnt/hgfs/SrcRepos/gt6-RAMSES_8_5/gram/jobmanager/lrms/slurm/source:/mnt/hgfs/SrcRepos/gt6-RAMSES_8_5/gsi/gridmap_callout/error:/mnt/hgfs/SrcRepos/gt6-RAMSES_8_5/gsi/gridmap_callout/source:/mnt/hgfs/SrcRepos/gt6-RAMSES_8_5/gass/server_ez/source:/mnt/hgfs/SrcRepos/gt6-RAMSES_8_5/gridftp/gridftp_driver/source:/mnt/hgfs/SrcRepos/gt6-RAMSES_8_5/gram/jobmanager/lrms/fork/source:/mnt/hgfs/SrcRepos/gt6-RAMSES_8_5/gsi/gridmap_verify_myproxy_callout:/mnt/hgfs/SrcRepos/gt6-RAMSES_8_5/gsi/gridmap_eppn_callout:/mnt/hgfs/SrcRepos/gt6-RAMSES_8_5/gram/jobmanager/lrms/condor/source:/mnt/hgfs/SrcRepos/gt6-RAMSES_8_5/gsi/proxy/proxy_utils/source:/mnt/hgfs/SrcRepos/gt6-RAMSES_8_5/gram/client/source:/mnt/hgfs/SrcRepos/gt6-RAMSES_8_5/xio/xioperf/source:/mnt/hgfs/SrcRepos/gt6-RAMSES_8_5/gram/gatekeeper/source:/mnt/hgfs/SrcRepos/gt6-RAMSES_8_5/gass/cache_program/source:/mnt/hgfs/SrcRepos/gt6-RAMSES_8_5/gram/jobmanager/lrms/pbs/source:/mnt/hgfs/SrcRepos/gt6-RAMSES_8_5/gram/jobmanager/auditing/source:/mnt/hgfs/SrcRepos/gt6-RAMSES_8_5/myproxy/source:/mnt/hgfs/SrcRepos/gt6-RAMSES_8_5/gsi_openssh/source:/mnt/hgfs/SrcRepos/gt6-RAMSES_8_5/gram/client_tools/source:/mnt/hgfs/SrcRepos/gt6-RAMSES_8_5/gram/jobmanager/source:/mnt/hgfs/SrcRepos/gt6-RAMSES_8_5/gridftp/hdfs
ac_cv_env_PKG_CONFIG_set=
ac_cv_env_PKG_CONFIG_value=
ac_cv_env_build_alias_set=
ac_cv_env_build_alias_value=
ac_cv_env_host_alias_set=
ac_cv_env_host_alias_value=
ac_cv_env_target_alias_set=
ac_cv_env_target_alias_value=
ac_cv_func_dlopen=no
ac_cv_func_shl_load=no
ac_cv_header_dlfcn_h=yes
ac_cv_header_inttypes_h=yes
ac_cv_header_memory_h=yes
ac_cv_header_stdc=yes
ac_cv_header_stdint_h=yes
ac_cv_header_stdlib_h=yes
ac_cv_header_string_h=yes
ac_cv_header_strings_h=yes
ac_cv_header_sys_stat_h=yes
ac_cv_header_sys_types_h=yes
ac_cv_header_unistd_h=yes
ac_cv_host=x86_64-unknown-linux-gnu
ac_cv_lib_dl_dlopen=yes
ac_cv_lib_dld_shl_load=no
ac_cv_objext=o
ac_cv_path_EGREP='/bin/grep -E'
ac_cv_path_FGREP='/bin/grep -F'
ac_cv_path_GREP=/bin/grep
ac_cv_path_SED=/bin/sed
ac_cv_path_ac_pt_PKG_CONFIG=/usr/bin/pkg-config
ac_cv_path_install='/usr/bin/install -c'
ac_cv_path_mkdir=/bin/mkdir
ac_cv_prog_AWK=gawk
ac_cv_prog_CPP='gcc -E'
ac_cv_prog_ac_ct_AR=ar
ac_cv_prog_ac_ct_CC=gcc
ac_cv_prog_ac_ct_OBJDUMP=objdump
ac_cv_prog_ac_ct_RANLIB=ranlib
ac_cv_prog_ac_ct_STRIP=strip
ac_cv_prog_cc_c89=
ac_cv_prog_cc_g=yes
ac_cv_prog_make_make_set=yes
am_cv_CC_dependencies_compiler_type=gcc3
am_cv_make_support_nested_variables=yes
am_cv_prog_cc_c_o=yes
am_cv_prog_tar_pax=gnutar
lt_cv_ar_at_file=@
lt_cv_archive_cmds_need_lc=no
lt_cv_deplibs_check_method=pass_all
lt_cv_dlopen=dlopen
lt_cv_dlopen_libs=-ldl
lt_cv_dlopen_self=yes
lt_cv_dlopen_self_static=yes
lt_cv_file_magic_cmd='$MAGIC_CMD'
lt_cv_file_magic_test_file=
lt_cv_ld_reload_flag=-r
lt_cv_nm_interface='BSD nm'
lt_cv_objdir=.libs
lt_cv_path_LD=/usr/bin/ld
lt_cv_path_NM='/usr/bin/nm -B'
lt_cv_path_mainfest_tool=no
lt_cv_prog_compiler_c_o=yes
lt_cv_prog_compiler_pic='-fPIC -DPIC'
lt_cv_prog_compiler_pic_works=yes
lt_cv_prog_compiler_rtti_exceptions=no
lt_cv_prog_compiler_static_works=no
lt_cv_prog_gnu_ld=yes
lt_cv_sharedlib_from_linklib_cmd='printf %s\n'
lt_cv_shlibpath_overrides_runpath=no
lt_cv_sys_global_symbol_pipe='sed -n -e '\''s/^.*[	 ]\([ABCDGIRSTW][ABCDGIRSTW]*\)[	 ][	 ]*\([_A-Za-z][_A-Za-z0-9]*\)$/\1 \2 \2/p'\'' | sed '\''/ __gnu_lto/d'\'''
lt_cv_sys_global_symbol_to_c_name_address='sed -n -e '\''s/^: \([^ ]*\)[ ]*$/  {\"\1\", (void *) 0},/p'\'' -e '\''s/^[ABCDGIRSTW]* \([^ ]*\) \([^ ]*\)$/  {"\2", (void *) \&\2},/p'\'''
lt_cv_sys_global_symbol_to_c_name_address_lib_prefix='sed -n -e '\''s/^: \([^ ]*\)[ ]*$/  {\"\1\", (void *) 0},/p'\'' -e '\''s/^[ABCDGIRSTW]* \([^ ]*\) \(lib[^ ]*\)$/  {"\2", (void *) \&\2},/p'\'' -e '\''s/^[ABCDGIRSTW]* \([^ ]*\) \([^ ]*\)$/  {"lib\2", (void *) \&\2},/p'\'''
lt_cv_sys_global_symbol_to_cdecl='sed -n -e '\''s/^T .* \(.*\)$/extern int \1();/p'\'' -e '\''s/^[ABCDGIRSTW]* .* \(.*\)$/extern char \1;/p'\'''
lt_cv_sys_max_cmd_len=1966080
lt_cv_to_host_file_cmd=func_convert_file_noop
lt_cv_to_tool_file_cmd=func_convert_file_noop
pkg_cv_PACKAGE_DEP_CFLAGS='-g -O2 -pthread -I/mnt/hgfs/SrcRepos/gt6-RAMSES_8_5/common/source -I/mnt/hgfs/SrcRepos/gt6-RAMSES_8_5/common/source/library -I/mnt/hgfs/SrcRepos/gt6-RAMSES_8_5/gsi/openssl_error/source -I/mnt/hgfs/SrcRepos/gt6-RAMSES_8_5/gsi/openssl_error/source/library -I/mnt/hgfs/SrcRepos/gt6-RAMSES_8_5/gsi/proxy/proxy_ssl/source -I/mnt/hgfs/SrcRepos/gt6-RAMSES_8_5/gsi/proxy/proxy_ssl/source/library -I/mnt/hgfs/SrcRepos/gt6-RAMSES_8_5/gsi/openssl_module/source/library -I/mnt/hgfs/SrcRepos/gt6-RAMSES_8_5/gsi/cert_utils/source/library -I/mnt/hgfs/SrcRepos/gt6-RAMSES_8_5/gsi/sysconfig/source/library -I/mnt/hgfs/SrcRepos/gt6-RAMSES_8_5/callout/source/library -I/mnt/hgfs/SrcRepos/gt6-RAMSES_8_5/gsi/callback/source/library -I/mnt/hgfs/SrcRepos/gt6-RAMSES_8_5/gsi/credential/source/library -I/mnt/hgfs/SrcRepos/gt6-RAMSES_8_5/gsi/proxy/proxy_core/source/library -I/mnt/hgfs/SrcRepos/gt6-RAMSES_8_5/gsi/gssapi/source/library -I/mnt/hgfs/SrcRepos/gt6-RAMSES_8_5/gsi/gss_assist/source -I/mnt/hgfs/SrcRepos/gt6-RAMSES_8_5/gsi/gssapi_error/source/library -I/mnt/hgfs/SrcRepos/gt6-RAMSES_8_5/gsi/gridmap_callout/error  '
pkg_cv_PACKAGE_DEP_LIBS='/mnt/hgfs/SrcRepos/gt6-RAMSES_8_5/common/source/library/libglobus_common.la /mnt/hgfs/SrcRepos/gt6-RAMSES_8_5/gsi/openssl_error/source/library/libglobus_openssl_error.la /mnt/hgfs/SrcRepos/gt6-RAMSES_8_5/gsi/sysconfig/source/library/libglobus_gsi_sysconfig.la /mnt/hgfs/SrcRepos/gt6-RAMSES_8_5/gsi/credential/source/library/libglobus_gsi_credential.la /mnt/hgfs/SrcRepos/gt6-RAMSES_8_5/gsi/gssapi/source/library/libglobus_gssapi_gsi.la /mnt/hgfs/SrcRepos/gt6-RAMSES_8_5/gsi/gss_assist/source/libglobus_gss_assist.la /mnt/hgfs/SrcRepos/gt6-RAMSES_8_5/gsi/gssapi_error/source/library/libglobus_gssapi_error.la /mnt/hgfs/SrcRepos/gt6-RAMSES_8_5/gsi/gridmap_callout/error/libglobus_gridmap_callout_error.la -lssl -lcrypto  '

## ----------------- ##
## Output variables. ##
## ----------------- ##

ACLOCAL='${SHELL} /mnt/hgfs/SrcRepos/gt6-RAMSES_8_5/gsi/gridmap_eppn_callout/build-aux/missing aclocal-1.14'
AGE_VERSION='1'
AMDEPBACKSLASH='\'
AMDEP_FALSE='#'
AMDEP_TRUE=''
AMTAR='$${TAR-tar}'
AM_BACKSLASH='\'
AM_DEFAULT_V='$(AM_DEFAULT_VERBOSITY)'
AM_DEFAULT_VERBOSITY='1'
AM_V='$(V)'
AR='ar'
AS='as'
AUTOCONF='${SHELL} /mnt/hgfs/SrcRepos/gt6-RAMSES_8_5/gsi/gridmap_eppn_callout/build-aux/missing autoconf'
AUTOHEADER='${SHELL} /mnt/hgfs/SrcRepos/gt6-RAMSES_8_5/gsi/gridmap_eppn_callout/build-aux/missing autoheader'
AUTOMAKE='${SHELL} /mnt/hgfs/SrcRepos/gt6-RAMSES_8_5/gsi/gridmap_eppn_callout/build-aux/missing automake-1.14'
AWK='gawk'
CC='gcc'
CCDEPMODE='depmode=gcc3'
CFLAGS='-g -O2'
CPP='gcc -E'
CPPFLAGS=''
CYGPATH_W='echo'
DEFS='-DPACKAGE_NAME=\"globus_gridmap_eppn_callout\" -DPACKAGE_TARNAME=\"globus_gridmap_eppn_callout\" -DPACKAGE_VERSION=\"1.8\" -DPACKAGE_STRING=\"globus_gridmap_eppn_callout\ 1.8\" -DPACKAGE_BUGREPORT=\"https://globus.atlassian.net/\" -DPACKAGE_URL=\"\" -DPACKAGE=\"globus_gridmap_eppn_callout\" -DVERSION=\"1.8\" -DSTDC_HEADERS=1 -DHAVE_SYS_TYPES_H=1 -DHAVE_SYS_STAT_H=1 -DHAVE_STDLIB_H=1 -DHAVE_STRING_H=1 -DHAVE_MEMORY_H=1 -DHAVE_STRINGS_H=1 -DHAVE_INTTYPES_H=1 -DHAVE_STDINT_H=1 -DHAVE_UNISTD_H=1 -DHAVE_DLFCN_H=1 -DLT_OBJDIR=\".libs/\"'
DEPDIR='.deps'
DIRT_BRANCH_ID='85'
DIRT_TIMESTAMP='1439213997'
DLLTOOL='false'
DSYMUTIL=''
DUMPBIN=''
ECHO_C=''
ECHO_N='-n'
ECHO_T=''
EGREP='/bin/grep -E'
EXEEXT=''
FGREP='/bin/grep -F'
GREP='/bin/grep'
INSTALL_DATA='${INSTALL} -m 644'
INSTALL_PROGRAM='${INSTALL}'
INSTALL_SCRIPT='${INSTALL}'
INSTALL_STRIP_PROGRAM='$(install_sh) -c -s'
LD='/usr/bin/ld -m elf_x86_64'
LDFLAGS=''
LIBOBJS=''
LIBS=''
LIBTOOL='$(SHELL) $(top_builddir)/libtool'
LIPO=''
LN_S='ln -s'
LTLIBOBJS=''
MAJOR_VERSION='1'
MAKEINFO='${SHELL} /mnt/hgfs/SrcRepos/gt6-RAMSES_8_5/gsi/gridmap_eppn_callout/build-aux/missing makeinfo'
MANIFEST_TOOL=':'
MINOR_VERSION='8'
MKDIR_P='/bin/mkdir -p'
NM='/usr/bin/nm -B'
NMEDIT=''
OBJDUMP='objdump'
OBJEXT='o'
OTOOL64=''
OTOOL=''
PACKAGE='globus_gridmap_eppn_callout'
PACKAGE_BUGREPORT='https://globus.atlassian.net/'
PACKAGE_DEPS='globus-common >= 14, globus-gsi-sysconfig >= 5, globus-gssapi-gsi >= 9, globus-gss-assist >= 8, globus-gridmap-callout-error >= 0, globus-gsi-credential >= 6, globus-gsi-openssl-error >= 2, globus-gssapi-error >= 4, openssl >= 0.9.8'
PACKAGE_DEP_CFLAGS='-g -O2 -pthread -I/mnt/hgfs/SrcRepos/gt6-RAMSES_8_5/common/source -I/mnt/hgfs/SrcRepos/gt6-RAMSES_8_5/common/source/library -I/mnt/hgfs/SrcRepos/gt6-RAMSES_8_5/gsi/openssl_error/source -I/mnt/hgfs/SrcRepos/gt6-RAMSES_8_5/gsi/openssl_error/source/library -I/mnt/hgfs/SrcRepos/gt6-RAMSES_8_5/gsi/proxy/proxy_ssl/source -I/mnt/hgfs/SrcRepos/gt6-RAMSES_8_5/gsi/proxy/proxy_ssl/source/library -I/mnt/hgfs/SrcRepos/gt6-RAMSES_8_5/gsi/openssl_module/source/library -I/mnt/hgfs/SrcRepos/gt6-RAMSES_8_5/gsi/cert_utils/source/library -I/mnt/hgfs/SrcRepos/gt6-RAMSES_8_5/gsi/sysconfig/source/library -I/mnt/hgfs/SrcRepos/gt6-RAMSES_8_5/callout/source/library -I/mnt/hgfs/SrcRepos/gt6-RAMSES_8_5/gsi/callback/source/library -I/mnt/hgfs/SrcRepos/gt6-RAMSES_8_5/gsi/credential/source/library -I/mnt/hgfs/SrcRepos/gt6-RAMSES_8_5/gsi/proxy/proxy_core/source/library -I/mnt/hgfs/SrcRepos/gt6-RAMSES_8_5/gsi/gssapi/source/library -I/mnt/hgfs/SrcRepos/gt6-RAMSES_8_5/gsi/gss_assist/source -I/mnt/hgfs/SrcRepos/gt6-RAMSES_8_5/gsi/gssapi_error/source/library -I/mnt/hgfs/SrcRepos/gt6-RAMSES_8_5/gsi/gridmap_callout/error  '
PACKAGE_DEP_LIBS='/mnt/hgfs/SrcRepos/gt6-RAMSES_8_5/common/source/library/libglobus_common.la /mnt/hgfs/SrcRepos/gt6-RAMSES_8_5/gsi/openssl_error/source/library/libglobus_openssl_error.la /mnt/hgfs/SrcRepos/gt6-RAMSES_8_5/gsi/sysconfig/source/library/libglobus_gsi_sysconfig.la /mnt/hgfs/SrcRepos/gt6-RAMSES_8_5/gsi/credential/source/library/libglobus_gsi_credential.la /mnt/hgfs/SrcRepos/gt6-RAMSES_8_5/gsi/gssapi/source/library/libglobus_gssapi_gsi.la /mnt/hgfs/SrcRepos/gt6-RAMSES_8_5/gsi/gss_assist/source/libglobus_gss_assist.la /mnt/hgfs/SrcRepos/gt6-RAMSES_8_5/gsi/gssapi_error/source/library/libglobus_gssapi_error.la /mnt/hgfs/SrcRepos/gt6-RAMSES_8_5/gsi/gridmap_callout/error/libglobus_gridmap_callout_error.la -lssl -lcrypto  '
PACKAGE_NAME='globus_gridmap_eppn_callout'
PACKAGE_STRING='globus_gridmap_eppn_callout 1.8'
PACKAGE_TARNAME='globus_gridmap_eppn_callout'
PACKAGE_URL=''
PACKAGE_VERSION='1.8'
PATH_SEPARATOR=':'
PKG_CONFIG='/usr/bin/pkg-config'
PKG_CONFIG_LIBDIR=''
PKG_CONFIG_PATH='/mnt/hgfs/SrcRepos/gt6-RAMSES_8_5/common/source:/mnt/hgfs/SrcRepos/gt6-RAMSES_8_5/xio/src:/mnt/hgfs/SrcRepos/gt6-RAMSES_8_5/gridftp/gfork/source:/mnt/hgfs/SrcRepos/gt6-RAMSES_8_5/gsi/openssl_error/source:/mnt/hgfs/SrcRepos/gt6-RAMSES_8_5/gsi/proxy/proxy_ssl/source:/mnt/hgfs/SrcRepos/gt6-RAMSES_8_5/gsi/openssl_module/source:/mnt/hgfs/SrcRepos/gt6-RAMSES_8_5/gsi/cert_utils/source:/mnt/hgfs/SrcRepos/gt6-RAMSES_8_5/gsi/sysconfig/source:/mnt/hgfs/SrcRepos/gt6-RAMSES_8_5/callout/source:/mnt/hgfs/SrcRepos/gt6-RAMSES_8_5/gsi/callback/source:/mnt/hgfs/SrcRepos/gt6-RAMSES_8_5/gsi/credential/source:/mnt/hgfs/SrcRepos/gt6-RAMSES_8_5/gsi/proxy/proxy_core/source:/mnt/hgfs/SrcRepos/gt6-RAMSES_8_5/gsi/gssapi/source:/mnt/hgfs/SrcRepos/gt6-RAMSES_8_5/gsi/gss_assist/source:/mnt/hgfs/SrcRepos/gt6-RAMSES_8_5/gsi/gssapi_error/source:/mnt/hgfs/SrcRepos/gt6-RAMSES_8_5/xio/drivers/gsi:/mnt/hgfs/SrcRepos/gt6-RAMSES_8_5/io/compat:/mnt/hgfs/SrcRepos/gt6-RAMSES_8_5/gridftp/control/source:/mnt/hgfs/SrcRepos/gt6-RAMSES_8_5/usage/c/sender/source:/mnt/hgfs/SrcRepos/gt6-RAMSES_8_5/xio/drivers/pipe/source:/mnt/hgfs/SrcRepos/gt6-RAMSES_8_5/gridftp/server-lib/src:/mnt/hgfs/SrcRepos/gt6-RAMSES_8_5/gsi/authz/error:/mnt/hgfs/SrcRepos/gt6-RAMSES_8_5/gsi/authz/source:/mnt/hgfs/SrcRepos/gt6-RAMSES_8_5/xio/drivers/rate/source:/mnt/hgfs/SrcRepos/gt6-RAMSES_8_5/xio/drivers/popen/source:/mnt/hgfs/SrcRepos/gt6-RAMSES_8_5/xio/drivers/udt/source:/mnt/hgfs/SrcRepos/gt6-RAMSES_8_5/gridftp/net_manager:/mnt/hgfs/SrcRepos/gt6-RAMSES_8_5/gridftp/server/src:/mnt/hgfs/SrcRepos/gt6-RAMSES_8_5/gram/protocol/source:/mnt/hgfs/SrcRepos/gt6-RAMSES_8_5/gram/jobmanager/scheduler_event_generator/source:/mnt/hgfs/SrcRepos/gt6-RAMSES_8_5/gram/jobmanager/lrms/lsf/source:/mnt/hgfs/SrcRepos/gt6-RAMSES_8_5/gass/transfer/source:/mnt/hgfs/SrcRepos/gt6-RAMSES_8_5/gridftp/client/source:/mnt/hgfs/SrcRepos/gt6-RAMSES_8_5/gass/copy/source:/mnt/hgfs/SrcRepos/gt6-RAMSES_8_5/gass/cache/source:/mnt/hgfs/SrcRepos/gt6-RAMSES_8_5/gram/rsl/source:/mnt/hgfs/SrcRepos/gt6-RAMSES_8_5/gram/jobmanager/callout_error:/mnt/hgfs/SrcRepos/gt6-RAMSES_8_5/gridftp/server/multi/source:/mnt/hgfs/SrcRepos/gt6-RAMSES_8_5/gsi/simple_ca/source:/mnt/hgfs/SrcRepos/gt6-RAMSES_8_5/gram/jobmanager/lrms/sge/source:/mnt/hgfs/SrcRepos/gt6-RAMSES_8_5/gram/jobmanager/scripts:/mnt/hgfs/SrcRepos/gt6-RAMSES_8_5/gram/jobmanager/lrms/slurm/source:/mnt/hgfs/SrcRepos/gt6-RAMSES_8_5/gsi/gridmap_callout/error:/mnt/hgfs/SrcRepos/gt6-RAMSES_8_5/gsi/gridmap_callout/source:/mnt/hgfs/SrcRepos/gt6-RAMSES_8_5/gass/server_ez/source:/mnt/hgfs/SrcRepos/gt6-RAMSES_8_5/gridftp/gridftp_driver/source:/mnt/hgfs/SrcRepos/gt6-RAMSES_8_5/gram/jobmanager/lrms/fork/source:/mnt/hgfs/SrcRepos/gt6-RAMSES_8_5/gsi/gridmap_verify_myproxy_callout:/mnt/hgfs/SrcRepos/gt6-RAMSES_8_5/gsi/gridmap_eppn_callout:/mnt/hgfs/SrcRepos/gt6-RAMSES_8_5/gram/jobmanager/lrms/condor/source:/mnt/hgfs/SrcRepos/gt6-RAMSES_8_5/gsi/proxy/proxy_utils/source:/mnt/hgfs/SrcRepos/gt6-RAMSES_8_5/gram/client/source:/mnt/hgfs/SrcRepos/gt6-RAMSES_8_5/xio/xioperf/source:/mnt/hgfs/SrcRepos/gt6-RAMSES_8_5/gram/gatekeeper/source:/mnt/hgfs/SrcRepos/gt6-RAMSES_8_5/gass/cache_program/source:/mnt/hgfs/SrcRepos/gt6-RAMSES_8_5/gram/jobmanager/lrms/pbs/source:/mnt/hgfs/SrcRepos/gt6-RAMSES_8_5/gram/jobmanager/auditing/source:/mnt/hgfs/SrcRepos/gt6-RAMSES_8_5/myproxy/source:/mnt/hgfs/SrcRepos/gt6-RAMSES_8_5/gsi_openssh/source:/mnt/hgfs/SrcRepos/gt6-RAMSES_8_5/gram/client_tools/source:/mnt/hgfs/SrcRepos/gt6-RAMSES_8_5/gram/jobmanager/source:/mnt/hgfs/SrcRepos/gt6-RAMSES_8_5/gridftp/hdfs'
RANLIB='ranlib'
SED='/bin/sed'
SET_MAKE=''
SHELL='/bin/sh'
STRIP='strip'
VERSION='1.8'
ac_ct_AR='ar'
ac_ct_CC='gcc'
ac_ct_DUMPBIN=''
am__EXEEXT_FALSE=''
am__EXEEXT_TRUE='#'
am__fastdepCC_FALSE='#'
am__fastdepCC_TRUE=''
am__include='include'
am__isrc=''
am__leading_dot='.'
am__nodep='_no'
am__quote=''
am__tar='tar --format=posix -chf - "$$tardir"'
am__untar='tar -xf -'
bindir='${exec_prefix}/bin'
build='x86_64-unknown-linux-gnu'
build_alias=''
build_cpu='x86_64'
build_os='linux-gnu'
build_vendor='unknown'
datadir='${datarootdir}'
datarootdir='${prefix}/share'
docdir='${datarootdir}/doc/${PACKAGE_TARNAME}'
dvidir='${docdir}'
exec_prefix='${prefix}'
host='x86_64-unknown-linux-gnu'
host_alias=''
host_cpu='x86_64'
host_os='linux-gnu'
host_vendor='unknown'
htmldir='${docdir}'
includedir='${prefix}/include'
infodir='${datarootdir}/info'
install_sh='${SHELL} /mnt/hgfs/SrcRepos/gt6-RAMSES_8_5/gsi/gridmap_eppn_callout/build-aux/install-sh'
libdir='${exec_prefix}/lib'
libexecdir='${exec_prefix}/libexec'
localedir='${datarootdir}/locale'
localstatedir='${prefix}/var'
mandir='${datarootdir}/man'
mkdir_p='$(MKDIR_P)'
oldincludedir='/usr/include'
pdfdir='${docdir}'
prefix='/home/esjung/gt6_inst'
program_transform_name='s,x,x,'
psdir='${docdir}'
sbindir='${exec_prefix}/sbin'
sharedstatedir='${prefix}/com'
sysconfdir='${prefix}/etc'
target_alias=''

## ----------- ##
## confdefs.h. ##
## ----------- ##

/* confdefs.h */
#define PACKAGE_NAME "globus_gridmap_eppn_callout"
#define PACKAGE_TARNAME "globus_gridmap_eppn_callout"
#define PACKAGE_VERSION "1.8"
#define PACKAGE_STRING "globus_gridmap_eppn_callout 1.8"
#define PACKAGE_BUGREPORT "https://globus.atlassian.net/"
#define PACKAGE_URL ""
#define PACKAGE "globus_gridmap_eppn_callout"
#define VERSION "1.8"
#define STDC_HEADERS 1
#define HAVE_SYS_TYPES_H 1
#define HAVE_SYS_STAT_H 1
#define HAVE_STDLIB_H 1
#define HAVE_STRING_H 1
#define HAVE_MEMORY_H 1
#define HAVE_STRINGS_H 1
#define HAVE_INTTYPES_H 1
#define HAVE_STDINT_H 1
#define HAVE_UNISTD_H 1
#define HAVE_DLFCN_H 1
#define LT_OBJDIR ".libs/"

configure: exit 0

## ---------------------- ##
## Running config.status. ##
## ---------------------- ##

This file was extended by globus_gridmap_eppn_callout config.status 1.8, which was
generated by GNU Autoconf 2.69.  Invocation command line was

  CONFIG_FILES    = 
  CONFIG_HEADERS  = 
  CONFIG_LINKS    = 
  CONFIG_COMMANDS = 
  $ ./config.status 

on vm2

config.status:1055: creating globus-gridmap-eppn-callout-uninstalled.pc
config.status:1055: creating globus-gridmap-eppn-callout.pc
config.status:1055: creating Makefile
config.status:1055: creating version.h
config.status:1227: executing depfiles commands
config.status:1227: executing libtool commands
