This file contains any messages produced by compilers while
running configure, to aid debugging if configure makes a mistake.

It was created by globus_gram_audit configure 4.4, which was
generated by GNU Autoconf 2.69.  Invocation command line was

  $ ./configure --disable-option-checking --prefix=/home/esjung/gt6_inst --with-udt --enable-udt --cache-file=/dev/null --srcdir=.

## --------- ##
## Platform. ##
## --------- ##

hostname = vm2
uname -m = x86_64
uname -r = 2.6.32-573.el6.x86_64
uname -s = Linux
uname -v = #1 SMP Thu Jul 23 15:44:03 UTC 2015

/usr/bin/uname -p = unknown
/bin/uname -X     = unknown

/bin/arch              = x86_64
/usr/bin/arch -k       = unknown
/usr/convex/getsysinfo = unknown
/usr/bin/hostinfo      = unknown
/bin/machine           = unknown
/usr/bin/oslevel       = unknown
/bin/universe          = unknown

PATH: /home/esjung/bin
PATH: /home/esjung/gt6_inst/bin
PATH: /home/esjung/gt6_inst/sbin
PATH: /usr/lib64/qt-3.3/bin
PATH: /usr/local/bin
PATH: /usr/bin
PATH: /bin
PATH: /usr/local/sbin
PATH: /usr/sbin
PATH: /sbin


## ----------- ##
## Core tests. ##
## ----------- ##

configure:1796: checking for a BSD-compatible install
configure:1864: result: /usr/bin/install -c
configure:1875: checking whether build environment is sane
configure:1930: result: yes
configure:2081: checking for a thread-safe mkdir -p
configure:2120: result: /bin/mkdir -p
configure:2127: checking for gawk
configure:2143: found /usr/bin/gawk
configure:2154: result: gawk
configure:2165: checking whether make sets $(MAKE)
configure:2187: result: yes
configure:2216: checking whether make supports nested variables
configure:2233: result: yes
configure:2312: checking how to create a pax tar archive
configure:2323: tar --version
tar (GNU tar) 1.23
Copyright (C) 2010 Free Software Foundation, Inc.
License GPLv3+: GNU GPL version 3 or later <http://gnu.org/licenses/gpl.html>.
This is free software: you are free to change and redistribute it.
There is NO WARRANTY, to the extent permitted by law.

Written by John Gilmore and Jay Fenlason.
configure:2326: $? = 0
configure:2366: tardir=conftest.dir && eval tar --format=posix -chf - "$tardir" >conftest.tar
configure:2369: $? = 0
configure:2373: tar -xf - <conftest.tar
configure:2376: $? = 0
configure:2378: cat conftest.dir/file
GrepMe
configure:2381: $? = 0
configure:2394: result: gnutar
configure:2503: checking for xsltproc
configure:2521: found /usr/bin/xsltproc
configure:2533: result: /usr/bin/xsltproc
configure:2543: checking for xmllint
configure:2561: found /usr/bin/xmllint
configure:2573: result: /usr/bin/xmllint
configure:2581: checking docbook dtd
configure:2596: result: yes
configure:2600: checking docbook xsl
configure:2615: result: no
configure:2779: checking that generated files are newer than configure
configure:2785: result: done
configure:2797: creating ./config.status

## ---------------------- ##
## Running config.status. ##
## ---------------------- ##

This file was extended by globus_gram_audit config.status 4.4, which was
generated by GNU Autoconf 2.69.  Invocation command line was

  CONFIG_FILES    = 
  CONFIG_HEADERS  = 
  CONFIG_LINKS    = 
  CONFIG_COMMANDS = 
  $ ./config.status 

on vm2

config.status:765: creating globus-gram-audit-uninstalled.pc
config.status:765: creating globus-gram-audit.pc
config.status:765: creating Makefile
config.status:765: creating globus-gram-audit
config.status:765: creating globus-gram-audit.cron
config.status:765: creating gram-audit.conf
config.status:765: creating schemas/Makefile

## ---------------- ##
## Cache variables. ##
## ---------------- ##

ac_cv_env_build_alias_set=
ac_cv_env_build_alias_value=
ac_cv_env_host_alias_set=
ac_cv_env_host_alias_value=
ac_cv_env_target_alias_set=
ac_cv_env_target_alias_value=
ac_cv_path_XMLLINT=/usr/bin/xmllint
ac_cv_path_XSLTPROC=/usr/bin/xsltproc
ac_cv_path_install='/usr/bin/install -c'
ac_cv_path_mkdir=/bin/mkdir
ac_cv_prog_AWK=gawk
ac_cv_prog_make_make_set=yes
am_cv_make_support_nested_variables=yes
am_cv_prog_tar_pax=gnutar

## ----------------- ##
## Output variables. ##
## ----------------- ##

ACLOCAL='${SHELL} /mnt/hgfs/SrcRepos/gt6-RAMSES_8_5/gram/jobmanager/auditing/source/build-aux/missing aclocal-1.14'
AGE_VERSION='1'
AMTAR='$${TAR-tar}'
AM_BACKSLASH='\'
AM_DEFAULT_V='$(AM_DEFAULT_VERBOSITY)'
AM_DEFAULT_VERBOSITY='1'
AM_V='$(V)'
AUDIT_DATABASE='dbname=${prefix}/var/lib/globus/gram-audit-database'
AUDIT_DRIVER='SQLite'
AUDIT_PASSWORD=''
AUDIT_USERNAME=''
AUDIT_VERSION='1TG'
AUTOCONF='${SHELL} /mnt/hgfs/SrcRepos/gt6-RAMSES_8_5/gram/jobmanager/auditing/source/build-aux/missing autoconf'
AUTOHEADER='${SHELL} /mnt/hgfs/SrcRepos/gt6-RAMSES_8_5/gram/jobmanager/auditing/source/build-aux/missing autoheader'
AUTOMAKE='${SHELL} /mnt/hgfs/SrcRepos/gt6-RAMSES_8_5/gram/jobmanager/auditing/source/build-aux/missing automake-1.14'
AWK='gawk'
BUILD_MANPAGES_FALSE=''
BUILD_MANPAGES_TRUE='#'
CYGPATH_W='echo'
DEFS='-DPACKAGE_NAME=\"globus_gram_audit\" -DPACKAGE_TARNAME=\"globus_gram_audit\" -DPACKAGE_VERSION=\"4.4\" -DPACKAGE_STRING=\"globus_gram_audit\ 4.4\" -DPACKAGE_BUGREPORT=\"https://globus.atlassian.net/\" -DPACKAGE_URL=\"\" -DPACKAGE=\"globus_gram_audit\" -DVERSION=\"4.4\"'
DIRT_BRANCH_ID='85'
DIRT_TIMESTAMP='1439213997'
DOCBOOK_DTD='http://www.oasis-open.org/docbook/xml/4.4/docbookx.dtd'
ECHO_C=''
ECHO_N='-n'
ECHO_T=''
INSTALL_DATA='${INSTALL} -m 644'
INSTALL_PROGRAM='${INSTALL}'
INSTALL_SCRIPT='${INSTALL}'
INSTALL_STRIP_PROGRAM='$(install_sh) -c -s'
LIBOBJS=''
LIBS=''
LTLIBOBJS=''
MAJOR_VERSION='4'
MAKEINFO='${SHELL} /mnt/hgfs/SrcRepos/gt6-RAMSES_8_5/gram/jobmanager/auditing/source/build-aux/missing makeinfo'
MAN_XSL='http://docbook.sourceforge.net/release/xsl/current/manpages/docbook.xsl'
MINOR_VERSION='4'
MKDIR_P='/bin/mkdir -p'
PACKAGE='globus_gram_audit'
PACKAGE_BUGREPORT='https://globus.atlassian.net/'
PACKAGE_DEPS=''
PACKAGE_NAME='globus_gram_audit'
PACKAGE_STRING='globus_gram_audit 4.4'
PACKAGE_TARNAME='globus_gram_audit'
PACKAGE_URL=''
PACKAGE_VERSION='4.4'
PATH_SEPARATOR=':'
SET_MAKE=''
SHELL='/bin/sh'
STRIP=''
VERSION='4.4'
XMLLINT='/usr/bin/xmllint'
XSLTPROC='/usr/bin/xsltproc'
am__isrc=''
am__leading_dot='.'
am__tar='tar --format=posix -chf - "$$tardir"'
am__untar='tar -xf -'
bindir='${exec_prefix}/bin'
build_alias=''
datadir='${datarootdir}'
datarootdir='${prefix}/share'
docdir='${datarootdir}/doc/${PACKAGE_TARNAME}'
dvidir='${docdir}'
exec_prefix='${prefix}'
host_alias=''
htmldir='${docdir}'
includedir='${prefix}/include'
infodir='${datarootdir}/info'
install_sh='${SHELL} /mnt/hgfs/SrcRepos/gt6-RAMSES_8_5/gram/jobmanager/auditing/source/build-aux/install-sh'
libdir='${exec_prefix}/lib'
libexecdir='${exec_prefix}/libexec'
localedir='${datarootdir}/locale'
localstatedir='${prefix}/var'
mandir='${datarootdir}/man'
mkdir_p='$(MKDIR_P)'
oldincludedir='/usr/include'
pdfdir='${docdir}'
prefix='/home/esjung/gt6_inst'
program_transform_name='s,x,x,'
psdir='${docdir}'
sbindir='${exec_prefix}/sbin'
sharedstatedir='${prefix}/com'
sysconfdir='${prefix}/etc'
target_alias=''

## ----------- ##
## confdefs.h. ##
## ----------- ##

/* confdefs.h */
#define PACKAGE_NAME "globus_gram_audit"
#define PACKAGE_TARNAME "globus_gram_audit"
#define PACKAGE_VERSION "4.4"
#define PACKAGE_STRING "globus_gram_audit 4.4"
#define PACKAGE_BUGREPORT "https://globus.atlassian.net/"
#define PACKAGE_URL ""
#define PACKAGE "globus_gram_audit"
#define VERSION "4.4"

configure: exit 0
