This file contains any messages produced by compilers while
running configure, to aid debugging if configure makes a mistake.

It was created by globus_common configure 15.31, which was
generated by GNU Autoconf 2.69.  Invocation command line was

  $ ./configure --disable-option-checking --prefix=/home/esjung/gt6_inst --with-udt --enable-udt --cache-file=/dev/null --srcdir=. LIBLTDL=-lltdl LTDLINCL= LTDLDEPS= --no-create --no-recursion

## --------- ##
## Platform. ##
## --------- ##

hostname = vm2
uname -m = x86_64
uname -r = 2.6.32-573.el6.x86_64
uname -s = Linux
uname -v = #1 SMP Thu Jul 23 15:44:03 UTC 2015

/usr/bin/uname -p = unknown
/bin/uname -X     = unknown

/bin/arch              = x86_64
/usr/bin/arch -k       = unknown
/usr/convex/getsysinfo = unknown
/usr/bin/hostinfo      = unknown
/bin/machine           = unknown
/usr/bin/oslevel       = unknown
/bin/universe          = unknown

PATH: /home/esjung/bin
PATH: /home/esjung/gt6_inst/bin
PATH: /home/esjung/gt6_inst/sbin
PATH: /usr/lib64/qt-3.3/bin
PATH: /usr/local/bin
PATH: /usr/bin
PATH: /bin
PATH: /usr/local/sbin
PATH: /usr/sbin
PATH: /sbin


## ----------- ##
## Core tests. ##
## ----------- ##

configure:2365: checking build system type
configure:2379: result: x86_64-unknown-linux-gnu
configure:2399: checking host system type
configure:2412: result: x86_64-unknown-linux-gnu
configure:2432: checking target system type
configure:2445: result: x86_64-unknown-linux-gnu
configure:2488: checking for a BSD-compatible install
configure:2556: result: /usr/bin/install -c
configure:2567: checking whether build environment is sane
configure:2622: result: yes
configure:2773: checking for a thread-safe mkdir -p
configure:2812: result: /bin/mkdir -p
configure:2819: checking for gawk
configure:2835: found /usr/bin/gawk
configure:2846: result: gawk
configure:2857: checking whether make sets $(MAKE)
configure:2879: result: yes
configure:2908: checking whether make supports nested variables
configure:2925: result: yes
configure:3004: checking how to create a pax tar archive
configure:3015: tar --version
tar (GNU tar) 1.23
Copyright (C) 2010 Free Software Foundation, Inc.
License GPLv3+: GNU GPL version 3 or later <http://gnu.org/licenses/gpl.html>.
This is free software: you are free to change and redistribute it.
There is NO WARRANTY, to the extent permitted by law.

Written by John Gilmore and Jay Fenlason.
configure:3018: $? = 0
configure:3058: tardir=conftest.dir && eval tar --format=posix -chf - "$tardir" >conftest.tar
configure:3061: $? = 0
configure:3065: tar -xf - <conftest.tar
configure:3068: $? = 0
configure:3070: cat conftest.dir/file
GrepMe
configure:3073: $? = 0
configure:3086: result: gnutar
configure:3181: checking how to print strings
configure:3208: result: printf
configure:3241: checking for style of include used by make
configure:3269: result: GNU
configure:3340: checking for gcc
configure:3356: found /usr/bin/gcc
configure:3367: result: gcc
configure:3596: checking for C compiler version
configure:3605: gcc --version >&5
gcc (GCC) 4.4.7 20120313 (Red Hat 4.4.7-16)
Copyright (C) 2010 Free Software Foundation, Inc.
This is free software; see the source for copying conditions.  There is NO
warranty; not even for MERCHANTABILITY or FITNESS FOR A PARTICULAR PURPOSE.

configure:3616: $? = 0
configure:3605: gcc -v >&5
Using built-in specs.
Target: x86_64-redhat-linux
Configured with: ../configure --prefix=/usr --mandir=/usr/share/man --infodir=/usr/share/info --with-bugurl=http://bugzilla.redhat.com/bugzilla --enable-bootstrap --enable-shared --enable-threads=posix --enable-checking=release --with-system-zlib --enable-__cxa_atexit --disable-libunwind-exceptions --enable-gnu-unique-object --enable-languages=c,c++,objc,obj-c++,java,fortran,ada --enable-java-awt=gtk --disable-dssi --with-java-home=/usr/lib/jvm/java-1.5.0-gcj-1.5.0.0/jre --enable-libgcj-multifile --enable-java-maintainer-mode --with-ecj-jar=/usr/share/java/eclipse-ecj.jar --disable-libjava-multilib --with-ppl --with-cloog --with-tune=generic --with-arch_32=i686 --build=x86_64-redhat-linux
Thread model: posix
gcc version 4.4.7 20120313 (Red Hat 4.4.7-16) (GCC) 
configure:3616: $? = 0
configure:3605: gcc -V >&5
gcc: '-V' option must have argument
configure:3616: $? = 1
configure:3605: gcc -qversion >&5
gcc: unrecognized option '-qversion'
gcc: no input files
configure:3616: $? = 1
configure:3636: checking whether the C compiler works
configure:3658: gcc    conftest.c  >&5
configure:3662: $? = 0
configure:3710: result: yes
configure:3713: checking for C compiler default output file name
configure:3715: result: a.out
configure:3721: checking for suffix of executables
configure:3728: gcc -o conftest    conftest.c  >&5
configure:3732: $? = 0
configure:3754: result: 
configure:3776: checking whether we are cross compiling
configure:3784: gcc -o conftest    conftest.c  >&5
configure:3788: $? = 0
configure:3795: ./conftest
configure:3799: $? = 0
configure:3814: result: no
configure:3819: checking for suffix of object files
configure:3841: gcc -c   conftest.c >&5
configure:3845: $? = 0
configure:3866: result: o
configure:3870: checking whether we are using the GNU C compiler
configure:3889: gcc -c   conftest.c >&5
configure:3889: $? = 0
configure:3898: result: yes
configure:3907: checking whether gcc accepts -g
configure:3927: gcc -c -g  conftest.c >&5
configure:3927: $? = 0
configure:3968: result: yes
configure:3985: checking for gcc option to accept ISO C89
configure:4048: gcc  -c -g -O2  conftest.c >&5
configure:4048: $? = 0
configure:4061: result: none needed
configure:4086: checking whether gcc understands -c and -o together
configure:4108: gcc -c conftest.c -o conftest2.o
configure:4111: $? = 0
configure:4108: gcc -c conftest.c -o conftest2.o
configure:4111: $? = 0
configure:4123: result: yes
configure:4142: checking dependency style of gcc
configure:4253: result: gcc3
configure:4268: checking for a sed that does not truncate output
configure:4332: result: /bin/sed
configure:4350: checking for grep that handles long lines and -e
configure:4408: result: /bin/grep
configure:4413: checking for egrep
configure:4475: result: /bin/grep -E
configure:4480: checking for fgrep
configure:4542: result: /bin/grep -F
configure:4577: checking for ld used by gcc
configure:4644: result: /usr/bin/ld
configure:4651: checking if the linker (/usr/bin/ld) is GNU ld
configure:4666: result: yes
configure:4678: checking for BSD- or MS-compatible name lister (nm)
configure:4727: result: /usr/bin/nm -B
configure:4857: checking the name lister (/usr/bin/nm -B) interface
configure:4864: gcc -c -g -O2  conftest.c >&5
configure:4867: /usr/bin/nm -B "conftest.o"
configure:4870: output
0000000000000000 B some_variable
configure:4877: result: BSD nm
configure:4880: checking whether ln -s works
configure:4884: result: yes
configure:4892: checking the maximum length of command line arguments
configure:5022: result: 1966080
configure:5039: checking whether the shell understands some XSI constructs
configure:5049: result: yes
configure:5053: checking whether the shell understands "+="
configure:5059: result: yes
configure:5094: checking how to convert x86_64-unknown-linux-gnu file names to x86_64-unknown-linux-gnu format
configure:5134: result: func_convert_file_noop
configure:5141: checking how to convert x86_64-unknown-linux-gnu file names to toolchain format
configure:5161: result: func_convert_file_noop
configure:5168: checking for /usr/bin/ld option to reload object files
configure:5175: result: -r
configure:5249: checking for objdump
configure:5265: found /usr/bin/objdump
configure:5276: result: objdump
configure:5305: checking how to recognize dependent libraries
configure:5507: result: pass_all
configure:5592: checking for dlltool
configure:5622: result: no
configure:5649: checking how to associate runtime and link libraries
configure:5676: result: printf %s\n
configure:5737: checking for ar
configure:5753: found /usr/bin/ar
configure:5764: result: ar
configure:5801: checking for archiver @FILE support
configure:5818: gcc -c -g -O2  conftest.c >&5
configure:5818: $? = 0
configure:5821: ar cru libconftest.a @conftest.lst >&5
configure:5824: $? = 0
configure:5829: ar cru libconftest.a @conftest.lst >&5
ar: conftest.o: No such file or directory
configure:5832: $? = 1
configure:5844: result: @
configure:5902: checking for strip
configure:5918: found /usr/bin/strip
configure:5929: result: strip
configure:6001: checking for ranlib
configure:6017: found /usr/bin/ranlib
configure:6028: result: ranlib
configure:6130: checking command to parse /usr/bin/nm -B output from gcc object
configure:6250: gcc -c -g -O2  conftest.c >&5
configure:6253: $? = 0
configure:6257: /usr/bin/nm -B conftest.o \| sed -n -e 's/^.*[ ]\([ABCDGIRSTW][ABCDGIRSTW]*\)[ ][ ]*\([_A-Za-z][_A-Za-z0-9]*\)$/\1 \2 \2/p' | sed '/ __gnu_lto/d' \> conftest.nm
configure:6260: $? = 0
configure:6326: gcc -o conftest -g -O2   conftest.c conftstm.o >&5
configure:6329: $? = 0
configure:6367: result: ok
configure:6404: checking for sysroot
configure:6434: result: no
configure:6511: gcc -c -g -O2  conftest.c >&5
configure:6514: $? = 0
configure:6696: checking for mt
configure:6726: result: no
configure:6746: checking if : is a manifest tool
configure:6752: : '-?'
configure:6760: result: no
configure:7402: checking how to run the C preprocessor
configure:7433: gcc -E  conftest.c
configure:7433: $? = 0
configure:7447: gcc -E  conftest.c
conftest.c:11:28: error: ac_nonexistent.h: No such file or directory
configure:7447: $? = 1
configure: failed program was:
| /* confdefs.h */
| #define PACKAGE_NAME "globus_common"
| #define PACKAGE_TARNAME "globus_common"
| #define PACKAGE_VERSION "15.31"
| #define PACKAGE_STRING "globus_common 15.31"
| #define PACKAGE_BUGREPORT "https://globus.atlassian.net/"
| #define PACKAGE_URL ""
| #define PACKAGE "globus_common"
| #define VERSION "15.31"
| /* end confdefs.h.  */
| #include <ac_nonexistent.h>
configure:7472: result: gcc -E
configure:7492: gcc -E  conftest.c
configure:7492: $? = 0
configure:7506: gcc -E  conftest.c
conftest.c:11:28: error: ac_nonexistent.h: No such file or directory
configure:7506: $? = 1
configure: failed program was:
| /* confdefs.h */
| #define PACKAGE_NAME "globus_common"
| #define PACKAGE_TARNAME "globus_common"
| #define PACKAGE_VERSION "15.31"
| #define PACKAGE_STRING "globus_common 15.31"
| #define PACKAGE_BUGREPORT "https://globus.atlassian.net/"
| #define PACKAGE_URL ""
| #define PACKAGE "globus_common"
| #define VERSION "15.31"
| /* end confdefs.h.  */
| #include <ac_nonexistent.h>
configure:7535: checking for ANSI C header files
configure:7555: gcc -c -g -O2  conftest.c >&5
configure:7555: $? = 0
configure:7628: gcc -o conftest -g -O2   conftest.c  >&5
configure:7628: $? = 0
configure:7628: ./conftest
configure:7628: $? = 0
configure:7639: result: yes
configure:7652: checking for sys/types.h
configure:7652: gcc -c -g -O2  conftest.c >&5
configure:7652: $? = 0
configure:7652: result: yes
configure:7652: checking for sys/stat.h
configure:7652: gcc -c -g -O2  conftest.c >&5
configure:7652: $? = 0
configure:7652: result: yes
configure:7652: checking for stdlib.h
configure:7652: gcc -c -g -O2  conftest.c >&5
configure:7652: $? = 0
configure:7652: result: yes
configure:7652: checking for string.h
configure:7652: gcc -c -g -O2  conftest.c >&5
configure:7652: $? = 0
configure:7652: result: yes
configure:7652: checking for memory.h
configure:7652: gcc -c -g -O2  conftest.c >&5
configure:7652: $? = 0
configure:7652: result: yes
configure:7652: checking for strings.h
configure:7652: gcc -c -g -O2  conftest.c >&5
configure:7652: $? = 0
configure:7652: result: yes
configure:7652: checking for inttypes.h
configure:7652: gcc -c -g -O2  conftest.c >&5
configure:7652: $? = 0
configure:7652: result: yes
configure:7652: checking for stdint.h
configure:7652: gcc -c -g -O2  conftest.c >&5
configure:7652: $? = 0
configure:7652: result: yes
configure:7652: checking for unistd.h
configure:7652: gcc -c -g -O2  conftest.c >&5
configure:7652: $? = 0
configure:7652: result: yes
configure:7666: checking for dlfcn.h
configure:7666: gcc -c -g -O2  conftest.c >&5
configure:7666: $? = 0
configure:7666: result: yes
configure:8169: checking for objdir
configure:8184: result: .libs
configure:8455: checking if gcc supports -fno-rtti -fno-exceptions
configure:8473: gcc -c -g -O2  -fno-rtti -fno-exceptions conftest.c >&5
cc1: warning: command line option "-fno-rtti" is valid for C++/ObjC++ but not for C
configure:8477: $? = 0
configure:8490: result: no
configure:8817: checking for gcc option to produce PIC
configure:8824: result: -fPIC -DPIC
configure:8832: checking if gcc PIC flag -fPIC -DPIC works
configure:8850: gcc -c -g -O2  -fPIC -DPIC -DPIC conftest.c >&5
configure:8854: $? = 0
configure:8867: result: yes
configure:8896: checking if gcc static flag -static works
configure:8924: result: no
configure:8939: checking if gcc supports -c -o file.o
configure:8960: gcc -c -g -O2  -o out/conftest2.o conftest.c >&5
configure:8964: $? = 0
configure:8986: result: yes
configure:8994: checking if gcc supports -c -o file.o
configure:9041: result: yes
configure:9074: checking whether the gcc linker (/usr/bin/ld -m elf_x86_64) supports shared libraries
configure:10227: result: yes
configure:10264: checking whether -lc should be explicitly linked in
configure:10272: gcc -c -g -O2  conftest.c >&5
configure:10275: $? = 0
configure:10290: gcc -shared  -fPIC -DPIC conftest.o  -v -Wl,-soname -Wl,conftest -o conftest 2\>\&1 \| /bin/grep  -lc  \>/dev/null 2\>\&1
configure:10293: $? = 0
configure:10307: result: no
configure:10467: checking dynamic linker characteristics
configure:10978: gcc -o conftest -g -O2   -Wl,-rpath -Wl,/foo conftest.c  >&5
configure:10978: $? = 0
configure:11204: result: GNU/Linux ld.so
configure:11311: checking how to hardcode library paths into programs
configure:11336: result: immediate
configure:11430: checking for shl_load
configure:11430: gcc -o conftest -g -O2   conftest.c  >&5
/tmp/ccZgCdxC.o: In function `main':
/mnt/hgfs/SrcRepos/gt6-RAMSES_8_5/common/source/conftest.c:57: undefined reference to `shl_load'
collect2: ld returned 1 exit status
configure:11430: $? = 1
configure: failed program was:
| /* confdefs.h */
| #define PACKAGE_NAME "globus_common"
| #define PACKAGE_TARNAME "globus_common"
| #define PACKAGE_VERSION "15.31"
| #define PACKAGE_STRING "globus_common 15.31"
| #define PACKAGE_BUGREPORT "https://globus.atlassian.net/"
| #define PACKAGE_URL ""
| #define PACKAGE "globus_common"
| #define VERSION "15.31"
| #define STDC_HEADERS 1
| #define HAVE_SYS_TYPES_H 1
| #define HAVE_SYS_STAT_H 1
| #define HAVE_STDLIB_H 1
| #define HAVE_STRING_H 1
| #define HAVE_MEMORY_H 1
| #define HAVE_STRINGS_H 1
| #define HAVE_INTTYPES_H 1
| #define HAVE_STDINT_H 1
| #define HAVE_UNISTD_H 1
| #define HAVE_DLFCN_H 1
| #define LT_OBJDIR ".libs/"
| /* end confdefs.h.  */
| /* Define shl_load to an innocuous variant, in case <limits.h> declares shl_load.
|    For example, HP-UX 11i <limits.h> declares gettimeofday.  */
| #define shl_load innocuous_shl_load
| 
| /* System header to define __stub macros and hopefully few prototypes,
|     which can conflict with char shl_load (); below.
|     Prefer <limits.h> to <assert.h> if __STDC__ is defined, since
|     <limits.h> exists even on freestanding compilers.  */
| 
| #ifdef __STDC__
| # include <limits.h>
| #else
| # include <assert.h>
| #endif
| 
| #undef shl_load
| 
| /* Override any GCC internal prototype to avoid an error.
|    Use char because int might match the return type of a GCC
|    builtin and then its argument prototype would still apply.  */
| #ifdef __cplusplus
| extern "C"
| #endif
| char shl_load ();
| /* The GNU C library defines this for functions which it implements
|     to always fail with ENOSYS.  Some functions are actually named
|     something starting with __ and the normal name is an alias.  */
| #if defined __stub_shl_load || defined __stub___shl_load
| choke me
| #endif
| 
| int
| main ()
| {
| return shl_load ();
|   ;
|   return 0;
| }
configure:11430: result: no
configure:11434: checking for shl_load in -ldld
configure:11459: gcc -o conftest -g -O2   conftest.c -ldld   >&5
/usr/bin/ld: cannot find -ldld
collect2: ld returned 1 exit status
configure:11459: $? = 1
configure: failed program was:
| /* confdefs.h */
| #define PACKAGE_NAME "globus_common"
| #define PACKAGE_TARNAME "globus_common"
| #define PACKAGE_VERSION "15.31"
| #define PACKAGE_STRING "globus_common 15.31"
| #define PACKAGE_BUGREPORT "https://globus.atlassian.net/"
| #define PACKAGE_URL ""
| #define PACKAGE "globus_common"
| #define VERSION "15.31"
| #define STDC_HEADERS 1
| #define HAVE_SYS_TYPES_H 1
| #define HAVE_SYS_STAT_H 1
| #define HAVE_STDLIB_H 1
| #define HAVE_STRING_H 1
| #define HAVE_MEMORY_H 1
| #define HAVE_STRINGS_H 1
| #define HAVE_INTTYPES_H 1
| #define HAVE_STDINT_H 1
| #define HAVE_UNISTD_H 1
| #define HAVE_DLFCN_H 1
| #define LT_OBJDIR ".libs/"
| /* end confdefs.h.  */
| 
| /* Override any GCC internal prototype to avoid an error.
|    Use char because int might match the return type of a GCC
|    builtin and then its argument prototype would still apply.  */
| #ifdef __cplusplus
| extern "C"
| #endif
| char shl_load ();
| int
| main ()
| {
| return shl_load ();
|   ;
|   return 0;
| }
configure:11468: result: no
configure:11473: checking for dlopen
configure:11473: gcc -o conftest -g -O2   conftest.c  >&5
/tmp/cc4PcdsJ.o: In function `main':
/mnt/hgfs/SrcRepos/gt6-RAMSES_8_5/common/source/conftest.c:57: undefined reference to `dlopen'
collect2: ld returned 1 exit status
configure:11473: $? = 1
configure: failed program was:
| /* confdefs.h */
| #define PACKAGE_NAME "globus_common"
| #define PACKAGE_TARNAME "globus_common"
| #define PACKAGE_VERSION "15.31"
| #define PACKAGE_STRING "globus_common 15.31"
| #define PACKAGE_BUGREPORT "https://globus.atlassian.net/"
| #define PACKAGE_URL ""
| #define PACKAGE "globus_common"
| #define VERSION "15.31"
| #define STDC_HEADERS 1
| #define HAVE_SYS_TYPES_H 1
| #define HAVE_SYS_STAT_H 1
| #define HAVE_STDLIB_H 1
| #define HAVE_STRING_H 1
| #define HAVE_MEMORY_H 1
| #define HAVE_STRINGS_H 1
| #define HAVE_INTTYPES_H 1
| #define HAVE_STDINT_H 1
| #define HAVE_UNISTD_H 1
| #define HAVE_DLFCN_H 1
| #define LT_OBJDIR ".libs/"
| /* end confdefs.h.  */
| /* Define dlopen to an innocuous variant, in case <limits.h> declares dlopen.
|    For example, HP-UX 11i <limits.h> declares gettimeofday.  */
| #define dlopen innocuous_dlopen
| 
| /* System header to define __stub macros and hopefully few prototypes,
|     which can conflict with char dlopen (); below.
|     Prefer <limits.h> to <assert.h> if __STDC__ is defined, since
|     <limits.h> exists even on freestanding compilers.  */
| 
| #ifdef __STDC__
| # include <limits.h>
| #else
| # include <assert.h>
| #endif
| 
| #undef dlopen
| 
| /* Override any GCC internal prototype to avoid an error.
|    Use char because int might match the return type of a GCC
|    builtin and then its argument prototype would still apply.  */
| #ifdef __cplusplus
| extern "C"
| #endif
| char dlopen ();
| /* The GNU C library defines this for functions which it implements
|     to always fail with ENOSYS.  Some functions are actually named
|     something starting with __ and the normal name is an alias.  */
| #if defined __stub_dlopen || defined __stub___dlopen
| choke me
| #endif
| 
| int
| main ()
| {
| return dlopen ();
|   ;
|   return 0;
| }
configure:11473: result: no
configure:11477: checking for dlopen in -ldl
configure:11502: gcc -o conftest -g -O2   conftest.c -ldl   >&5
configure:11502: $? = 0
configure:11511: result: yes
configure:11630: checking whether a program can dlopen itself
configure:11710: gcc -o conftest -g -O2  -DHAVE_DLFCN_H  -Wl,--export-dynamic conftest.c -ldl  >&5
configure:11713: $? = 0
configure:11731: result: yes
configure:11736: checking whether a statically linked program can dlopen itself
configure:11816: gcc -o conftest -g -O2  -DHAVE_DLFCN_H  -Wl,--export-dynamic  conftest.c -ldl  >&5
configure:11819: $? = 0
configure:11837: result: yes
configure:11876: checking whether stripping libraries is possible
configure:11881: result: yes
configure:11916: checking if libtool supports shared libraries
configure:11918: result: yes
configure:11921: checking whether to build shared libraries
configure:11942: result: yes
configure:11945: checking whether to build static libraries
configure:11949: result: yes
configure:11987: checking for gcc option to accept ISO C99
configure:12136: gcc  -c -g -O2  conftest.c >&5
conftest.c:73: error: expected ';', ',' or ')' before 'text'
conftest.c: In function 'main':
conftest.c:127: error: expected '=', ',', ';', 'asm' or '__attribute__' before 'newvar'
conftest.c:127: error: 'newvar' undeclared (first use in this function)
conftest.c:127: error: (Each undeclared identifier is reported only once
conftest.c:127: error: for each function it appears in.)
conftest.c:137: error: 'for' loop initial declarations are only allowed in C99 mode
conftest.c:137: note: use option -std=c99 or -std=gnu99 to compile your code
configure:12136: $? = 1
configure: failed program was:
| /* confdefs.h */
| #define PACKAGE_NAME "globus_common"
| #define PACKAGE_TARNAME "globus_common"
| #define PACKAGE_VERSION "15.31"
| #define PACKAGE_STRING "globus_common 15.31"
| #define PACKAGE_BUGREPORT "https://globus.atlassian.net/"
| #define PACKAGE_URL ""
| #define PACKAGE "globus_common"
| #define VERSION "15.31"
| #define STDC_HEADERS 1
| #define HAVE_SYS_TYPES_H 1
| #define HAVE_SYS_STAT_H 1
| #define HAVE_STDLIB_H 1
| #define HAVE_STRING_H 1
| #define HAVE_MEMORY_H 1
| #define HAVE_STRINGS_H 1
| #define HAVE_INTTYPES_H 1
| #define HAVE_STDINT_H 1
| #define HAVE_UNISTD_H 1
| #define HAVE_DLFCN_H 1
| #define LT_OBJDIR ".libs/"
| /* end confdefs.h.  */
| #include <stdarg.h>
| #include <stdbool.h>
| #include <stdlib.h>
| #include <wchar.h>
| #include <stdio.h>
| 
| // Check varargs macros.  These examples are taken from C99 6.10.3.5.
| #define debug(...) fprintf (stderr, __VA_ARGS__)
| #define showlist(...) puts (#__VA_ARGS__)
| #define report(test,...) ((test) ? puts (#test) : printf (__VA_ARGS__))
| static void
| test_varargs_macros (void)
| {
|   int x = 1234;
|   int y = 5678;
|   debug ("Flag");
|   debug ("X = %d\n", x);
|   showlist (The first, second, and third items.);
|   report (x>y, "x is %d but y is %d", x, y);
| }
| 
| // Check long long types.
| #define BIG64 18446744073709551615ull
| #define BIG32 4294967295ul
| #define BIG_OK (BIG64 / BIG32 == 4294967297ull && BIG64 % BIG32 == 0)
| #if !BIG_OK
|   your preprocessor is broken;
| #endif
| #if BIG_OK
| #else
|   your preprocessor is broken;
| #endif
| static long long int bignum = -9223372036854775807LL;
| static unsigned long long int ubignum = BIG64;
| 
| struct incomplete_array
| {
|   int datasize;
|   double data[];
| };
| 
| struct named_init {
|   int number;
|   const wchar_t *name;
|   double average;
| };
| 
| typedef const char *ccp;
| 
| static inline int
| test_restrict (ccp restrict text)
| {
|   // See if C++-style comments work.
|   // Iterate through items via the restricted pointer.
|   // Also check for declarations in for loops.
|   for (unsigned int i = 0; *(text+i) != '\0'; ++i)
|     continue;
|   return 0;
| }
| 
| // Check varargs and va_copy.
| static void
| test_varargs (const char *format, ...)
| {
|   va_list args;
|   va_start (args, format);
|   va_list args_copy;
|   va_copy (args_copy, args);
| 
|   const char *str;
|   int number;
|   float fnumber;
| 
|   while (*format)
|     {
|       switch (*format++)
| 	{
| 	case 's': // string
| 	  str = va_arg (args_copy, const char *);
| 	  break;
| 	case 'd': // int
| 	  number = va_arg (args_copy, int);
| 	  break;
| 	case 'f': // float
| 	  fnumber = va_arg (args_copy, double);
| 	  break;
| 	default:
| 	  break;
| 	}
|     }
|   va_end (args_copy);
|   va_end (args);
| }
| 
| int
| main ()
| {
| 
|   // Check bool.
|   _Bool success = false;
| 
|   // Check restrict.
|   if (test_restrict ("String literal") == 0)
|     success = true;
|   char *restrict newvar = "Another string";
| 
|   // Check varargs.
|   test_varargs ("s, d' f .", "string", 65, 34.234);
|   test_varargs_macros ();
| 
|   // Check flexible array members.
|   struct incomplete_array *ia =
|     malloc (sizeof (struct incomplete_array) + (sizeof (double) * 10));
|   ia->datasize = 10;
|   for (int i = 0; i < ia->datasize; ++i)
|     ia->data[i] = i * 1.234;
| 
|   // Check named initializers.
|   struct named_init ni = {
|     .number = 34,
|     .name = L"Test wide string",
|     .average = 543.34343,
|   };
| 
|   ni.number = 58;
| 
|   int dynamic_array[ni.number];
|   dynamic_array[ni.number - 1] = 543;
| 
|   // work around unused variable warnings
|   return (!success || bignum == 0LL || ubignum == 0uLL || newvar[0] == 'x'
| 	  || dynamic_array[ni.number - 1] != 543);
| 
|   ;
|   return 0;
| }
configure:12136: gcc -std=gnu99 -c -g -O2  conftest.c >&5
configure:12136: $? = 0
configure:12156: result: -std=gnu99
configure:12182: checking for special C compiler options needed for large files
configure:12227: result: no
configure:12233: checking for _FILE_OFFSET_BITS value needed for large files
configure:12258: gcc -std=gnu99 -c -g -O2  conftest.c >&5
configure:12258: $? = 0
configure:12290: result: no
configure:12397: checking if compiler recognizes -pthread
configure:12416: gcc -std=gnu99 -o conftest -g -O2 -pthread   conftest.c  >&5
configure:12416: $? = 0
configure:12428: result: yes
configure:12436: checking pthread.h usability
configure:12436: gcc -std=gnu99 -c -g -O2  conftest.c >&5
configure:12436: $? = 0
configure:12436: result: yes
configure:12436: checking pthread.h presence
configure:12436: gcc -E  conftest.c
configure:12436: $? = 0
configure:12436: result: yes
configure:12436: checking for pthread.h
configure:12436: result: yes
configure:12441: checking for library containing pthread_create
configure:12472: gcc -std=gnu99 -o conftest -g -O2   conftest.c  >&5
/tmp/ccvWE9Of.o: In function `main':
/mnt/hgfs/SrcRepos/gt6-RAMSES_8_5/common/source/conftest.c:35: undefined reference to `pthread_create'
collect2: ld returned 1 exit status
configure:12472: $? = 1
configure: failed program was:
| /* confdefs.h */
| #define PACKAGE_NAME "globus_common"
| #define PACKAGE_TARNAME "globus_common"
| #define PACKAGE_VERSION "15.31"
| #define PACKAGE_STRING "globus_common 15.31"
| #define PACKAGE_BUGREPORT "https://globus.atlassian.net/"
| #define PACKAGE_URL ""
| #define PACKAGE "globus_common"
| #define VERSION "15.31"
| #define STDC_HEADERS 1
| #define HAVE_SYS_TYPES_H 1
| #define HAVE_SYS_STAT_H 1
| #define HAVE_STDLIB_H 1
| #define HAVE_STRING_H 1
| #define HAVE_MEMORY_H 1
| #define HAVE_STRINGS_H 1
| #define HAVE_INTTYPES_H 1
| #define HAVE_STDINT_H 1
| #define HAVE_UNISTD_H 1
| #define HAVE_DLFCN_H 1
| #define LT_OBJDIR ".libs/"
| #define HAVE_PTHREAD_H 1
| /* end confdefs.h.  */
| 
| /* Override any GCC internal prototype to avoid an error.
|    Use char because int might match the return type of a GCC
|    builtin and then its argument prototype would still apply.  */
| #ifdef __cplusplus
| extern "C"
| #endif
| char pthread_create ();
| int
| main ()
| {
| return pthread_create ();
|   ;
|   return 0;
| }
configure:12472: gcc -std=gnu99 -o conftest -g -O2   conftest.c -lpthread   >&5
configure:12472: $? = 0
configure:12489: result: -lpthread
configure:12503: checking sched.h usability
configure:12503: gcc -std=gnu99 -c -g -O2  conftest.c >&5
configure:12503: $? = 0
configure:12503: result: yes
configure:12503: checking sched.h presence
configure:12503: gcc -E  conftest.c
configure:12503: $? = 0
configure:12503: result: yes
configure:12503: checking for sched.h
configure:12503: result: yes
configure:12508: checking for library containing sched_yield
configure:12539: gcc -std=gnu99 -o conftest -g -O2   conftest.c -lpthread  >&5
configure:12539: $? = 0
configure:12556: result: none required
configure:12659: checking for gethostbyaddr_r
configure:12659: gcc -std=gnu99 -o conftest -g -O2 -pthread   conftest.c  -lpthread >&5
configure:12659: $? = 0
configure:12659: result: yes
configure:12665: checking number of arguments to gethostbyaddr_r
configure:12690: gcc -std=gnu99 -c -g -O2 -pthread  conftest.c >&5
conftest.c: In function 'main':
conftest.c:37: error: storage size of 'hdata' isn't known
conftest.c:40: error: too few arguments to function 'gethostbyaddr_r'
configure:12690: $? = 1
configure: failed program was:
| /* confdefs.h */
| #define PACKAGE_NAME "globus_common"
| #define PACKAGE_TARNAME "globus_common"
| #define PACKAGE_VERSION "15.31"
| #define PACKAGE_STRING "globus_common 15.31"
| #define PACKAGE_BUGREPORT "https://globus.atlassian.net/"
| #define PACKAGE_URL ""
| #define PACKAGE "globus_common"
| #define VERSION "15.31"
| #define STDC_HEADERS 1
| #define HAVE_SYS_TYPES_H 1
| #define HAVE_SYS_STAT_H 1
| #define HAVE_STDLIB_H 1
| #define HAVE_STRING_H 1
| #define HAVE_MEMORY_H 1
| #define HAVE_STRINGS_H 1
| #define HAVE_INTTYPES_H 1
| #define HAVE_STDINT_H 1
| #define HAVE_UNISTD_H 1
| #define HAVE_DLFCN_H 1
| #define LT_OBJDIR ".libs/"
| #define HAVE_PTHREAD_H 1
| #define HAVE_SCHED_H 1
| #define HAVE_GETHOSTBYADDR_R 1
| /* end confdefs.h.  */
| 
| #            include <sys/types.h>
| #            include <netdb.h>
| int
| main ()
| {
| 
|             char *address;
|             int length;
|             int type;
|             struct hostent h;
|             struct hostent_data hdata;
|             int rc;
| 
|             rc = gethostbyaddr_r(address, length, type, &h, &hdata);
| 
|   ;
|   return 0;
| }
configure:12722: gcc -std=gnu99 -c -g -O2 -pthread  conftest.c >&5
conftest.c: In function 'main':
conftest.c:43: warning: passing argument 7 of 'gethostbyaddr_r' from incompatible pointer type
/usr/include/netdb.h:173: note: expected 'struct hostent ** restrict' but argument is of type 'int *'
conftest.c:43: error: too few arguments to function 'gethostbyaddr_r'
configure:12722: $? = 1
configure: failed program was:
| /* confdefs.h */
| #define PACKAGE_NAME "globus_common"
| #define PACKAGE_TARNAME "globus_common"
| #define PACKAGE_VERSION "15.31"
| #define PACKAGE_STRING "globus_common 15.31"
| #define PACKAGE_BUGREPORT "https://globus.atlassian.net/"
| #define PACKAGE_URL ""
| #define PACKAGE "globus_common"
| #define VERSION "15.31"
| #define STDC_HEADERS 1
| #define HAVE_SYS_TYPES_H 1
| #define HAVE_SYS_STAT_H 1
| #define HAVE_STDLIB_H 1
| #define HAVE_STRING_H 1
| #define HAVE_MEMORY_H 1
| #define HAVE_STRINGS_H 1
| #define HAVE_INTTYPES_H 1
| #define HAVE_STDINT_H 1
| #define HAVE_UNISTD_H 1
| #define HAVE_DLFCN_H 1
| #define LT_OBJDIR ".libs/"
| #define HAVE_PTHREAD_H 1
| #define HAVE_SCHED_H 1
| #define HAVE_GETHOSTBYADDR_R 1
| /* end confdefs.h.  */
| 
| #	        include <sys/types.h>
| #               include <netdb.h>
| int
| main ()
| {
| 
|                 char *address;
|                 int length;
|                 int type;
|                 struct hostent h;
|                 char buffer[10];
|                 int buflen;
|                 int h_errnop;
|                 struct hostent *hp;
| 
|                 hp = gethostbyaddr_r(address, length, type, &h,
|                                      buffer, buflen, &h_errnop);
| 
|   ;
|   return 0;
| }
configure:12758: gcc -std=gnu99 -c -g -O2 -pthread  conftest.c >&5
configure:12758: $? = 0
configure:12766: result: 8
configure:12776: checking for gethostbyname
configure:12776: gcc -std=gnu99 -o conftest -g -O2 -pthread   conftest.c  -lpthread >&5
configure:12776: $? = 0
configure:12776: result: yes
configure:12788: checking for gethostbyname_r
configure:12788: gcc -std=gnu99 -o conftest -g -O2 -pthread   conftest.c  -lpthread >&5
configure:12788: $? = 0
configure:12788: result: yes
configure:12794: checking number of arguments to gethostbyname_r
configure:12818: gcc -std=gnu99 -c -g -O2 -pthread  conftest.c >&5
conftest.c: In function 'main':
conftest.c:42: warning: passing argument 5 of 'gethostbyname_r' from incompatible pointer type
/usr/include/netdb.h:180: note: expected 'struct hostent ** restrict' but argument is of type 'int *'
conftest.c:42: error: too few arguments to function 'gethostbyname_r'
configure:12818: $? = 1
configure: failed program was:
| /* confdefs.h */
| #define PACKAGE_NAME "globus_common"
| #define PACKAGE_TARNAME "globus_common"
| #define PACKAGE_VERSION "15.31"
| #define PACKAGE_STRING "globus_common 15.31"
| #define PACKAGE_BUGREPORT "https://globus.atlassian.net/"
| #define PACKAGE_URL ""
| #define PACKAGE "globus_common"
| #define VERSION "15.31"
| #define STDC_HEADERS 1
| #define HAVE_SYS_TYPES_H 1
| #define HAVE_SYS_STAT_H 1
| #define HAVE_STDLIB_H 1
| #define HAVE_STRING_H 1
| #define HAVE_MEMORY_H 1
| #define HAVE_STRINGS_H 1
| #define HAVE_INTTYPES_H 1
| #define HAVE_STDINT_H 1
| #define HAVE_UNISTD_H 1
| #define HAVE_DLFCN_H 1
| #define LT_OBJDIR ".libs/"
| #define HAVE_PTHREAD_H 1
| #define HAVE_SCHED_H 1
| #define HAVE_GETHOSTBYADDR_R 1
| #define GLOBUS_HAVE_GETHOSTBYADDR_R_8 1
| #define HAVE_GETHOSTBYNAME 1
| #define HAVE_GETHOSTBYNAME_R 1
| /* end confdefs.h.  */
| 
| #            include <sys/types.h>
| #            include <netdb.h>
| int
| main ()
| {
| 
| 	     struct hostent *hp;
| 	     struct hostent h;
| 	     char *name;
| 	     char buffer[10];
| 	     int  h_errno;
| 
| 	     hp = gethostbyname_r(name, &h, buffer, 10, &h_errno);
| 
|   ;
|   return 0;
| }
configure:12845: gcc -std=gnu99 -c -g -O2 -pthread  conftest.c >&5
conftest.c: In function 'main':
conftest.c:37: error: storage size of 'hdata' isn't known
conftest.c:41: error: too few arguments to function 'gethostbyname_r'
configure:12845: $? = 1
configure: failed program was:
| /* confdefs.h */
| #define PACKAGE_NAME "globus_common"
| #define PACKAGE_TARNAME "globus_common"
| #define PACKAGE_VERSION "15.31"
| #define PACKAGE_STRING "globus_common 15.31"
| #define PACKAGE_BUGREPORT "https://globus.atlassian.net/"
| #define PACKAGE_URL ""
| #define PACKAGE "globus_common"
| #define VERSION "15.31"
| #define STDC_HEADERS 1
| #define HAVE_SYS_TYPES_H 1
| #define HAVE_SYS_STAT_H 1
| #define HAVE_STDLIB_H 1
| #define HAVE_STRING_H 1
| #define HAVE_MEMORY_H 1
| #define HAVE_STRINGS_H 1
| #define HAVE_INTTYPES_H 1
| #define HAVE_STDINT_H 1
| #define HAVE_UNISTD_H 1
| #define HAVE_DLFCN_H 1
| #define LT_OBJDIR ".libs/"
| #define HAVE_PTHREAD_H 1
| #define HAVE_SCHED_H 1
| #define HAVE_GETHOSTBYADDR_R 1
| #define GLOBUS_HAVE_GETHOSTBYADDR_R_8 1
| #define HAVE_GETHOSTBYNAME 1
| #define HAVE_GETHOSTBYNAME_R 1
| /* end confdefs.h.  */
| 
| #                include <sys/types.h>
| #                include <netdb.h>
| int
| main ()
| {
| 
| 		 struct hostent h;
| 		 struct hostent_data hdata;
| 		 char *name;
| 		 int rc;
| 
| 		 rc = gethostbyname_r(name, &h, &hdata);
| 
|   ;
|   return 0;
| }
configure:12876: gcc -std=gnu99 -c -g -O2 -pthread  conftest.c >&5
configure:12876: $? = 0
configure:12883: result: 6
configure:12893: checking for localtime_r
configure:12893: gcc -std=gnu99 -o conftest -g -O2 -pthread   conftest.c  -lpthread >&5
configure:12893: $? = 0
configure:12893: result: yes
configure:12904: checking for gmtime_r
configure:12904: gcc -std=gnu99 -o conftest -g -O2 -pthread   conftest.c  -lpthread >&5
configure:12904: $? = 0
configure:12904: result: yes
configure:12915: checking for ctime_r
configure:12915: gcc -std=gnu99 -o conftest -g -O2 -pthread   conftest.c  -lpthread >&5
configure:12915: $? = 0
configure:12915: result: yes
configure:12921: checking number of arguments to ctime_r
configure:12941: gcc -std=gnu99 -c -g -O2 -pthread  conftest.c >&5
configure:12941: $? = 0
configure:12972: result: 2
configure:12979: checking if struct passwd contains pw_age
configure:12999: gcc -std=gnu99 -c -g -O2 -pthread  conftest.c >&5
conftest.c: In function 'main':
conftest.c:43: error: 'struct passwd' has no member named 'pw_age'
configure:12999: $? = 1
configure: failed program was:
| /* confdefs.h */
| #define PACKAGE_NAME "globus_common"
| #define PACKAGE_TARNAME "globus_common"
| #define PACKAGE_VERSION "15.31"
| #define PACKAGE_STRING "globus_common 15.31"
| #define PACKAGE_BUGREPORT "https://globus.atlassian.net/"
| #define PACKAGE_URL ""
| #define PACKAGE "globus_common"
| #define VERSION "15.31"
| #define STDC_HEADERS 1
| #define HAVE_SYS_TYPES_H 1
| #define HAVE_SYS_STAT_H 1
| #define HAVE_STDLIB_H 1
| #define HAVE_STRING_H 1
| #define HAVE_MEMORY_H 1
| #define HAVE_STRINGS_H 1
| #define HAVE_INTTYPES_H 1
| #define HAVE_STDINT_H 1
| #define HAVE_UNISTD_H 1
| #define HAVE_DLFCN_H 1
| #define LT_OBJDIR ".libs/"
| #define HAVE_PTHREAD_H 1
| #define HAVE_SCHED_H 1
| #define HAVE_GETHOSTBYADDR_R 1
| #define GLOBUS_HAVE_GETHOSTBYADDR_R_8 1
| #define HAVE_GETHOSTBYNAME 1
| #define HAVE_GETHOSTBYNAME_R 1
| #define GLOBUS_HAVE_GETHOSTBYNAME_R_6 1
| #define HAVE_LOCALTIME_R 1
| #define HAVE_GMTIME_R 1
| #define HAVE_CTIME_R 1
| #define GLOBUS_HAVE_CTIME_R_2 1
| /* end confdefs.h.  */
| 
| #       include <pwd.h>
| 
| int
| main ()
| {
| 
|         struct passwd pwd;
|         char *x;
|         x = pwd.pw_age;
| 
|   ;
|   return 0;
| }
configure:13005: result: no
configure:13008: checking if struct passwd contains pw_comment
configure:13028: gcc -std=gnu99 -c -g -O2 -pthread  conftest.c >&5
conftest.c: In function 'main':
conftest.c:43: error: 'struct passwd' has no member named 'pw_comment'
configure:13028: $? = 1
configure: failed program was:
| /* confdefs.h */
| #define PACKAGE_NAME "globus_common"
| #define PACKAGE_TARNAME "globus_common"
| #define PACKAGE_VERSION "15.31"
| #define PACKAGE_STRING "globus_common 15.31"
| #define PACKAGE_BUGREPORT "https://globus.atlassian.net/"
| #define PACKAGE_URL ""
| #define PACKAGE "globus_common"
| #define VERSION "15.31"
| #define STDC_HEADERS 1
| #define HAVE_SYS_TYPES_H 1
| #define HAVE_SYS_STAT_H 1
| #define HAVE_STDLIB_H 1
| #define HAVE_STRING_H 1
| #define HAVE_MEMORY_H 1
| #define HAVE_STRINGS_H 1
| #define HAVE_INTTYPES_H 1
| #define HAVE_STDINT_H 1
| #define HAVE_UNISTD_H 1
| #define HAVE_DLFCN_H 1
| #define LT_OBJDIR ".libs/"
| #define HAVE_PTHREAD_H 1
| #define HAVE_SCHED_H 1
| #define HAVE_GETHOSTBYADDR_R 1
| #define GLOBUS_HAVE_GETHOSTBYADDR_R_8 1
| #define HAVE_GETHOSTBYNAME 1
| #define HAVE_GETHOSTBYNAME_R 1
| #define GLOBUS_HAVE_GETHOSTBYNAME_R_6 1
| #define HAVE_LOCALTIME_R 1
| #define HAVE_GMTIME_R 1
| #define HAVE_CTIME_R 1
| #define GLOBUS_HAVE_CTIME_R_2 1
| /* end confdefs.h.  */
| 
| #       include <pwd.h>
| 
| int
| main ()
| {
| 
|         struct passwd pwd;
|         char *x;
|         x = pwd.pw_comment;
| 
|   ;
|   return 0;
| }
configure:13034: result: no
configure:13040: checking for getpwnam
configure:13040: gcc -std=gnu99 -o conftest -g -O2 -pthread   conftest.c  -lpthread >&5
configure:13040: $? = 0
configure:13040: result: yes
configure:13051: checking for getpwnam_r
configure:13051: gcc -std=gnu99 -o conftest -g -O2 -pthread   conftest.c  -lpthread >&5
configure:13051: $? = 0
configure:13051: result: yes
configure:13057: checking number of arguments to getpwnam_r
configure:13084: gcc -std=gnu99 -c -g -O2 -pthread  conftest.c >&5
configure:13084: $? = 0
configure:13121: result: 5
configure:13130: checking for getpwuid
configure:13130: gcc -std=gnu99 -o conftest -g -O2 -pthread   conftest.c  -lpthread >&5
configure:13130: $? = 0
configure:13130: result: yes
configure:13142: checking for getpwuid_r
configure:13142: gcc -std=gnu99 -o conftest -g -O2 -pthread   conftest.c  -lpthread >&5
configure:13142: $? = 0
configure:13142: result: yes
configure:13148: checking number of arguments to getpwuid_r
configure:13175: gcc -std=gnu99 -c -g -O2 -pthread  conftest.c >&5
configure:13175: $? = 0
configure:13212: result: 5
configure:13221: checking for readdir_r
configure:13221: gcc -std=gnu99 -o conftest -g -O2 -pthread   conftest.c  -lpthread >&5
configure:13221: $? = 0
configure:13221: result: yes
configure:13227: checking number of arguments to readdir_r
configure:13248: gcc -std=gnu99 -c -g -O2 -pthread  conftest.c >&5
configure:13248: $? = 0
configure:13281: result: 3
configure:13288: checking if struct dirent contains d_off
configure:13306: gcc -std=gnu99 -c -g -O2 -pthread  conftest.c >&5
configure:13306: $? = 0
configure:13307: result: yes
configure:13317: checking if struct dirent contains d_offset
configure:13335: gcc -std=gnu99 -c -g -O2 -pthread  conftest.c >&5
conftest.c: In function 'main':
conftest.c:51: error: 'struct dirent' has no member named 'd_offset'
configure:13335: $? = 1
configure: failed program was:
| /* confdefs.h */
| #define PACKAGE_NAME "globus_common"
| #define PACKAGE_TARNAME "globus_common"
| #define PACKAGE_VERSION "15.31"
| #define PACKAGE_STRING "globus_common 15.31"
| #define PACKAGE_BUGREPORT "https://globus.atlassian.net/"
| #define PACKAGE_URL ""
| #define PACKAGE "globus_common"
| #define VERSION "15.31"
| #define STDC_HEADERS 1
| #define HAVE_SYS_TYPES_H 1
| #define HAVE_SYS_STAT_H 1
| #define HAVE_STDLIB_H 1
| #define HAVE_STRING_H 1
| #define HAVE_MEMORY_H 1
| #define HAVE_STRINGS_H 1
| #define HAVE_INTTYPES_H 1
| #define HAVE_STDINT_H 1
| #define HAVE_UNISTD_H 1
| #define HAVE_DLFCN_H 1
| #define LT_OBJDIR ".libs/"
| #define HAVE_PTHREAD_H 1
| #define HAVE_SCHED_H 1
| #define HAVE_GETHOSTBYADDR_R 1
| #define GLOBUS_HAVE_GETHOSTBYADDR_R_8 1
| #define HAVE_GETHOSTBYNAME 1
| #define HAVE_GETHOSTBYNAME_R 1
| #define GLOBUS_HAVE_GETHOSTBYNAME_R_6 1
| #define HAVE_LOCALTIME_R 1
| #define HAVE_GMTIME_R 1
| #define HAVE_CTIME_R 1
| #define GLOBUS_HAVE_CTIME_R_2 1
| #define HAVE_GETPWNAM 1
| #define HAVE_GETPWNAM_R 1
| #define GLOBUS_HAVE_GETPWNAM_R_5 1
| #define HAVE_GETPWUID 1
| #define HAVE_GETPWUID_R 1
| #define GLOBUS_HAVE_GETPWUID_R_5 1
| #define HAVE_READDIR_R 1
| #define GLOBUS_HAVE_READDIR_R_3 1
| #define GLOBUS_HAVE_DIRENT_OFF 1
| /* end confdefs.h.  */
| 
| #include <dirent.h>
| 
| int
| main ()
| {
| 
| struct dirent dir;
| ((int) dir.d_offset) == 1;
| 
|   ;
|   return 0;
| }
configure:13341: result: no
configure:13346: checking if struct dirent contains d_type
configure:13364: gcc -std=gnu99 -c -g -O2 -pthread  conftest.c >&5
configure:13364: $? = 0
configure:13365: result: yes
configure:13375: checking if struct dirent contains d_reclen
configure:13393: gcc -std=gnu99 -c -g -O2 -pthread  conftest.c >&5
configure:13393: $? = 0
configure:13394: result: yes
configure:13417: checking for library containing dlopen
configure:13448: gcc -std=gnu99 -o conftest -g -O2 -pthread   conftest.c  -lpthread >&5
/tmp/cc9bSRDX.o: In function `main':
/mnt/hgfs/SrcRepos/gt6-RAMSES_8_5/common/source/conftest.c:56: undefined reference to `dlopen'
collect2: ld returned 1 exit status
configure:13448: $? = 1
configure: failed program was:
| /* confdefs.h */
| #define PACKAGE_NAME "globus_common"
| #define PACKAGE_TARNAME "globus_common"
| #define PACKAGE_VERSION "15.31"
| #define PACKAGE_STRING "globus_common 15.31"
| #define PACKAGE_BUGREPORT "https://globus.atlassian.net/"
| #define PACKAGE_URL ""
| #define PACKAGE "globus_common"
| #define VERSION "15.31"
| #define STDC_HEADERS 1
| #define HAVE_SYS_TYPES_H 1
| #define HAVE_SYS_STAT_H 1
| #define HAVE_STDLIB_H 1
| #define HAVE_STRING_H 1
| #define HAVE_MEMORY_H 1
| #define HAVE_STRINGS_H 1
| #define HAVE_INTTYPES_H 1
| #define HAVE_STDINT_H 1
| #define HAVE_UNISTD_H 1
| #define HAVE_DLFCN_H 1
| #define LT_OBJDIR ".libs/"
| #define HAVE_PTHREAD_H 1
| #define HAVE_SCHED_H 1
| #define HAVE_GETHOSTBYADDR_R 1
| #define GLOBUS_HAVE_GETHOSTBYADDR_R_8 1
| #define HAVE_GETHOSTBYNAME 1
| #define HAVE_GETHOSTBYNAME_R 1
| #define GLOBUS_HAVE_GETHOSTBYNAME_R_6 1
| #define HAVE_LOCALTIME_R 1
| #define HAVE_GMTIME_R 1
| #define HAVE_CTIME_R 1
| #define GLOBUS_HAVE_CTIME_R_2 1
| #define HAVE_GETPWNAM 1
| #define HAVE_GETPWNAM_R 1
| #define GLOBUS_HAVE_GETPWNAM_R_5 1
| #define HAVE_GETPWUID 1
| #define HAVE_GETPWUID_R 1
| #define GLOBUS_HAVE_GETPWUID_R_5 1
| #define HAVE_READDIR_R 1
| #define GLOBUS_HAVE_READDIR_R_3 1
| #define GLOBUS_HAVE_DIRENT_OFF 1
| #define GLOBUS_HAVE_DIRENT_TYPE 1
| #define GLOBUS_HAVE_DIRENT_RECLEN 1
| /* end confdefs.h.  */
| 
| /* Override any GCC internal prototype to avoid an error.
|    Use char because int might match the return type of a GCC
|    builtin and then its argument prototype would still apply.  */
| #ifdef __cplusplus
| extern "C"
| #endif
| char dlopen ();
| int
| main ()
| {
| return dlopen ();
|   ;
|   return 0;
| }
configure:13448: gcc -std=gnu99 -o conftest -g -O2 -pthread   conftest.c -ldl   -lpthread >&5
configure:13448: $? = 0
configure:13465: result: -ldl
configure:13555: checking for dlerror
configure:13555: gcc -std=gnu99 -o conftest -g -O2 -pthread   conftest.c -ldl  -lpthread -ldl >&5
configure:13555: $? = 0
configure:13555: result: yes
configure:13569: checking for shl_load
configure:13569: result: no
configure:13576: checking for shl_load in -ldld
configure:13610: result: no
configure:13656: checking for dld_link in -ldld
configure:13681: gcc -std=gnu99 -o conftest -g -O2 -pthread   conftest.c -ldld  -ldl  -lpthread >&5
/usr/bin/ld: cannot find -ldld
collect2: ld returned 1 exit status
configure:13681: $? = 1
configure: failed program was:
| /* confdefs.h */
| #define PACKAGE_NAME "globus_common"
| #define PACKAGE_TARNAME "globus_common"
| #define PACKAGE_VERSION "15.31"
| #define PACKAGE_STRING "globus_common 15.31"
| #define PACKAGE_BUGREPORT "https://globus.atlassian.net/"
| #define PACKAGE_URL ""
| #define PACKAGE "globus_common"
| #define VERSION "15.31"
| #define STDC_HEADERS 1
| #define HAVE_SYS_TYPES_H 1
| #define HAVE_SYS_STAT_H 1
| #define HAVE_STDLIB_H 1
| #define HAVE_STRING_H 1
| #define HAVE_MEMORY_H 1
| #define HAVE_STRINGS_H 1
| #define HAVE_INTTYPES_H 1
| #define HAVE_STDINT_H 1
| #define HAVE_UNISTD_H 1
| #define HAVE_DLFCN_H 1
| #define LT_OBJDIR ".libs/"
| #define HAVE_PTHREAD_H 1
| #define HAVE_SCHED_H 1
| #define HAVE_GETHOSTBYADDR_R 1
| #define GLOBUS_HAVE_GETHOSTBYADDR_R_8 1
| #define HAVE_GETHOSTBYNAME 1
| #define HAVE_GETHOSTBYNAME_R 1
| #define GLOBUS_HAVE_GETHOSTBYNAME_R_6 1
| #define HAVE_LOCALTIME_R 1
| #define HAVE_GMTIME_R 1
| #define HAVE_CTIME_R 1
| #define GLOBUS_HAVE_CTIME_R_2 1
| #define HAVE_GETPWNAM 1
| #define HAVE_GETPWNAM_R 1
| #define GLOBUS_HAVE_GETPWNAM_R_5 1
| #define HAVE_GETPWUID 1
| #define HAVE_GETPWUID_R 1
| #define GLOBUS_HAVE_GETPWUID_R_5 1
| #define HAVE_READDIR_R 1
| #define GLOBUS_HAVE_READDIR_R_3 1
| #define GLOBUS_HAVE_DIRENT_OFF 1
| #define GLOBUS_HAVE_DIRENT_TYPE 1
| #define GLOBUS_HAVE_DIRENT_RECLEN 1
| #define HAVE_LIBDL 1
| #define HAVE_DLERROR 1
| /* end confdefs.h.  */
| 
| /* Override any GCC internal prototype to avoid an error.
|    Use char because int might match the return type of a GCC
|    builtin and then its argument prototype would still apply.  */
| #ifdef __cplusplus
| extern "C"
| #endif
| char dld_link ();
| int
| main ()
| {
| return dld_link ();
|   ;
|   return 0;
| }
configure:13690: result: no
configure:13724: checking for library containing socket
configure:13755: gcc -std=gnu99 -o conftest -g -O2 -pthread   conftest.c -ldl  -lpthread >&5
configure:13755: $? = 0
configure:13772: result: none required
configure:13780: checking for library containing gethostbyname
configure:13811: gcc -std=gnu99 -o conftest -g -O2 -pthread   conftest.c -ldl  -lpthread >&5
configure:13811: $? = 0
configure:13828: result: none required
configure:13836: checking for library containing gethostbyaddr
configure:13867: gcc -std=gnu99 -o conftest -g -O2 -pthread   conftest.c -ldl  -lpthread >&5
configure:13867: $? = 0
configure:13884: result: none required
configure:13912: checking arpa/inet.h usability
configure:13912: gcc -std=gnu99 -c -g -O2 -pthread  -DWINVER=0x0502 conftest.c >&5
configure:13912: $? = 0
configure:13912: result: yes
configure:13912: checking arpa/inet.h presence
configure:13912: gcc -E  -DWINVER=0x0502 conftest.c
configure:13912: $? = 0
configure:13912: result: yes
configure:13912: checking for arpa/inet.h
configure:13912: result: yes
configure:13924: checking ifaddrs.h usability
configure:13924: gcc -std=gnu99 -c -g -O2 -pthread  -DWINVER=0x0502 conftest.c >&5
configure:13924: $? = 0
configure:13924: result: yes
configure:13924: checking ifaddrs.h presence
configure:13924: gcc -E  -DWINVER=0x0502 conftest.c
configure:13924: $? = 0
configure:13924: result: yes
configure:13924: checking for ifaddrs.h
configure:13924: result: yes
configure:13936: checking net/if_arp.h usability
configure:13936: gcc -std=gnu99 -c -g -O2 -pthread  -DWINVER=0x0502 conftest.c >&5
configure:13936: $? = 0
configure:13936: result: yes
configure:13936: checking net/if_arp.h presence
configure:13936: gcc -E  -DWINVER=0x0502 conftest.c
configure:13936: $? = 0
configure:13936: result: yes
configure:13936: checking for net/if_arp.h
configure:13936: result: yes
configure:13948: checking net/if_dl.h usability
configure:13948: gcc -std=gnu99 -c -g -O2 -pthread  -DWINVER=0x0502 conftest.c >&5
conftest.c:84:23: error: net/if_dl.h: No such file or directory
configure:13948: $? = 1
configure: failed program was:
| /* confdefs.h */
| #define PACKAGE_NAME "globus_common"
| #define PACKAGE_TARNAME "globus_common"
| #define PACKAGE_VERSION "15.31"
| #define PACKAGE_STRING "globus_common 15.31"
| #define PACKAGE_BUGREPORT "https://globus.atlassian.net/"
| #define PACKAGE_URL ""
| #define PACKAGE "globus_common"
| #define VERSION "15.31"
| #define STDC_HEADERS 1
| #define HAVE_SYS_TYPES_H 1
| #define HAVE_SYS_STAT_H 1
| #define HAVE_STDLIB_H 1
| #define HAVE_STRING_H 1
| #define HAVE_MEMORY_H 1
| #define HAVE_STRINGS_H 1
| #define HAVE_INTTYPES_H 1
| #define HAVE_STDINT_H 1
| #define HAVE_UNISTD_H 1
| #define HAVE_DLFCN_H 1
| #define LT_OBJDIR ".libs/"
| #define HAVE_PTHREAD_H 1
| #define HAVE_SCHED_H 1
| #define HAVE_GETHOSTBYADDR_R 1
| #define GLOBUS_HAVE_GETHOSTBYADDR_R_8 1
| #define HAVE_GETHOSTBYNAME 1
| #define HAVE_GETHOSTBYNAME_R 1
| #define GLOBUS_HAVE_GETHOSTBYNAME_R_6 1
| #define HAVE_LOCALTIME_R 1
| #define HAVE_GMTIME_R 1
| #define HAVE_CTIME_R 1
| #define GLOBUS_HAVE_CTIME_R_2 1
| #define HAVE_GETPWNAM 1
| #define HAVE_GETPWNAM_R 1
| #define GLOBUS_HAVE_GETPWNAM_R_5 1
| #define HAVE_GETPWUID 1
| #define HAVE_GETPWUID_R 1
| #define GLOBUS_HAVE_GETPWUID_R_5 1
| #define HAVE_READDIR_R 1
| #define GLOBUS_HAVE_READDIR_R_3 1
| #define GLOBUS_HAVE_DIRENT_OFF 1
| #define GLOBUS_HAVE_DIRENT_TYPE 1
| #define GLOBUS_HAVE_DIRENT_RECLEN 1
| #define HAVE_LIBDL 1
| #define HAVE_DLERROR 1
| #define HAVE_LIBDLLOADER 1
| #define HAVE_ARPA_INET_H 1
| #define HAVE_IFADDRS_H 1
| #define HAVE_NET_IF_ARP_H 1
| /* end confdefs.h.  */
| #include <stdio.h>
| #ifdef HAVE_SYS_TYPES_H
| # include <sys/types.h>
| #endif
| #ifdef HAVE_SYS_STAT_H
| # include <sys/stat.h>
| #endif
| #ifdef STDC_HEADERS
| # include <stdlib.h>
| # include <stddef.h>
| #else
| # ifdef HAVE_STDLIB_H
| #  include <stdlib.h>
| # endif
| #endif
| #ifdef HAVE_STRING_H
| # if !defined STDC_HEADERS && defined HAVE_MEMORY_H
| #  include <memory.h>
| # endif
| # include <string.h>
| #endif
| #ifdef HAVE_STRINGS_H
| # include <strings.h>
| #endif
| #ifdef HAVE_INTTYPES_H
| # include <inttypes.h>
| #endif
| #ifdef HAVE_STDINT_H
| # include <stdint.h>
| #endif
| #ifdef HAVE_UNISTD_H
| # include <unistd.h>
| #endif
| #include <net/if_dl.h>
configure:13948: result: no
configure:13948: checking net/if_dl.h presence
configure:13948: gcc -E  -DWINVER=0x0502 conftest.c
conftest.c:51:23: error: net/if_dl.h: No such file or directory
configure:13948: $? = 1
configure: failed program was:
| /* confdefs.h */
| #define PACKAGE_NAME "globus_common"
| #define PACKAGE_TARNAME "globus_common"
| #define PACKAGE_VERSION "15.31"
| #define PACKAGE_STRING "globus_common 15.31"
| #define PACKAGE_BUGREPORT "https://globus.atlassian.net/"
| #define PACKAGE_URL ""
| #define PACKAGE "globus_common"
| #define VERSION "15.31"
| #define STDC_HEADERS 1
| #define HAVE_SYS_TYPES_H 1
| #define HAVE_SYS_STAT_H 1
| #define HAVE_STDLIB_H 1
| #define HAVE_STRING_H 1
| #define HAVE_MEMORY_H 1
| #define HAVE_STRINGS_H 1
| #define HAVE_INTTYPES_H 1
| #define HAVE_STDINT_H 1
| #define HAVE_UNISTD_H 1
| #define HAVE_DLFCN_H 1
| #define LT_OBJDIR ".libs/"
| #define HAVE_PTHREAD_H 1
| #define HAVE_SCHED_H 1
| #define HAVE_GETHOSTBYADDR_R 1
| #define GLOBUS_HAVE_GETHOSTBYADDR_R_8 1
| #define HAVE_GETHOSTBYNAME 1
| #define HAVE_GETHOSTBYNAME_R 1
| #define GLOBUS_HAVE_GETHOSTBYNAME_R_6 1
| #define HAVE_LOCALTIME_R 1
| #define HAVE_GMTIME_R 1
| #define HAVE_CTIME_R 1
| #define GLOBUS_HAVE_CTIME_R_2 1
| #define HAVE_GETPWNAM 1
| #define HAVE_GETPWNAM_R 1
| #define GLOBUS_HAVE_GETPWNAM_R_5 1
| #define HAVE_GETPWUID 1
| #define HAVE_GETPWUID_R 1
| #define GLOBUS_HAVE_GETPWUID_R_5 1
| #define HAVE_READDIR_R 1
| #define GLOBUS_HAVE_READDIR_R_3 1
| #define GLOBUS_HAVE_DIRENT_OFF 1
| #define GLOBUS_HAVE_DIRENT_TYPE 1
| #define GLOBUS_HAVE_DIRENT_RECLEN 1
| #define HAVE_LIBDL 1
| #define HAVE_DLERROR 1
| #define HAVE_LIBDLLOADER 1
| #define HAVE_ARPA_INET_H 1
| #define HAVE_IFADDRS_H 1
| #define HAVE_NET_IF_ARP_H 1
| /* end confdefs.h.  */
| #include <net/if_dl.h>
configure:13948: result: no
configure:13948: checking for net/if_dl.h
configure:13948: result: no
configure:13960: checking sys/socket.h usability
configure:13960: gcc -std=gnu99 -c -g -O2 -pthread  -DWINVER=0x0502 conftest.c >&5
configure:13960: $? = 0
configure:13960: result: yes
configure:13960: checking sys/socket.h presence
configure:13960: gcc -E  -DWINVER=0x0502 conftest.c
configure:13960: $? = 0
configure:13960: result: yes
configure:13960: checking for sys/socket.h
configure:13960: result: yes
configure:13972: checking for net/if.h
configure:13972: gcc -std=gnu99 -c -g -O2 -pthread  -DWINVER=0x0502 conftest.c >&5
configure:13972: $? = 0
configure:13972: result: yes
configure:13987: checking sys/ioctl.h usability
configure:13987: gcc -std=gnu99 -c -g -O2 -pthread  -DWINVER=0x0502 conftest.c >&5
configure:13987: $? = 0
configure:13987: result: yes
configure:13987: checking sys/ioctl.h presence
configure:13987: gcc -E  -DWINVER=0x0502 conftest.c
configure:13987: $? = 0
configure:13987: result: yes
configure:13987: checking for sys/ioctl.h
configure:13987: result: yes
configure:13999: checking for ifaddrs.h
configure:13999: result: yes
configure:14011: checking if/dl.h usability
configure:14011: gcc -std=gnu99 -c -g -O2 -pthread  -DWINVER=0x0502 conftest.c >&5
conftest.c:88:19: error: if/dl.h: No such file or directory
configure:14011: $? = 1
configure: failed program was:
| /* confdefs.h */
| #define PACKAGE_NAME "globus_common"
| #define PACKAGE_TARNAME "globus_common"
| #define PACKAGE_VERSION "15.31"
| #define PACKAGE_STRING "globus_common 15.31"
| #define PACKAGE_BUGREPORT "https://globus.atlassian.net/"
| #define PACKAGE_URL ""
| #define PACKAGE "globus_common"
| #define VERSION "15.31"
| #define STDC_HEADERS 1
| #define HAVE_SYS_TYPES_H 1
| #define HAVE_SYS_STAT_H 1
| #define HAVE_STDLIB_H 1
| #define HAVE_STRING_H 1
| #define HAVE_MEMORY_H 1
| #define HAVE_STRINGS_H 1
| #define HAVE_INTTYPES_H 1
| #define HAVE_STDINT_H 1
| #define HAVE_UNISTD_H 1
| #define HAVE_DLFCN_H 1
| #define LT_OBJDIR ".libs/"
| #define HAVE_PTHREAD_H 1
| #define HAVE_SCHED_H 1
| #define HAVE_GETHOSTBYADDR_R 1
| #define GLOBUS_HAVE_GETHOSTBYADDR_R_8 1
| #define HAVE_GETHOSTBYNAME 1
| #define HAVE_GETHOSTBYNAME_R 1
| #define GLOBUS_HAVE_GETHOSTBYNAME_R_6 1
| #define HAVE_LOCALTIME_R 1
| #define HAVE_GMTIME_R 1
| #define HAVE_CTIME_R 1
| #define GLOBUS_HAVE_CTIME_R_2 1
| #define HAVE_GETPWNAM 1
| #define HAVE_GETPWNAM_R 1
| #define GLOBUS_HAVE_GETPWNAM_R_5 1
| #define HAVE_GETPWUID 1
| #define HAVE_GETPWUID_R 1
| #define GLOBUS_HAVE_GETPWUID_R_5 1
| #define HAVE_READDIR_R 1
| #define GLOBUS_HAVE_READDIR_R_3 1
| #define GLOBUS_HAVE_DIRENT_OFF 1
| #define GLOBUS_HAVE_DIRENT_TYPE 1
| #define GLOBUS_HAVE_DIRENT_RECLEN 1
| #define HAVE_LIBDL 1
| #define HAVE_DLERROR 1
| #define HAVE_LIBDLLOADER 1
| #define HAVE_ARPA_INET_H 1
| #define HAVE_IFADDRS_H 1
| #define HAVE_NET_IF_ARP_H 1
| #define HAVE_SYS_SOCKET_H 1
| #define HAVE_NET_IF_H 1
| #define HAVE_SYS_IOCTL_H 1
| #define HAVE_IFADDRS_H 1
| /* end confdefs.h.  */
| #include <stdio.h>
| #ifdef HAVE_SYS_TYPES_H
| # include <sys/types.h>
| #endif
| #ifdef HAVE_SYS_STAT_H
| # include <sys/stat.h>
| #endif
| #ifdef STDC_HEADERS
| # include <stdlib.h>
| # include <stddef.h>
| #else
| # ifdef HAVE_STDLIB_H
| #  include <stdlib.h>
| # endif
| #endif
| #ifdef HAVE_STRING_H
| # if !defined STDC_HEADERS && defined HAVE_MEMORY_H
| #  include <memory.h>
| # endif
| # include <string.h>
| #endif
| #ifdef HAVE_STRINGS_H
| # include <strings.h>
| #endif
| #ifdef HAVE_INTTYPES_H
| # include <inttypes.h>
| #endif
| #ifdef HAVE_STDINT_H
| # include <stdint.h>
| #endif
| #ifdef HAVE_UNISTD_H
| # include <unistd.h>
| #endif
| #include <if/dl.h>
configure:14011: result: no
configure:14011: checking if/dl.h presence
configure:14011: gcc -E  -DWINVER=0x0502 conftest.c
conftest.c:55:19: error: if/dl.h: No such file or directory
configure:14011: $? = 1
configure: failed program was:
| /* confdefs.h */
| #define PACKAGE_NAME "globus_common"
| #define PACKAGE_TARNAME "globus_common"
| #define PACKAGE_VERSION "15.31"
| #define PACKAGE_STRING "globus_common 15.31"
| #define PACKAGE_BUGREPORT "https://globus.atlassian.net/"
| #define PACKAGE_URL ""
| #define PACKAGE "globus_common"
| #define VERSION "15.31"
| #define STDC_HEADERS 1
| #define HAVE_SYS_TYPES_H 1
| #define HAVE_SYS_STAT_H 1
| #define HAVE_STDLIB_H 1
| #define HAVE_STRING_H 1
| #define HAVE_MEMORY_H 1
| #define HAVE_STRINGS_H 1
| #define HAVE_INTTYPES_H 1
| #define HAVE_STDINT_H 1
| #define HAVE_UNISTD_H 1
| #define HAVE_DLFCN_H 1
| #define LT_OBJDIR ".libs/"
| #define HAVE_PTHREAD_H 1
| #define HAVE_SCHED_H 1
| #define HAVE_GETHOSTBYADDR_R 1
| #define GLOBUS_HAVE_GETHOSTBYADDR_R_8 1
| #define HAVE_GETHOSTBYNAME 1
| #define HAVE_GETHOSTBYNAME_R 1
| #define GLOBUS_HAVE_GETHOSTBYNAME_R_6 1
| #define HAVE_LOCALTIME_R 1
| #define HAVE_GMTIME_R 1
| #define HAVE_CTIME_R 1
| #define GLOBUS_HAVE_CTIME_R_2 1
| #define HAVE_GETPWNAM 1
| #define HAVE_GETPWNAM_R 1
| #define GLOBUS_HAVE_GETPWNAM_R_5 1
| #define HAVE_GETPWUID 1
| #define HAVE_GETPWUID_R 1
| #define GLOBUS_HAVE_GETPWUID_R_5 1
| #define HAVE_READDIR_R 1
| #define GLOBUS_HAVE_READDIR_R_3 1
| #define GLOBUS_HAVE_DIRENT_OFF 1
| #define GLOBUS_HAVE_DIRENT_TYPE 1
| #define GLOBUS_HAVE_DIRENT_RECLEN 1
| #define HAVE_LIBDL 1
| #define HAVE_DLERROR 1
| #define HAVE_LIBDLLOADER 1
| #define HAVE_ARPA_INET_H 1
| #define HAVE_IFADDRS_H 1
| #define HAVE_NET_IF_ARP_H 1
| #define HAVE_SYS_SOCKET_H 1
| #define HAVE_NET_IF_H 1
| #define HAVE_SYS_IOCTL_H 1
| #define HAVE_IFADDRS_H 1
| /* end confdefs.h.  */
| #include <if/dl.h>
configure:14011: result: no
configure:14011: checking for if/dl.h
configure:14011: result: no
configure:14023: checking if/arp.h usability
configure:14023: gcc -std=gnu99 -c -g -O2 -pthread  -DWINVER=0x0502 conftest.c >&5
conftest.c:88:20: error: if/arp.h: No such file or directory
configure:14023: $? = 1
configure: failed program was:
| /* confdefs.h */
| #define PACKAGE_NAME "globus_common"
| #define PACKAGE_TARNAME "globus_common"
| #define PACKAGE_VERSION "15.31"
| #define PACKAGE_STRING "globus_common 15.31"
| #define PACKAGE_BUGREPORT "https://globus.atlassian.net/"
| #define PACKAGE_URL ""
| #define PACKAGE "globus_common"
| #define VERSION "15.31"
| #define STDC_HEADERS 1
| #define HAVE_SYS_TYPES_H 1
| #define HAVE_SYS_STAT_H 1
| #define HAVE_STDLIB_H 1
| #define HAVE_STRING_H 1
| #define HAVE_MEMORY_H 1
| #define HAVE_STRINGS_H 1
| #define HAVE_INTTYPES_H 1
| #define HAVE_STDINT_H 1
| #define HAVE_UNISTD_H 1
| #define HAVE_DLFCN_H 1
| #define LT_OBJDIR ".libs/"
| #define HAVE_PTHREAD_H 1
| #define HAVE_SCHED_H 1
| #define HAVE_GETHOSTBYADDR_R 1
| #define GLOBUS_HAVE_GETHOSTBYADDR_R_8 1
| #define HAVE_GETHOSTBYNAME 1
| #define HAVE_GETHOSTBYNAME_R 1
| #define GLOBUS_HAVE_GETHOSTBYNAME_R_6 1
| #define HAVE_LOCALTIME_R 1
| #define HAVE_GMTIME_R 1
| #define HAVE_CTIME_R 1
| #define GLOBUS_HAVE_CTIME_R_2 1
| #define HAVE_GETPWNAM 1
| #define HAVE_GETPWNAM_R 1
| #define GLOBUS_HAVE_GETPWNAM_R_5 1
| #define HAVE_GETPWUID 1
| #define HAVE_GETPWUID_R 1
| #define GLOBUS_HAVE_GETPWUID_R_5 1
| #define HAVE_READDIR_R 1
| #define GLOBUS_HAVE_READDIR_R_3 1
| #define GLOBUS_HAVE_DIRENT_OFF 1
| #define GLOBUS_HAVE_DIRENT_TYPE 1
| #define GLOBUS_HAVE_DIRENT_RECLEN 1
| #define HAVE_LIBDL 1
| #define HAVE_DLERROR 1
| #define HAVE_LIBDLLOADER 1
| #define HAVE_ARPA_INET_H 1
| #define HAVE_IFADDRS_H 1
| #define HAVE_NET_IF_ARP_H 1
| #define HAVE_SYS_SOCKET_H 1
| #define HAVE_NET_IF_H 1
| #define HAVE_SYS_IOCTL_H 1
| #define HAVE_IFADDRS_H 1
| /* end confdefs.h.  */
| #include <stdio.h>
| #ifdef HAVE_SYS_TYPES_H
| # include <sys/types.h>
| #endif
| #ifdef HAVE_SYS_STAT_H
| # include <sys/stat.h>
| #endif
| #ifdef STDC_HEADERS
| # include <stdlib.h>
| # include <stddef.h>
| #else
| # ifdef HAVE_STDLIB_H
| #  include <stdlib.h>
| # endif
| #endif
| #ifdef HAVE_STRING_H
| # if !defined STDC_HEADERS && defined HAVE_MEMORY_H
| #  include <memory.h>
| # endif
| # include <string.h>
| #endif
| #ifdef HAVE_STRINGS_H
| # include <strings.h>
| #endif
| #ifdef HAVE_INTTYPES_H
| # include <inttypes.h>
| #endif
| #ifdef HAVE_STDINT_H
| # include <stdint.h>
| #endif
| #ifdef HAVE_UNISTD_H
| # include <unistd.h>
| #endif
| #include <if/arp.h>
configure:14023: result: no
configure:14023: checking if/arp.h presence
configure:14023: gcc -E  -DWINVER=0x0502 conftest.c
conftest.c:55:20: error: if/arp.h: No such file or directory
configure:14023: $? = 1
configure: failed program was:
| /* confdefs.h */
| #define PACKAGE_NAME "globus_common"
| #define PACKAGE_TARNAME "globus_common"
| #define PACKAGE_VERSION "15.31"
| #define PACKAGE_STRING "globus_common 15.31"
| #define PACKAGE_BUGREPORT "https://globus.atlassian.net/"
| #define PACKAGE_URL ""
| #define PACKAGE "globus_common"
| #define VERSION "15.31"
| #define STDC_HEADERS 1
| #define HAVE_SYS_TYPES_H 1
| #define HAVE_SYS_STAT_H 1
| #define HAVE_STDLIB_H 1
| #define HAVE_STRING_H 1
| #define HAVE_MEMORY_H 1
| #define HAVE_STRINGS_H 1
| #define HAVE_INTTYPES_H 1
| #define HAVE_STDINT_H 1
| #define HAVE_UNISTD_H 1
| #define HAVE_DLFCN_H 1
| #define LT_OBJDIR ".libs/"
| #define HAVE_PTHREAD_H 1
| #define HAVE_SCHED_H 1
| #define HAVE_GETHOSTBYADDR_R 1
| #define GLOBUS_HAVE_GETHOSTBYADDR_R_8 1
| #define HAVE_GETHOSTBYNAME 1
| #define HAVE_GETHOSTBYNAME_R 1
| #define GLOBUS_HAVE_GETHOSTBYNAME_R_6 1
| #define HAVE_LOCALTIME_R 1
| #define HAVE_GMTIME_R 1
| #define HAVE_CTIME_R 1
| #define GLOBUS_HAVE_CTIME_R_2 1
| #define HAVE_GETPWNAM 1
| #define HAVE_GETPWNAM_R 1
| #define GLOBUS_HAVE_GETPWNAM_R_5 1
| #define HAVE_GETPWUID 1
| #define HAVE_GETPWUID_R 1
| #define GLOBUS_HAVE_GETPWUID_R_5 1
| #define HAVE_READDIR_R 1
| #define GLOBUS_HAVE_READDIR_R_3 1
| #define GLOBUS_HAVE_DIRENT_OFF 1
| #define GLOBUS_HAVE_DIRENT_TYPE 1
| #define GLOBUS_HAVE_DIRENT_RECLEN 1
| #define HAVE_LIBDL 1
| #define HAVE_DLERROR 1
| #define HAVE_LIBDLLOADER 1
| #define HAVE_ARPA_INET_H 1
| #define HAVE_IFADDRS_H 1
| #define HAVE_NET_IF_ARP_H 1
| #define HAVE_SYS_SOCKET_H 1
| #define HAVE_NET_IF_H 1
| #define HAVE_SYS_IOCTL_H 1
| #define HAVE_IFADDRS_H 1
| /* end confdefs.h.  */
| #include <if/arp.h>
configure:14023: result: no
configure:14023: checking for if/arp.h
configure:14023: result: no
configure:14035: checking for arpa/inet.h
configure:14035: result: yes
configure:14047: checking for strings.h
configure:14047: result: yes
configure:14059: checking syslog.h usability
configure:14059: gcc -std=gnu99 -c -g -O2 -pthread  -DWINVER=0x0502 conftest.c >&5
configure:14059: $? = 0
configure:14059: result: yes
configure:14059: checking syslog.h presence
configure:14059: gcc -E  -DWINVER=0x0502 conftest.c
configure:14059: $? = 0
configure:14059: result: yes
configure:14059: checking for syslog.h
configure:14059: result: yes
configure:14071: checking sys/sysctl.h usability
configure:14071: gcc -std=gnu99 -c -g -O2 -pthread  -DWINVER=0x0502 conftest.c >&5
configure:14071: $? = 0
configure:14071: result: yes
configure:14071: checking sys/sysctl.h presence
configure:14071: gcc -E  -DWINVER=0x0502 conftest.c
configure:14071: $? = 0
configure:14071: result: yes
configure:14071: checking for sys/sysctl.h
configure:14071: result: yes
configure:14083: checking for sys/types.h
configure:14083: result: yes
configure:14096: checking for dirent.h that defines DIR
configure:14115: gcc -std=gnu99 -c -g -O2 -pthread  -DWINVER=0x0502 conftest.c >&5
configure:14115: $? = 0
configure:14123: result: yes
configure:14136: checking for library containing opendir
configure:14167: gcc -std=gnu99 -o conftest -g -O2 -pthread  -DWINVER=0x0502  conftest.c -ldl  -lpthread  >&5
configure:14167: $? = 0
configure:14184: result: none required
configure:14251: checking whether closedir returns void
configure:14275: gcc -std=gnu99 -o conftest -g -O2 -pthread  -DWINVER=0x0502  conftest.c -ldl  -lpthread  >&5
configure:14275: $? = 0
configure:14275: ./conftest
configure:14275: $? = 0
configure:14285: result: no
configure:14315: checking for lt_dlmutex_register
configure:14315: gcc -std=gnu99 -o conftest -g -O2 -pthread  -DWINVER=0x0502  conftest.c -ldl  -lpthread  >&5
/tmp/cccxCiLm.o: In function `main':
/mnt/hgfs/SrcRepos/gt6-RAMSES_8_5/common/source/conftest.c:99: undefined reference to `lt_dlmutex_register'
collect2: ld returned 1 exit status
configure:14315: $? = 1
configure: failed program was:
| /* confdefs.h */
| #define PACKAGE_NAME "globus_common"
| #define PACKAGE_TARNAME "globus_common"
| #define PACKAGE_VERSION "15.31"
| #define PACKAGE_STRING "globus_common 15.31"
| #define PACKAGE_BUGREPORT "https://globus.atlassian.net/"
| #define PACKAGE_URL ""
| #define PACKAGE "globus_common"
| #define VERSION "15.31"
| #define STDC_HEADERS 1
| #define HAVE_SYS_TYPES_H 1
| #define HAVE_SYS_STAT_H 1
| #define HAVE_STDLIB_H 1
| #define HAVE_STRING_H 1
| #define HAVE_MEMORY_H 1
| #define HAVE_STRINGS_H 1
| #define HAVE_INTTYPES_H 1
| #define HAVE_STDINT_H 1
| #define HAVE_UNISTD_H 1
| #define HAVE_DLFCN_H 1
| #define LT_OBJDIR ".libs/"
| #define HAVE_PTHREAD_H 1
| #define HAVE_SCHED_H 1
| #define HAVE_GETHOSTBYADDR_R 1
| #define GLOBUS_HAVE_GETHOSTBYADDR_R_8 1
| #define HAVE_GETHOSTBYNAME 1
| #define HAVE_GETHOSTBYNAME_R 1
| #define GLOBUS_HAVE_GETHOSTBYNAME_R_6 1
| #define HAVE_LOCALTIME_R 1
| #define HAVE_GMTIME_R 1
| #define HAVE_CTIME_R 1
| #define GLOBUS_HAVE_CTIME_R_2 1
| #define HAVE_GETPWNAM 1
| #define HAVE_GETPWNAM_R 1
| #define GLOBUS_HAVE_GETPWNAM_R_5 1
| #define HAVE_GETPWUID 1
| #define HAVE_GETPWUID_R 1
| #define GLOBUS_HAVE_GETPWUID_R_5 1
| #define HAVE_READDIR_R 1
| #define GLOBUS_HAVE_READDIR_R_3 1
| #define GLOBUS_HAVE_DIRENT_OFF 1
| #define GLOBUS_HAVE_DIRENT_TYPE 1
| #define GLOBUS_HAVE_DIRENT_RECLEN 1
| #define HAVE_LIBDL 1
| #define HAVE_DLERROR 1
| #define HAVE_LIBDLLOADER 1
| #define HAVE_ARPA_INET_H 1
| #define HAVE_IFADDRS_H 1
| #define HAVE_NET_IF_ARP_H 1
| #define HAVE_SYS_SOCKET_H 1
| #define HAVE_NET_IF_H 1
| #define HAVE_SYS_IOCTL_H 1
| #define HAVE_IFADDRS_H 1
| #define HAVE_ARPA_INET_H 1
| #define HAVE_STRINGS_H 1
| #define HAVE_SYSLOG_H 1
| #define HAVE_SYS_SYSCTL_H 1
| #define HAVE_SYS_TYPES_H 1
| #define HAVE_DIRENT_H 1
| #define DIRENT 1
| #define SYSNDIR 1
| #define SYSDIR 1
| #define NDIR 1
| /* end confdefs.h.  */
| /* Define lt_dlmutex_register to an innocuous variant, in case <limits.h> declares lt_dlmutex_register.
|    For example, HP-UX 11i <limits.h> declares gettimeofday.  */
| #define lt_dlmutex_register innocuous_lt_dlmutex_register
| 
| /* System header to define __stub macros and hopefully few prototypes,
|     which can conflict with char lt_dlmutex_register (); below.
|     Prefer <limits.h> to <assert.h> if __STDC__ is defined, since
|     <limits.h> exists even on freestanding compilers.  */
| 
| #ifdef __STDC__
| # include <limits.h>
| #else
| # include <assert.h>
| #endif
| 
| #undef lt_dlmutex_register
| 
| /* Override any GCC internal prototype to avoid an error.
|    Use char because int might match the return type of a GCC
|    builtin and then its argument prototype would still apply.  */
| #ifdef __cplusplus
| extern "C"
| #endif
| char lt_dlmutex_register ();
| /* The GNU C library defines this for functions which it implements
|     to always fail with ENOSYS.  Some functions are actually named
|     something starting with __ and the normal name is an alias.  */
| #if defined __stub_lt_dlmutex_register || defined __stub___lt_dlmutex_register
| choke me
| #endif
| 
| int
| main ()
| {
| return lt_dlmutex_register ();
|   ;
|   return 0;
| }
configure:14315: result: no
configure:14326: checking for gethostname
configure:14326: gcc -std=gnu99 -o conftest -g -O2 -pthread  -DWINVER=0x0502  conftest.c -ldl  -lpthread  >&5
configure:14326: $? = 0
configure:14326: result: yes
configure:14337: checking for geteuid
configure:14337: gcc -std=gnu99 -o conftest -g -O2 -pthread  -DWINVER=0x0502  conftest.c -ldl  -lpthread  >&5
configure:14337: $? = 0
configure:14337: result: yes
configure:14348: checking for fork
configure:14348: gcc -std=gnu99 -o conftest -g -O2 -pthread  -DWINVER=0x0502  conftest.c -ldl  -lpthread  >&5
conftest.c:90: warning: conflicting types for built-in function 'fork'
configure:14348: $? = 0
configure:14348: result: yes
configure:14359: checking for seekdir
configure:14359: gcc -std=gnu99 -o conftest -g -O2 -pthread  -DWINVER=0x0502  conftest.c -ldl  -lpthread  >&5
configure:14359: $? = 0
configure:14359: result: yes
configure:14370: checking for telldir
configure:14370: gcc -std=gnu99 -o conftest -g -O2 -pthread  -DWINVER=0x0502  conftest.c -ldl  -lpthread  >&5
configure:14370: $? = 0
configure:14370: result: yes
configure:14381: checking for sigaction
configure:14381: gcc -std=gnu99 -o conftest -g -O2 -pthread  -DWINVER=0x0502  conftest.c -ldl  -lpthread  >&5
configure:14381: $? = 0
configure:14381: result: yes
configure:14392: checking for sigprocmask
configure:14392: gcc -std=gnu99 -o conftest -g -O2 -pthread  -DWINVER=0x0502  conftest.c -ldl  -lpthread  >&5
configure:14392: $? = 0
configure:14392: result: yes
configure:14403: checking for snprintf
configure:14403: gcc -std=gnu99 -o conftest -g -O2 -pthread  -DWINVER=0x0502  conftest.c -ldl  -lpthread  >&5
conftest.c:95: warning: conflicting types for built-in function 'snprintf'
configure:14403: $? = 0
configure:14403: result: yes
configure:14414: checking for vsnprintf
configure:14414: gcc -std=gnu99 -o conftest -g -O2 -pthread  -DWINVER=0x0502  conftest.c -ldl  -lpthread  >&5
conftest.c:96: warning: conflicting types for built-in function 'vsnprintf'
configure:14414: $? = 0
configure:14414: result: yes
configure:14425: checking for strncasecmp
configure:14425: gcc -std=gnu99 -o conftest -g -O2 -pthread  -DWINVER=0x0502  conftest.c -ldl  -lpthread  >&5
conftest.c:97: warning: conflicting types for built-in function 'strncasecmp'
configure:14425: $? = 0
configure:14425: result: yes
configure:14436: checking for doxygen
configure:14469: result: no
configure:14496: checking for perl
configure:14514: found /usr/bin/perl
configure:14526: result: /usr/bin/perl
configure:14541: checking for perl
configure:14559: found /usr/bin/perl
configure:14571: result: /usr/bin/perl
configure:14586: checking for sh
configure:14604: found /bin/sh
configure:14616: result: /bin/sh
configure:14631: checking for sh
configure:14649: found /bin/sh
configure:14661: result: /bin/sh
configure:14731: checking for xsltproc
configure:14749: found /usr/bin/xsltproc
configure:14761: result: /usr/bin/xsltproc
configure:14771: checking for xmllint
configure:14789: found /usr/bin/xmllint
configure:14801: result: /usr/bin/xmllint
configure:14809: checking docbook dtd
configure:14824: result: yes
configure:14828: checking docbook xsl
configure:14843: result: no
configure:14887: checking ltdl.h usability
configure:14887: gcc -std=gnu99 -c -g -O2 -pthread  conftest.c >&5
configure:14887: $? = 0
configure:14887: result: yes
configure:14887: checking ltdl.h presence
configure:14887: gcc -E  conftest.c
configure:14887: $? = 0
configure:14887: result: yes
configure:14887: checking for ltdl.h
configure:14887: result: yes
configure:15070: checking that generated files are newer than configure
configure:15076: result: done
configure:15127: creating ./config.status

## ---------------- ##
## Cache variables. ##
## ---------------- ##

ac_cv_build=x86_64-unknown-linux-gnu
ac_cv_c_compiler_gnu=yes
ac_cv_env_CC_set=
ac_cv_env_CC_value=
ac_cv_env_CFLAGS_set=
ac_cv_env_CFLAGS_value=
ac_cv_env_CPPFLAGS_set=
ac_cv_env_CPPFLAGS_value=
ac_cv_env_CPP_set=
ac_cv_env_CPP_value=
ac_cv_env_LDFLAGS_set=
ac_cv_env_LDFLAGS_value=
ac_cv_env_LIBLTDL_set=set
ac_cv_env_LIBLTDL_value=-lltdl
ac_cv_env_LIBS_set=
ac_cv_env_LIBS_value=
ac_cv_env_LTDLDEPS_set=set
ac_cv_env_LTDLDEPS_value=
ac_cv_env_LTDLINCL_set=set
ac_cv_env_LTDLINCL_value=
ac_cv_env_build_alias_set=
ac_cv_env_build_alias_value=
ac_cv_env_host_alias_set=
ac_cv_env_host_alias_value=
ac_cv_env_target_alias_set=
ac_cv_env_target_alias_value=
ac_cv_func_closedir_void=no
ac_cv_func_ctime_r=yes
ac_cv_func_dlerror=yes
ac_cv_func_dlopen=no
ac_cv_func_fork=yes
ac_cv_func_geteuid=yes
ac_cv_func_gethostbyaddr_r=yes
ac_cv_func_gethostbyname=yes
ac_cv_func_gethostbyname_r=yes
ac_cv_func_gethostname=yes
ac_cv_func_getpwnam=yes
ac_cv_func_getpwnam_r=yes
ac_cv_func_getpwuid=yes
ac_cv_func_getpwuid_r=yes
ac_cv_func_gmtime_r=yes
ac_cv_func_localtime_r=yes
ac_cv_func_lt_dlmutex_register=no
ac_cv_func_readdir_r=yes
ac_cv_func_seekdir=yes
ac_cv_func_shl_load=no
ac_cv_func_sigaction=yes
ac_cv_func_sigprocmask=yes
ac_cv_func_snprintf=yes
ac_cv_func_strncasecmp=yes
ac_cv_func_telldir=yes
ac_cv_func_vsnprintf=yes
ac_cv_header_arpa_inet_h=yes
ac_cv_header_dirent_dirent_h=yes
ac_cv_header_dlfcn_h=yes
ac_cv_header_if_arp_h=no
ac_cv_header_if_dl_h=no
ac_cv_header_ifaddrs_h=yes
ac_cv_header_inttypes_h=yes
ac_cv_header_ltdl_h=yes
ac_cv_header_memory_h=yes
ac_cv_header_net_if_arp_h=yes
ac_cv_header_net_if_dl_h=no
ac_cv_header_net_if_h=yes
ac_cv_header_pthread_h=yes
ac_cv_header_sched_h=yes
ac_cv_header_stdc=yes
ac_cv_header_stdint_h=yes
ac_cv_header_stdlib_h=yes
ac_cv_header_string_h=yes
ac_cv_header_strings_h=yes
ac_cv_header_sys_ioctl_h=yes
ac_cv_header_sys_socket_h=yes
ac_cv_header_sys_stat_h=yes
ac_cv_header_sys_sysctl_h=yes
ac_cv_header_sys_types_h=yes
ac_cv_header_syslog_h=yes
ac_cv_header_unistd_h=yes
ac_cv_host=x86_64-unknown-linux-gnu
ac_cv_lib_dl_dlopen=yes
ac_cv_lib_dld_dld_link=no
ac_cv_lib_dld_shl_load=no
ac_cv_objext=o
ac_cv_path_EGREP='/bin/grep -E'
ac_cv_path_FGREP='/bin/grep -F'
ac_cv_path_GLOBUS_SH=/bin/sh
ac_cv_path_GLOBUS_SH_PERL=/usr/bin/perl
ac_cv_path_GREP=/bin/grep
ac_cv_path_PERL=/usr/bin/perl
ac_cv_path_SED=/bin/sed
ac_cv_path_SH=/bin/sh
ac_cv_path_XMLLINT=/usr/bin/xmllint
ac_cv_path_XSLTPROC=/usr/bin/xsltproc
ac_cv_path_install='/usr/bin/install -c'
ac_cv_path_mkdir=/bin/mkdir
ac_cv_prog_AWK=gawk
ac_cv_prog_CPP='gcc -E'
ac_cv_prog_ac_ct_AR=ar
ac_cv_prog_ac_ct_CC=gcc
ac_cv_prog_ac_ct_OBJDUMP=objdump
ac_cv_prog_ac_ct_RANLIB=ranlib
ac_cv_prog_ac_ct_STRIP=strip
ac_cv_prog_cc_c89=
ac_cv_prog_cc_c99=-std=gnu99
ac_cv_prog_cc_g=yes
ac_cv_prog_make_make_set=yes
ac_cv_search_dlopen=-ldl
ac_cv_search_gethostbyaddr='none required'
ac_cv_search_gethostbyname='none required'
ac_cv_search_opendir='none required'
ac_cv_search_pthread_create=-lpthread
ac_cv_search_sched_yield='none required'
ac_cv_search_socket='none required'
ac_cv_sys_file_offset_bits=no
ac_cv_sys_largefile_CC=no
ac_cv_target=x86_64-unknown-linux-gnu
am_cv_CC_dependencies_compiler_type=gcc3
am_cv_make_support_nested_variables=yes
am_cv_prog_cc_c_o=yes
am_cv_prog_tar_pax=gnutar
libltdl_cv_lib_dl_dlopen=yes
lt_cv_ar_at_file=@
lt_cv_archive_cmds_need_lc=no
lt_cv_deplibs_check_method=pass_all
lt_cv_dlopen=dlopen
lt_cv_dlopen_libs=-ldl
lt_cv_dlopen_self=yes
lt_cv_dlopen_self_static=yes
lt_cv_file_magic_cmd='$MAGIC_CMD'
lt_cv_file_magic_test_file=
lt_cv_ld_reload_flag=-r
lt_cv_nm_interface='BSD nm'
lt_cv_objdir=.libs
lt_cv_path_LD=/usr/bin/ld
lt_cv_path_NM='/usr/bin/nm -B'
lt_cv_path_mainfest_tool=no
lt_cv_prog_compiler_c_o=yes
lt_cv_prog_compiler_pic='-fPIC -DPIC'
lt_cv_prog_compiler_pic_works=yes
lt_cv_prog_compiler_rtti_exceptions=no
lt_cv_prog_compiler_static_works=no
lt_cv_prog_gnu_ld=yes
lt_cv_sharedlib_from_linklib_cmd='printf %s\n'
lt_cv_shlibpath_overrides_runpath=no
lt_cv_sys_global_symbol_pipe='sed -n -e '\''s/^.*[	 ]\([ABCDGIRSTW][ABCDGIRSTW]*\)[	 ][	 ]*\([_A-Za-z][_A-Za-z0-9]*\)$/\1 \2 \2/p'\'' | sed '\''/ __gnu_lto/d'\'''
lt_cv_sys_global_symbol_to_c_name_address='sed -n -e '\''s/^: \([^ ]*\)[ ]*$/  {\"\1\", (void *) 0},/p'\'' -e '\''s/^[ABCDGIRSTW]* \([^ ]*\) \([^ ]*\)$/  {"\2", (void *) \&\2},/p'\'''
lt_cv_sys_global_symbol_to_c_name_address_lib_prefix='sed -n -e '\''s/^: \([^ ]*\)[ ]*$/  {\"\1\", (void *) 0},/p'\'' -e '\''s/^[ABCDGIRSTW]* \([^ ]*\) \(lib[^ ]*\)$/  {"\2", (void *) \&\2},/p'\'' -e '\''s/^[ABCDGIRSTW]* \([^ ]*\) \([^ ]*\)$/  {"lib\2", (void *) \&\2},/p'\'''
lt_cv_sys_global_symbol_to_cdecl='sed -n -e '\''s/^T .* \(.*\)$/extern int \1();/p'\'' -e '\''s/^[ABCDGIRSTW]* .* \(.*\)$/extern char \1;/p'\'''
lt_cv_sys_max_cmd_len=1966080
lt_cv_to_host_file_cmd=func_convert_file_noop
lt_cv_to_tool_file_cmd=func_convert_file_noop
myapp_cv_gcc_pthread=yes

## ----------------- ##
## Output variables. ##
## ----------------- ##

ACLOCAL='${SHELL} /mnt/hgfs/SrcRepos/gt6-RAMSES_8_5/common/source/build-aux/missing aclocal-1.14'
AGE_VERSION='15'
AMDEPBACKSLASH='\'
AMDEP_FALSE='#'
AMDEP_TRUE=''
AMTAR='$${TAR-tar}'
AM_BACKSLASH='\'
AM_DEFAULT_V='$(AM_DEFAULT_VERBOSITY)'
AM_DEFAULT_VERBOSITY='1'
AM_V='$(V)'
AR='ar'
AS='as'
AUTOCONF='${SHELL} /mnt/hgfs/SrcRepos/gt6-RAMSES_8_5/common/source/build-aux/missing autoconf'
AUTOHEADER='${SHELL} /mnt/hgfs/SrcRepos/gt6-RAMSES_8_5/common/source/build-aux/missing autoheader'
AUTOMAKE='${SHELL} /mnt/hgfs/SrcRepos/gt6-RAMSES_8_5/common/source/build-aux/missing automake-1.14'
AWK='gawk'
BUILD_MANPAGES_FALSE=''
BUILD_MANPAGES_TRUE='#'
BUILD_PTHREADS_FALSE='#'
BUILD_PTHREADS_TRUE=''
BUILD_WINDOWS_THREADS_FALSE=''
BUILD_WINDOWS_THREADS_TRUE='#'
CC='gcc -std=gnu99'
CCDEPMODE='depmode=gcc3'
CFLAGS='-g -O2 -pthread'
CPP='gcc -E'
CPPFLAGS=''
CROSS_COMPILING_FALSE=''
CROSS_COMPILING_TRUE='#'
CYGPATH_W='echo'
DEFS='-DHAVE_CONFIG_H'
DEPDIR='.deps'
DIRT_BRANCH_ID='85'
DIRT_TIMESTAMP='1439213997'
DLLTOOL='false'
DOCBOOK_DTD='http://www.oasis-open.org/docbook/xml/4.4/docbookx.dtd'
DOXYGEN=''
DSYMUTIL=''
DUMPBIN=''
ECHO_C=''
ECHO_N='-n'
ECHO_T=''
EGREP='/bin/grep -E'
ENABLE_DOXYGEN_FALSE=''
ENABLE_DOXYGEN_TRUE='#'
EXEEXT=''
FGREP='/bin/grep -F'
GLOBUS_SH='/bin/sh'
GLOBUS_SH_PERL='/usr/bin/perl'
GLOBUS_VERSION='6.0.1439213997'
GLOBUS_VERSIONNAME='Globus Toolkit'
GPT_EXTERNAL_LIBS=''
GREP='/bin/grep'
INSTALL_DATA='${INSTALL} -m 644'
INSTALL_PROGRAM='${INSTALL}'
INSTALL_SCRIPT='${INSTALL}'
INSTALL_STRIP_PROGRAM='$(install_sh) -c -s'
LARGEFILE_CFLAGS=''
LD='/usr/bin/ld -m elf_x86_64'
LDFLAGS=''
LIBADD_DL='-ldl '
LIBADD_DLD_LINK=''
LIBADD_DLOPEN='-ldl'
LIBADD_SHL_LOAD=''
LIBLTDL='-lltdl'
LIBOBJS=''
LIBS='-ldl  -lpthread -lltdl'
LIBTOOL='$(SHELL) $(top_builddir)/libtool'
LIPO=''
LN_S='ln -s'
LTDLDEPS=''
LTDLINCL=''
LTLIBOBJS=''
LT_DLLOADERS=' dlopen.la'
LT_DLPREOPEN='-dlpreopen dlopen.la '
MAJOR_VERSION='15'
MAKEINFO='${SHELL} /mnt/hgfs/SrcRepos/gt6-RAMSES_8_5/common/source/build-aux/missing makeinfo'
MANIFEST_TOOL=':'
MAN_XSL='http://docbook.sourceforge.net/release/xsl/current/manpages/docbook.xsl'
MINOR_VERSION='31'
MKDIR_P='/bin/mkdir -p'
NM='/usr/bin/nm -B'
NMEDIT=''
OBJDUMP='objdump'
OBJEXT='o'
OTOOL64=''
OTOOL=''
PACKAGE='globus_common'
PACKAGE_BUGREPORT='https://globus.atlassian.net/'
PACKAGE_DEPS=''
PACKAGE_DEP_CFLAGS=''
PACKAGE_DEP_LIBS=''
PACKAGE_NAME='globus_common'
PACKAGE_STRING='globus_common 15.31'
PACKAGE_TARNAME='globus_common'
PACKAGE_URL=''
PACKAGE_VERSION='15.31'
PATH_SEPARATOR=':'
PERL='/usr/bin/perl'
PTHREAD_PREOPEN_UNINSTALLED='-dlopen '\''${abs_top_builddir}/library/libglobus_thread_pthread.la'\'''
RANLIB='ranlib'
SED='/bin/sed'
SET_MAKE=''
SH='/bin/sh'
SHELL='/bin/sh'
STRIP='strip'
USE_SYMBOL_LABELS_FALSE=''
USE_SYMBOL_LABELS_TRUE='#'
VERSION='15.31'
WINDOWS_PREOPEN_UNINSTALLED=''
WINDOWS_TEST_SCRIPT_FALSE=''
WINDOWS_TEST_SCRIPT_TRUE='#'
XMLLINT='/usr/bin/xmllint'
XSLTPROC='/usr/bin/xsltproc'
ac_ct_AR='ar'
ac_ct_CC='gcc'
ac_ct_DUMPBIN=''
am__EXEEXT_FALSE=''
am__EXEEXT_TRUE='#'
am__fastdepCC_FALSE='#'
am__fastdepCC_TRUE=''
am__include='include'
am__isrc=''
am__leading_dot='.'
am__nodep='_no'
am__quote=''
am__tar='tar --format=posix -chf - "$$tardir"'
am__untar='tar -xf -'
bindir='${exec_prefix}/bin'
build='x86_64-unknown-linux-gnu'
build_alias=''
build_cpu='x86_64'
build_os='linux-gnu'
build_vendor='unknown'
cross_compiling='no'
datadir='${datarootdir}'
datarootdir='${prefix}/share'
docdir='${datarootdir}/doc/${PACKAGE_TARNAME}'
dvidir='${docdir}'
exec_prefix='${prefix}'
host='x86_64-unknown-linux-gnu'
host_alias=''
host_cpu='x86_64'
host_os='linux-gnu'
host_vendor='unknown'
htmldir='${docdir}'
includedir='${prefix}/include'
infodir='${datarootdir}/info'
install_sh='${SHELL} /mnt/hgfs/SrcRepos/gt6-RAMSES_8_5/common/source/build-aux/install-sh'
libdir='${exec_prefix}/lib'
libexecdir='${exec_prefix}/libexec'
localedir='${datarootdir}/locale'
localstatedir='${prefix}/var'
mandir='${datarootdir}/man'
mkdir_p='$(MKDIR_P)'
oldincludedir='/usr/include'
pdfdir='${docdir}'
perlmoduledir='${libdir}/perl'
prefix='/home/esjung/gt6_inst'
program_transform_name='s,x,x,'
psdir='${docdir}'
sbindir='${exec_prefix}/sbin'
sharedstatedir='${prefix}/com'
sysconfdir='${prefix}/etc'
target='x86_64-unknown-linux-gnu'
target_alias=''
target_cpu='x86_64'
target_os='linux-gnu'
target_vendor='unknown'
thread_models=' pthread'

## ----------- ##
## confdefs.h. ##
## ----------- ##

/* confdefs.h */
#define PACKAGE_NAME "globus_common"
#define PACKAGE_TARNAME "globus_common"
#define PACKAGE_VERSION "15.31"
#define PACKAGE_STRING "globus_common 15.31"
#define PACKAGE_BUGREPORT "https://globus.atlassian.net/"
#define PACKAGE_URL ""
#define PACKAGE "globus_common"
#define VERSION "15.31"
#define STDC_HEADERS 1
#define HAVE_SYS_TYPES_H 1
#define HAVE_SYS_STAT_H 1
#define HAVE_STDLIB_H 1
#define HAVE_STRING_H 1
#define HAVE_MEMORY_H 1
#define HAVE_STRINGS_H 1
#define HAVE_INTTYPES_H 1
#define HAVE_STDINT_H 1
#define HAVE_UNISTD_H 1
#define HAVE_DLFCN_H 1
#define LT_OBJDIR ".libs/"
#define HAVE_PTHREAD_H 1
#define HAVE_SCHED_H 1
#define HAVE_GETHOSTBYADDR_R 1
#define GLOBUS_HAVE_GETHOSTBYADDR_R_8 1
#define HAVE_GETHOSTBYNAME 1
#define HAVE_GETHOSTBYNAME_R 1
#define GLOBUS_HAVE_GETHOSTBYNAME_R_6 1
#define HAVE_LOCALTIME_R 1
#define HAVE_GMTIME_R 1
#define HAVE_CTIME_R 1
#define GLOBUS_HAVE_CTIME_R_2 1
#define HAVE_GETPWNAM 1
#define HAVE_GETPWNAM_R 1
#define GLOBUS_HAVE_GETPWNAM_R_5 1
#define HAVE_GETPWUID 1
#define HAVE_GETPWUID_R 1
#define GLOBUS_HAVE_GETPWUID_R_5 1
#define HAVE_READDIR_R 1
#define GLOBUS_HAVE_READDIR_R_3 1
#define GLOBUS_HAVE_DIRENT_OFF 1
#define GLOBUS_HAVE_DIRENT_TYPE 1
#define GLOBUS_HAVE_DIRENT_RECLEN 1
#define HAVE_LIBDL 1
#define HAVE_DLERROR 1
#define HAVE_LIBDLLOADER 1
#define HAVE_ARPA_INET_H 1
#define HAVE_IFADDRS_H 1
#define HAVE_NET_IF_ARP_H 1
#define HAVE_SYS_SOCKET_H 1
#define HAVE_NET_IF_H 1
#define HAVE_SYS_IOCTL_H 1
#define HAVE_IFADDRS_H 1
#define HAVE_ARPA_INET_H 1
#define HAVE_STRINGS_H 1
#define HAVE_SYSLOG_H 1
#define HAVE_SYS_SYSCTL_H 1
#define HAVE_SYS_TYPES_H 1
#define HAVE_DIRENT_H 1
#define DIRENT 1
#define SYSNDIR 1
#define SYSDIR 1
#define NDIR 1
#define HAVE_GETHOSTNAME 1
#define HAVE_GETEUID 1
#define HAVE_FORK 1
#define HAVE_SEEKDIR 1
#define HAVE_TELLDIR 1
#define HAVE_SIGACTION 1
#define HAVE_SIGPROCMASK 1
#define HAVE_SNPRINTF 1
#define HAVE_VSNPRINTF 1
#define HAVE_STRNCASECMP 1
#define HAVE_LTDL_H 1

configure: exit 0

## ---------------------- ##
## Running config.status. ##
## ---------------------- ##

This file was extended by globus_common config.status 15.31, which was
generated by GNU Autoconf 2.69.  Invocation command line was

  CONFIG_FILES    = 
  CONFIG_HEADERS  = 
  CONFIG_LINKS    = 
  CONFIG_COMMANDS = 
  $ ./config.status 

on vm2

config.status:1212: creating globus-thread-pthread-uninstalled.pc
config.status:1212: creating Makefile
config.status:1212: creating globus-common.pc
config.status:1212: creating globus-common-uninstalled.pc
config.status:1212: creating library/Makefile
config.status:1212: creating library/Doxyfile
config.status:1212: creating library/globus_l_common_paths.h
config.status:1212: creating programs/Makefile
config.status:1212: creating programs/globus-sh-exec
config.status:1212: creating scripts/Makefile
config.status:1212: creating scripts/Paths.pm
config.status:1212: creating scripts/globus-sh-tools.sh
config.status:1212: creating scripts/globus-sh-tools-vars.sh
config.status:1212: creating scripts/globus-script-initializer
config.status:1212: creating scripts/globus-user-env.csh
config.status:1212: creating scripts/globus-user-env.sh
config.status:1212: creating scripts/globus-script-initializer.x86_64-unknown-linux-gnu
config.status:1212: creating test/Makefile
config.status:1212: creating manpages/Makefile
config.status:1212: creating version.h
config.status:1212: creating programs/globus-version
config.status:1212: creating scripts/globus-domainname
config.status:1212: creating scripts/globus-hostname
config.status:1212: creating scripts/globus-makefile-header
config.status:1212: creating globus_i_common_config.h
config.status:1393: globus_i_common_config.h is unchanged
config.status:1441: executing depfiles commands
config.status:1441: executing libtool commands

## ---------------------- ##
## Running config.status. ##
## ---------------------- ##

This file was extended by globus_common config.status 15.31, which was
generated by GNU Autoconf 2.69.  Invocation command line was

  CONFIG_FILES    = 
  CONFIG_HEADERS  = 
  CONFIG_LINKS    = 
  CONFIG_COMMANDS = 
  $ ./config.status globus_i_common_config.h

on vm2

config.status:1212: creating globus_i_common_config.h
config.status:1393: globus_i_common_config.h is unchanged
